#
# There is insufficient memory for the Java Runtime Environment to continue.
# Native memory allocation (mmap) failed to map 31457280 bytes for G1 virtual space
# Possible reasons:
#   The system is out of physical RAM or swap space
#   The process is running with CompressedOops enabled, and the Java Heap may be blocking the growth of the native heap
# Possible solutions:
#   Reduce memory load on the system
#   Increase physical memory or swap space
#   Check if swap backing store is full
#   Decrease Java heap size (-Xmx/-Xms)
#   Decrease number of Java threads
#   Decrease Java thread stack sizes (-Xss)
#   Set larger code cache with -XX:ReservedCodeCacheSize=
#   JVM is running with Unscaled Compressed Oops mode in which the Java heap is
#     placed in the first 4GB address space. The Java Heap base address is the
#     maximum limit for the native heap growth. Please use -XX:HeapBaseMinAddress
#     to set the Java Heap base and to place the Java Heap above 4GB virtual address.
# This output file may be truncated or incomplete.
#
#  Out of Memory Error (os_windows.cpp:3769), pid=17080, tid=368
#
# JRE version: OpenJDK Runtime Environment (17.0.6) (build 17.0.6+0-b2043.56-10027231)
# Java VM: OpenJDK 64-Bit Server VM (17.0.6+0-b2043.56-10027231, mixed mode, tiered, compressed oops, compressed class ptrs, g1 gc, windows-amd64)
# No core dump will be written. Minidumps are not enabled by default on client versions of Windows
#

---------------  S U M M A R Y ------------

Command Line: --add-opens=java.base/java.util=ALL-UNNAMED --add-opens=java.base/java.lang=ALL-UNNAMED --add-opens=java.base/java.lang.invoke=ALL-UNNAMED --add-opens=java.prefs/java.util.prefs=ALL-UNNAMED --add-opens=java.base/java.nio.charset=ALL-UNNAMED --add-opens=java.base/java.net=ALL-UNNAMED --add-opens=java.base/java.util.concurrent.atomic=ALL-UNNAMED -Xmx2048m -Dfile.encoding=UTF-8 -Duser.country=AE -Duser.language=en -Duser.variant org.gradle.launcher.daemon.bootstrap.GradleDaemon 8.0

Host: Intel(R) Core(TM) i7-7500U CPU @ 2.70GHz, 4 cores, 7G,  Windows 10 , 64 bit Build 19041 (10.0.19041.3155)
Time: Wed Aug 30 10:39:09 2023 Pakistan Standard Time elapsed time: 16.934298 seconds (0d 0h 0m 16s)

---------------  T H R E A D  ---------------

Current thread (0x00000204a4d0b590):  VMThread "VM Thread" [stack: 0x000000e6e0d00000,0x000000e6e0e00000] [id=368]

Stack: [0x000000e6e0d00000,0x000000e6e0e00000]
Native frames: (J=compiled Java code, j=interpreted, Vv=VM code, C=native code)
V  [jvm.dll+0x683c9a]
V  [jvm.dll+0x8427a4]
V  [jvm.dll+0x843f9e]
V  [jvm.dll+0x844603]
V  [jvm.dll+0x249b75]
V  [jvm.dll+0x680b69]
V  [jvm.dll+0x67505a]
V  [jvm.dll+0x309acb]
V  [jvm.dll+0x310f86]
V  [jvm.dll+0x3608ee]
V  [jvm.dll+0x360b1f]
V  [jvm.dll+0x2dfbf8]
V  [jvm.dll+0x2e2ce6]
V  [jvm.dll+0x2ed478]
V  [jvm.dll+0x322150]
V  [jvm.dll+0x848ccb]
V  [jvm.dll+0x849a04]
V  [jvm.dll+0x849f1d]
V  [jvm.dll+0x84a2f4]
V  [jvm.dll+0x84a3c0]
V  [jvm.dll+0x7f274a]
V  [jvm.dll+0x682ad5]
C  [ucrtbase.dll+0x21bb2]
C  [KERNEL32.DLL+0x17614]
C  [ntdll.dll+0x526b1]

VM_Operation (0x000000e6e09ff5e0): G1Concurrent, mode: safepoint, requested by thread 0x000002048b7c8a00


---------------  P R O C E S S  ---------------

Threads class SMR info:
_java_thread_list=0x00000204aafa3c30, length=88, elements={
0x000002048b75c080, 0x00000204a4d0f1c0, 0x00000204a4d0ff40, 0x00000204a4d13970,
0x00000204a4d31110, 0x00000204a4d339e0, 0x00000204a4d342a0, 0x00000204a5825840,
0x00000204a5829210, 0x00000204a5829f00, 0x00000204a59c4020, 0x00000204a59c5910,
0x00000204a6f99050, 0x00000204a8a15330, 0x00000204a6cf1130, 0x00000204a8124820,
0x00000204a72ee9a0, 0x00000204a71c8240, 0x00000204a850e120, 0x00000204a6173880,
0x00000204a6175a30, 0x00000204a61768a0, 0x00000204a6174bc0, 0x00000204a6175f00,
0x00000204a61746f0, 0x00000204a6176d70, 0x00000204a6173d50, 0x00000204a6175090,
0x00000204a6174220, 0x00000204a9867be0, 0x00000204a98633b0, 0x00000204a9865a30,
0x00000204a98668a0, 0x00000204a9866d70, 0x00000204a9864220, 0x00000204a98693f0,
0x00000204a9863880, 0x00000204a9862a10, 0x00000204a98698c0, 0x00000204a9865560,
0x00000204a9868580, 0x00000204a98663d0, 0x00000204a986a260, 0x00000204a9862ee0,
0x00000204a98646f0, 0x00000204a9868f20, 0x00000204a8f567c0, 0x00000204a8f55480,
0x00000204a8f55950, 0x00000204a8f537a0, 0x00000204a8f56c90, 0x00000204a8f5a650,
0x00000204a8f54610, 0x00000204a8f57b00, 0x00000204a8f532d0, 0x00000204a8f5a180,
0x00000204a8f52e00, 0x00000204a8f597e0, 0x00000204a8f53c70, 0x00000204a8f54140,
0x00000204a8f54ae0, 0x00000204a8f55e20, 0x00000204a8f584a0, 0x00000204a8f562f0,
0x00000204a8f58970, 0x00000204a8f59310, 0x00000204a8f54fb0, 0x00000204a8f57160,
0x00000204a8f58e40, 0x00000204a8f57630, 0x00000204a8f57fd0, 0x00000204a8f59cb0,
0x00000204ae0d7450, 0x00000204ae0d9600, 0x00000204ae0da940, 0x00000204ae0d8c60,
0x00000204ae0d6110, 0x00000204ae0db2e0, 0x00000204ae0d8790, 0x00000204ae0d9130,
0x00000204ae0d65e0, 0x00000204ae0d7df0, 0x00000204ae0d3f60, 0x00000204ae0d9fa0,
0x00000204ae0d5c40, 0x00000204ae0d82c0, 0x00000204ae0da470, 0x00000204a977c740
}

Java Threads: ( => current thread )
  0x000002048b75c080 JavaThread "main" [_thread_blocked, id=18080, stack(0x000000e6e0700000,0x000000e6e0800000)]
  0x00000204a4d0f1c0 JavaThread "Reference Handler" daemon [_thread_blocked, id=14804, stack(0x000000e6e0e00000,0x000000e6e0f00000)]
  0x00000204a4d0ff40 JavaThread "Finalizer" daemon [_thread_blocked, id=13164, stack(0x000000e6e0f00000,0x000000e6e1000000)]
  0x00000204a4d13970 JavaThread "Signal Dispatcher" daemon [_thread_blocked, id=11916, stack(0x000000e6e1000000,0x000000e6e1100000)]
  0x00000204a4d31110 JavaThread "Attach Listener" daemon [_thread_blocked, id=13608, stack(0x000000e6e1100000,0x000000e6e1200000)]
  0x00000204a4d339e0 JavaThread "Service Thread" daemon [_thread_blocked, id=12084, stack(0x000000e6e1200000,0x000000e6e1300000)]
  0x00000204a4d342a0 JavaThread "Monitor Deflation Thread" daemon [_thread_blocked, id=1344, stack(0x000000e6e1300000,0x000000e6e1400000)]
  0x00000204a5825840 JavaThread "C2 CompilerThread0" daemon [_thread_blocked, id=16668, stack(0x000000e6e1400000,0x000000e6e1500000)]
  0x00000204a5829210 JavaThread "C1 CompilerThread0" daemon [_thread_blocked, id=18224, stack(0x000000e6e1500000,0x000000e6e1600000)]
  0x00000204a5829f00 JavaThread "Sweeper thread" daemon [_thread_blocked, id=16952, stack(0x000000e6e1600000,0x000000e6e1700000)]
  0x00000204a59c4020 JavaThread "Common-Cleaner" daemon [_thread_blocked, id=16712, stack(0x000000e6e1700000,0x000000e6e1800000)]
  0x00000204a59c5910 JavaThread "Notification Thread" daemon [_thread_blocked, id=9660, stack(0x000000e6e1800000,0x000000e6e1900000)]
  0x00000204a6f99050 JavaThread "Daemon health stats" [_thread_blocked, id=9412, stack(0x000000e6e1e00000,0x000000e6e1f00000)]
  0x00000204a8a15330 JavaThread "Incoming local TCP Connector on port 57351" [_thread_in_native, id=13280, stack(0x000000e6e1f00000,0x000000e6e2000000)]
  0x00000204a6cf1130 JavaThread "Daemon periodic checks" [_thread_blocked, id=17000, stack(0x000000e6e2000000,0x000000e6e2100000)]
  0x00000204a8124820 JavaThread "Daemon" [_thread_blocked, id=16572, stack(0x000000e6e2100000,0x000000e6e2200000)]
  0x00000204a72ee9a0 JavaThread "Handler for socket connection from /127.0.0.1:57351 to /127.0.0.1:57352" [_thread_in_native, id=3064, stack(0x000000e6e2200000,0x000000e6e2300000)]
  0x00000204a71c8240 JavaThread "Cancel handler" [_thread_blocked, id=11344, stack(0x000000e6e2300000,0x000000e6e2400000)]
  0x00000204a850e120 JavaThread "Daemon worker" [_thread_blocked, id=5920, stack(0x000000e6e2400000,0x000000e6e2500000)]
  0x00000204a6173880 JavaThread "Asynchronous log dispatcher for DefaultDaemonConnection: socket connection from /127.0.0.1:57351 to /127.0.0.1:57352" [_thread_blocked, id=15000, stack(0x000000e6e2500000,0x000000e6e2600000)]
  0x00000204a6175a30 JavaThread "Stdin handler" [_thread_blocked, id=15228, stack(0x000000e6e2600000,0x000000e6e2700000)]
  0x00000204a61768a0 JavaThread "Daemon client event forwarder" [_thread_blocked, id=6420, stack(0x000000e6e2700000,0x000000e6e2800000)]
  0x00000204a6174bc0 JavaThread "Cache worker for journal cache (E:\jdk-19.0.1\caches\journal-1)" [_thread_blocked, id=8244, stack(0x000000e6e2800000,0x000000e6e2900000)]
  0x00000204a6175f00 JavaThread "File lock request listener" [_thread_in_native, id=19024, stack(0x000000e6e2900000,0x000000e6e2a00000)]
  0x00000204a61746f0 JavaThread "Cache worker for file hash cache (E:\jdk-19.0.1\caches\8.0\fileHashes)" [_thread_blocked, id=4628, stack(0x000000e6e2a00000,0x000000e6e2b00000)]
  0x00000204a6176d70 JavaThread "File watcher server" daemon [_thread_in_native, id=12556, stack(0x000000e6e2b00000,0x000000e6e2c00000)]
  0x00000204a6173d50 JavaThread "File watcher consumer" daemon [_thread_blocked, id=708, stack(0x000000e6e2c00000,0x000000e6e2d00000)]
  0x00000204a6175090 JavaThread "jar transforms" [_thread_blocked, id=17816, stack(0x000000e6e2d00000,0x000000e6e2e00000)]
  0x00000204a6174220 JavaThread "jar transforms Thread 2" [_thread_blocked, id=3988, stack(0x000000e6e2e00000,0x000000e6e2f00000)]
  0x00000204a9867be0 JavaThread "jar transforms Thread 3" [_thread_blocked, id=10532, stack(0x000000e6e2f00000,0x000000e6e3000000)]
  0x00000204a98633b0 JavaThread "jar transforms Thread 4" [_thread_blocked, id=1256, stack(0x000000e6e3000000,0x000000e6e3100000)]
  0x00000204a9865a30 JavaThread "Cache worker for checksums cache (E:\AndroidApp\.gradle\8.0\checksums)" [_thread_blocked, id=12100, stack(0x000000e6e3100000,0x000000e6e3200000)]
  0x00000204a98668a0 JavaThread "Cache worker for cache directory md-rule (E:\jdk-19.0.1\caches\8.0\md-rule)" [_thread_blocked, id=17588, stack(0x000000e6e3200000,0x000000e6e3300000)]
  0x00000204a9866d70 JavaThread "Cache worker for file content cache (E:\jdk-19.0.1\caches\8.0\fileContent)" [_thread_blocked, id=18580, stack(0x000000e6e3300000,0x000000e6e3400000)]
  0x00000204a9864220 JavaThread "Cache worker for file hash cache (E:\AndroidApp\.gradle\8.0\fileHashes)" [_thread_blocked, id=19636, stack(0x000000e6e3400000,0x000000e6e3500000)]
  0x00000204a98693f0 JavaThread "Cache worker for cache directory md-supplier (E:\jdk-19.0.1\caches\8.0\md-supplier)" [_thread_blocked, id=1676, stack(0x000000e6e3500000,0x000000e6e3600000)]
  0x00000204a9863880 JavaThread "Cache worker for execution history cache (E:\jdk-19.0.1\caches\8.0\executionHistory)" [_thread_blocked, id=9308, stack(0x000000e6e3600000,0x000000e6e3700000)]
  0x00000204a9862a10 JavaThread "Cache worker for kotlin-dsl (E:\jdk-19.0.1\caches\8.0\kotlin-dsl)" [_thread_blocked, id=14348, stack(0x000000e6e3700000,0x000000e6e3800000)]
  0x00000204a98698c0 JavaThread "Cache worker for dependencies-accessors (E:\AndroidApp\.gradle\8.0\dependencies-accessors)" [_thread_blocked, id=17900, stack(0x000000e6e3800000,0x000000e6e3900000)]
  0x00000204a9865560 JavaThread "Cache worker for Build Output Cleanup Cache (E:\AndroidApp\.gradle\buildOutputCleanup)" [_thread_blocked, id=7324, stack(0x000000e6e3900000,0x000000e6e3a00000)]
  0x00000204a9868580 JavaThread "Unconstrained build operations" [_thread_blocked, id=10700, stack(0x000000e6e3a00000,0x000000e6e3b00000)]
  0x00000204a98663d0 JavaThread "Unconstrained build operations Thread 2" [_thread_blocked, id=14128, stack(0x000000e6e3b00000,0x000000e6e3c00000)]
  0x00000204a986a260 JavaThread "Unconstrained build operations Thread 3" [_thread_blocked, id=15216, stack(0x000000e6e3c00000,0x000000e6e3d00000)]
  0x00000204a9862ee0 JavaThread "Unconstrained build operations Thread 4" [_thread_blocked, id=19380, stack(0x000000e6e3d00000,0x000000e6e3e00000)]
  0x00000204a98646f0 JavaThread "Unconstrained build operations Thread 5" [_thread_blocked, id=8140, stack(0x000000e6e3e00000,0x000000e6e3f00000)]
  0x00000204a9868f20 JavaThread "Unconstrained build operations Thread 6" [_thread_blocked, id=18088, stack(0x000000e6e3f00000,0x000000e6e4000000)]
  0x00000204a8f567c0 JavaThread "Unconstrained build operations Thread 7" [_thread_blocked, id=15220, stack(0x000000e6e4000000,0x000000e6e4100000)]
  0x00000204a8f55480 JavaThread "Unconstrained build operations Thread 8" [_thread_blocked, id=8292, stack(0x000000e6e4100000,0x000000e6e4200000)]
  0x00000204a8f55950 JavaThread "Unconstrained build operations Thread 9" [_thread_blocked, id=17636, stack(0x000000e6e4200000,0x000000e6e4300000)]
  0x00000204a8f537a0 JavaThread "Unconstrained build operations Thread 10" [_thread_blocked, id=7912, stack(0x000000e6e4300000,0x000000e6e4400000)]
  0x00000204a8f56c90 JavaThread "Unconstrained build operations Thread 11" [_thread_blocked, id=15256, stack(0x000000e6e4400000,0x000000e6e4500000)]
  0x00000204a8f5a650 JavaThread "Unconstrained build operations Thread 12" [_thread_blocked, id=14080, stack(0x000000e6e4500000,0x000000e6e4600000)]
  0x00000204a8f54610 JavaThread "Unconstrained build operations Thread 13" [_thread_blocked, id=9876, stack(0x000000e6e4600000,0x000000e6e4700000)]
  0x00000204a8f57b00 JavaThread "Unconstrained build operations Thread 14" [_thread_blocked, id=18288, stack(0x000000e6e4700000,0x000000e6e4800000)]
  0x00000204a8f532d0 JavaThread "Unconstrained build operations Thread 15" [_thread_blocked, id=15708, stack(0x000000e6e4800000,0x000000e6e4900000)]
  0x00000204a8f5a180 JavaThread "Unconstrained build operations Thread 16" [_thread_blocked, id=6260, stack(0x000000e6e4900000,0x000000e6e4a00000)]
  0x00000204a8f52e00 JavaThread "Unconstrained build operations Thread 17" [_thread_blocked, id=19616, stack(0x000000e6e4a00000,0x000000e6e4b00000)]
  0x00000204a8f597e0 JavaThread "Unconstrained build operations Thread 18" [_thread_blocked, id=12996, stack(0x000000e6e4b00000,0x000000e6e4c00000)]
  0x00000204a8f53c70 JavaThread "Unconstrained build operations Thread 19" [_thread_blocked, id=17912, stack(0x000000e6e4c00000,0x000000e6e4d00000)]
  0x00000204a8f54140 JavaThread "Unconstrained build operations Thread 20" [_thread_blocked, id=10648, stack(0x000000e6e4d00000,0x000000e6e4e00000)]
  0x00000204a8f54ae0 JavaThread "Unconstrained build operations Thread 21" [_thread_blocked, id=18656, stack(0x000000e6e4e00000,0x000000e6e4f00000)]
  0x00000204a8f55e20 JavaThread "Unconstrained build operations Thread 22" [_thread_blocked, id=4524, stack(0x000000e6e4f00000,0x000000e6e5000000)]
  0x00000204a8f584a0 JavaThread "Unconstrained build operations Thread 23" [_thread_blocked, id=5584, stack(0x000000e6e5000000,0x000000e6e5100000)]
  0x00000204a8f562f0 JavaThread "Unconstrained build operations Thread 24" [_thread_blocked, id=12328, stack(0x000000e6e5100000,0x000000e6e5200000)]
  0x00000204a8f58970 JavaThread "Unconstrained build operations Thread 25" [_thread_blocked, id=2052, stack(0x000000e6e5200000,0x000000e6e5300000)]
  0x00000204a8f59310 JavaThread "Unconstrained build operations Thread 26" [_thread_blocked, id=3620, stack(0x000000e6e5300000,0x000000e6e5400000)]
  0x00000204a8f54fb0 JavaThread "Unconstrained build operations Thread 27" [_thread_blocked, id=11352, stack(0x000000e6e5400000,0x000000e6e5500000)]
  0x00000204a8f57160 JavaThread "Unconstrained build operations Thread 28" [_thread_blocked, id=13332, stack(0x000000e6e5500000,0x000000e6e5600000)]
  0x00000204a8f58e40 JavaThread "Unconstrained build operations Thread 29" [_thread_blocked, id=20420, stack(0x000000e6e5600000,0x000000e6e5700000)]
  0x00000204a8f57630 JavaThread "Unconstrained build operations Thread 30" [_thread_blocked, id=5212, stack(0x000000e6e5700000,0x000000e6e5800000)]
  0x00000204a8f57fd0 JavaThread "Unconstrained build operations Thread 31" [_thread_blocked, id=10836, stack(0x000000e6e5800000,0x000000e6e5900000)]
  0x00000204a8f59cb0 JavaThread "Unconstrained build operations Thread 32" [_thread_blocked, id=6432, stack(0x000000e6e5900000,0x000000e6e5a00000)]
  0x00000204ae0d7450 JavaThread "Unconstrained build operations Thread 33" [_thread_blocked, id=12652, stack(0x000000e6e5a00000,0x000000e6e5b00000)]
  0x00000204ae0d9600 JavaThread "Unconstrained build operations Thread 34" [_thread_blocked, id=8672, stack(0x000000e6e5b00000,0x000000e6e5c00000)]
  0x00000204ae0da940 JavaThread "Unconstrained build operations Thread 35" [_thread_blocked, id=11756, stack(0x000000e6e5c00000,0x000000e6e5d00000)]
  0x00000204ae0d8c60 JavaThread "Unconstrained build operations Thread 36" [_thread_blocked, id=3336, stack(0x000000e6e5d00000,0x000000e6e5e00000)]
  0x00000204ae0d6110 JavaThread "Unconstrained build operations Thread 37" [_thread_blocked, id=13380, stack(0x000000e6e5e00000,0x000000e6e5f00000)]
  0x00000204ae0db2e0 JavaThread "Unconstrained build operations Thread 38" [_thread_blocked, id=16700, stack(0x000000e6e5f00000,0x000000e6e6000000)]
  0x00000204ae0d8790 JavaThread "Unconstrained build operations Thread 39" [_thread_blocked, id=18892, stack(0x000000e6e6000000,0x000000e6e6100000)]
  0x00000204ae0d9130 JavaThread "Unconstrained build operations Thread 40" [_thread_blocked, id=9792, stack(0x000000e6e6100000,0x000000e6e6200000)]
  0x00000204ae0d65e0 JavaThread "Memory manager" [_thread_blocked, id=12908, stack(0x000000e6e6200000,0x000000e6e6300000)]
  0x00000204ae0d7df0 JavaThread "included builds" [_thread_blocked, id=3764, stack(0x000000e6e6300000,0x000000e6e6400000)]
  0x00000204ae0d3f60 JavaThread "Execution worker" [_thread_blocked, id=8392, stack(0x000000e6e6400000,0x000000e6e6500000)]
  0x00000204ae0d9fa0 JavaThread "Execution worker Thread 2" [_thread_blocked, id=16624, stack(0x000000e6e6500000,0x000000e6e6600000)]
  0x00000204ae0d5c40 JavaThread "Execution worker Thread 3" [_thread_blocked, id=17888, stack(0x000000e6e6600000,0x000000e6e6700000)]
  0x00000204ae0d82c0 JavaThread "Cache worker for execution history cache (E:\AndroidApp\.gradle\8.0\executionHistory)" [_thread_blocked, id=15496, stack(0x000000e6e6700000,0x000000e6e6800000)]
  0x00000204ae0da470 JavaThread "idea-tooling-model-converter" [_thread_blocked, id=11528, stack(0x000000e6e6800000,0x000000e6e6900000)]
  0x00000204a977c740 JavaThread "C2 CompilerThread1" daemon [_thread_blocked, id=7280, stack(0x000000e6e1a00000,0x000000e6e1b00000)]

Other Threads:
=>0x00000204a4d0b590 VMThread "VM Thread" [stack: 0x000000e6e0d00000,0x000000e6e0e00000] [id=368]
  0x000002048b7df000 WatcherThread [stack: 0x000000e6e1900000,0x000000e6e1a00000] [id=4304]
  0x000002048b7b6400 GCTaskThread "GC Thread#0" [stack: 0x000000e6e0800000,0x000000e6e0900000] [id=6476]
  0x00000204a5ce7550 GCTaskThread "GC Thread#1" [stack: 0x000000e6e1b00000,0x000000e6e1c00000] [id=5068]
  0x00000204a615b4a0 GCTaskThread "GC Thread#2" [stack: 0x000000e6e1c00000,0x000000e6e1d00000] [id=15116]
  0x00000204a638c030 GCTaskThread "GC Thread#3" [stack: 0x000000e6e1d00000,0x000000e6e1e00000] [id=15464]
  0x000002048b7c8a00 ConcurrentGCThread "G1 Main Marker" [stack: 0x000000e6e0900000,0x000000e6e0a00000] [id=19328]
  0x000002048b7c9320 ConcurrentGCThread "G1 Conc#0" [stack: 0x000000e6e0a00000,0x000000e6e0b00000] [id=7116]
  0x00000204a4b800a0 ConcurrentGCThread "G1 Refine#0" [stack: 0x000000e6e0b00000,0x000000e6e0c00000] [id=19112]
  0x00000204a4b818e0 ConcurrentGCThread "G1 Service" [stack: 0x000000e6e0c00000,0x000000e6e0d00000] [id=9400]

Threads with active compile tasks:
C2 CompilerThread0    16974 9002       4       sun.invoke.util.VerifyAccess::isClassAccessible (230 bytes)
C2 CompilerThread1    16974 9032       4       org.gradle.internal.execution.history.impl.FileSystemSnapshotSerializer::toAbsolutePath (102 bytes)

VM state: at safepoint (normal execution)

VM Mutex/Monitor currently owned by a thread:  ([mutex/lock_event])
[0x000002048b754990] Threads_lock - owner thread: 0x00000204a4d0b590
[0x000002048b754e10] Heap_lock - owner thread: 0x000002048b7c8a00

Heap address: 0x0000000080000000, size: 2048 MB, Compressed Oops mode: 32-bit

CDS archive(s) not mapped
Compressed class space mapped at: 0x0000000100000000-0x0000000140000000, reserved size: 1073741824
Narrow klass base: 0x0000000000000000, Narrow klass shift: 3, Narrow klass range: 0x140000000

GC Precious Log:
 CPUs: 4 total, 4 available
 Memory: 8058M
 Large Page Support: Disabled
 NUMA Support: Disabled
 Compressed Oops: Enabled (32-bit)
 Heap Region Size: 1M
 Heap Min Capacity: 8M
 Heap Initial Capacity: 126M
 Heap Max Capacity: 2G
 Pre-touch: Disabled
 Parallel Workers: 4
 Concurrent Workers: 1
 Concurrent Refinement Workers: 4
 Periodic GC: Disabled

Heap:
 garbage-first heap   total 208896K, used 140888K [0x0000000080000000, 0x0000000100000000)
  region size 1024K, 13 young (13312K), 2 survivors (2048K)
 Metaspace       used 87815K, committed 88576K, reserved 1130496K
  class space    used 12010K, committed 12352K, reserved 1048576K

Heap Regions: E=young(eden), S=young(survivor), O=old, HS=humongous(starts), HC=humongous(continues), CS=collection set, F=free, OA=open archive, CA=closed archive, TAMS=top-at-mark-start (previous, next)
|   0|0x0000000080000000, 0x0000000080100000, 0x0000000080100000|100%| O|  |TAMS 0x0000000080100000, 0x0000000080000000| Untracked 
|   1|0x0000000080100000, 0x0000000080200000, 0x0000000080200000|100%| O|  |TAMS 0x0000000080200000, 0x0000000080100000| Untracked 
|   2|0x0000000080200000, 0x0000000080300000, 0x0000000080300000|100%|HS|  |TAMS 0x0000000080300000, 0x0000000080200000| Complete 
|   3|0x0000000080300000, 0x0000000080400000, 0x0000000080400000|100%|HC|  |TAMS 0x0000000080400000, 0x0000000080300000| Complete 
|   4|0x0000000080400000, 0x0000000080500000, 0x0000000080500000|100%|HC|  |TAMS 0x0000000080500000, 0x0000000080400000| Complete 
|   5|0x0000000080500000, 0x0000000080600000, 0x0000000080600000|100%|HC|  |TAMS 0x0000000080600000, 0x0000000080500000| Complete 
|   6|0x0000000080600000, 0x0000000080700000, 0x0000000080700000|100%| O|  |TAMS 0x0000000080700000, 0x0000000080600000| Untracked 
|   7|0x0000000080700000, 0x0000000080800000, 0x0000000080800000|100%| O|  |TAMS 0x0000000080800000, 0x0000000080700000| Untracked 
|   8|0x0000000080800000, 0x0000000080900000, 0x0000000080900000|100%| O|  |TAMS 0x0000000080900000, 0x0000000080800000| Untracked 
|   9|0x0000000080900000, 0x0000000080a00000, 0x0000000080a00000|100%| O|  |TAMS 0x0000000080a00000, 0x0000000080900000| Untracked 
|  10|0x0000000080a00000, 0x0000000080b00000, 0x0000000080b00000|100%| O|  |TAMS 0x0000000080b00000, 0x0000000080a00000| Untracked 
|  11|0x0000000080b00000, 0x0000000080c00000, 0x0000000080c00000|100%| O|  |TAMS 0x0000000080c00000, 0x0000000080b00000| Updating 
|  12|0x0000000080c00000, 0x0000000080d00000, 0x0000000080d00000|100%| O|  |TAMS 0x0000000080d00000, 0x0000000080c00000| Untracked 
|  13|0x0000000080d00000, 0x0000000080e00000, 0x0000000080e00000|100%| O|  |TAMS 0x0000000080e00000, 0x0000000080d00000| Untracked 
|  14|0x0000000080e00000, 0x0000000080f00000, 0x0000000080f00000|100%| O|  |TAMS 0x0000000080f00000, 0x0000000080e00000| Untracked 
|  15|0x0000000080f00000, 0x0000000081000000, 0x0000000081000000|100%| O|  |TAMS 0x0000000081000000, 0x0000000080f00000| Untracked 
|  16|0x0000000081000000, 0x0000000081100000, 0x0000000081100000|100%| O|  |TAMS 0x0000000081100000, 0x0000000081000000| Untracked 
|  17|0x0000000081100000, 0x0000000081200000, 0x0000000081200000|100%| O|  |TAMS 0x0000000081200000, 0x0000000081100000| Untracked 
|  18|0x0000000081200000, 0x0000000081300000, 0x0000000081300000|100%| O|  |TAMS 0x0000000081300000, 0x0000000081200000| Untracked 
|  19|0x0000000081300000, 0x0000000081400000, 0x0000000081400000|100%| O|  |TAMS 0x0000000081400000, 0x0000000081300000| Untracked 
|  20|0x0000000081400000, 0x0000000081500000, 0x0000000081500000|100%| O|  |TAMS 0x0000000081500000, 0x0000000081400000| Updating 
|  21|0x0000000081500000, 0x0000000081600000, 0x0000000081600000|100%|HS|  |TAMS 0x0000000081600000, 0x0000000081500000| Complete 
|  22|0x0000000081600000, 0x0000000081700000, 0x0000000081700000|100%|HC|  |TAMS 0x0000000081700000, 0x0000000081600000| Complete 
|  23|0x0000000081700000, 0x0000000081800000, 0x0000000081800000|100%|HS|  |TAMS 0x0000000081800000, 0x0000000081700000| Complete 
|  24|0x0000000081800000, 0x0000000081900000, 0x0000000081900000|100%|HC|  |TAMS 0x0000000081900000, 0x0000000081800000| Complete 
|  25|0x0000000081900000, 0x0000000081a00000, 0x0000000081a00000|100%|HC|  |TAMS 0x0000000081a00000, 0x0000000081900000| Complete 
|  26|0x0000000081a00000, 0x0000000081b00000, 0x0000000081b00000|100%|HS|  |TAMS 0x0000000081b00000, 0x0000000081a00000| Complete 
|  27|0x0000000081b00000, 0x0000000081c00000, 0x0000000081c00000|100%|HC|  |TAMS 0x0000000081c00000, 0x0000000081b00000| Complete 
|  28|0x0000000081c00000, 0x0000000081d00000, 0x0000000081d00000|100%|HC|  |TAMS 0x0000000081d00000, 0x0000000081c00000| Complete 
|  29|0x0000000081d00000, 0x0000000081e00000, 0x0000000081e00000|100%|HS|  |TAMS 0x0000000081e00000, 0x0000000081d00000| Complete 
|  30|0x0000000081e00000, 0x0000000081f00000, 0x0000000081f00000|100%|HC|  |TAMS 0x0000000081f00000, 0x0000000081e00000| Complete 
|  31|0x0000000081f00000, 0x0000000082000000, 0x0000000082000000|100%|HC|  |TAMS 0x0000000082000000, 0x0000000081f00000| Complete 
|  32|0x0000000082000000, 0x0000000082100000, 0x0000000082100000|100%|HC|  |TAMS 0x0000000082100000, 0x0000000082000000| Complete 
|  33|0x0000000082100000, 0x0000000082200000, 0x0000000082200000|100%|HC|  |TAMS 0x0000000082200000, 0x0000000082100000| Complete 
|  34|0x0000000082200000, 0x0000000082300000, 0x0000000082300000|100%|HC|  |TAMS 0x0000000082300000, 0x0000000082200000| Complete 
|  35|0x0000000082300000, 0x0000000082400000, 0x0000000082400000|100%|HC|  |TAMS 0x0000000082400000, 0x0000000082300000| Complete 
|  36|0x0000000082400000, 0x0000000082500000, 0x0000000082500000|100%|HC|  |TAMS 0x0000000082500000, 0x0000000082400000| Complete 
|  37|0x0000000082500000, 0x0000000082600000, 0x0000000082600000|100%|HC|  |TAMS 0x0000000082600000, 0x0000000082500000| Complete 
|  38|0x0000000082600000, 0x0000000082700000, 0x0000000082700000|100%|HC|  |TAMS 0x0000000082700000, 0x0000000082600000| Complete 
|  39|0x0000000082700000, 0x0000000082800000, 0x0000000082800000|100%|HC|  |TAMS 0x0000000082800000, 0x0000000082700000| Complete 
|  40|0x0000000082800000, 0x0000000082900000, 0x0000000082900000|100%|HC|  |TAMS 0x0000000082900000, 0x0000000082800000| Complete 
|  41|0x0000000082900000, 0x0000000082a00000, 0x0000000082a00000|100%| O|  |TAMS 0x0000000082a00000, 0x0000000082900000| Updating 
|  42|0x0000000082a00000, 0x0000000082b00000, 0x0000000082b00000|100%| O|  |TAMS 0x0000000082b00000, 0x0000000082a00000| Updating 
|  43|0x0000000082b00000, 0x0000000082c00000, 0x0000000082c00000|100%| O|  |TAMS 0x0000000082c00000, 0x0000000082b00000| Untracked 
|  44|0x0000000082c00000, 0x0000000082d00000, 0x0000000082d00000|100%| O|  |TAMS 0x0000000082d00000, 0x0000000082c00000| Updating 
|  45|0x0000000082d00000, 0x0000000082e00000, 0x0000000082e00000|100%| O|  |TAMS 0x0000000082e00000, 0x0000000082d00000| Updating 
|  46|0x0000000082e00000, 0x0000000082f00000, 0x0000000082f00000|100%|HS|  |TAMS 0x0000000082f00000, 0x0000000082e00000| Complete 
|  47|0x0000000082f00000, 0x0000000083000000, 0x0000000083000000|100%|HC|  |TAMS 0x0000000083000000, 0x0000000082f00000| Complete 
|  48|0x0000000083000000, 0x0000000083100000, 0x0000000083100000|100%| O|  |TAMS 0x0000000083100000, 0x0000000083000000| Untracked 
|  49|0x0000000083100000, 0x0000000083200000, 0x0000000083200000|100%| O|  |TAMS 0x0000000083200000, 0x0000000083100000| Untracked 
|  50|0x0000000083200000, 0x0000000083300000, 0x0000000083300000|100%| O|  |TAMS 0x0000000083300000, 0x0000000083200000| Untracked 
|  51|0x0000000083300000, 0x0000000083400000, 0x0000000083400000|100%| O|  |TAMS 0x0000000083400000, 0x0000000083300000| Untracked 
|  52|0x0000000083400000, 0x0000000083500000, 0x0000000083500000|100%| O|  |TAMS 0x0000000083500000, 0x0000000083400000| Untracked 
|  53|0x0000000083500000, 0x0000000083600000, 0x0000000083600000|100%| O|  |TAMS 0x0000000083600000, 0x0000000083500000| Untracked 
|  54|0x0000000083600000, 0x0000000083700000, 0x0000000083700000|100%| O|  |TAMS 0x0000000083700000, 0x0000000083600000| Untracked 
|  55|0x0000000083700000, 0x0000000083800000, 0x0000000083800000|100%|HS|  |TAMS 0x0000000083800000, 0x0000000083700000| Complete 
|  56|0x0000000083800000, 0x0000000083900000, 0x0000000083900000|100%|HC|  |TAMS 0x0000000083900000, 0x0000000083800000| Complete 
|  57|0x0000000083900000, 0x0000000083a00000, 0x0000000083a00000|100%|HC|  |TAMS 0x0000000083a00000, 0x0000000083900000| Complete 
|  58|0x0000000083a00000, 0x0000000083b00000, 0x0000000083b00000|100%| O|  |TAMS 0x0000000083b00000, 0x0000000083a00000| Untracked 
|  59|0x0000000083b00000, 0x0000000083c00000, 0x0000000083c00000|100%| O|  |TAMS 0x0000000083c00000, 0x0000000083b00000| Untracked 
|  60|0x0000000083c00000, 0x0000000083d00000, 0x0000000083d00000|100%|HS|  |TAMS 0x0000000083d00000, 0x0000000083c00000| Complete 
|  61|0x0000000083d00000, 0x0000000083e00000, 0x0000000083e00000|100%|HC|  |TAMS 0x0000000083e00000, 0x0000000083d00000| Complete 
|  62|0x0000000083e00000, 0x0000000083f00000, 0x0000000083f00000|100%|HC|  |TAMS 0x0000000083f00000, 0x0000000083e00000| Complete 
|  63|0x0000000083f00000, 0x0000000084000000, 0x0000000084000000|100%| O|  |TAMS 0x0000000084000000, 0x0000000083f00000| Untracked 
|  64|0x0000000084000000, 0x0000000084100000, 0x0000000084100000|100%| O|  |TAMS 0x0000000084100000, 0x0000000084000000| Untracked 
|  65|0x0000000084100000, 0x0000000084200000, 0x0000000084200000|100%| O|  |TAMS 0x0000000084200000, 0x0000000084100000| Untracked 
|  66|0x0000000084200000, 0x0000000084300000, 0x0000000084300000|100%| O|  |TAMS 0x0000000084300000, 0x0000000084200000| Untracked 
|  67|0x0000000084300000, 0x0000000084400000, 0x0000000084400000|100%| O|  |TAMS 0x0000000084400000, 0x0000000084300000| Untracked 
|  68|0x0000000084400000, 0x0000000084500000, 0x0000000084500000|100%| O|  |TAMS 0x0000000084500000, 0x0000000084400000| Untracked 
|  69|0x0000000084500000, 0x0000000084600000, 0x0000000084600000|100%|HS|  |TAMS 0x0000000084600000, 0x0000000084500000| Complete 
|  70|0x0000000084600000, 0x0000000084700000, 0x0000000084700000|100%|HS|  |TAMS 0x0000000084700000, 0x0000000084600000| Complete 
|  71|0x0000000084700000, 0x0000000084800000, 0x0000000084800000|100%| O|  |TAMS 0x0000000084800000, 0x0000000084700000| Untracked 
|  72|0x0000000084800000, 0x0000000084900000, 0x0000000084900000|100%|HS|  |TAMS 0x0000000084900000, 0x0000000084800000| Complete 
|  73|0x0000000084900000, 0x0000000084a00000, 0x0000000084a00000|100%| O|  |TAMS 0x0000000084a00000, 0x0000000084900000| Untracked 
|  74|0x0000000084a00000, 0x0000000084b00000, 0x0000000084b00000|100%| O|  |TAMS 0x0000000084b00000, 0x0000000084a00000| Untracked 
|  75|0x0000000084b00000, 0x0000000084c00000, 0x0000000084c00000|100%| O|  |TAMS 0x0000000084c00000, 0x0000000084b00000| Untracked 
|  76|0x0000000084c00000, 0x0000000084d00000, 0x0000000084d00000|100%| O|  |TAMS 0x0000000084d00000, 0x0000000084c00000| Updating 
|  77|0x0000000084d00000, 0x0000000084e00000, 0x0000000084e00000|100%| O|  |TAMS 0x0000000084e00000, 0x0000000084d00000| Untracked 
|  78|0x0000000084e00000, 0x0000000084f00000, 0x0000000084f00000|100%| O|  |TAMS 0x0000000084f00000, 0x0000000084e00000| Untracked 
|  79|0x0000000084f00000, 0x0000000085000000, 0x0000000085000000|100%| O|  |TAMS 0x0000000085000000, 0x0000000084f00000| Untracked 
|  80|0x0000000085000000, 0x0000000085100000, 0x0000000085100000|100%| O|  |TAMS 0x0000000085100000, 0x0000000085000000| Untracked 
|  81|0x0000000085100000, 0x0000000085200000, 0x0000000085200000|100%| O|  |TAMS 0x0000000085200000, 0x0000000085100000| Untracked 
|  82|0x0000000085200000, 0x0000000085300000, 0x0000000085300000|100%| O|  |TAMS 0x0000000085300000, 0x0000000085200000| Untracked 
|  83|0x0000000085300000, 0x0000000085400000, 0x0000000085400000|100%| O|  |TAMS 0x0000000085400000, 0x0000000085300000| Untracked 
|  84|0x0000000085400000, 0x0000000085500000, 0x0000000085500000|100%| O|  |TAMS 0x0000000085500000, 0x0000000085400000| Untracked 
|  85|0x0000000085500000, 0x0000000085600000, 0x0000000085600000|100%| O|  |TAMS 0x0000000085600000, 0x0000000085500000| Untracked 
|  86|0x0000000085600000, 0x0000000085700000, 0x0000000085700000|100%| O|  |TAMS 0x0000000085700000, 0x0000000085600000| Untracked 
|  87|0x0000000085700000, 0x0000000085800000, 0x0000000085800000|100%| O|  |TAMS 0x0000000085800000, 0x0000000085700000| Untracked 
|  88|0x0000000085800000, 0x0000000085900000, 0x0000000085900000|100%| O|  |TAMS 0x0000000085900000, 0x0000000085800000| Untracked 
|  89|0x0000000085900000, 0x0000000085a00000, 0x0000000085a00000|100%| O|  |TAMS 0x0000000085a00000, 0x0000000085900000| Untracked 
|  90|0x0000000085a00000, 0x0000000085b00000, 0x0000000085b00000|100%| O|  |TAMS 0x0000000085b00000, 0x0000000085a00000| Updating 
|  91|0x0000000085b00000, 0x0000000085c00000, 0x0000000085c00000|100%|HS|  |TAMS 0x0000000085c00000, 0x0000000085b00000| Complete 
|  92|0x0000000085c00000, 0x0000000085d00000, 0x0000000085d00000|100%|HC|  |TAMS 0x0000000085d00000, 0x0000000085c00000| Complete 
|  93|0x0000000085d00000, 0x0000000085e00000, 0x0000000085e00000|100%|HS|  |TAMS 0x0000000085e00000, 0x0000000085d00000| Complete 
|  94|0x0000000085e00000, 0x0000000085f00000, 0x0000000085f00000|100%|HC|  |TAMS 0x0000000085f00000, 0x0000000085e00000| Complete 
|  95|0x0000000085f00000, 0x0000000086000000, 0x0000000086000000|100%|HC|  |TAMS 0x0000000086000000, 0x0000000085f00000| Complete 
|  96|0x0000000086000000, 0x0000000086100000, 0x0000000086100000|100%|HS|  |TAMS 0x0000000086100000, 0x0000000086000000| Complete 
|  97|0x0000000086100000, 0x0000000086200000, 0x0000000086200000|100%|HC|  |TAMS 0x0000000086200000, 0x0000000086100000| Complete 
|  98|0x0000000086200000, 0x0000000086300000, 0x0000000086300000|100%|HC|  |TAMS 0x0000000086300000, 0x0000000086200000| Complete 
|  99|0x0000000086300000, 0x0000000086400000, 0x0000000086400000|100%|HS|  |TAMS 0x0000000086400000, 0x0000000086300000| Complete 
| 100|0x0000000086400000, 0x0000000086500000, 0x0000000086500000|100%|HC|  |TAMS 0x0000000086500000, 0x0000000086400000| Complete 
| 101|0x0000000086500000, 0x0000000086600000, 0x0000000086600000|100%|HC|  |TAMS 0x0000000086600000, 0x0000000086500000| Complete 
| 102|0x0000000086600000, 0x0000000086700000, 0x0000000086700000|100%|HC|  |TAMS 0x0000000086700000, 0x0000000086600000| Complete 
| 103|0x0000000086700000, 0x0000000086800000, 0x0000000086800000|100%|HC|  |TAMS 0x0000000086800000, 0x0000000086700000| Complete 
| 104|0x0000000086800000, 0x0000000086900000, 0x0000000086900000|100%|HC|  |TAMS 0x0000000086900000, 0x0000000086800000| Complete 
| 105|0x0000000086900000, 0x0000000086a00000, 0x0000000086a00000|100%|HC|  |TAMS 0x0000000086a00000, 0x0000000086900000| Complete 
| 106|0x0000000086a00000, 0x0000000086b00000, 0x0000000086b00000|100%|HC|  |TAMS 0x0000000086b00000, 0x0000000086a00000| Complete 
| 107|0x0000000086b00000, 0x0000000086c00000, 0x0000000086c00000|100%|HC|  |TAMS 0x0000000086c00000, 0x0000000086b00000| Complete 
| 108|0x0000000086c00000, 0x0000000086d00000, 0x0000000086d00000|100%|HC|  |TAMS 0x0000000086d00000, 0x0000000086c00000| Complete 
| 109|0x0000000086d00000, 0x0000000086e00000, 0x0000000086e00000|100%|HC|  |TAMS 0x0000000086e00000, 0x0000000086d00000| Complete 
| 110|0x0000000086e00000, 0x0000000086f00000, 0x0000000086f00000|100%|HC|  |TAMS 0x0000000086f00000, 0x0000000086e00000| Complete 
| 111|0x0000000086f00000, 0x0000000087000000, 0x0000000087000000|100%|HS|  |TAMS 0x0000000087000000, 0x0000000086f00000| Complete 
| 112|0x0000000087000000, 0x0000000087100000, 0x0000000087100000|100%|HC|  |TAMS 0x0000000087100000, 0x0000000087000000| Complete 
| 113|0x0000000087100000, 0x0000000087200000, 0x0000000087200000|100%| O|  |TAMS 0x0000000087200000, 0x0000000087100000| Untracked 
| 114|0x0000000087200000, 0x0000000087300000, 0x0000000087300000|100%| O|  |TAMS 0x0000000087300000, 0x0000000087200000| Untracked 
| 115|0x0000000087300000, 0x0000000087400000, 0x0000000087400000|100%| O|  |TAMS 0x00000000873e2400, 0x0000000087300000| Untracked 
| 116|0x0000000087400000, 0x0000000087500000, 0x0000000087500000|100%| O|  |TAMS 0x0000000087400000, 0x0000000087400000| Untracked 
| 117|0x0000000087500000, 0x0000000087600000, 0x0000000087600000|100%| O|  |TAMS 0x0000000087500000, 0x0000000087500000| Untracked 
| 118|0x0000000087600000, 0x0000000087700000, 0x0000000087700000|100%| O|  |TAMS 0x0000000087600000, 0x0000000087600000| Untracked 
| 119|0x0000000087700000, 0x0000000087800000, 0x0000000087800000|100%| O|  |TAMS 0x0000000087700000, 0x0000000087700000| Untracked 
| 120|0x0000000087800000, 0x0000000087900000, 0x0000000087900000|100%| O|  |TAMS 0x0000000087800000, 0x0000000087800000| Untracked 
| 121|0x0000000087900000, 0x0000000087a00000, 0x0000000087a00000|100%| O|  |TAMS 0x0000000087900000, 0x0000000087900000| Untracked 
| 122|0x0000000087a00000, 0x0000000087a26800, 0x0000000087b00000| 15%| O|  |TAMS 0x0000000087a00000, 0x0000000087a00000| Updating 
| 123|0x0000000087b00000, 0x0000000087c00000, 0x0000000087c00000|100%|HS|  |TAMS 0x0000000087b00000, 0x0000000087b00000| Complete 
| 124|0x0000000087c00000, 0x0000000087d00000, 0x0000000087d00000|100%|HC|  |TAMS 0x0000000087c00000, 0x0000000087c00000| Complete 
| 125|0x0000000087d00000, 0x0000000087e00000, 0x0000000087e00000|100%|HS|  |TAMS 0x0000000087d00000, 0x0000000087d00000| Complete 
| 126|0x0000000087e00000, 0x0000000087f00000, 0x0000000087f00000|100%|HC|  |TAMS 0x0000000087e00000, 0x0000000087e00000| Complete 
| 127|0x0000000087f00000, 0x0000000087f00000, 0x0000000088000000|  0%| F|  |TAMS 0x0000000087f00000, 0x0000000087f00000| Untracked 
| 128|0x0000000088000000, 0x0000000088000000, 0x0000000088100000|  0%| F|  |TAMS 0x0000000088000000, 0x0000000088000000| Untracked 
| 129|0x0000000088100000, 0x0000000088100000, 0x0000000088200000|  0%| F|  |TAMS 0x0000000088100000, 0x0000000088100000| Untracked 
| 130|0x0000000088200000, 0x0000000088200000, 0x0000000088300000|  0%| F|  |TAMS 0x0000000088200000, 0x0000000088200000| Untracked 
| 131|0x0000000088300000, 0x0000000088300000, 0x0000000088400000|  0%| F|  |TAMS 0x0000000088300000, 0x0000000088300000| Untracked 
| 132|0x0000000088400000, 0x0000000088400000, 0x0000000088500000|  0%| F|  |TAMS 0x0000000088400000, 0x0000000088400000| Untracked 
| 133|0x0000000088500000, 0x0000000088500000, 0x0000000088600000|  0%| F|  |TAMS 0x0000000088500000, 0x0000000088500000| Untracked 
| 134|0x0000000088600000, 0x0000000088600000, 0x0000000088700000|  0%| F|  |TAMS 0x0000000088600000, 0x0000000088600000| Untracked 
| 135|0x0000000088700000, 0x0000000088700000, 0x0000000088800000|  0%| F|  |TAMS 0x0000000088700000, 0x0000000088700000| Untracked 
| 136|0x0000000088800000, 0x0000000088800000, 0x0000000088900000|  0%| F|  |TAMS 0x0000000088800000, 0x0000000088800000| Untracked 
| 137|0x0000000088900000, 0x0000000088900000, 0x0000000088a00000|  0%| F|  |TAMS 0x0000000088900000, 0x0000000088900000| Untracked 
| 138|0x0000000088a00000, 0x0000000088a00000, 0x0000000088b00000|  0%| F|  |TAMS 0x0000000088a00000, 0x0000000088a00000| Untracked 
| 139|0x0000000088b00000, 0x0000000088b00000, 0x0000000088c00000|  0%| F|  |TAMS 0x0000000088b00000, 0x0000000088b00000| Untracked 
| 140|0x0000000088c00000, 0x0000000088c00000, 0x0000000088d00000|  0%| F|  |TAMS 0x0000000088c00000, 0x0000000088c00000| Untracked 
| 141|0x0000000088d00000, 0x0000000088d00000, 0x0000000088e00000|  0%| F|  |TAMS 0x0000000088d00000, 0x0000000088d00000| Untracked 
| 142|0x0000000088e00000, 0x0000000088e00000, 0x0000000088f00000|  0%| F|  |TAMS 0x0000000088e00000, 0x0000000088e00000| Untracked 
| 143|0x0000000088f00000, 0x0000000088f00000, 0x0000000089000000|  0%| F|  |TAMS 0x0000000088f00000, 0x0000000088f00000| Untracked 
| 144|0x0000000089000000, 0x0000000089000000, 0x0000000089100000|  0%| F|  |TAMS 0x0000000089000000, 0x0000000089000000| Untracked 
| 145|0x0000000089100000, 0x0000000089100000, 0x0000000089200000|  0%| F|  |TAMS 0x0000000089100000, 0x0000000089100000| Untracked 
| 146|0x0000000089200000, 0x0000000089200000, 0x0000000089300000|  0%| F|  |TAMS 0x0000000089200000, 0x0000000089200000| Untracked 
| 147|0x0000000089300000, 0x0000000089300000, 0x0000000089400000|  0%| F|  |TAMS 0x0000000089300000, 0x0000000089300000| Untracked 
| 148|0x0000000089400000, 0x0000000089400000, 0x0000000089500000|  0%| F|  |TAMS 0x0000000089400000, 0x0000000089400000| Untracked 
| 149|0x0000000089500000, 0x0000000089500000, 0x0000000089600000|  0%| F|  |TAMS 0x0000000089500000, 0x0000000089500000| Untracked 
| 150|0x0000000089600000, 0x0000000089600000, 0x0000000089700000|  0%| F|  |TAMS 0x0000000089600000, 0x0000000089600000| Untracked 
| 151|0x0000000089700000, 0x0000000089700000, 0x0000000089800000|  0%| F|  |TAMS 0x0000000089700000, 0x0000000089700000| Untracked 
| 152|0x0000000089800000, 0x0000000089800000, 0x0000000089900000|  0%| F|  |TAMS 0x0000000089800000, 0x0000000089800000| Untracked 
| 153|0x0000000089900000, 0x0000000089900000, 0x0000000089a00000|  0%| F|  |TAMS 0x0000000089900000, 0x0000000089900000| Untracked 
| 154|0x0000000089a00000, 0x0000000089a00000, 0x0000000089b00000|  0%| F|  |TAMS 0x0000000089a00000, 0x0000000089a00000| Untracked 
| 155|0x0000000089b00000, 0x0000000089b00000, 0x0000000089c00000|  0%| F|  |TAMS 0x0000000089b00000, 0x0000000089b00000| Untracked 
| 156|0x0000000089c00000, 0x0000000089c00000, 0x0000000089d00000|  0%| F|  |TAMS 0x0000000089c00000, 0x0000000089c00000| Untracked 
| 157|0x0000000089d00000, 0x0000000089d00000, 0x0000000089e00000|  0%| F|  |TAMS 0x0000000089d00000, 0x0000000089d00000| Untracked 
| 158|0x0000000089e00000, 0x0000000089e00000, 0x0000000089f00000|  0%| F|  |TAMS 0x0000000089e00000, 0x0000000089e00000| Untracked 
| 159|0x0000000089f00000, 0x0000000089f00000, 0x000000008a000000|  0%| F|  |TAMS 0x0000000089f00000, 0x0000000089f00000| Untracked 
| 160|0x000000008a000000, 0x000000008a000000, 0x000000008a100000|  0%| F|  |TAMS 0x000000008a000000, 0x000000008a000000| Untracked 
| 161|0x000000008a100000, 0x000000008a100000, 0x000000008a200000|  0%| F|  |TAMS 0x000000008a100000, 0x000000008a100000| Untracked 
| 162|0x000000008a200000, 0x000000008a200000, 0x000000008a300000|  0%| F|  |TAMS 0x000000008a200000, 0x000000008a200000| Untracked 
| 163|0x000000008a300000, 0x000000008a300000, 0x000000008a400000|  0%| F|  |TAMS 0x000000008a300000, 0x000000008a300000| Untracked 
| 164|0x000000008a400000, 0x000000008a400000, 0x000000008a500000|  0%| F|  |TAMS 0x000000008a400000, 0x000000008a400000| Untracked 
| 165|0x000000008a500000, 0x000000008a500000, 0x000000008a600000|  0%| F|  |TAMS 0x000000008a500000, 0x000000008a500000| Untracked 
| 166|0x000000008a600000, 0x000000008a600000, 0x000000008a700000|  0%| F|  |TAMS 0x000000008a600000, 0x000000008a600000| Untracked 
| 167|0x000000008a700000, 0x000000008a700000, 0x000000008a800000|  0%| F|  |TAMS 0x000000008a700000, 0x000000008a700000| Untracked 
| 168|0x000000008a800000, 0x000000008a800000, 0x000000008a900000|  0%| F|  |TAMS 0x000000008a800000, 0x000000008a800000| Untracked 
| 169|0x000000008a900000, 0x000000008a900000, 0x000000008aa00000|  0%| F|  |TAMS 0x000000008a900000, 0x000000008a900000| Untracked 
| 170|0x000000008aa00000, 0x000000008aa00000, 0x000000008ab00000|  0%| F|  |TAMS 0x000000008aa00000, 0x000000008aa00000| Untracked 
| 171|0x000000008ab00000, 0x000000008ab00000, 0x000000008ac00000|  0%| F|  |TAMS 0x000000008ab00000, 0x000000008ab00000| Untracked 
| 172|0x000000008ac00000, 0x000000008ac00000, 0x000000008ad00000|  0%| F|  |TAMS 0x000000008ac00000, 0x000000008ac00000| Untracked 
| 173|0x000000008ad00000, 0x000000008ad00000, 0x000000008ae00000|  0%| F|  |TAMS 0x000000008ad00000, 0x000000008ad00000| Untracked 
| 174|0x000000008ae00000, 0x000000008ae00000, 0x000000008af00000|  0%| F|  |TAMS 0x000000008ae00000, 0x000000008ae00000| Untracked 
| 175|0x000000008af00000, 0x000000008af00000, 0x000000008b000000|  0%| F|  |TAMS 0x000000008af00000, 0x000000008af00000| Untracked 
| 176|0x000000008b000000, 0x000000008b000000, 0x000000008b100000|  0%| F|  |TAMS 0x000000008b000000, 0x000000008b000000| Untracked 
| 177|0x000000008b100000, 0x000000008b100000, 0x000000008b200000|  0%| F|  |TAMS 0x000000008b100000, 0x000000008b100000| Untracked 
| 178|0x000000008b200000, 0x000000008b200000, 0x000000008b300000|  0%| F|  |TAMS 0x000000008b200000, 0x000000008b200000| Untracked 
| 179|0x000000008b300000, 0x000000008b300000, 0x000000008b400000|  0%| F|  |TAMS 0x000000008b300000, 0x000000008b300000| Untracked 
| 180|0x000000008b400000, 0x000000008b400000, 0x000000008b500000|  0%| F|  |TAMS 0x000000008b400000, 0x000000008b400000| Untracked 
| 181|0x000000008b500000, 0x000000008b500000, 0x000000008b600000|  0%| F|  |TAMS 0x000000008b500000, 0x000000008b500000| Untracked 
| 182|0x000000008b600000, 0x000000008b600000, 0x000000008b700000|  0%| F|  |TAMS 0x000000008b600000, 0x000000008b600000| Untracked 
| 183|0x000000008b700000, 0x000000008b700000, 0x000000008b800000|  0%| F|  |TAMS 0x000000008b700000, 0x000000008b700000| Untracked 
| 184|0x000000008b800000, 0x000000008b800000, 0x000000008b900000|  0%| F|  |TAMS 0x000000008b800000, 0x000000008b800000| Untracked 
| 185|0x000000008b900000, 0x000000008b900000, 0x000000008ba00000|  0%| F|  |TAMS 0x000000008b900000, 0x000000008b900000| Untracked 
| 186|0x000000008ba00000, 0x000000008ba00000, 0x000000008bb00000|  0%| F|  |TAMS 0x000000008ba00000, 0x000000008ba00000| Untracked 
| 187|0x000000008bb00000, 0x000000008bb6f9c0, 0x000000008bc00000| 43%| S|CS|TAMS 0x000000008bb00000, 0x000000008bb00000| Complete 
| 188|0x000000008bc00000, 0x000000008bd00000, 0x000000008bd00000|100%| S|CS|TAMS 0x000000008bc00000, 0x000000008bc00000| Complete 
| 189|0x000000008bd00000, 0x000000008bd00000, 0x000000008be00000|  0%| F|  |TAMS 0x000000008bd00000, 0x000000008bd00000| Untracked 
| 190|0x000000008be00000, 0x000000008be00000, 0x000000008bf00000|  0%| F|  |TAMS 0x000000008be00000, 0x000000008be00000| Untracked 
| 191|0x000000008bf00000, 0x000000008bf00000, 0x000000008c000000|  0%| F|  |TAMS 0x000000008bf00000, 0x000000008bf00000| Untracked 
| 192|0x000000008c000000, 0x000000008c000000, 0x000000008c100000|  0%| F|  |TAMS 0x000000008c000000, 0x000000008c000000| Untracked 
| 193|0x000000008c100000, 0x000000008c1c8600, 0x000000008c200000| 78%| E|  |TAMS 0x000000008c100000, 0x000000008c100000| Complete 
| 194|0x000000008c200000, 0x000000008c300000, 0x000000008c300000|100%| E|CS|TAMS 0x000000008c200000, 0x000000008c200000| Complete 
| 195|0x000000008c300000, 0x000000008c400000, 0x000000008c400000|100%| E|CS|TAMS 0x000000008c300000, 0x000000008c300000| Complete 
| 196|0x000000008c400000, 0x000000008c500000, 0x000000008c500000|100%| E|CS|TAMS 0x000000008c400000, 0x000000008c400000| Complete 
| 197|0x000000008c500000, 0x000000008c600000, 0x000000008c600000|100%| E|CS|TAMS 0x000000008c500000, 0x000000008c500000| Complete 
| 198|0x000000008c600000, 0x000000008c700000, 0x000000008c700000|100%| E|CS|TAMS 0x000000008c600000, 0x000000008c600000| Complete 
| 199|0x000000008c700000, 0x000000008c800000, 0x000000008c800000|100%| E|CS|TAMS 0x000000008c700000, 0x000000008c700000| Complete 
| 200|0x000000008c800000, 0x000000008c900000, 0x000000008c900000|100%| E|CS|TAMS 0x000000008c800000, 0x000000008c800000| Complete 
| 201|0x000000008c900000, 0x000000008ca00000, 0x000000008ca00000|100%| E|CS|TAMS 0x000000008c900000, 0x000000008c900000| Complete 
| 202|0x000000008ca00000, 0x000000008cb00000, 0x000000008cb00000|100%| E|CS|TAMS 0x000000008ca00000, 0x000000008ca00000| Complete 
| 203|0x000000008cb00000, 0x000000008cc00000, 0x000000008cc00000|100%| E|CS|TAMS 0x000000008cb00000, 0x000000008cb00000| Complete 

Card table byte_map: [0x000002049e030000,0x000002049e430000] _byte_map_base: 0x000002049dc30000

Marking Bits (Prev, Next): (CMBitMap*) 0x000002048b7b7970, (CMBitMap*) 0x000002048b7b7930
 Prev Bits: [0x00000204a0830000, 0x00000204a2830000)
 Next Bits: [0x000002049e830000, 0x00000204a0830000)

Polling page: 0x0000020489650000

Metaspace:

Usage:
  Non-class:     74.03 MB used.
      Class:     11.73 MB used.
       Both:     85.76 MB used.

Virtual space:
  Non-class space:       80.00 MB reserved,      74.44 MB ( 93%) committed,  10 nodes.
      Class space:        1.00 GB reserved,      12.06 MB (  1%) committed,  1 nodes.
             Both:        1.08 GB reserved,      86.50 MB (  8%) committed. 

Chunk freelists:
   Non-Class:  1.54 MB
       Class:  3.91 MB
        Both:  5.45 MB

MaxMetaspaceSize: unlimited
CompressedClassSpaceSize: 1.00 GB
Initial GC threshold: 21.00 MB
Current GC threshold: 137.50 MB
CDS: off
MetaspaceReclaimPolicy: balanced
 - commit_granule_bytes: 65536.
 - commit_granule_words: 8192.
 - virtual_space_node_default_size: 1048576.
 - enlarge_chunks_in_place: 1.
 - new_chunks_are_fully_committed: 0.
 - uncommit_free_chunks: 1.
 - use_allocation_guard: 0.
 - handle_deallocations: 1.


Internal statistics:

num_allocs_failed_limit: 6.
num_arena_births: 952.
num_arena_deaths: 0.
num_vsnodes_births: 11.
num_vsnodes_deaths: 0.
num_space_committed: 1384.
num_space_uncommitted: 0.
num_chunks_returned_to_freelist: 6.
num_chunks_taken_from_freelist: 4182.
num_chunk_merges: 6.
num_chunk_splits: 2769.
num_chunks_enlarged: 1847.
num_purges: 0.
num_inconsistent_stats: 0.

CodeHeap 'non-profiled nmethods': size=120000Kb used=4701Kb max_used=4701Kb free=115298Kb
 bounds [0x0000020496700000, 0x0000020496ba0000, 0x000002049dc30000]
CodeHeap 'profiled nmethods': size=120000Kb used=16550Kb max_used=16550Kb free=103450Kb
 bounds [0x000002048ec30000, 0x000002048fc60000, 0x0000020496160000]
CodeHeap 'non-nmethods': size=5760Kb used=2391Kb max_used=2483Kb free=3368Kb
 bounds [0x0000020496160000, 0x00000204963e0000, 0x0000020496700000]
 total_blobs=9171 nmethods=8244 adapters=838
 compilation: enabled
              stopped_count=0, restarted_count=0
 full_count=0

Compilation events (20 events):
Event: 16.790 Thread 0x00000204a5829210 9020       3       org.gradle.internal.snapshot.DirectorySnapshot::<init> (41 bytes)
Event: 16.791 Thread 0x00000204a5829210 nmethod 9020 0x000002048fc57a90 code [0x000002048fc57cc0, 0x000002048fc586a8]
Event: 16.792 Thread 0x00000204a977c740 nmethod 9001 0x0000020496b90e90 code [0x0000020496b910a0, 0x0000020496b92310]
Event: 16.792 Thread 0x00000204a5829210 9021       3       org.gradle.internal.execution.history.impl.FileSystemSnapshotSerializer$SnapshotStack::push (17 bytes)
Event: 16.792 Thread 0x00000204a977c740 9018   !   4       org.gradle.internal.serialize.kryo.KryoBackedDecoder::readSmallInt (16 bytes)
Event: 16.792 Thread 0x00000204a5829210 nmethod 9021 0x000002048fc58990 code [0x000002048fc58b60, 0x000002048fc58f88]
Event: 16.792 Thread 0x00000204a5829210 9022       3       org.gradle.internal.execution.history.impl.FileSystemSnapshotSerializer$SnapshotStack::pop (29 bytes)
Event: 16.792 Thread 0x00000204a5829210 nmethod 9022 0x000002048fc59110 code [0x000002048fc592e0, 0x000002048fc596b8]
Event: 16.800 Thread 0x00000204a977c740 nmethod 9018 0x0000020496b92b10 code [0x0000020496b92d00, 0x0000020496b93580]
Event: 16.801 Thread 0x00000204a977c740 9025       4       java.util.stream.ReduceOps$5ReducingSink::accept (19 bytes)
Event: 16.801 Thread 0x00000204a977c740 nmethod 9025 0x0000020496b93b90 code [0x0000020496b93d00, 0x0000020496b93dd8]
Event: 16.801 Thread 0x00000204a977c740 9023       4       java.util.stream.ReferencePipeline$4$1::accept (23 bytes)
Event: 16.803 Thread 0x00000204a977c740 nmethod 9023 0x0000020496b93e90 code [0x0000020496b94020, 0x0000020496b941d8]
Event: 16.803 Thread 0x00000204a977c740 9024       4       org.gradle.internal.execution.history.impl.FileSystemSnapshotSerializer$$Lambda$586/0x00000001006c1b10::applyAsInt (8 bytes)
Event: 16.804 Thread 0x00000204a977c740 nmethod 9024 0x0000020496b94410 code [0x0000020496b945a0, 0x0000020496b94658]
Event: 16.804 Thread 0x00000204a977c740 9012   !   4       com.google.common.collect.MapMakerInternalMap$Segment::runLockedCleanup (34 bytes)
Event: 16.831 Thread 0x00000204a977c740 nmethod 9012 0x0000020496b94790 code [0x0000020496b949a0, 0x0000020496b95f10]
Event: 16.831 Thread 0x00000204a977c740 9031       4       java.util.ArrayDeque$DeqSpliterator::forEachRemaining (132 bytes)
Event: 16.848 Thread 0x00000204a977c740 nmethod 9031 0x0000020496b96610 code [0x0000020496b967e0, 0x0000020496b96f18]
Event: 16.848 Thread 0x00000204a977c740 9032       4       org.gradle.internal.execution.history.impl.FileSystemSnapshotSerializer::toAbsolutePath (102 bytes)

GC Heap History (20 events):
Event: 10.823 GC heap before
{Heap before GC invocations=30 (full 0):
 garbage-first heap   total 145408K, used 104527K [0x0000000080000000, 0x0000000100000000)
  region size 1024K, 30 young (30720K), 4 survivors (4096K)
 Metaspace       used 59152K, committed 59776K, reserved 1105920K
  class space    used 7962K, committed 8256K, reserved 1048576K
}
Event: 10.827 GC heap after
{Heap after GC invocations=31 (full 0):
 garbage-first heap   total 145408K, used 81907K [0x0000000080000000, 0x0000000100000000)
  region size 1024K, 4 young (4096K), 4 survivors (4096K)
 Metaspace       used 59152K, committed 59776K, reserved 1105920K
  class space    used 7962K, committed 8256K, reserved 1048576K
}
Event: 11.657 GC heap before
{Heap before GC invocations=31 (full 0):
 garbage-first heap   total 145408K, used 113651K [0x0000000080000000, 0x0000000100000000)
  region size 1024K, 35 young (35840K), 4 survivors (4096K)
 Metaspace       used 64605K, committed 65344K, reserved 1105920K
  class space    used 8649K, committed 8960K, reserved 1048576K
}
Event: 11.668 GC heap after
{Heap after GC invocations=32 (full 0):
 garbage-first heap   total 175104K, used 83183K [0x0000000080000000, 0x0000000100000000)
  region size 1024K, 2 young (2048K), 2 survivors (2048K)
 Metaspace       used 64605K, committed 65344K, reserved 1105920K
  class space    used 8649K, committed 8960K, reserved 1048576K
}
Event: 12.095 GC heap before
{Heap before GC invocations=33 (full 0):
 garbage-first heap   total 175104K, used 92399K [0x0000000080000000, 0x0000000100000000)
  region size 1024K, 12 young (12288K), 2 survivors (2048K)
 Metaspace       used 66480K, committed 67264K, reserved 1114112K
  class space    used 8879K, committed 9216K, reserved 1048576K
}
Event: 12.103 GC heap after
{Heap after GC invocations=34 (full 0):
 garbage-first heap   total 175104K, used 84644K [0x0000000080000000, 0x0000000100000000)
  region size 1024K, 3 young (3072K), 3 survivors (3072K)
 Metaspace       used 66480K, committed 67264K, reserved 1114112K
  class space    used 8879K, committed 9216K, reserved 1048576K
}
Event: 12.982 GC heap before
{Heap before GC invocations=35 (full 0):
 garbage-first heap   total 175104K, used 141988K [0x0000000080000000, 0x0000000100000000)
  region size 1024K, 53 young (54272K), 3 survivors (3072K)
 Metaspace       used 70410K, committed 71104K, reserved 1114112K
  class space    used 9401K, committed 9728K, reserved 1048576K
}
Event: 12.991 GC heap after
{Heap after GC invocations=36 (full 0):
 garbage-first heap   total 175104K, used 88486K [0x0000000080000000, 0x0000000100000000)
  region size 1024K, 7 young (7168K), 7 survivors (7168K)
 Metaspace       used 70410K, committed 71104K, reserved 1114112K
  class space    used 9401K, committed 9728K, reserved 1048576K
}
Event: 13.998 GC heap before
{Heap before GC invocations=36 (full 0):
 garbage-first heap   total 175104K, used 135590K [0x0000000080000000, 0x0000000100000000)
  region size 1024K, 54 young (55296K), 7 survivors (7168K)
 Metaspace       used 75713K, committed 76416K, reserved 1122304K
  class space    used 10100K, committed 10432K, reserved 1048576K
}
Event: 14.010 GC heap after
{Heap after GC invocations=37 (full 0):
 garbage-first heap   total 175104K, used 91749K [0x0000000080000000, 0x0000000100000000)
  region size 1024K, 4 young (4096K), 4 survivors (4096K)
 Metaspace       used 75713K, committed 76416K, reserved 1122304K
  class space    used 10100K, committed 10432K, reserved 1048576K
}
Event: 14.203 GC heap before
{Heap before GC invocations=38 (full 0):
 garbage-first heap   total 175104K, used 101989K [0x0000000080000000, 0x0000000100000000)
  region size 1024K, 15 young (15360K), 4 survivors (4096K)
 Metaspace       used 76791K, committed 77504K, reserved 1122304K
  class space    used 10265K, committed 10624K, reserved 1048576K
}
Event: 14.208 GC heap after
{Heap after GC invocations=39 (full 0):
 garbage-first heap   total 175104K, used 92320K [0x0000000080000000, 0x0000000100000000)
  region size 1024K, 4 young (4096K), 4 survivors (4096K)
 Metaspace       used 76791K, committed 77504K, reserved 1122304K
  class space    used 10265K, committed 10624K, reserved 1048576K
}
Event: 15.347 GC heap before
{Heap before GC invocations=40 (full 0):
 garbage-first heap   total 175104K, used 142496K [0x0000000080000000, 0x0000000100000000)
  region size 1024K, 52 young (53248K), 4 survivors (4096K)
 Metaspace       used 82584K, committed 83264K, reserved 1122304K
  class space    used 11261K, committed 11584K, reserved 1048576K
}
Event: 15.359 GC heap after
{Heap after GC invocations=41 (full 0):
 garbage-first heap   total 175104K, used 95390K [0x0000000080000000, 0x0000000100000000)
  region size 1024K, 4 young (4096K), 4 survivors (4096K)
 Metaspace       used 82584K, committed 83264K, reserved 1122304K
  class space    used 11261K, committed 11584K, reserved 1048576K
}
Event: 15.529 GC heap before
{Heap before GC invocations=41 (full 0):
 garbage-first heap   total 175104K, used 99486K [0x0000000080000000, 0x0000000100000000)
  region size 1024K, 9 young (9216K), 4 survivors (4096K)
 Metaspace       used 83455K, committed 84160K, reserved 1122304K
  class space    used 11373K, committed 11712K, reserved 1048576K
}
Event: 15.534 GC heap after
{Heap after GC invocations=42 (full 0):
 garbage-first heap   total 175104K, used 95641K [0x0000000080000000, 0x0000000100000000)
  region size 1024K, 4 young (4096K), 4 survivors (4096K)
 Metaspace       used 83455K, committed 84160K, reserved 1122304K
  class space    used 11373K, committed 11712K, reserved 1048576K
}
Event: 16.509 GC heap before
{Heap before GC invocations=43 (full 0):
 garbage-first heap   total 208896K, used 161177K [0x0000000080000000, 0x0000000100000000)
  region size 1024K, 47 young (48128K), 4 survivors (4096K)
 Metaspace       used 86697K, committed 87424K, reserved 1130496K
  class space    used 11844K, committed 12160K, reserved 1048576K
}
Event: 16.519 GC heap after
{Heap after GC invocations=44 (full 0):
 garbage-first heap   total 208896K, used 124809K [0x0000000080000000, 0x0000000100000000)
  region size 1024K, 6 young (6144K), 6 survivors (6144K)
 Metaspace       used 86697K, committed 87424K, reserved 1130496K
  class space    used 11844K, committed 12160K, reserved 1048576K
}
Event: 16.763 GC heap before
{Heap before GC invocations=44 (full 0):
 garbage-first heap   total 208896K, used 138121K [0x0000000080000000, 0x0000000100000000)
  region size 1024K, 21 young (21504K), 6 survivors (6144K)
 Metaspace       used 87805K, committed 88576K, reserved 1130496K
  class space    used 12010K, committed 12352K, reserved 1048576K
}
Event: 16.769 GC heap after
{Heap after GC invocations=45 (full 0):
 garbage-first heap   total 208896K, used 126552K [0x0000000080000000, 0x0000000100000000)
  region size 1024K, 2 young (2048K), 2 survivors (2048K)
 Metaspace       used 87805K, committed 88576K, reserved 1130496K
  class space    used 12010K, committed 12352K, reserved 1048576K
}

Dll operation events (2 events):
Event: 0.007 Loaded shared library E:\Andriod Studio\jbr\bin\java.dll
Event: 0.435 Loaded shared library E:\Andriod Studio\jbr\bin\verify.dll

Deoptimization events (20 events):
Event: 16.485 Thread 0x00000204a850e120 DEOPT PACKING pc=0x00000204968a7094 sp=0x000000e6e24f9b40
Event: 16.485 Thread 0x00000204a850e120 DEOPT UNPACKING pc=0x00000204961b69a3 sp=0x000000e6e24f9aa8 mode 2
Event: 16.523 Thread 0x00000204a850e120 Uncommon trap: trap_request=0xffffff45 fr.pc=0x0000020496b64024 relative=0x0000000000000f44
Event: 16.524 Thread 0x00000204a850e120 Uncommon trap: reason=unstable_if action=reinterpret pc=0x0000020496b64024 method=groovy.lang.MetaClassImpl.checkIfStdMethod(Lgroovy/lang/MetaMethod;)V @ 167 c2
Event: 16.524 Thread 0x00000204a850e120 DEOPT PACKING pc=0x0000020496b64024 sp=0x000000e6e24f9d30
Event: 16.524 Thread 0x00000204a850e120 DEOPT UNPACKING pc=0x00000204961b69a3 sp=0x000000e6e24f9ca0 mode 2
Event: 16.530 Thread 0x00000204a850e120 Uncommon trap: trap_request=0xffffff45 fr.pc=0x0000020496b66fdc relative=0x0000000000000c1c
Event: 16.530 Thread 0x00000204a850e120 Uncommon trap: reason=unstable_if action=reinterpret pc=0x0000020496b66fdc method=groovy.lang.MetaClassImpl.checkIfStdMethod(Lgroovy/lang/MetaMethod;)V @ 167 c2
Event: 16.530 Thread 0x00000204a850e120 DEOPT PACKING pc=0x0000020496b66fdc sp=0x000000e6e24f9ce0
Event: 16.530 Thread 0x00000204a850e120 DEOPT UNPACKING pc=0x00000204961b69a3 sp=0x000000e6e24f9ca8 mode 2
Event: 16.701 Thread 0x00000204a850e120 Uncommon trap: trap_request=0xffffffdc fr.pc=0x0000020496b8c0d0 relative=0x00000000000002b0
Event: 16.701 Thread 0x00000204a850e120 Uncommon trap: reason=class_check action=make_not_entrant pc=0x0000020496b8c0d0 method=java.util.ArrayList.toArray([Ljava/lang/Object;)[Ljava/lang/Object; @ 21 c2
Event: 16.701 Thread 0x00000204a850e120 DEOPT PACKING pc=0x0000020496b8c0d0 sp=0x000000e6e24fa230
Event: 16.701 Thread 0x00000204a850e120 DEOPT UNPACKING pc=0x00000204961b69a3 sp=0x000000e6e24fa200 mode 2
Event: 16.718 Thread 0x00000204a850e120 DEOPT PACKING pc=0x000002048fbcc2ac sp=0x000000e6e24f9900
Event: 16.718 Thread 0x00000204a850e120 DEOPT UNPACKING pc=0x00000204961b7143 sp=0x000000e6e24f8e10 mode 0
Event: 16.775 Thread 0x00000204a9863880 Uncommon trap: trap_request=0xffffff45 fr.pc=0x0000020496ac2d68 relative=0x00000000000042c8
Event: 16.775 Thread 0x00000204a9863880 Uncommon trap: reason=unstable_if action=reinterpret pc=0x0000020496ac2d68 method=org.gradle.internal.io.StreamByteBuffer.allocateSpace()I @ 9 c2
Event: 16.775 Thread 0x00000204a9863880 DEOPT PACKING pc=0x0000020496ac2d68 sp=0x000000e6e36fe5a0
Event: 16.775 Thread 0x00000204a9863880 DEOPT UNPACKING pc=0x00000204961b69a3 sp=0x000000e6e36fe2d8 mode 2

Classes unloaded (0 events):
No events

Classes redefined (0 events):
No events

Internal exceptions (20 events):
Event: 16.564 Thread 0x00000204a850e120 Exception <a 'java/lang/ClassNotFoundException'{0x000000008c97b750}: org/gradle/internal/extensibility/ExtensionsStorage$ExtensionHolderBeanInfo> (0x000000008c97b750) 
thrown [s\src\hotspot\share\classfile\systemDictionary.cpp, line 256]
Event: 16.564 Thread 0x00000204a850e120 Exception <a 'java/lang/ClassNotFoundException'{0x000000008c983e40}: org/gradle/internal/extensibility/ExtensionsStorage$ExtensionHolderCustomizer> (0x000000008c983e40) 
thrown [s\src\hotspot\share\classfile\systemDictionary.cpp, line 256]
Event: 16.578 Thread 0x00000204a850e120 Exception <a 'java/lang/ClassNotFoundException'{0x000000008c9e1378}: org/gradle/internal/service/scopes/ProjectScopeServicesBeanInfo> (0x000000008c9e1378) 
thrown [s\src\hotspot\share\classfile\systemDictionary.cpp, line 256]
Event: 16.578 Thread 0x00000204a850e120 Exception <a 'java/lang/ClassNotFoundException'{0x000000008c9e96f0}: org/gradle/internal/service/scopes/ProjectScopeServicesCustomizer> (0x000000008c9e96f0) 
thrown [s\src\hotspot\share\classfile\systemDictionary.cpp, line 256]
Event: 16.580 Thread 0x00000204a850e120 Exception <a 'java/lang/ClassNotFoundException'{0x000000008c89a6b8}: org/gradle/api/internal/catalog/DefaultDependenciesAccessorsBeanInfo> (0x000000008c89a6b8) 
thrown [s\src\hotspot\share\classfile\systemDictionary.cpp, line 256]
Event: 16.581 Thread 0x00000204a850e120 Exception <a 'java/lang/ClassNotFoundException'{0x000000008c8a4678}: org/gradle/api/internal/catalog/DefaultDependenciesAccessorsCustomizer> (0x000000008c8a4678) 
thrown [s\src\hotspot\share\classfile\systemDictionary.cpp, line 256]
Event: 16.585 Thread 0x00000204a850e120 Exception <a 'java/lang/ClassNotFoundException'{0x000000008c8c6a38}: org/gradle/internal/classpath/DefaultClassPathBeanInfo> (0x000000008c8c6a38) 
thrown [s\src\hotspot\share\classfile\systemDictionary.cpp, line 256]
Event: 16.585 Thread 0x00000204a850e120 Exception <a 'java/lang/ClassNotFoundException'{0x000000008c8ceb38}: org/gradle/internal/classpath/DefaultClassPathCustomizer> (0x000000008c8ceb38) 
thrown [s\src\hotspot\share\classfile\systemDictionary.cpp, line 256]
Event: 16.591 Thread 0x00000204a850e120 Exception <a 'java/lang/ClassNotFoundException'{0x000000008c7e4c70}: org/gradle/internal/classpath/DefaultClassPath$ImmutableUniqueListBeanInfo> (0x000000008c7e4c70) 
thrown [s\src\hotspot\share\classfile\systemDictionary.cpp, line 256]
Event: 16.592 Thread 0x00000204a850e120 Exception <a 'java/lang/ClassNotFoundException'{0x000000008c7e9210}: java/util/AbstractListBeanInfo> (0x000000008c7e9210) 
thrown [s\src\hotspot\share\classfile\systemDictionary.cpp, line 256]
Event: 16.592 Thread 0x00000204a850e120 Exception <a 'java/lang/ClassNotFoundException'{0x000000008c7ed788}: java/util/AbstractListCustomizer> (0x000000008c7ed788) 
thrown [s\src\hotspot\share\classfile\systemDictionary.cpp, line 256]
Event: 16.593 Thread 0x00000204a850e120 Exception <a 'java/lang/ClassNotFoundException'{0x000000008c6014b8}: org/gradle/internal/classpath/DefaultClassPath$ImmutableUniqueListCustomizer> (0x000000008c6014b8) 
thrown [s\src\hotspot\share\classfile\systemDictionary.cpp, line 256]
Event: 16.599 Thread 0x00000204a850e120 Exception <a 'java/lang/ClassNotFoundException'{0x000000008c644288}: org/jetbrains/plugins/gradle/model/DefaultDependencyAccessorsModelBeanInfo> (0x000000008c644288) 
thrown [s\src\hotspot\share\classfile\systemDictionary.cpp, line 256]
Event: 16.600 Thread 0x00000204a850e120 Exception <a 'java/lang/ClassNotFoundException'{0x000000008c64c6e0}: org/jetbrains/plugins/gradle/model/DefaultDependencyAccessorsModelCustomizer> (0x000000008c64c6e0) 
thrown [s\src\hotspot\share\classfile\systemDictionary.cpp, line 256]
Event: 16.606 Thread 0x00000204ae0da470 Exception <a 'java/lang/NoSuchMethodError'{0x000000008c688080}: static Lorg/jetbrains/plugins/gradle/tooling/internal/VersionCatalogsModelImpl;.<clinit>()V> (0x000000008c688080) 
thrown [s\src\hotspot\share\prims\jni.cpp, line 1108]
Event: 16.615 Thread 0x00000204a850e120 Exception <a 'java/lang/ClassNotFoundException'{0x000000008c4a4250}: org/gradle/api/internal/tasks/DefaultSourceSetContainer_DecoratedBeanInfo> (0x000000008c4a4250) 
thrown [s\src\hotspot\share\classfile\systemDictionary.cpp, line 256]
Event: 16.615 Thread 0x00000204a850e120 Exception <a 'java/lang/ClassNotFoundException'{0x000000008c4ae1b8}: org/gradle/api/internal/tasks/DefaultSourceSetContainerBeanInfo> (0x000000008c4ae1b8) 
thrown [s\src\hotspot\share\classfile\systemDictionary.cpp, line 256]
Event: 16.616 Thread 0x00000204a850e120 Exception <a 'java/lang/ClassNotFoundException'{0x000000008c4b8140}: org/gradle/api/internal/tasks/DefaultSourceSetContainerCustomizer> (0x000000008c4b8140) 
thrown [s\src\hotspot\share\classfile\systemDictionary.cpp, line 256]
Event: 16.617 Thread 0x00000204a850e120 Exception <a 'java/lang/ClassNotFoundException'{0x000000008c4cd7e8}: org/gradle/api/internal/tasks/DefaultSourceSetContainer_DecoratedCustomizer> (0x000000008c4cd7e8) 
thrown [s\src\hotspot\share\classfile\systemDictionary.cpp, line 256]
Event: 16.751 Thread 0x00000204a9868580 Exception <a 'java/lang/NoSuchMethodError'{0x000000008bef11e8}: 'java.lang.Object java.lang.invoke.DirectMethodHandle$Holder.invokeSpecialIFC(java.lang.Object, java.lang.Object, java.lang.Object)'> (0x000000008bef11e8) 
thrown [s\src\hotspot\share\interpreter\linkResolver.cpp, line 771]

VM Operations (20 events):
Event: 16.172 Executing VM operation: HandshakeAllThreads done
Event: 16.174 Executing VM operation: HandshakeAllThreads
Event: 16.174 Executing VM operation: HandshakeAllThreads done
Event: 16.338 Executing VM operation: ICBufferFull
Event: 16.338 Executing VM operation: ICBufferFull done
Event: 16.508 Executing VM operation: G1CollectForAllocation
Event: 16.519 Executing VM operation: G1CollectForAllocation done
Event: 16.618 Executing VM operation: HandshakeAllThreads
Event: 16.618 Executing VM operation: HandshakeAllThreads done
Event: 16.717 Executing VM operation: HandshakeAllThreads
Event: 16.717 Executing VM operation: HandshakeAllThreads done
Event: 16.720 Executing VM operation: HandshakeAllThreads
Event: 16.720 Executing VM operation: HandshakeAllThreads done
Event: 16.731 Executing VM operation: ICBufferFull
Event: 16.731 Executing VM operation: ICBufferFull done
Event: 16.737 Executing VM operation: HandshakeAllThreads
Event: 16.737 Executing VM operation: HandshakeAllThreads done
Event: 16.763 Executing VM operation: G1TryInitiateConcMark
Event: 16.770 Executing VM operation: G1TryInitiateConcMark done
Event: 16.910 Executing VM operation: G1Concurrent

Events (20 events):
Event: 16.546 loading class java/lang/NumberBeanInfo
Event: 16.546 loading class java/lang/NumberBeanInfo done
Event: 16.546 loading class java/lang/NumberCustomizer
Event: 16.546 loading class java/lang/NumberCustomizer done
Event: 16.546 loading class java/lang/NumberCustomizer
Event: 16.546 loading class java/lang/NumberCustomizer done
Event: 16.546 loading class java/lang/IntegerCustomizer
Event: 16.546 loading class java/lang/IntegerCustomizer done
Event: 16.547 loading class java/lang/IntegerCustomizer
Event: 16.547 loading class java/lang/IntegerCustomizer done
Event: 16.547 loading class jdk/internal/ValueBased
Event: 16.547 loading class jdk/internal/ValueBased done
Event: 16.591 loading class java/util/AbstractListBeanInfo
Event: 16.591 loading class java/util/AbstractListBeanInfo done
Event: 16.592 loading class java/util/AbstractListBeanInfo
Event: 16.592 loading class java/util/AbstractListBeanInfo done
Event: 16.592 loading class java/util/AbstractListCustomizer
Event: 16.592 loading class java/util/AbstractListCustomizer done
Event: 16.592 loading class java/util/AbstractListCustomizer
Event: 16.592 loading class java/util/AbstractListCustomizer done


Dynamic libraries:
0x00007ff611d40000 - 0x00007ff611d4a000 	E:\Andriod Studio\jbr\bin\java.exe
0x00007ffd9f690000 - 0x00007ffd9f888000 	C:\Windows\SYSTEM32\ntdll.dll
0x00007ffd9d790000 - 0x00007ffd9d84f000 	C:\Windows\System32\KERNEL32.DLL
0x00007ffd9d2c0000 - 0x00007ffd9d5b6000 	C:\Windows\System32\KERNELBASE.dll
0x00007ffd9d5c0000 - 0x00007ffd9d6c0000 	C:\Windows\System32\ucrtbase.dll
0x00007ffd8f6d0000 - 0x00007ffd8f6e7000 	E:\Andriod Studio\jbr\bin\jli.dll
0x00007ffd8ea50000 - 0x00007ffd8ea6b000 	E:\Andriod Studio\jbr\bin\VCRUNTIME140.dll
0x00007ffd9e1d0000 - 0x00007ffd9e36d000 	C:\Windows\System32\USER32.dll
0x00007ffd9d6c0000 - 0x00007ffd9d6e2000 	C:\Windows\System32\win32u.dll
0x00007ffd8c650000 - 0x00007ffd8c8ea000 	C:\Windows\WinSxS\amd64_microsoft.windows.common-controls_6595b64144ccf1df_6.0.19041.1110_none_60b5254171f9507e\COMCTL32.dll
0x00007ffd9e160000 - 0x00007ffd9e18c000 	C:\Windows\System32\GDI32.dll
0x00007ffd9db50000 - 0x00007ffd9dbee000 	C:\Windows\System32\msvcrt.dll
0x00007ffd9d170000 - 0x00007ffd9d285000 	C:\Windows\System32\gdi32full.dll
0x00007ffd9cd70000 - 0x00007ffd9ce0d000 	C:\Windows\System32\msvcp_win.dll
0x00007ffd9e190000 - 0x00007ffd9e1c0000 	C:\Windows\System32\IMM32.DLL
0x00007ffd96f80000 - 0x00007ffd96f8c000 	E:\Andriod Studio\jbr\bin\vcruntime140_1.dll
0x00007ffd80530000 - 0x00007ffd805bd000 	E:\Andriod Studio\jbr\bin\msvcp140.dll
0x00007ffd52160000 - 0x00007ffd52dce000 	E:\Andriod Studio\jbr\bin\server\jvm.dll
0x00007ffd9ec80000 - 0x00007ffd9ed2f000 	C:\Windows\System32\ADVAPI32.dll
0x00007ffd9d6f0000 - 0x00007ffd9d78c000 	C:\Windows\System32\sechost.dll
0x00007ffd9f450000 - 0x00007ffd9f576000 	C:\Windows\System32\RPCRT4.dll
0x00007ffd8bf30000 - 0x00007ffd8bf39000 	C:\Windows\SYSTEM32\WSOCK32.dll
0x00007ffd9dc00000 - 0x00007ffd9dc6b000 	C:\Windows\System32\WS2_32.dll
0x00007ffd8be50000 - 0x00007ffd8be77000 	C:\Windows\SYSTEM32\WINMM.dll
0x00007ffd8cad0000 - 0x00007ffd8cada000 	C:\Windows\SYSTEM32\VERSION.dll
0x00007ffd9b5b0000 - 0x00007ffd9b5c2000 	C:\Windows\SYSTEM32\kernel.appcore.dll
0x00007ffd99700000 - 0x00007ffd9970a000 	E:\Andriod Studio\jbr\bin\jimage.dll
0x00007ffd9a8e0000 - 0x00007ffd9aac4000 	C:\Windows\SYSTEM32\DBGHELP.DLL
0x00007ffd8a3c0000 - 0x00007ffd8a3f4000 	C:\Windows\SYSTEM32\dbgcore.DLL
0x00007ffd9ce10000 - 0x00007ffd9ce92000 	C:\Windows\System32\bcryptPrimitives.dll
0x00007ffd8c0f0000 - 0x00007ffd8c115000 	E:\Andriod Studio\jbr\bin\java.dll
0x00007ffd98410000 - 0x00007ffd98428000 	E:\Andriod Studio\jbr\bin\zip.dll
0x00007ffd9e370000 - 0x00007ffd9eab4000 	C:\Windows\System32\SHELL32.dll
0x00007ffd9ae00000 - 0x00007ffd9b594000 	C:\Windows\SYSTEM32\windows.storage.dll
0x00007ffd9ed30000 - 0x00007ffd9f084000 	C:\Windows\System32\combase.dll
0x00007ffd9c6e0000 - 0x00007ffd9c70e000 	C:\Windows\SYSTEM32\Wldp.dll
0x00007ffd9d980000 - 0x00007ffd9da2d000 	C:\Windows\System32\SHCORE.dll
0x00007ffd9f310000 - 0x00007ffd9f365000 	C:\Windows\System32\shlwapi.dll
0x00007ffd9cca0000 - 0x00007ffd9ccc5000 	C:\Windows\SYSTEM32\profapi.dll
0x00007ffd916c0000 - 0x00007ffd916d9000 	E:\Andriod Studio\jbr\bin\net.dll
0x00007ffd8ff90000 - 0x00007ffd9009a000 	C:\Windows\SYSTEM32\WINHTTP.dll
0x00007ffd9c440000 - 0x00007ffd9c4aa000 	C:\Windows\system32\mswsock.dll
0x00007ffd8f910000 - 0x00007ffd8f926000 	E:\Andriod Studio\jbr\bin\nio.dll
0x00007ffd98390000 - 0x00007ffd983a0000 	E:\Andriod Studio\jbr\bin\verify.dll
0x00007ffd96fb0000 - 0x00007ffd96fd7000 	E:\jdk-19.0.1\native\68d5fa5c4cc2d200863cafc0d521ce42e7d3e7ee720ec0a83991735586a16f82\windows-amd64\native-platform.dll
0x00007ffd71fb0000 - 0x00007ffd720f4000 	E:\jdk-19.0.1\native\e376f236ea51e6404a007f0833ffe2c6e607c4080706a723a18a27aeea778392\windows-amd64\native-platform-file-events.dll
0x00007ffd99520000 - 0x00007ffd99529000 	E:\Andriod Studio\jbr\bin\management.dll
0x00007ffd99040000 - 0x00007ffd9904b000 	E:\Andriod Studio\jbr\bin\management_ext.dll
0x00007ffd9e1c0000 - 0x00007ffd9e1c8000 	C:\Windows\System32\PSAPI.DLL
0x00007ffd9c630000 - 0x00007ffd9c648000 	C:\Windows\SYSTEM32\CRYPTSP.dll
0x00007ffd9bd60000 - 0x00007ffd9bd94000 	C:\Windows\system32\rsaenh.dll
0x00007ffd9d290000 - 0x00007ffd9d2b7000 	C:\Windows\System32\bcrypt.dll
0x00007ffd9cc60000 - 0x00007ffd9cc8e000 	C:\Windows\SYSTEM32\USERENV.dll
0x00007ffd9c650000 - 0x00007ffd9c65c000 	C:\Windows\SYSTEM32\CRYPTBASE.dll
0x00007ffd9c130000 - 0x00007ffd9c16c000 	C:\Windows\SYSTEM32\IPHLPAPI.DLL
0x00007ffd9dbf0000 - 0x00007ffd9dbf8000 	C:\Windows\System32\NSI.dll
0x00007ffd93eb0000 - 0x00007ffd93ec7000 	C:\Windows\SYSTEM32\dhcpcsvc6.DLL
0x00007ffd93e90000 - 0x00007ffd93ead000 	C:\Windows\SYSTEM32\dhcpcsvc.DLL
0x00007ffd9c170000 - 0x00007ffd9c23a000 	C:\Windows\SYSTEM32\DNSAPI.dll
0x00007ffd8ad90000 - 0x00007ffd8ad97000 	C:\Windows\system32\wshunix.dll

dbghelp: loaded successfully - version: 4.0.5 - missing functions: none
symbol engine: initialized successfully - sym options: 0x614 - pdb path: .;E:\Andriod Studio\jbr\bin;C:\Windows\SYSTEM32;C:\Windows\WinSxS\amd64_microsoft.windows.common-controls_6595b64144ccf1df_6.0.19041.1110_none_60b5254171f9507e;E:\Andriod Studio\jbr\bin\server;E:\jdk-19.0.1\native\68d5fa5c4cc2d200863cafc0d521ce42e7d3e7ee720ec0a83991735586a16f82\windows-amd64;E:\jdk-19.0.1\native\e376f236ea51e6404a007f0833ffe2c6e607c4080706a723a18a27aeea778392\windows-amd64

VM Arguments:
jvm_args: --add-opens=java.base/java.util=ALL-UNNAMED --add-opens=java.base/java.lang=ALL-UNNAMED --add-opens=java.base/java.lang.invoke=ALL-UNNAMED --add-opens=java.prefs/java.util.prefs=ALL-UNNAMED --add-opens=java.base/java.nio.charset=ALL-UNNAMED --add-opens=java.base/java.net=ALL-UNNAMED --add-opens=java.base/java.util.concurrent.atomic=ALL-UNNAMED -Xmx2048m -Dfile.encoding=UTF-8 -Duser.country=AE -Duser.language=en -Duser.variant 
java_command: org.gradle.launcher.daemon.bootstrap.GradleDaemon 8.0
java_class_path (initial): E:\jdk-19.0.1\wrapper\dists\gradle-8.0-bin\ca5e32bp14vu59qr306oxotwh\gradle-8.0\lib\gradle-launcher-8.0.jar
Launcher Type: SUN_STANDARD

[Global flags]
     intx CICompilerCount                          = 3                                         {product} {ergonomic}
     uint ConcGCThreads                            = 1                                         {product} {ergonomic}
     uint G1ConcRefinementThreads                  = 4                                         {product} {ergonomic}
   size_t G1HeapRegionSize                         = 1048576                                   {product} {ergonomic}
    uintx GCDrainStackTargetSize                   = 64                                        {product} {ergonomic}
   size_t InitialHeapSize                          = 132120576                                 {product} {ergonomic}
   size_t MarkStackSize                            = 4194304                                   {product} {ergonomic}
   size_t MaxHeapSize                              = 2147483648                                {product} {command line}
   size_t MaxNewSize                               = 1287651328                                {product} {ergonomic}
   size_t MinHeapDeltaBytes                        = 1048576                                   {product} {ergonomic}
   size_t MinHeapSize                              = 8388608                                   {product} {ergonomic}
    uintx NonNMethodCodeHeapSize                   = 5832780                                {pd product} {ergonomic}
    uintx NonProfiledCodeHeapSize                  = 122912730                              {pd product} {ergonomic}
    uintx ProfiledCodeHeapSize                     = 122912730                              {pd product} {ergonomic}
    uintx ReservedCodeCacheSize                    = 251658240                              {pd product} {ergonomic}
     bool SegmentedCodeCache                       = true                                      {product} {ergonomic}
   size_t SoftMaxHeapSize                          = 2147483648                             {manageable} {ergonomic}
     bool UseCompressedClassPointers               = true                           {product lp64_product} {ergonomic}
     bool UseCompressedOops                        = true                           {product lp64_product} {ergonomic}
     bool UseG1GC                                  = true                                      {product} {ergonomic}
     bool UseLargePagesIndividualAllocation        = false                                  {pd product} {ergonomic}

Logging:
Log output configuration:
 #0: stdout all=warning uptime,level,tags
 #1: stderr all=off uptime,level,tags

Environment Variables:
JAVA_HOME=E:\jdk-19.0.1\lib
PATH=C:\Program Files\Common Files\Oracle\Java\javapath;C:\Program Files (x86)\Common Files\Oracle\Java\javapath;C:\Windows\system32;C:\Windows;C:\Windows\System32\Wbem;C:\Windows\System32\WindowsPowerShell\v1.0\;C:\Windows\System32\OpenSSH\;C:\Program Files\Git\cmd;E:\jdk-19.0.1\lib\bin;C:\Program Files\Gradle\gradle-8.0.2\bin;C:\Program Files\Graphviz\bin\dot.exe;C:\Program Files (x86)\Microsoft SQL Server\160\Tools\Binn\;C:\Program Files\Microsoft SQL Server\160\Tools\Binn\;C:\Program Files\Microsoft SQL Server\Client SDK\ODBC\170\Tools\Binn\;C:\Program Files\Microsoft SQL Server\160\DTS\Binn\;C:\Users\Dell\AppData\Local\Programs\Python\Python310\Scripts\;C:\Users\Dell\AppData\Local\Programs\Python\Python310\;C:\Users\Dell\AppData\Local\Microsoft\WindowsApps;E:\IntelliJ IDEA 2022.3\bin;;C:\Users\Dell\AppData\Local\Programs\Microsoft VS Code\bin;C:\Program Files\Graphviz\bin;C:\Program Files\Azure Data Studio\bin
USERNAME=Dell
OS=Windows_NT
PROCESSOR_IDENTIFIER=Intel64 Family 6 Model 142 Stepping 9, GenuineIntel
TMP=C:\Users\Dell\AppData\Local\Temp
TEMP=C:\Users\Dell\AppData\Local\Temp


JNI global refs:
JNI global refs: 25, weak refs: 10

JNI global refs memory usage: 843, weak refs: 841


---------------  S Y S T E M  ---------------

OS:
 Windows 10 , 64 bit Build 19041 (10.0.19041.3155)
OS uptime: 29 days 17:58 hours

CPU: total 4 (initial active 4) (2 cores per cpu, 2 threads per core) family 6 model 142 stepping 9 microcode 0xb4, cx8, cmov, fxsr, ht, mmx, 3dnowpref, sse, sse2, sse3, ssse3, sse4.1, sse4.2, popcnt, lzcnt, tsc, tscinvbit, avx, avx2, aes, erms, clmul, bmi1, bmi2, adx, fma, vzeroupper, clflush, clflushopt

Memory: 4k page, system-wide physical 8058M (405M free)
TotalPageFile size 20477M (AvailPageFile size 23M)
current process WorkingSet (physical memory assigned to process): 445M, peak: 445M
current process commit charge ("private bytes"): 473M, peak: 503M

vm_info: OpenJDK 64-Bit Server VM (17.0.6+0-b2043.56-10027231) for windows-amd64 JRE (17.0.6+0-b2043.56-10027231), built on Apr 28 2023 00:43:19 by "androidbuild" with MS VC++ 16.10 / 16.11 (VS2019)

END.
