#
# There is insufficient memory for the Java Runtime Environment to continue.
# Native memory allocation (malloc) failed to allocate 1062704 bytes for Chunk::new
# Possible reasons:
#   The system is out of physical RAM or swap space
#   The process is running with CompressedOops enabled, and the Java Heap may be blocking the growth of the native heap
# Possible solutions:
#   Reduce memory load on the system
#   Increase physical memory or swap space
#   Check if swap backing store is full
#   Decrease Java heap size (-Xmx/-Xms)
#   Decrease number of Java threads
#   Decrease Java thread stack sizes (-Xss)
#   Set larger code cache with -XX:ReservedCodeCacheSize=
#   JVM is running with Unscaled Compressed Oops mode in which the Java heap is
#     placed in the first 4GB address space. The Java Heap base address is the
#     maximum limit for the native heap growth. Please use -XX:HeapBaseMinAddress
#     to set the Java Heap base and to place the Java Heap above 4GB virtual address.
# This output file may be truncated or incomplete.
#
#  Out of Memory Error (arena.cpp:189), pid=13356, tid=8880
#
# JRE version: OpenJDK Runtime Environment (17.0.6) (build 17.0.6+0-b2043.56-10027231)
# Java VM: OpenJDK 64-Bit Server VM (17.0.6+0-b2043.56-10027231, mixed mode, tiered, compressed oops, compressed class ptrs, g1 gc, windows-amd64)
# No core dump will be written. Minidumps are not enabled by default on client versions of Windows
#

---------------  S U M M A R Y ------------

Command Line: --add-opens=java.base/java.util=ALL-UNNAMED --add-opens=java.base/java.lang=ALL-UNNAMED --add-opens=java.base/java.lang.invoke=ALL-UNNAMED --add-opens=java.prefs/java.util.prefs=ALL-UNNAMED --add-opens=java.base/java.nio.charset=ALL-UNNAMED --add-opens=java.base/java.net=ALL-UNNAMED --add-opens=java.base/java.util.concurrent.atomic=ALL-UNNAMED -Xmx2048m -Dfile.encoding=UTF-8 -Duser.country=AE -Duser.language=en -Duser.variant org.gradle.launcher.daemon.bootstrap.GradleDaemon 8.0

Host: Intel(R) Core(TM) i7-7500U CPU @ 2.70GHz, 4 cores, 7G,  Windows 10 , 64 bit Build 19041 (10.0.19041.3155)
Time: Wed Aug 30 10:41:10 2023 Pakistan Standard Time elapsed time: 16.415892 seconds (0d 0h 0m 16s)

---------------  T H R E A D  ---------------

Current thread (0x000001feddc26bc0):  JavaThread "C2 CompilerThread0" daemon [_thread_in_native, id=8880, stack(0x000000ef6e600000,0x000000ef6e700000)]


Current CompileTask:
C2:  16415 8946   !   4       java.net.URL::<init> (543 bytes)

Stack: [0x000000ef6e600000,0x000000ef6e700000]
Native frames: (J=compiled Java code, j=interpreted, Vv=VM code, C=native code)
V  [jvm.dll+0x683c9a]
V  [jvm.dll+0x8427a4]
V  [jvm.dll+0x843f9e]
V  [jvm.dll+0x844603]
V  [jvm.dll+0x249b75]
V  [jvm.dll+0xabcac]
V  [jvm.dll+0xac27c]
V  [jvm.dll+0x368857]
V  [jvm.dll+0x1bd0b8]
V  [jvm.dll+0x21c359]
V  [jvm.dll+0x21b621]
V  [jvm.dll+0x1a4fdd]
V  [jvm.dll+0x22b098]
V  [jvm.dll+0x229159]
V  [jvm.dll+0x7f81ec]
V  [jvm.dll+0x7f274a]
V  [jvm.dll+0x682ad5]
C  [ucrtbase.dll+0x21bb2]
C  [KERNEL32.DLL+0x17614]
C  [ntdll.dll+0x526b1]


---------------  P R O C E S S  ---------------

Threads class SMR info:
_java_thread_list=0x000001fee266c630, length=88, elements={
0x000001fec3b3c0b0, 0x000001fedd0ef620, 0x000001fedd0f03a0, 0x000001fedd0f3fa0,
0x000001fedd112510, 0x000001fedd112dd0, 0x000001fedd113690, 0x000001feddc26bc0,
0x000001feddc29ae0, 0x000001feddc3e140, 0x000001feddda64f0, 0x000001feddda7de0,
0x000001fedf423440, 0x000001fedf39f3d0, 0x000001fee05752e0, 0x000001fee032b8c0,
0x000001fee01046e0, 0x000001fede94ba10, 0x000001fede94ea30, 0x000001fede94d220,
0x000001fede94d6f0, 0x000001fede94dbc0, 0x000001fede94e090, 0x000001fede94e560,
0x000001fede94bee0, 0x000001fede94b070, 0x000001fede94c3b0, 0x000001fede94b540,
0x000001fede94c880, 0x000001fede94cd50, 0x000001fee1ceda10, 0x000001fee1cef6f0,
0x000001fee1cea520, 0x000001fee1cebd30, 0x000001fee1cea9f0, 0x000001fee1cedee0,
0x000001fee1ceaec0, 0x000001fee1cee880, 0x000001fee1ceb390, 0x000001fee1cf0a30,
0x000001fee1cec6d0, 0x000001fee1cf0560, 0x000001fee1cf13d0, 0x000001fee1ceed50,
0x000001fee1cef220, 0x000001fee1ce9b80, 0x000001fee1cf0f00, 0x000001fee1cecba0,
0x000001fee1ceb860, 0x000001fee1ced070, 0x000001fee2b74ef0, 0x000001fee2b74080,
0x000001fee2b77a40, 0x000001fee2b753c0, 0x000001fee2b71ed0, 0x000001fee2b788b0,
0x000001fee2b77f10, 0x000001fee2b74550, 0x000001fee2b71530, 0x000001fee2b71a00,
0x000001fee2b75890, 0x000001fee2b71060, 0x000001fee2b75d60, 0x000001fee2b723a0,
0x000001fee2b783e0, 0x000001fee2b76bd0, 0x000001fee2b72870, 0x000001fee2b76230,
0x000001fee2b73bb0, 0x000001fee2b72d40, 0x000001fee2b73210, 0x000001fee2b76700,
0x000001fee2b736e0, 0x000001fee2b74a20, 0x000001fee2b770a0, 0x000001fee2b77570,
0x000001fee3d74870, 0x000001fee3d77d60, 0x000001fee3d7a3e0, 0x000001fee3d790a0,
0x000001feddc2cd80, 0x000001fee3d79570, 0x000001fee3d78230, 0x000001fee3d73a00,
0x000001fee3d79a40, 0x000001fee3d7a8b0, 0x000001fee3d78bd0, 0x000001fee3d743a0
}

Java Threads: ( => current thread )
  0x000001fec3b3c0b0 JavaThread "main" [_thread_blocked, id=1716, stack(0x000000ef6d900000,0x000000ef6da00000)]
  0x000001fedd0ef620 JavaThread "Reference Handler" daemon [_thread_blocked, id=1292, stack(0x000000ef6e000000,0x000000ef6e100000)]
  0x000001fedd0f03a0 JavaThread "Finalizer" daemon [_thread_blocked, id=14424, stack(0x000000ef6e100000,0x000000ef6e200000)]
  0x000001fedd0f3fa0 JavaThread "Signal Dispatcher" daemon [_thread_blocked, id=8616, stack(0x000000ef6e200000,0x000000ef6e300000)]
  0x000001fedd112510 JavaThread "Attach Listener" daemon [_thread_blocked, id=12068, stack(0x000000ef6e300000,0x000000ef6e400000)]
  0x000001fedd112dd0 JavaThread "Service Thread" daemon [_thread_blocked, id=10324, stack(0x000000ef6e400000,0x000000ef6e500000)]
  0x000001fedd113690 JavaThread "Monitor Deflation Thread" daemon [_thread_blocked, id=15372, stack(0x000000ef6e500000,0x000000ef6e600000)]
=>0x000001feddc26bc0 JavaThread "C2 CompilerThread0" daemon [_thread_in_native, id=8880, stack(0x000000ef6e600000,0x000000ef6e700000)]
  0x000001feddc29ae0 JavaThread "C1 CompilerThread0" daemon [_thread_blocked, id=6072, stack(0x000000ef6e700000,0x000000ef6e800000)]
  0x000001feddc3e140 JavaThread "Sweeper thread" daemon [_thread_blocked, id=8680, stack(0x000000ef6e800000,0x000000ef6e900000)]
  0x000001feddda64f0 JavaThread "Common-Cleaner" daemon [_thread_blocked, id=8416, stack(0x000000ef6e900000,0x000000ef6ea00000)]
  0x000001feddda7de0 JavaThread "Notification Thread" daemon [_thread_blocked, id=9260, stack(0x000000ef6ea00000,0x000000ef6eb00000)]
  0x000001fedf423440 JavaThread "Daemon health stats" [_thread_blocked, id=10832, stack(0x000000ef6f000000,0x000000ef6f100000)]
  0x000001fedf39f3d0 JavaThread "Incoming local TCP Connector on port 57364" [_thread_in_native, id=12384, stack(0x000000ef6f100000,0x000000ef6f200000)]
  0x000001fee05752e0 JavaThread "Daemon periodic checks" [_thread_blocked, id=14208, stack(0x000000ef6f200000,0x000000ef6f300000)]
  0x000001fee032b8c0 JavaThread "Daemon" [_thread_blocked, id=4656, stack(0x000000ef6f300000,0x000000ef6f400000)]
  0x000001fee01046e0 JavaThread "Handler for socket connection from /127.0.0.1:57364 to /127.0.0.1:57365" [_thread_in_native, id=18404, stack(0x000000ef6f400000,0x000000ef6f500000)]
  0x000001fede94ba10 JavaThread "Cancel handler" [_thread_blocked, id=13496, stack(0x000000ef6f500000,0x000000ef6f600000)]
  0x000001fede94ea30 JavaThread "Daemon worker" [_thread_blocked, id=9652, stack(0x000000ef6f600000,0x000000ef6f700000)]
  0x000001fede94d220 JavaThread "Asynchronous log dispatcher for DefaultDaemonConnection: socket connection from /127.0.0.1:57364 to /127.0.0.1:57365" [_thread_blocked, id=13424, stack(0x000000ef6f700000,0x000000ef6f800000)]
  0x000001fede94d6f0 JavaThread "Stdin handler" [_thread_blocked, id=10664, stack(0x000000ef6f800000,0x000000ef6f900000)]
  0x000001fede94dbc0 JavaThread "Daemon client event forwarder" [_thread_blocked, id=13304, stack(0x000000ef6f900000,0x000000ef6fa00000)]
  0x000001fede94e090 JavaThread "Cache worker for journal cache (E:\jdk-19.0.1\caches\journal-1)" [_thread_blocked, id=13852, stack(0x000000ef6ec00000,0x000000ef6ed00000)]
  0x000001fede94e560 JavaThread "File lock request listener" [_thread_in_native, id=9348, stack(0x000000ef6fa00000,0x000000ef6fb00000)]
  0x000001fede94bee0 JavaThread "Cache worker for file hash cache (E:\jdk-19.0.1\caches\8.0\fileHashes)" [_thread_blocked, id=2256, stack(0x000000ef6fb00000,0x000000ef6fc00000)]
  0x000001fede94b070 JavaThread "File watcher server" daemon [_thread_in_native, id=1016, stack(0x000000ef6fd00000,0x000000ef6fe00000)]
  0x000001fede94c3b0 JavaThread "File watcher consumer" daemon [_thread_blocked, id=13772, stack(0x000000ef6fe00000,0x000000ef6ff00000)]
  0x000001fede94b540 JavaThread "jar transforms" [_thread_blocked, id=17076, stack(0x000000ef6ff00000,0x000000ef70000000)]
  0x000001fede94c880 JavaThread "jar transforms Thread 2" [_thread_blocked, id=9788, stack(0x000000ef70000000,0x000000ef70100000)]
  0x000001fede94cd50 JavaThread "jar transforms Thread 3" [_thread_blocked, id=16364, stack(0x000000ef70100000,0x000000ef70200000)]
  0x000001fee1ceda10 JavaThread "jar transforms Thread 4" [_thread_blocked, id=9880, stack(0x000000ef70200000,0x000000ef70300000)]
  0x000001fee1cef6f0 JavaThread "Cache worker for checksums cache (E:\AndroidApp\.gradle\8.0\checksums)" [_thread_blocked, id=11028, stack(0x000000ef70300000,0x000000ef70400000)]
  0x000001fee1cea520 JavaThread "Cache worker for cache directory md-rule (E:\jdk-19.0.1\caches\8.0\md-rule)" [_thread_blocked, id=11992, stack(0x000000ef70400000,0x000000ef70500000)]
  0x000001fee1cebd30 JavaThread "Cache worker for file content cache (E:\jdk-19.0.1\caches\8.0\fileContent)" [_thread_blocked, id=14628, stack(0x000000ef70500000,0x000000ef70600000)]
  0x000001fee1cea9f0 JavaThread "Cache worker for file hash cache (E:\AndroidApp\.gradle\8.0\fileHashes)" [_thread_blocked, id=8644, stack(0x000000ef70600000,0x000000ef70700000)]
  0x000001fee1cedee0 JavaThread "Cache worker for cache directory md-supplier (E:\jdk-19.0.1\caches\8.0\md-supplier)" [_thread_blocked, id=120, stack(0x000000ef70700000,0x000000ef70800000)]
  0x000001fee1ceaec0 JavaThread "Cache worker for execution history cache (E:\jdk-19.0.1\caches\8.0\executionHistory)" [_thread_in_Java, id=17932, stack(0x000000ef70800000,0x000000ef70900000)]
  0x000001fee1cee880 JavaThread "Cache worker for kotlin-dsl (E:\jdk-19.0.1\caches\8.0\kotlin-dsl)" [_thread_blocked, id=18168, stack(0x000000ef70900000,0x000000ef70a00000)]
  0x000001fee1ceb390 JavaThread "Cache worker for dependencies-accessors (E:\AndroidApp\.gradle\8.0\dependencies-accessors)" [_thread_blocked, id=17440, stack(0x000000ef70a00000,0x000000ef70b00000)]
  0x000001fee1cf0a30 JavaThread "Cache worker for Build Output Cleanup Cache (E:\AndroidApp\.gradle\buildOutputCleanup)" [_thread_blocked, id=12568, stack(0x000000ef70b00000,0x000000ef70c00000)]
  0x000001fee1cec6d0 JavaThread "Unconstrained build operations" [_thread_blocked, id=18496, stack(0x000000ef70c00000,0x000000ef70d00000)]
  0x000001fee1cf0560 JavaThread "Unconstrained build operations Thread 2" [_thread_blocked, id=9384, stack(0x000000ef70d00000,0x000000ef70e00000)]
  0x000001fee1cf13d0 JavaThread "Unconstrained build operations Thread 3" [_thread_blocked, id=19840, stack(0x000000ef70e00000,0x000000ef70f00000)]
  0x000001fee1ceed50 JavaThread "Unconstrained build operations Thread 4" [_thread_blocked, id=19160, stack(0x000000ef70f00000,0x000000ef71000000)]
  0x000001fee1cef220 JavaThread "Unconstrained build operations Thread 5" [_thread_blocked, id=3184, stack(0x000000ef71000000,0x000000ef71100000)]
  0x000001fee1ce9b80 JavaThread "Unconstrained build operations Thread 6" [_thread_blocked, id=16008, stack(0x000000ef71100000,0x000000ef71200000)]
  0x000001fee1cf0f00 JavaThread "Unconstrained build operations Thread 7" [_thread_blocked, id=10208, stack(0x000000ef71200000,0x000000ef71300000)]
  0x000001fee1cecba0 JavaThread "Unconstrained build operations Thread 8" [_thread_blocked, id=19692, stack(0x000000ef71300000,0x000000ef71400000)]
  0x000001fee1ceb860 JavaThread "Unconstrained build operations Thread 9" [_thread_blocked, id=15640, stack(0x000000ef71400000,0x000000ef71500000)]
  0x000001fee1ced070 JavaThread "Unconstrained build operations Thread 10" [_thread_blocked, id=17592, stack(0x000000ef71500000,0x000000ef71600000)]
  0x000001fee2b74ef0 JavaThread "Unconstrained build operations Thread 11" [_thread_blocked, id=17272, stack(0x000000ef71600000,0x000000ef71700000)]
  0x000001fee2b74080 JavaThread "Unconstrained build operations Thread 12" [_thread_blocked, id=20160, stack(0x000000ef71700000,0x000000ef71800000)]
  0x000001fee2b77a40 JavaThread "Unconstrained build operations Thread 13" [_thread_blocked, id=1608, stack(0x000000ef71800000,0x000000ef71900000)]
  0x000001fee2b753c0 JavaThread "Unconstrained build operations Thread 14" [_thread_blocked, id=11144, stack(0x000000ef71900000,0x000000ef71a00000)]
  0x000001fee2b71ed0 JavaThread "Unconstrained build operations Thread 15" [_thread_blocked, id=19536, stack(0x000000ef71a00000,0x000000ef71b00000)]
  0x000001fee2b788b0 JavaThread "Unconstrained build operations Thread 16" [_thread_blocked, id=14596, stack(0x000000ef71b00000,0x000000ef71c00000)]
  0x000001fee2b77f10 JavaThread "Unconstrained build operations Thread 17" [_thread_blocked, id=16012, stack(0x000000ef71c00000,0x000000ef71d00000)]
  0x000001fee2b74550 JavaThread "Unconstrained build operations Thread 18" [_thread_blocked, id=6492, stack(0x000000ef71d00000,0x000000ef71e00000)]
  0x000001fee2b71530 JavaThread "Unconstrained build operations Thread 19" [_thread_blocked, id=5636, stack(0x000000ef71e00000,0x000000ef71f00000)]
  0x000001fee2b71a00 JavaThread "Unconstrained build operations Thread 20" [_thread_blocked, id=8096, stack(0x000000ef71f00000,0x000000ef72000000)]
  0x000001fee2b75890 JavaThread "Unconstrained build operations Thread 21" [_thread_blocked, id=18700, stack(0x000000ef72000000,0x000000ef72100000)]
  0x000001fee2b71060 JavaThread "Unconstrained build operations Thread 22" [_thread_blocked, id=11172, stack(0x000000ef72100000,0x000000ef72200000)]
  0x000001fee2b75d60 JavaThread "Unconstrained build operations Thread 23" [_thread_blocked, id=9524, stack(0x000000ef72200000,0x000000ef72300000)]
  0x000001fee2b723a0 JavaThread "Unconstrained build operations Thread 24" [_thread_blocked, id=5528, stack(0x000000ef72300000,0x000000ef72400000)]
  0x000001fee2b783e0 JavaThread "Unconstrained build operations Thread 25" [_thread_blocked, id=3148, stack(0x000000ef72400000,0x000000ef72500000)]
  0x000001fee2b76bd0 JavaThread "Unconstrained build operations Thread 26" [_thread_blocked, id=14272, stack(0x000000ef72500000,0x000000ef72600000)]
  0x000001fee2b72870 JavaThread "Unconstrained build operations Thread 27" [_thread_blocked, id=5400, stack(0x000000ef72600000,0x000000ef72700000)]
  0x000001fee2b76230 JavaThread "Unconstrained build operations Thread 28" [_thread_blocked, id=11160, stack(0x000000ef72700000,0x000000ef72800000)]
  0x000001fee2b73bb0 JavaThread "Unconstrained build operations Thread 29" [_thread_blocked, id=3520, stack(0x000000ef72800000,0x000000ef72900000)]
  0x000001fee2b72d40 JavaThread "Unconstrained build operations Thread 30" [_thread_blocked, id=804, stack(0x000000ef72900000,0x000000ef72a00000)]
  0x000001fee2b73210 JavaThread "Unconstrained build operations Thread 31" [_thread_blocked, id=7548, stack(0x000000ef72a00000,0x000000ef72b00000)]
  0x000001fee2b76700 JavaThread "Unconstrained build operations Thread 32" [_thread_blocked, id=12380, stack(0x000000ef72b00000,0x000000ef72c00000)]
  0x000001fee2b736e0 JavaThread "Unconstrained build operations Thread 33" [_thread_blocked, id=18380, stack(0x000000ef72c00000,0x000000ef72d00000)]
  0x000001fee2b74a20 JavaThread "Unconstrained build operations Thread 34" [_thread_blocked, id=6052, stack(0x000000ef72d00000,0x000000ef72e00000)]
  0x000001fee2b770a0 JavaThread "Unconstrained build operations Thread 35" [_thread_blocked, id=14664, stack(0x000000ef72e00000,0x000000ef72f00000)]
  0x000001fee2b77570 JavaThread "Unconstrained build operations Thread 36" [_thread_blocked, id=15624, stack(0x000000ef72f00000,0x000000ef73000000)]
  0x000001fee3d74870 JavaThread "Unconstrained build operations Thread 37" [_thread_blocked, id=12304, stack(0x000000ef73000000,0x000000ef73100000)]
  0x000001fee3d77d60 JavaThread "Unconstrained build operations Thread 38" [_thread_blocked, id=1420, stack(0x000000ef73100000,0x000000ef73200000)]
  0x000001fee3d7a3e0 JavaThread "Unconstrained build operations Thread 39" [_thread_blocked, id=10892, stack(0x000000ef73200000,0x000000ef73300000)]
  0x000001fee3d790a0 JavaThread "Unconstrained build operations Thread 40" [_thread_blocked, id=10724, stack(0x000000ef73300000,0x000000ef73400000)]
  0x000001feddc2cd80 JavaThread "C2 CompilerThread1" daemon [_thread_in_native, id=12520, stack(0x000000ef6fc00000,0x000000ef6fd00000)]
  0x000001fee3d79570 JavaThread "Memory manager" [_thread_blocked, id=10544, stack(0x000000ef73400000,0x000000ef73500000)]
  0x000001fee3d78230 JavaThread "included builds" [_thread_blocked, id=14692, stack(0x000000ef73500000,0x000000ef73600000)]
  0x000001fee3d73a00 JavaThread "Execution worker" [_thread_blocked, id=10780, stack(0x000000ef73600000,0x000000ef73700000)]
  0x000001fee3d79a40 JavaThread "Execution worker Thread 2" [_thread_blocked, id=7076, stack(0x000000ef73700000,0x000000ef73800000)]
  0x000001fee3d7a8b0 JavaThread "Execution worker Thread 3" [_thread_blocked, id=15524, stack(0x000000ef73800000,0x000000ef73900000)]
  0x000001fee3d78bd0 JavaThread "Cache worker for execution history cache (E:\AndroidApp\.gradle\8.0\executionHistory)" [_thread_blocked, id=13256, stack(0x000000ef73900000,0x000000ef73a00000)]
  0x000001fee3d743a0 JavaThread "idea-tooling-model-converter" [_thread_blocked, id=15356, stack(0x000000ef73a00000,0x000000ef73b00000)]

Other Threads:
  0x000001fedd0eb9f0 VMThread "VM Thread" [stack: 0x000000ef6df00000,0x000000ef6e000000] [id=6508]
  0x000001feddda82b0 WatcherThread [stack: 0x000000ef6eb00000,0x000000ef6ec00000] [id=9920]
  0x000001fec3b97440 GCTaskThread "GC Thread#0" [stack: 0x000000ef6da00000,0x000000ef6db00000] [id=14344]
  0x000001fede77b510 GCTaskThread "GC Thread#1" [stack: 0x000000ef6ed00000,0x000000ef6ee00000] [id=17316]
  0x000001fede77b7c0 GCTaskThread "GC Thread#2" [stack: 0x000000ef6ee00000,0x000000ef6ef00000] [id=9128]
  0x000001fede78eac0 GCTaskThread "GC Thread#3" [stack: 0x000000ef6ef00000,0x000000ef6f000000] [id=4936]
  0x000001fec3ba8290 ConcurrentGCThread "G1 Main Marker" [stack: 0x000000ef6db00000,0x000000ef6dc00000] [id=14908]
  0x000001fec3ba9350 ConcurrentGCThread "G1 Conc#0" [stack: 0x000000ef6dc00000,0x000000ef6dd00000] [id=13512]
  0x000001fec3c0e350 ConcurrentGCThread "G1 Refine#0" [stack: 0x000000ef6dd00000,0x000000ef6de00000] [id=13820]
  0x000001fec3c0ec80 ConcurrentGCThread "G1 Service" [stack: 0x000000ef6de00000,0x000000ef6df00000] [id=19548]

Threads with active compile tasks:
C2 CompilerThread0    16446 8946   !   4       java.net.URL::<init> (543 bytes)
C2 CompilerThread1    16446 9013       4       java.util.ArrayDeque$DeqSpliterator::forEachRemaining (132 bytes)

VM state: not at safepoint (normal execution)

VM Mutex/Monitor currently owned by a thread: None

Heap address: 0x0000000080000000, size: 2048 MB, Compressed Oops mode: 32-bit

CDS archive(s) not mapped
Compressed class space mapped at: 0x0000000100000000-0x0000000140000000, reserved size: 1073741824
Narrow klass base: 0x0000000000000000, Narrow klass shift: 3, Narrow klass range: 0x140000000

GC Precious Log:
 CPUs: 4 total, 4 available
 Memory: 8058M
 Large Page Support: Disabled
 NUMA Support: Disabled
 Compressed Oops: Enabled (32-bit)
 Heap Region Size: 1M
 Heap Min Capacity: 8M
 Heap Initial Capacity: 126M
 Heap Max Capacity: 2G
 Pre-touch: Disabled
 Parallel Workers: 4
 Concurrent Workers: 1
 Concurrent Refinement Workers: 4
 Periodic GC: Disabled

Heap:
 garbage-first heap   total 245760K, used 148514K [0x0000000080000000, 0x0000000100000000)
  region size 1024K, 20 young (20480K), 2 survivors (2048K)
 Metaspace       used 87786K, committed 88512K, reserved 1130496K
  class space    used 12008K, committed 12352K, reserved 1048576K

Heap Regions: E=young(eden), S=young(survivor), O=old, HS=humongous(starts), HC=humongous(continues), CS=collection set, F=free, OA=open archive, CA=closed archive, TAMS=top-at-mark-start (previous, next)
|   0|0x0000000080000000, 0x0000000080100000, 0x0000000080100000|100%| O|  |TAMS 0x0000000080100000, 0x0000000080000000| Untracked 
|   1|0x0000000080100000, 0x0000000080200000, 0x0000000080200000|100%| O|  |TAMS 0x0000000080200000, 0x0000000080100000| Untracked 
|   2|0x0000000080200000, 0x0000000080300000, 0x0000000080300000|100%|HS|  |TAMS 0x0000000080300000, 0x0000000080200000| Complete 
|   3|0x0000000080300000, 0x0000000080400000, 0x0000000080400000|100%|HC|  |TAMS 0x0000000080400000, 0x0000000080300000| Complete 
|   4|0x0000000080400000, 0x0000000080500000, 0x0000000080500000|100%|HC|  |TAMS 0x0000000080500000, 0x0000000080400000| Complete 
|   5|0x0000000080500000, 0x0000000080600000, 0x0000000080600000|100%|HC|  |TAMS 0x0000000080600000, 0x0000000080500000| Complete 
|   6|0x0000000080600000, 0x0000000080700000, 0x0000000080700000|100%| O|  |TAMS 0x0000000080700000, 0x0000000080600000| Untracked 
|   7|0x0000000080700000, 0x0000000080800000, 0x0000000080800000|100%| O|  |TAMS 0x0000000080800000, 0x0000000080700000| Untracked 
|   8|0x0000000080800000, 0x0000000080900000, 0x0000000080900000|100%| O|  |TAMS 0x0000000080900000, 0x0000000080800000| Untracked 
|   9|0x0000000080900000, 0x0000000080a00000, 0x0000000080a00000|100%| O|  |TAMS 0x0000000080a00000, 0x0000000080900000| Updating 
|  10|0x0000000080a00000, 0x0000000080b00000, 0x0000000080b00000|100%| O|  |TAMS 0x0000000080b00000, 0x0000000080a00000| Untracked 
|  11|0x0000000080b00000, 0x0000000080c00000, 0x0000000080c00000|100%| O|  |TAMS 0x0000000080c00000, 0x0000000080b00000| Untracked 
|  12|0x0000000080c00000, 0x0000000080d00000, 0x0000000080d00000|100%| O|  |TAMS 0x0000000080d00000, 0x0000000080c00000| Untracked 
|  13|0x0000000080d00000, 0x0000000080e00000, 0x0000000080e00000|100%| O|  |TAMS 0x0000000080e00000, 0x0000000080d00000| Untracked 
|  14|0x0000000080e00000, 0x0000000080f00000, 0x0000000080f00000|100%| O|  |TAMS 0x0000000080f00000, 0x0000000080e00000| Untracked 
|  15|0x0000000080f00000, 0x0000000081000000, 0x0000000081000000|100%| O|  |TAMS 0x0000000081000000, 0x0000000080f00000| Untracked 
|  16|0x0000000081000000, 0x0000000081100000, 0x0000000081100000|100%| O|  |TAMS 0x0000000081100000, 0x0000000081000000| Untracked 
|  17|0x0000000081100000, 0x0000000081200000, 0x0000000081200000|100%| O|  |TAMS 0x0000000081200000, 0x0000000081100000| Untracked 
|  18|0x0000000081200000, 0x0000000081300000, 0x0000000081300000|100%| O|  |TAMS 0x0000000081300000, 0x0000000081200000| Untracked 
|  19|0x0000000081300000, 0x0000000081400000, 0x0000000081400000|100%|HS|  |TAMS 0x0000000081400000, 0x0000000081300000| Complete 
|  20|0x0000000081400000, 0x0000000081500000, 0x0000000081500000|100%|HC|  |TAMS 0x0000000081500000, 0x0000000081400000| Complete 
|  21|0x0000000081500000, 0x0000000081600000, 0x0000000081600000|100%|HS|  |TAMS 0x0000000081600000, 0x0000000081500000| Complete 
|  22|0x0000000081600000, 0x0000000081700000, 0x0000000081700000|100%|HC|  |TAMS 0x0000000081700000, 0x0000000081600000| Complete 
|  23|0x0000000081700000, 0x0000000081800000, 0x0000000081800000|100%|HC|  |TAMS 0x0000000081800000, 0x0000000081700000| Complete 
|  24|0x0000000081800000, 0x0000000081900000, 0x0000000081900000|100%| O|  |TAMS 0x0000000081900000, 0x0000000081800000| Untracked 
|  25|0x0000000081900000, 0x0000000081a00000, 0x0000000081a00000|100%| O|  |TAMS 0x0000000081a00000, 0x0000000081900000| Untracked 
|  26|0x0000000081a00000, 0x0000000081b00000, 0x0000000081b00000|100%| O|  |TAMS 0x0000000081b00000, 0x0000000081a00000| Untracked 
|  27|0x0000000081b00000, 0x0000000081c00000, 0x0000000081c00000|100%|HS|  |TAMS 0x0000000081c00000, 0x0000000081b00000| Complete 
|  28|0x0000000081c00000, 0x0000000081d00000, 0x0000000081d00000|100%|HC|  |TAMS 0x0000000081d00000, 0x0000000081c00000| Complete 
|  29|0x0000000081d00000, 0x0000000081e00000, 0x0000000081e00000|100%|HC|  |TAMS 0x0000000081e00000, 0x0000000081d00000| Complete 
|  30|0x0000000081e00000, 0x0000000081f00000, 0x0000000081f00000|100%| O|  |TAMS 0x0000000081f00000, 0x0000000081e00000| Updating 
|  31|0x0000000081f00000, 0x0000000082000000, 0x0000000082000000|100%| O|  |TAMS 0x0000000082000000, 0x0000000081f00000| Updating 
|  32|0x0000000082000000, 0x0000000082100000, 0x0000000082100000|100%| O|  |TAMS 0x0000000082100000, 0x0000000082000000| Updating 
|  33|0x0000000082100000, 0x0000000082200000, 0x0000000082200000|100%|HS|  |TAMS 0x0000000082200000, 0x0000000082100000| Complete 
|  34|0x0000000082200000, 0x0000000082300000, 0x0000000082300000|100%|HC|  |TAMS 0x0000000082300000, 0x0000000082200000| Complete 
|  35|0x0000000082300000, 0x0000000082400000, 0x0000000082400000|100%| O|  |TAMS 0x0000000082400000, 0x0000000082300000| Untracked 
|  36|0x0000000082400000, 0x0000000082500000, 0x0000000082500000|100%| O|  |TAMS 0x0000000082500000, 0x0000000082400000| Untracked 
|  37|0x0000000082500000, 0x0000000082600000, 0x0000000082600000|100%| O|  |TAMS 0x0000000082600000, 0x0000000082500000| Untracked 
|  38|0x0000000082600000, 0x0000000082700000, 0x0000000082700000|100%| O|  |TAMS 0x0000000082700000, 0x0000000082600000| Updating 
|  39|0x0000000082700000, 0x0000000082800000, 0x0000000082800000|100%| O|  |TAMS 0x0000000082800000, 0x0000000082700000| Untracked 
|  40|0x0000000082800000, 0x0000000082900000, 0x0000000082900000|100%| O|  |TAMS 0x0000000082900000, 0x0000000082800000| Untracked 
|  41|0x0000000082900000, 0x0000000082a00000, 0x0000000082a00000|100%| O|  |TAMS 0x0000000082a00000, 0x0000000082900000| Untracked 
|  42|0x0000000082a00000, 0x0000000082b00000, 0x0000000082b00000|100%|HS|  |TAMS 0x0000000082b00000, 0x0000000082a00000| Complete 
|  43|0x0000000082b00000, 0x0000000082c00000, 0x0000000082c00000|100%|HC|  |TAMS 0x0000000082c00000, 0x0000000082b00000| Complete 
|  44|0x0000000082c00000, 0x0000000082d00000, 0x0000000082d00000|100%|HC|  |TAMS 0x0000000082d00000, 0x0000000082c00000| Complete 
|  45|0x0000000082d00000, 0x0000000082e00000, 0x0000000082e00000|100%| O|  |TAMS 0x0000000082e00000, 0x0000000082d00000| Untracked 
|  46|0x0000000082e00000, 0x0000000082f00000, 0x0000000082f00000|100%|HS|  |TAMS 0x0000000082f00000, 0x0000000082e00000| Complete 
|  47|0x0000000082f00000, 0x0000000083000000, 0x0000000083000000|100%|HC|  |TAMS 0x0000000083000000, 0x0000000082f00000| Complete 
|  48|0x0000000083000000, 0x0000000083100000, 0x0000000083100000|100%|HC|  |TAMS 0x0000000083100000, 0x0000000083000000| Complete 
|  49|0x0000000083100000, 0x0000000083200000, 0x0000000083200000|100%|HC|  |TAMS 0x0000000083200000, 0x0000000083100000| Complete 
|  50|0x0000000083200000, 0x0000000083300000, 0x0000000083300000|100%|HC|  |TAMS 0x0000000083300000, 0x0000000083200000| Complete 
|  51|0x0000000083300000, 0x0000000083400000, 0x0000000083400000|100%|HC|  |TAMS 0x0000000083400000, 0x0000000083300000| Complete 
|  52|0x0000000083400000, 0x0000000083500000, 0x0000000083500000|100%|HC|  |TAMS 0x0000000083500000, 0x0000000083400000| Complete 
|  53|0x0000000083500000, 0x0000000083600000, 0x0000000083600000|100%|HC|  |TAMS 0x0000000083600000, 0x0000000083500000| Complete 
|  54|0x0000000083600000, 0x0000000083700000, 0x0000000083700000|100%|HC|  |TAMS 0x0000000083700000, 0x0000000083600000| Complete 
|  55|0x0000000083700000, 0x0000000083800000, 0x0000000083800000|100%|HC|  |TAMS 0x0000000083800000, 0x0000000083700000| Complete 
|  56|0x0000000083800000, 0x0000000083900000, 0x0000000083900000|100%|HC|  |TAMS 0x0000000083900000, 0x0000000083800000| Complete 
|  57|0x0000000083900000, 0x0000000083a00000, 0x0000000083a00000|100%|HC|  |TAMS 0x0000000083a00000, 0x0000000083900000| Complete 
|  58|0x0000000083a00000, 0x0000000083b00000, 0x0000000083b00000|100%| O|  |TAMS 0x0000000083b00000, 0x0000000083a00000| Updating 
|  59|0x0000000083b00000, 0x0000000083c00000, 0x0000000083c00000|100%|HS|  |TAMS 0x0000000083c00000, 0x0000000083b00000| Complete 
|  60|0x0000000083c00000, 0x0000000083d00000, 0x0000000083d00000|100%|HC|  |TAMS 0x0000000083d00000, 0x0000000083c00000| Complete 
|  61|0x0000000083d00000, 0x0000000083e00000, 0x0000000083e00000|100%|HC|  |TAMS 0x0000000083e00000, 0x0000000083d00000| Complete 
|  62|0x0000000083e00000, 0x0000000083f00000, 0x0000000083f00000|100%| O|  |TAMS 0x0000000083f00000, 0x0000000083e00000| Untracked 
|  63|0x0000000083f00000, 0x0000000084000000, 0x0000000084000000|100%| O|  |TAMS 0x0000000084000000, 0x0000000083f00000| Untracked 
|  64|0x0000000084000000, 0x0000000084100000, 0x0000000084100000|100%| O|  |TAMS 0x0000000084100000, 0x0000000084000000| Untracked 
|  65|0x0000000084100000, 0x0000000084200000, 0x0000000084200000|100%| O|  |TAMS 0x0000000084200000, 0x0000000084100000| Untracked 
|  66|0x0000000084200000, 0x0000000084300000, 0x0000000084300000|100%| O|  |TAMS 0x0000000084300000, 0x0000000084200000| Untracked 
|  67|0x0000000084300000, 0x0000000084400000, 0x0000000084400000|100%| O|  |TAMS 0x0000000084400000, 0x0000000084300000| Untracked 
|  68|0x0000000084400000, 0x0000000084500000, 0x0000000084500000|100%| O|  |TAMS 0x0000000084500000, 0x0000000084400000| Updating 
|  69|0x0000000084500000, 0x0000000084600000, 0x0000000084600000|100%| O|  |TAMS 0x0000000084600000, 0x0000000084500000| Untracked 
|  70|0x0000000084600000, 0x0000000084700000, 0x0000000084700000|100%| O|  |TAMS 0x0000000084700000, 0x0000000084600000| Untracked 
|  71|0x0000000084700000, 0x0000000084800000, 0x0000000084800000|100%|HS|  |TAMS 0x0000000084800000, 0x0000000084700000| Complete 
|  72|0x0000000084800000, 0x0000000084900000, 0x0000000084900000|100%|HS|  |TAMS 0x0000000084900000, 0x0000000084800000| Complete 
|  73|0x0000000084900000, 0x0000000084a00000, 0x0000000084a00000|100%|HS|  |TAMS 0x0000000084a00000, 0x0000000084900000| Complete 
|  74|0x0000000084a00000, 0x0000000084b00000, 0x0000000084b00000|100%| O|  |TAMS 0x0000000084b00000, 0x0000000084a00000| Untracked 
|  75|0x0000000084b00000, 0x0000000084c00000, 0x0000000084c00000|100%| O|  |TAMS 0x0000000084c00000, 0x0000000084b00000| Untracked 
|  76|0x0000000084c00000, 0x0000000084d00000, 0x0000000084d00000|100%| O|  |TAMS 0x0000000084d00000, 0x0000000084c00000| Untracked 
|  77|0x0000000084d00000, 0x0000000084e00000, 0x0000000084e00000|100%| O|  |TAMS 0x0000000084e00000, 0x0000000084d00000| Untracked 
|  78|0x0000000084e00000, 0x0000000084f00000, 0x0000000084f00000|100%| O|  |TAMS 0x0000000084f00000, 0x0000000084e00000| Updating 
|  79|0x0000000084f00000, 0x0000000085000000, 0x0000000085000000|100%| O|  |TAMS 0x0000000085000000, 0x0000000084f00000| Untracked 
|  80|0x0000000085000000, 0x0000000085100000, 0x0000000085100000|100%| O|  |TAMS 0x0000000085100000, 0x0000000085000000| Untracked 
|  81|0x0000000085100000, 0x0000000085200000, 0x0000000085200000|100%| O|  |TAMS 0x0000000085200000, 0x0000000085100000| Untracked 
|  82|0x0000000085200000, 0x0000000085300000, 0x0000000085300000|100%| O|  |TAMS 0x0000000085300000, 0x0000000085200000| Untracked 
|  83|0x0000000085300000, 0x0000000085400000, 0x0000000085400000|100%| O|  |TAMS 0x0000000085400000, 0x0000000085300000| Untracked 
|  84|0x0000000085400000, 0x0000000085500000, 0x0000000085500000|100%| O|  |TAMS 0x0000000085500000, 0x0000000085400000| Untracked 
|  85|0x0000000085500000, 0x0000000085600000, 0x0000000085600000|100%| O|  |TAMS 0x0000000085600000, 0x0000000085500000| Untracked 
|  86|0x0000000085600000, 0x0000000085700000, 0x0000000085700000|100%| O|  |TAMS 0x0000000085700000, 0x0000000085600000| Updating 
|  87|0x0000000085700000, 0x0000000085800000, 0x0000000085800000|100%| O|  |TAMS 0x0000000085800000, 0x0000000085700000| Untracked 
|  88|0x0000000085800000, 0x0000000085900000, 0x0000000085900000|100%| O|  |TAMS 0x0000000085900000, 0x0000000085800000| Untracked 
|  89|0x0000000085900000, 0x0000000085a00000, 0x0000000085a00000|100%|HS|  |TAMS 0x0000000085a00000, 0x0000000085900000| Complete 
|  90|0x0000000085a00000, 0x0000000085b00000, 0x0000000085b00000|100%|HC|  |TAMS 0x0000000085b00000, 0x0000000085a00000| Complete 
|  91|0x0000000085b00000, 0x0000000085c00000, 0x0000000085c00000|100%|HS|  |TAMS 0x0000000085c00000, 0x0000000085b00000| Complete 
|  92|0x0000000085c00000, 0x0000000085d00000, 0x0000000085d00000|100%|HC|  |TAMS 0x0000000085d00000, 0x0000000085c00000| Complete 
|  93|0x0000000085d00000, 0x0000000085e00000, 0x0000000085e00000|100%|HC|  |TAMS 0x0000000085e00000, 0x0000000085d00000| Complete 
|  94|0x0000000085e00000, 0x0000000085f00000, 0x0000000085f00000|100%|HS|  |TAMS 0x0000000085f00000, 0x0000000085e00000| Complete 
|  95|0x0000000085f00000, 0x0000000086000000, 0x0000000086000000|100%|HC|  |TAMS 0x0000000086000000, 0x0000000085f00000| Complete 
|  96|0x0000000086000000, 0x0000000086100000, 0x0000000086100000|100%|HC|  |TAMS 0x0000000086100000, 0x0000000086000000| Complete 
|  97|0x0000000086100000, 0x0000000086200000, 0x0000000086200000|100%| O|  |TAMS 0x0000000086200000, 0x0000000086100000| Untracked 
|  98|0x0000000086200000, 0x0000000086300000, 0x0000000086300000|100%|HS|  |TAMS 0x0000000086300000, 0x0000000086200000| Complete 
|  99|0x0000000086300000, 0x0000000086400000, 0x0000000086400000|100%|HC|  |TAMS 0x0000000086400000, 0x0000000086300000| Complete 
| 100|0x0000000086400000, 0x0000000086500000, 0x0000000086500000|100%|HC|  |TAMS 0x0000000086500000, 0x0000000086400000| Complete 
| 101|0x0000000086500000, 0x0000000086600000, 0x0000000086600000|100%|HC|  |TAMS 0x0000000086600000, 0x0000000086500000| Complete 
| 102|0x0000000086600000, 0x0000000086700000, 0x0000000086700000|100%|HC|  |TAMS 0x0000000086700000, 0x0000000086600000| Complete 
| 103|0x0000000086700000, 0x0000000086800000, 0x0000000086800000|100%|HC|  |TAMS 0x0000000086800000, 0x0000000086700000| Complete 
| 104|0x0000000086800000, 0x0000000086900000, 0x0000000086900000|100%|HC|  |TAMS 0x0000000086900000, 0x0000000086800000| Complete 
| 105|0x0000000086900000, 0x0000000086a00000, 0x0000000086a00000|100%|HC|  |TAMS 0x0000000086a00000, 0x0000000086900000| Complete 
| 106|0x0000000086a00000, 0x0000000086b00000, 0x0000000086b00000|100%|HC|  |TAMS 0x0000000086b00000, 0x0000000086a00000| Complete 
| 107|0x0000000086b00000, 0x0000000086c00000, 0x0000000086c00000|100%|HC|  |TAMS 0x0000000086c00000, 0x0000000086b00000| Complete 
| 108|0x0000000086c00000, 0x0000000086d00000, 0x0000000086d00000|100%|HC|  |TAMS 0x0000000086d00000, 0x0000000086c00000| Complete 
| 109|0x0000000086d00000, 0x0000000086e00000, 0x0000000086e00000|100%|HC|  |TAMS 0x0000000086e00000, 0x0000000086d00000| Complete 
| 110|0x0000000086e00000, 0x0000000086f00000, 0x0000000086f00000|100%|HS|  |TAMS 0x0000000086f00000, 0x0000000086e00000| Complete 
| 111|0x0000000086f00000, 0x0000000087000000, 0x0000000087000000|100%|HC|  |TAMS 0x0000000087000000, 0x0000000086f00000| Complete 
| 112|0x0000000087000000, 0x0000000087100000, 0x0000000087100000|100%| O|  |TAMS 0x0000000087100000, 0x0000000087000000| Untracked 
| 113|0x0000000087100000, 0x0000000087200000, 0x0000000087200000|100%| O|  |TAMS 0x0000000087200000, 0x0000000087100000| Untracked 
| 114|0x0000000087200000, 0x0000000087300000, 0x0000000087300000|100%| O|  |TAMS 0x0000000087300000, 0x0000000087200000| Untracked 
| 115|0x0000000087300000, 0x0000000087400000, 0x0000000087400000|100%| O|  |TAMS 0x0000000087400000, 0x0000000087300000| Untracked 
| 116|0x0000000087400000, 0x0000000087500000, 0x0000000087500000|100%| O|  |TAMS 0x0000000087500000, 0x0000000087400000| Untracked 
| 117|0x0000000087500000, 0x0000000087600000, 0x0000000087600000|100%| O|  |TAMS 0x000000008754b600, 0x0000000087500000| Updating 
| 118|0x0000000087600000, 0x0000000087700000, 0x0000000087700000|100%| O|  |TAMS 0x0000000087600000, 0x0000000087600000| Untracked 
| 119|0x0000000087700000, 0x0000000087800000, 0x0000000087800000|100%| O|  |TAMS 0x0000000087700000, 0x0000000087700000| Untracked 
| 120|0x0000000087800000, 0x0000000087900000, 0x0000000087900000|100%| O|  |TAMS 0x0000000087800000, 0x0000000087800000| Untracked 
| 121|0x0000000087900000, 0x0000000087a00000, 0x0000000087a00000|100%| O|  |TAMS 0x0000000087900000, 0x0000000087900000| Untracked 
| 122|0x0000000087a00000, 0x0000000087abc000, 0x0000000087b00000| 73%| O|  |TAMS 0x0000000087a00000, 0x0000000087a00000| Updating 
| 123|0x0000000087b00000, 0x0000000087c00000, 0x0000000087c00000|100%|HS|  |TAMS 0x0000000087b00000, 0x0000000087b00000| Complete 
| 124|0x0000000087c00000, 0x0000000087d00000, 0x0000000087d00000|100%|HC|  |TAMS 0x0000000087c00000, 0x0000000087c00000| Complete 
| 125|0x0000000087d00000, 0x0000000087e00000, 0x0000000087e00000|100%|HS|  |TAMS 0x0000000087d00000, 0x0000000087d00000| Complete 
| 126|0x0000000087e00000, 0x0000000087f00000, 0x0000000087f00000|100%|HC|  |TAMS 0x0000000087e00000, 0x0000000087e00000| Complete 
| 127|0x0000000087f00000, 0x0000000087f00000, 0x0000000088000000|  0%| F|  |TAMS 0x0000000087f00000, 0x0000000087f00000| Untracked 
| 128|0x0000000088000000, 0x0000000088000000, 0x0000000088100000|  0%| F|  |TAMS 0x0000000088000000, 0x0000000088000000| Untracked 
| 129|0x0000000088100000, 0x0000000088100000, 0x0000000088200000|  0%| F|  |TAMS 0x0000000088100000, 0x0000000088100000| Untracked 
| 130|0x0000000088200000, 0x0000000088200000, 0x0000000088300000|  0%| F|  |TAMS 0x0000000088200000, 0x0000000088200000| Untracked 
| 131|0x0000000088300000, 0x0000000088300000, 0x0000000088400000|  0%| F|  |TAMS 0x0000000088300000, 0x0000000088300000| Untracked 
| 132|0x0000000088400000, 0x0000000088400000, 0x0000000088500000|  0%| F|  |TAMS 0x0000000088400000, 0x0000000088400000| Untracked 
| 133|0x0000000088500000, 0x0000000088500000, 0x0000000088600000|  0%| F|  |TAMS 0x0000000088500000, 0x0000000088500000| Untracked 
| 134|0x0000000088600000, 0x0000000088600000, 0x0000000088700000|  0%| F|  |TAMS 0x0000000088600000, 0x0000000088600000| Untracked 
| 135|0x0000000088700000, 0x0000000088700000, 0x0000000088800000|  0%| F|  |TAMS 0x0000000088700000, 0x0000000088700000| Untracked 
| 136|0x0000000088800000, 0x0000000088800000, 0x0000000088900000|  0%| F|  |TAMS 0x0000000088800000, 0x0000000088800000| Untracked 
| 137|0x0000000088900000, 0x0000000088900000, 0x0000000088a00000|  0%| F|  |TAMS 0x0000000088900000, 0x0000000088900000| Untracked 
| 138|0x0000000088a00000, 0x0000000088a00000, 0x0000000088b00000|  0%| F|  |TAMS 0x0000000088a00000, 0x0000000088a00000| Untracked 
| 139|0x0000000088b00000, 0x0000000088b00000, 0x0000000088c00000|  0%| F|  |TAMS 0x0000000088b00000, 0x0000000088b00000| Untracked 
| 140|0x0000000088c00000, 0x0000000088c00000, 0x0000000088d00000|  0%| F|  |TAMS 0x0000000088c00000, 0x0000000088c00000| Untracked 
| 141|0x0000000088d00000, 0x0000000088d00000, 0x0000000088e00000|  0%| F|  |TAMS 0x0000000088d00000, 0x0000000088d00000| Untracked 
| 142|0x0000000088e00000, 0x0000000088e00000, 0x0000000088f00000|  0%| F|  |TAMS 0x0000000088e00000, 0x0000000088e00000| Untracked 
| 143|0x0000000088f00000, 0x0000000088f00000, 0x0000000089000000|  0%| F|  |TAMS 0x0000000088f00000, 0x0000000088f00000| Untracked 
| 144|0x0000000089000000, 0x0000000089000000, 0x0000000089100000|  0%| F|  |TAMS 0x0000000089000000, 0x0000000089000000| Untracked 
| 145|0x0000000089100000, 0x0000000089100000, 0x0000000089200000|  0%| F|  |TAMS 0x0000000089100000, 0x0000000089100000| Untracked 
| 146|0x0000000089200000, 0x0000000089200000, 0x0000000089300000|  0%| F|  |TAMS 0x0000000089200000, 0x0000000089200000| Untracked 
| 147|0x0000000089300000, 0x0000000089300000, 0x0000000089400000|  0%| F|  |TAMS 0x0000000089300000, 0x0000000089300000| Untracked 
| 148|0x0000000089400000, 0x0000000089400000, 0x0000000089500000|  0%| F|  |TAMS 0x0000000089400000, 0x0000000089400000| Untracked 
| 149|0x0000000089500000, 0x0000000089500000, 0x0000000089600000|  0%| F|  |TAMS 0x0000000089500000, 0x0000000089500000| Untracked 
| 150|0x0000000089600000, 0x0000000089600000, 0x0000000089700000|  0%| F|  |TAMS 0x0000000089600000, 0x0000000089600000| Untracked 
| 151|0x0000000089700000, 0x0000000089700000, 0x0000000089800000|  0%| F|  |TAMS 0x0000000089700000, 0x0000000089700000| Untracked 
| 152|0x0000000089800000, 0x0000000089800000, 0x0000000089900000|  0%| F|  |TAMS 0x0000000089800000, 0x0000000089800000| Untracked 
| 153|0x0000000089900000, 0x0000000089900000, 0x0000000089a00000|  0%| F|  |TAMS 0x0000000089900000, 0x0000000089900000| Untracked 
| 154|0x0000000089a00000, 0x0000000089a00000, 0x0000000089b00000|  0%| F|  |TAMS 0x0000000089a00000, 0x0000000089a00000| Untracked 
| 155|0x0000000089b00000, 0x0000000089b00000, 0x0000000089c00000|  0%| F|  |TAMS 0x0000000089b00000, 0x0000000089b00000| Untracked 
| 156|0x0000000089c00000, 0x0000000089c00000, 0x0000000089d00000|  0%| F|  |TAMS 0x0000000089c00000, 0x0000000089c00000| Untracked 
| 157|0x0000000089d00000, 0x0000000089d00000, 0x0000000089e00000|  0%| F|  |TAMS 0x0000000089d00000, 0x0000000089d00000| Untracked 
| 158|0x0000000089e00000, 0x0000000089e00000, 0x0000000089f00000|  0%| F|  |TAMS 0x0000000089e00000, 0x0000000089e00000| Untracked 
| 159|0x0000000089f00000, 0x0000000089f00000, 0x000000008a000000|  0%| F|  |TAMS 0x0000000089f00000, 0x0000000089f00000| Untracked 
| 160|0x000000008a000000, 0x000000008a000000, 0x000000008a100000|  0%| F|  |TAMS 0x000000008a000000, 0x000000008a000000| Untracked 
| 161|0x000000008a100000, 0x000000008a100000, 0x000000008a200000|  0%| F|  |TAMS 0x000000008a100000, 0x000000008a100000| Untracked 
| 162|0x000000008a200000, 0x000000008a200000, 0x000000008a300000|  0%| F|  |TAMS 0x000000008a200000, 0x000000008a200000| Untracked 
| 163|0x000000008a300000, 0x000000008a300000, 0x000000008a400000|  0%| F|  |TAMS 0x000000008a300000, 0x000000008a300000| Untracked 
| 164|0x000000008a400000, 0x000000008a400000, 0x000000008a500000|  0%| F|  |TAMS 0x000000008a400000, 0x000000008a400000| Untracked 
| 165|0x000000008a500000, 0x000000008a500000, 0x000000008a600000|  0%| F|  |TAMS 0x000000008a500000, 0x000000008a500000| Untracked 
| 166|0x000000008a600000, 0x000000008a600000, 0x000000008a700000|  0%| F|  |TAMS 0x000000008a600000, 0x000000008a600000| Untracked 
| 167|0x000000008a700000, 0x000000008a700000, 0x000000008a800000|  0%| F|  |TAMS 0x000000008a700000, 0x000000008a700000| Untracked 
| 168|0x000000008a800000, 0x000000008a800000, 0x000000008a900000|  0%| F|  |TAMS 0x000000008a800000, 0x000000008a800000| Untracked 
| 169|0x000000008a900000, 0x000000008a900000, 0x000000008aa00000|  0%| F|  |TAMS 0x000000008a900000, 0x000000008a900000| Untracked 
| 170|0x000000008aa00000, 0x000000008aa00000, 0x000000008ab00000|  0%| F|  |TAMS 0x000000008aa00000, 0x000000008aa00000| Untracked 
| 171|0x000000008ab00000, 0x000000008ab00000, 0x000000008ac00000|  0%| F|  |TAMS 0x000000008ab00000, 0x000000008ab00000| Untracked 
| 172|0x000000008ac00000, 0x000000008ac00000, 0x000000008ad00000|  0%| F|  |TAMS 0x000000008ac00000, 0x000000008ac00000| Untracked 
| 173|0x000000008ad00000, 0x000000008ad00000, 0x000000008ae00000|  0%| F|  |TAMS 0x000000008ad00000, 0x000000008ad00000| Untracked 
| 174|0x000000008ae00000, 0x000000008ae00000, 0x000000008af00000|  0%| F|  |TAMS 0x000000008ae00000, 0x000000008ae00000| Untracked 
| 175|0x000000008af00000, 0x000000008af00000, 0x000000008b000000|  0%| F|  |TAMS 0x000000008af00000, 0x000000008af00000| Untracked 
| 176|0x000000008b000000, 0x000000008b000000, 0x000000008b100000|  0%| F|  |TAMS 0x000000008b000000, 0x000000008b000000| Untracked 
| 177|0x000000008b100000, 0x000000008b100000, 0x000000008b200000|  0%| F|  |TAMS 0x000000008b100000, 0x000000008b100000| Untracked 
| 178|0x000000008b200000, 0x000000008b200000, 0x000000008b300000|  0%| F|  |TAMS 0x000000008b200000, 0x000000008b200000| Untracked 
| 179|0x000000008b300000, 0x000000008b300000, 0x000000008b400000|  0%| F|  |TAMS 0x000000008b300000, 0x000000008b300000| Untracked 
| 180|0x000000008b400000, 0x000000008b400000, 0x000000008b500000|  0%| F|  |TAMS 0x000000008b400000, 0x000000008b400000| Untracked 
| 181|0x000000008b500000, 0x000000008b500000, 0x000000008b600000|  0%| F|  |TAMS 0x000000008b500000, 0x000000008b500000| Untracked 
| 182|0x000000008b600000, 0x000000008b600000, 0x000000008b700000|  0%| F|  |TAMS 0x000000008b600000, 0x000000008b600000| Untracked 
| 183|0x000000008b700000, 0x000000008b700000, 0x000000008b800000|  0%| F|  |TAMS 0x000000008b700000, 0x000000008b700000| Untracked 
| 184|0x000000008b800000, 0x000000008b800000, 0x000000008b900000|  0%| F|  |TAMS 0x000000008b800000, 0x000000008b800000| Untracked 
| 185|0x000000008b900000, 0x000000008b900000, 0x000000008ba00000|  0%| F|  |TAMS 0x000000008b900000, 0x000000008b900000| Untracked 
| 186|0x000000008ba00000, 0x000000008ba00000, 0x000000008bb00000|  0%| F|  |TAMS 0x000000008ba00000, 0x000000008ba00000| Untracked 
| 187|0x000000008bb00000, 0x000000008bb4c990, 0x000000008bc00000| 29%| S|CS|TAMS 0x000000008bb00000, 0x000000008bb00000| Complete 
| 188|0x000000008bc00000, 0x000000008bd00000, 0x000000008bd00000|100%| S|CS|TAMS 0x000000008bc00000, 0x000000008bc00000| Complete 
| 189|0x000000008bd00000, 0x000000008bd00000, 0x000000008be00000|  0%| F|  |TAMS 0x000000008bd00000, 0x000000008bd00000| Untracked 
| 190|0x000000008be00000, 0x000000008be00000, 0x000000008bf00000|  0%| F|  |TAMS 0x000000008be00000, 0x000000008be00000| Untracked 
| 191|0x000000008bf00000, 0x000000008bf00000, 0x000000008c000000|  0%| F|  |TAMS 0x000000008bf00000, 0x000000008bf00000| Untracked 
| 192|0x000000008c000000, 0x000000008c100000, 0x000000008c100000|100%| E|CS|TAMS 0x000000008c000000, 0x000000008c000000| Complete 
| 193|0x000000008c100000, 0x000000008c200000, 0x000000008c200000|100%| E|CS|TAMS 0x000000008c100000, 0x000000008c100000| Complete 
| 194|0x000000008c200000, 0x000000008c300000, 0x000000008c300000|100%| E|CS|TAMS 0x000000008c200000, 0x000000008c200000| Complete 
| 195|0x000000008c300000, 0x000000008c400000, 0x000000008c400000|100%| E|CS|TAMS 0x000000008c300000, 0x000000008c300000| Complete 
| 196|0x000000008c400000, 0x000000008c500000, 0x000000008c500000|100%| E|CS|TAMS 0x000000008c400000, 0x000000008c400000| Complete 
| 197|0x000000008c500000, 0x000000008c600000, 0x000000008c600000|100%| E|CS|TAMS 0x000000008c500000, 0x000000008c500000| Complete 
| 198|0x000000008c600000, 0x000000008c700000, 0x000000008c700000|100%| E|CS|TAMS 0x000000008c600000, 0x000000008c600000| Complete 
| 199|0x000000008c700000, 0x000000008c800000, 0x000000008c800000|100%| E|CS|TAMS 0x000000008c700000, 0x000000008c700000| Complete 
| 200|0x000000008c800000, 0x000000008c900000, 0x000000008c900000|100%| E|CS|TAMS 0x000000008c800000, 0x000000008c800000| Complete 
| 201|0x000000008c900000, 0x000000008ca00000, 0x000000008ca00000|100%| E|CS|TAMS 0x000000008c900000, 0x000000008c900000| Complete 
| 202|0x000000008ca00000, 0x000000008cb00000, 0x000000008cb00000|100%| E|CS|TAMS 0x000000008ca00000, 0x000000008ca00000| Complete 
| 203|0x000000008cb00000, 0x000000008cc00000, 0x000000008cc00000|100%| E|CS|TAMS 0x000000008cb00000, 0x000000008cb00000| Complete 
| 204|0x000000008cc00000, 0x000000008cd00000, 0x000000008cd00000|100%| E|CS|TAMS 0x000000008cc00000, 0x000000008cc00000| Complete 
| 205|0x000000008cd00000, 0x000000008ce00000, 0x000000008ce00000|100%| E|CS|TAMS 0x000000008cd00000, 0x000000008cd00000| Complete 
| 206|0x000000008ce00000, 0x000000008cf00000, 0x000000008cf00000|100%| E|CS|TAMS 0x000000008ce00000, 0x000000008ce00000| Complete 
| 207|0x000000008cf00000, 0x000000008cf00000, 0x000000008d000000|  0%| F|  |TAMS 0x000000008cf00000, 0x000000008cf00000| Untracked 
| 208|0x000000008d000000, 0x000000008d000000, 0x000000008d100000|  0%| F|  |TAMS 0x000000008d000000, 0x000000008d000000| Untracked 
| 209|0x000000008d100000, 0x000000008d100000, 0x000000008d200000|  0%| F|  |TAMS 0x000000008d100000, 0x000000008d100000| Untracked 
| 210|0x000000008d200000, 0x000000008d200000, 0x000000008d300000|  0%| F|  |TAMS 0x000000008d200000, 0x000000008d200000| Untracked 
| 211|0x000000008d300000, 0x000000008d300000, 0x000000008d400000|  0%| F|  |TAMS 0x000000008d300000, 0x000000008d300000| Untracked 
| 212|0x000000008d400000, 0x000000008d400000, 0x000000008d500000|  0%| F|  |TAMS 0x000000008d400000, 0x000000008d400000| Untracked 
| 213|0x000000008d500000, 0x000000008d500000, 0x000000008d600000|  0%| F|  |TAMS 0x000000008d500000, 0x000000008d500000| Untracked 
| 214|0x000000008d600000, 0x000000008d600000, 0x000000008d700000|  0%| F|  |TAMS 0x000000008d600000, 0x000000008d600000| Untracked 
| 215|0x000000008d700000, 0x000000008d700000, 0x000000008d800000|  0%| F|  |TAMS 0x000000008d700000, 0x000000008d700000| Untracked 
| 216|0x000000008d800000, 0x000000008d800000, 0x000000008d900000|  0%| F|  |TAMS 0x000000008d800000, 0x000000008d800000| Untracked 
| 217|0x000000008d900000, 0x000000008d900000, 0x000000008da00000|  0%| F|  |TAMS 0x000000008d900000, 0x000000008d900000| Untracked 
| 218|0x000000008da00000, 0x000000008da00000, 0x000000008db00000|  0%| F|  |TAMS 0x000000008da00000, 0x000000008da00000| Untracked 
| 219|0x000000008db00000, 0x000000008db00000, 0x000000008dc00000|  0%| F|  |TAMS 0x000000008db00000, 0x000000008db00000| Untracked 
| 220|0x000000008dc00000, 0x000000008dc00000, 0x000000008dd00000|  0%| F|  |TAMS 0x000000008dc00000, 0x000000008dc00000| Untracked 
| 221|0x000000008dd00000, 0x000000008dd00000, 0x000000008de00000|  0%| F|  |TAMS 0x000000008dd00000, 0x000000008dd00000| Untracked 
| 222|0x000000008de00000, 0x000000008de00000, 0x000000008df00000|  0%| F|  |TAMS 0x000000008de00000, 0x000000008de00000| Untracked 
| 223|0x000000008df00000, 0x000000008df00000, 0x000000008e000000|  0%| F|  |TAMS 0x000000008df00000, 0x000000008df00000| Untracked 
| 224|0x000000008e000000, 0x000000008e000000, 0x000000008e100000|  0%| F|  |TAMS 0x000000008e000000, 0x000000008e000000| Untracked 
| 225|0x000000008e100000, 0x000000008e100000, 0x000000008e200000|  0%| F|  |TAMS 0x000000008e100000, 0x000000008e100000| Untracked 
| 226|0x000000008e200000, 0x000000008e200000, 0x000000008e300000|  0%| F|  |TAMS 0x000000008e200000, 0x000000008e200000| Untracked 
| 227|0x000000008e300000, 0x000000008e300000, 0x000000008e400000|  0%| F|  |TAMS 0x000000008e300000, 0x000000008e300000| Untracked 
| 228|0x000000008e400000, 0x000000008e400000, 0x000000008e500000|  0%| F|  |TAMS 0x000000008e400000, 0x000000008e400000| Untracked 
| 229|0x000000008e500000, 0x000000008e500000, 0x000000008e600000|  0%| F|  |TAMS 0x000000008e500000, 0x000000008e500000| Untracked 
| 230|0x000000008e600000, 0x000000008e600000, 0x000000008e700000|  0%| F|  |TAMS 0x000000008e600000, 0x000000008e600000| Untracked 
| 231|0x000000008e700000, 0x000000008e700000, 0x000000008e800000|  0%| F|  |TAMS 0x000000008e700000, 0x000000008e700000| Untracked 
| 232|0x000000008e800000, 0x000000008e800000, 0x000000008e900000|  0%| F|  |TAMS 0x000000008e800000, 0x000000008e800000| Untracked 
| 233|0x000000008e900000, 0x000000008e900000, 0x000000008ea00000|  0%| F|  |TAMS 0x000000008e900000, 0x000000008e900000| Untracked 
| 234|0x000000008ea00000, 0x000000008ea00000, 0x000000008eb00000|  0%| F|  |TAMS 0x000000008ea00000, 0x000000008ea00000| Untracked 
| 235|0x000000008eb00000, 0x000000008eb00000, 0x000000008ec00000|  0%| F|  |TAMS 0x000000008eb00000, 0x000000008eb00000| Untracked 
| 236|0x000000008ec00000, 0x000000008ec00000, 0x000000008ed00000|  0%| F|  |TAMS 0x000000008ec00000, 0x000000008ec00000| Untracked 
| 237|0x000000008ed00000, 0x000000008edadcb8, 0x000000008ee00000| 67%| E|  |TAMS 0x000000008ed00000, 0x000000008ed00000| Complete 
| 238|0x000000008ee00000, 0x000000008ef00000, 0x000000008ef00000|100%| E|CS|TAMS 0x000000008ee00000, 0x000000008ee00000| Complete 
| 239|0x000000008ef00000, 0x000000008f000000, 0x000000008f000000|100%| E|CS|TAMS 0x000000008ef00000, 0x000000008ef00000| Complete 

Card table byte_map: [0x000001fed6410000,0x000001fed6810000] _byte_map_base: 0x000001fed6010000

Marking Bits (Prev, Next): (CMBitMap*) 0x000001fec3b979a0, (CMBitMap*) 0x000001fec3b97960
 Prev Bits: [0x000001fed8c10000, 0x000001fedac10000)
 Next Bits: [0x000001fed6c10000, 0x000001fed8c10000)

Polling page: 0x000001fec1cb0000

Metaspace:

Usage:
  Non-class:     74.00 MB used.
      Class:     11.73 MB used.
       Both:     85.73 MB used.

Virtual space:
  Non-class space:       80.00 MB reserved,      74.38 MB ( 93%) committed,  10 nodes.
      Class space:        1.00 GB reserved,      12.06 MB (  1%) committed,  1 nodes.
             Both:        1.08 GB reserved,      86.44 MB (  8%) committed. 

Chunk freelists:
   Non-Class:  1.57 MB
       Class:  3.92 MB
        Both:  5.49 MB

MaxMetaspaceSize: unlimited
CompressedClassSpaceSize: 1.00 GB
Initial GC threshold: 21.00 MB
Current GC threshold: 144.06 MB
CDS: off
MetaspaceReclaimPolicy: balanced
 - commit_granule_bytes: 65536.
 - commit_granule_words: 8192.
 - virtual_space_node_default_size: 1048576.
 - enlarge_chunks_in_place: 1.
 - new_chunks_are_fully_committed: 0.
 - uncommit_free_chunks: 1.
 - use_allocation_guard: 0.
 - handle_deallocations: 1.


Internal statistics:

num_allocs_failed_limit: 3.
num_arena_births: 950.
num_arena_deaths: 0.
num_vsnodes_births: 11.
num_vsnodes_deaths: 0.
num_space_committed: 1383.
num_space_uncommitted: 0.
num_chunks_returned_to_freelist: 3.
num_chunks_taken_from_freelist: 4184.
num_chunk_merges: 3.
num_chunk_splits: 2760.
num_chunks_enlarged: 1831.
num_purges: 0.
num_inconsistent_stats: 0.

CodeHeap 'non-profiled nmethods': size=120000Kb used=4586Kb max_used=4586Kb free=115414Kb
 bounds [0x000001feceae0000, 0x000001fecef60000, 0x000001fed6010000]
CodeHeap 'profiled nmethods': size=120000Kb used=15931Kb max_used=15931Kb free=104068Kb
 bounds [0x000001fec7010000, 0x000001fec7fa0000, 0x000001fece540000]
CodeHeap 'non-nmethods': size=5760Kb used=2394Kb max_used=2487Kb free=3365Kb
 bounds [0x000001fece540000, 0x000001fece7d0000, 0x000001feceae0000]
 total_blobs=9040 nmethods=8112 adapters=838
 compilation: enabled
              stopped_count=0, restarted_count=0
 full_count=0

Compilation events (20 events):
Event: 16.285 Thread 0x000001feddc29ae0 8997       3       java.util.stream.ReferencePipeline::mapToInt (26 bytes)
Event: 16.286 Thread 0x000001feddc29ae0 nmethod 8997 0x000001fec7f99f10 code [0x000001fec7f9a100, 0x000001fec7f9a618]
Event: 16.286 Thread 0x000001feddc29ae0 8998       3       java.util.stream.ReduceOps::makeInt (18 bytes)
Event: 16.286 Thread 0x000001feddc29ae0 nmethod 8998 0x000001fec7f9a810 code [0x000001fec7f9a9e0, 0x000001fec7f9ae68]
Event: 16.286 Thread 0x000001feddc29ae0 8999       3       com.google.common.collect.MapMakerInternalMap$WeakKeyDummyValueEntry$Helper::copy (17 bytes)
Event: 16.286 Thread 0x000001feddc29ae0 nmethod 8999 0x000001fec7f9b010 code [0x000001fec7f9b1e0, 0x000001fec7f9b848]
Event: 16.287 Thread 0x000001feddc29ae0 9000       3       java.util.stream.AbstractPipeline::evaluate (94 bytes)
Event: 16.287 Thread 0x000001feddc29ae0 nmethod 9000 0x000001fec7f9ba10 code [0x000001fec7f9bc40, 0x000001fec7f9c2c8]
Event: 16.288 Thread 0x000001feddc29ae0 9002       3       com.google.common.collect.MapMakerInternalMap$WeakKeyDummyValueEntry::copy (18 bytes)
Event: 16.288 Thread 0x000001feddc29ae0 nmethod 9002 0x000001fec7f9c510 code [0x000001fec7f9c6c0, 0x000001fec7f9ca08]
Event: 16.290 Thread 0x000001feddc29ae0 9004       3       org.gradle.internal.snapshot.DirectorySnapshot::<init> (20 bytes)
Event: 16.291 Thread 0x000001feddc29ae0 nmethod 9004 0x000001fec7f9cb10 code [0x000001fec7f9ccc0, 0x000001fec7f9d058]
Event: 16.291 Thread 0x000001feddc29ae0 9005       3       org.gradle.internal.execution.history.impl.FileSystemSnapshotSerializer$SnapshotStack::push (17 bytes)
Event: 16.292 Thread 0x000001feddc29ae0 nmethod 9005 0x000001fec7f9d190 code [0x000001fec7f9d360, 0x000001fec7f9d788]
Event: 16.292 Thread 0x000001feddc29ae0 9006       3       org.gradle.internal.execution.history.impl.FileSystemSnapshotSerializer$SnapshotStack::pop (29 bytes)
Event: 16.292 Thread 0x000001feddc29ae0 nmethod 9006 0x000001fec7f9d910 code [0x000001fec7f9dae0, 0x000001fec7f9deb8]
Event: 16.293 Thread 0x000001feddc29ae0 9007       3       org.gradle.internal.snapshot.DirectorySnapshot::<init> (41 bytes)
Event: 16.293 Thread 0x000001feddc29ae0 nmethod 9007 0x000001fec7f9e010 code [0x000001fec7f9e240, 0x000001fec7f9ebc8]
Event: 16.344 Thread 0x000001feddc2cd80 nmethod 8954 0x000001fecef4ff90 code [0x000001fecef50480, 0x000001fecef53718]
Event: 16.344 Thread 0x000001feddc2cd80 9014       4       org.gradle.internal.execution.history.impl.FileSystemSnapshotSerializer::toAbsolutePath (102 bytes)

GC Heap History (20 events):
Event: 10.980 GC heap before
{Heap before GC invocations=28 (full 0):
 garbage-first heap   total 142336K, used 104867K [0x0000000080000000, 0x0000000100000000)
  region size 1024K, 30 young (30720K), 3 survivors (3072K)
 Metaspace       used 59105K, committed 59776K, reserved 1105920K
  class space    used 7948K, committed 8256K, reserved 1048576K
}
Event: 10.987 GC heap after
{Heap after GC invocations=29 (full 0):
 garbage-first heap   total 142336K, used 82523K [0x0000000080000000, 0x0000000100000000)
  region size 1024K, 4 young (4096K), 4 survivors (4096K)
 Metaspace       used 59105K, committed 59776K, reserved 1105920K
  class space    used 7948K, committed 8256K, reserved 1048576K
}
Event: 11.653 GC heap before
{Heap before GC invocations=29 (full 0):
 garbage-first heap   total 142336K, used 111195K [0x0000000080000000, 0x0000000100000000)
  region size 1024K, 33 young (33792K), 4 survivors (4096K)
 Metaspace       used 64203K, committed 64832K, reserved 1105920K
  class space    used 8585K, committed 8832K, reserved 1048576K
}
Event: 11.660 GC heap after
{Heap after GC invocations=30 (full 0):
 garbage-first heap   total 142336K, used 83735K [0x0000000080000000, 0x0000000100000000)
  region size 1024K, 2 young (2048K), 2 survivors (2048K)
 Metaspace       used 64203K, committed 64832K, reserved 1105920K
  class space    used 8585K, committed 8832K, reserved 1048576K
}
Event: 11.966 GC heap before
{Heap before GC invocations=31 (full 0):
 garbage-first heap   total 150528K, used 96023K [0x0000000080000000, 0x0000000100000000)
  region size 1024K, 15 young (15360K), 2 survivors (2048K)
 Metaspace       used 66485K, committed 67200K, reserved 1114112K
  class space    used 8878K, committed 9216K, reserved 1048576K
}
Event: 11.971 GC heap after
{Heap after GC invocations=32 (full 0):
 garbage-first heap   total 150528K, used 85284K [0x0000000080000000, 0x0000000100000000)
  region size 1024K, 3 young (3072K), 3 survivors (3072K)
 Metaspace       used 66485K, committed 67200K, reserved 1114112K
  class space    used 8878K, committed 9216K, reserved 1048576K
}
Event: 12.507 GC heap before
{Heap before GC invocations=33 (full 0):
 garbage-first heap   total 176128K, used 125220K [0x0000000080000000, 0x0000000100000000)
  region size 1024K, 36 young (36864K), 3 survivors (3072K)
 Metaspace       used 68754K, committed 69440K, reserved 1114112K
  class space    used 9180K, committed 9472K, reserved 1048576K
}
Event: 12.516 GC heap after
{Heap after GC invocations=34 (full 0):
 garbage-first heap   total 176128K, used 88363K [0x0000000080000000, 0x0000000100000000)
  region size 1024K, 5 young (5120K), 5 survivors (5120K)
 Metaspace       used 68754K, committed 69440K, reserved 1114112K
  class space    used 9180K, committed 9472K, reserved 1048576K
}
Event: 12.561 GC heap before
{Heap before GC invocations=34 (full 0):
 garbage-first heap   total 176128K, used 91435K [0x0000000080000000, 0x0000000100000000)
  region size 1024K, 8 young (8192K), 5 survivors (5120K)
 Metaspace       used 68976K, committed 69696K, reserved 1114112K
  class space    used 9204K, committed 9536K, reserved 1048576K
}
Event: 12.566 GC heap after
{Heap after GC invocations=35 (full 0):
 garbage-first heap   total 211968K, used 88996K [0x0000000080000000, 0x0000000100000000)
  region size 1024K, 1 young (1024K), 1 survivors (1024K)
 Metaspace       used 68976K, committed 69696K, reserved 1114112K
  class space    used 9204K, committed 9536K, reserved 1048576K
}
Event: 13.634 GC heap before
{Heap before GC invocations=35 (full 0):
 garbage-first heap   total 211968K, used 150436K [0x0000000080000000, 0x0000000100000000)
  region size 1024K, 61 young (62464K), 1 survivors (1024K)
 Metaspace       used 75680K, committed 76416K, reserved 1122304K
  class space    used 10099K, committed 10432K, reserved 1048576K
}
Event: 13.643 GC heap after
{Heap after GC invocations=36 (full 0):
 garbage-first heap   total 211968K, used 92120K [0x0000000080000000, 0x0000000100000000)
  region size 1024K, 4 young (4096K), 4 survivors (4096K)
 Metaspace       used 75680K, committed 76416K, reserved 1122304K
  class space    used 10099K, committed 10432K, reserved 1048576K
}
Event: 15.102 GC heap before
{Heap before GC invocations=36 (full 0):
 garbage-first heap   total 211968K, used 163800K [0x0000000080000000, 0x0000000100000000)
  region size 1024K, 69 young (70656K), 4 survivors (4096K)
 Metaspace       used 83451K, committed 84096K, reserved 1122304K
  class space    used 11371K, committed 11648K, reserved 1048576K
}
Event: 15.119 GC heap after
{Heap after GC invocations=37 (full 0):
 garbage-first heap   total 211968K, used 102321K [0x0000000080000000, 0x0000000100000000)
  region size 1024K, 9 young (9216K), 9 survivors (9216K)
 Metaspace       used 83451K, committed 84096K, reserved 1122304K
  class space    used 11371K, committed 11648K, reserved 1048576K
}
Event: 15.129 GC heap before
{Heap before GC invocations=37 (full 0):
 garbage-first heap   total 211968K, used 105393K [0x0000000080000000, 0x0000000100000000)
  region size 1024K, 10 young (10240K), 9 survivors (9216K)
 Metaspace       used 83451K, committed 84096K, reserved 1122304K
  class space    used 11371K, committed 11648K, reserved 1048576K
}
Event: 15.143 GC heap after
{Heap after GC invocations=38 (full 0):
 garbage-first heap   total 211968K, used 107096K [0x0000000080000000, 0x0000000100000000)
  region size 1024K, 7 young (7168K), 7 survivors (7168K)
 Metaspace       used 83451K, committed 84096K, reserved 1122304K
  class space    used 11371K, committed 11648K, reserved 1048576K
}
Event: 16.000 GC heap before
{Heap before GC invocations=39 (full 0):
 garbage-first heap   total 211968K, used 159320K [0x0000000080000000, 0x0000000100000000)
  region size 1024K, 45 young (46080K), 7 survivors (7168K)
 Metaspace       used 86673K, committed 87360K, reserved 1130496K
  class space    used 11845K, committed 12160K, reserved 1048576K
}
Event: 16.012 GC heap after
{Heap after GC invocations=40 (full 0):
 garbage-first heap   total 211968K, used 126253K [0x0000000080000000, 0x0000000100000000)
  region size 1024K, 6 young (6144K), 6 survivors (6144K)
 Metaspace       used 86673K, committed 87360K, reserved 1130496K
  class space    used 11845K, committed 12160K, reserved 1048576K
}
Event: 16.265 GC heap before
{Heap before GC invocations=40 (full 0):
 garbage-first heap   total 211968K, used 143661K [0x0000000080000000, 0x0000000100000000)
  region size 1024K, 24 young (24576K), 6 survivors (6144K)
 Metaspace       used 87771K, committed 88512K, reserved 1130496K
  class space    used 12007K, committed 12352K, reserved 1048576K
}
Event: 16.272 GC heap after
{Heap after GC invocations=41 (full 0):
 garbage-first heap   total 211968K, used 127010K [0x0000000080000000, 0x0000000100000000)
  region size 1024K, 2 young (2048K), 2 survivors (2048K)
 Metaspace       used 87771K, committed 88512K, reserved 1130496K
  class space    used 12007K, committed 12352K, reserved 1048576K
}

Dll operation events (2 events):
Event: 0.008 Loaded shared library E:\Andriod Studio\jbr\bin\java.dll
Event: 0.476 Loaded shared library E:\Andriod Studio\jbr\bin\verify.dll

Deoptimization events (20 events):
Event: 15.988 Thread 0x000001fede94ea30 DEOPT PACKING pc=0x000001fecec62cf8 sp=0x000000ef6f6f9da0
Event: 15.988 Thread 0x000001fede94ea30 DEOPT UNPACKING pc=0x000001fece5969a3 sp=0x000000ef6f6f9d08 mode 2
Event: 16.025 Thread 0x000001fede94ea30 Uncommon trap: trap_request=0xffffff45 fr.pc=0x000001fecef22ba0 relative=0x0000000000005fe0
Event: 16.025 Thread 0x000001fede94ea30 Uncommon trap: reason=unstable_if action=reinterpret pc=0x000001fecef22ba0 method=groovy.lang.MetaClassImpl.checkIfStdMethod(Lgroovy/lang/MetaMethod;)V @ 167 c2
Event: 16.025 Thread 0x000001fede94ea30 DEOPT PACKING pc=0x000001fecef22ba0 sp=0x000000ef6f6f9e80
Event: 16.025 Thread 0x000001fede94ea30 DEOPT UNPACKING pc=0x000001fece5969a3 sp=0x000000ef6f6f9e90 mode 2
Event: 16.215 Thread 0x000001fede94ea30 DEOPT PACKING pc=0x000001fec7efe73c sp=0x000000ef6f6f9b60
Event: 16.215 Thread 0x000001fede94ea30 DEOPT UNPACKING pc=0x000001fece597143 sp=0x000000ef6f6f9070 mode 0
Event: 16.230 Thread 0x000001fede94ea30 Uncommon trap: trap_request=0xffffff45 fr.pc=0x000001feceea5408 relative=0x0000000000001688
Event: 16.230 Thread 0x000001fede94ea30 Uncommon trap: reason=unstable_if action=reinterpret pc=0x000001feceea5408 method=java.util.concurrent.ConcurrentHashMap.computeIfAbsent(Ljava/lang/Object;Ljava/util/function/Function;)Ljava/lang/Object; @ 244 c2
Event: 16.230 Thread 0x000001fede94ea30 DEOPT PACKING pc=0x000001feceea5408 sp=0x000000ef6f6fa5b0
Event: 16.230 Thread 0x000001fede94ea30 DEOPT UNPACKING pc=0x000001fece5969a3 sp=0x000000ef6f6fa560 mode 2
Event: 16.273 Thread 0x000001fee1ceaec0 Uncommon trap: trap_request=0xffffffc6 fr.pc=0x000001fecec039c4 relative=0x0000000000000844
Event: 16.273 Thread 0x000001fee1ceaec0 Uncommon trap: reason=bimorphic_or_optimized_type_check action=maybe_recompile pc=0x000001fecec039c4 method=java.io.BufferedInputStream.read1([BII)I @ 39 c2
Event: 16.273 Thread 0x000001fee1ceaec0 DEOPT PACKING pc=0x000001fecec039c4 sp=0x000000ef708fe5f0
Event: 16.273 Thread 0x000001fee1ceaec0 DEOPT UNPACKING pc=0x000001fece5969a3 sp=0x000000ef708fe508 mode 2
Event: 16.274 Thread 0x000001fee1ceaec0 Uncommon trap: trap_request=0xffffffc6 fr.pc=0x000001fecec039c4 relative=0x0000000000000844
Event: 16.274 Thread 0x000001fee1ceaec0 Uncommon trap: reason=bimorphic_or_optimized_type_check action=maybe_recompile pc=0x000001fecec039c4 method=java.io.BufferedInputStream.read1([BII)I @ 39 c2
Event: 16.274 Thread 0x000001fee1ceaec0 DEOPT PACKING pc=0x000001fecec039c4 sp=0x000000ef708fe5f0
Event: 16.274 Thread 0x000001fee1ceaec0 DEOPT UNPACKING pc=0x000001fece5969a3 sp=0x000000ef708fe508 mode 2

Classes unloaded (0 events):
No events

Classes redefined (0 events):
No events

Internal exceptions (20 events):
Event: 16.065 Thread 0x000001fede94ea30 Exception <a 'java/lang/ClassNotFoundException'{0x000000008c98b7e0}: org/gradle/internal/extensibility/ExtensionsStorage$ExtensionHolderBeanInfo> (0x000000008c98b7e0) 
thrown [s\src\hotspot\share\classfile\systemDictionary.cpp, line 256]
Event: 16.066 Thread 0x000001fede94ea30 Exception <a 'java/lang/ClassNotFoundException'{0x000000008c994378}: org/gradle/internal/extensibility/ExtensionsStorage$ExtensionHolderCustomizer> (0x000000008c994378) 
thrown [s\src\hotspot\share\classfile\systemDictionary.cpp, line 256]
Event: 16.078 Thread 0x000001fede94ea30 Exception <a 'java/lang/ClassNotFoundException'{0x000000008c9f22f8}: org/gradle/internal/service/scopes/ProjectScopeServicesBeanInfo> (0x000000008c9f22f8) 
thrown [s\src\hotspot\share\classfile\systemDictionary.cpp, line 256]
Event: 16.079 Thread 0x000001fede94ea30 Exception <a 'java/lang/ClassNotFoundException'{0x000000008c9fad70}: org/gradle/internal/service/scopes/ProjectScopeServicesCustomizer> (0x000000008c9fad70) 
thrown [s\src\hotspot\share\classfile\systemDictionary.cpp, line 256]
Event: 16.082 Thread 0x000001fede94ea30 Exception <a 'java/lang/ClassNotFoundException'{0x000000008c8acc60}: org/gradle/api/internal/catalog/DefaultDependenciesAccessorsBeanInfo> (0x000000008c8acc60) 
thrown [s\src\hotspot\share\classfile\systemDictionary.cpp, line 256]
Event: 16.083 Thread 0x000001fede94ea30 Exception <a 'java/lang/ClassNotFoundException'{0x000000008c8b8050}: org/gradle/api/internal/catalog/DefaultDependenciesAccessorsCustomizer> (0x000000008c8b8050) 
thrown [s\src\hotspot\share\classfile\systemDictionary.cpp, line 256]
Event: 16.086 Thread 0x000001fede94ea30 Exception <a 'java/lang/ClassNotFoundException'{0x000000008c8dae50}: org/gradle/internal/classpath/DefaultClassPathBeanInfo> (0x000000008c8dae50) 
thrown [s\src\hotspot\share\classfile\systemDictionary.cpp, line 256]
Event: 16.086 Thread 0x000001fede94ea30 Exception <a 'java/lang/ClassNotFoundException'{0x000000008c8e3610}: org/gradle/internal/classpath/DefaultClassPathCustomizer> (0x000000008c8e3610) 
thrown [s\src\hotspot\share\classfile\systemDictionary.cpp, line 256]
Event: 16.091 Thread 0x000001fede94ea30 Exception <a 'java/lang/ClassNotFoundException'{0x000000008c7fa7b0}: org/gradle/internal/classpath/DefaultClassPath$ImmutableUniqueListBeanInfo> (0x000000008c7fa7b0) 
thrown [s\src\hotspot\share\classfile\systemDictionary.cpp, line 256]
Event: 16.092 Thread 0x000001fede94ea30 Exception <a 'java/lang/ClassNotFoundException'{0x000000008c7ff070}: java/util/AbstractListBeanInfo> (0x000000008c7ff070) 
thrown [s\src\hotspot\share\classfile\systemDictionary.cpp, line 256]
Event: 16.092 Thread 0x000001fede94ea30 Exception <a 'java/lang/ClassNotFoundException'{0x000000008c603f48}: java/util/AbstractListCustomizer> (0x000000008c603f48) 
thrown [s\src\hotspot\share\classfile\systemDictionary.cpp, line 256]
Event: 16.093 Thread 0x000001fede94ea30 Exception <a 'java/lang/ClassNotFoundException'{0x000000008c617ef0}: org/gradle/internal/classpath/DefaultClassPath$ImmutableUniqueListCustomizer> (0x000000008c617ef0) 
thrown [s\src\hotspot\share\classfile\systemDictionary.cpp, line 256]
Event: 16.099 Thread 0x000001fede94ea30 Exception <a 'java/lang/ClassNotFoundException'{0x000000008c65b8e0}: org/jetbrains/plugins/gradle/model/DefaultDependencyAccessorsModelBeanInfo> (0x000000008c65b8e0) 
thrown [s\src\hotspot\share\classfile\systemDictionary.cpp, line 256]
Event: 16.100 Thread 0x000001fede94ea30 Exception <a 'java/lang/ClassNotFoundException'{0x000000008c6640d8}: org/jetbrains/plugins/gradle/model/DefaultDependencyAccessorsModelCustomizer> (0x000000008c6640d8) 
thrown [s\src\hotspot\share\classfile\systemDictionary.cpp, line 256]
Event: 16.110 Thread 0x000001fee3d743a0 Exception <a 'java/lang/NoSuchMethodError'{0x000000008c88a318}: static Lorg/jetbrains/plugins/gradle/tooling/internal/VersionCatalogsModelImpl;.<clinit>()V> (0x000000008c88a318) 
thrown [s\src\hotspot\share\prims\jni.cpp, line 1108]
Event: 16.119 Thread 0x000001fede94ea30 Exception <a 'java/lang/ClassNotFoundException'{0x000000008c4a4dc8}: org/gradle/api/internal/tasks/DefaultSourceSetContainer_DecoratedBeanInfo> (0x000000008c4a4dc8) 
thrown [s\src\hotspot\share\classfile\systemDictionary.cpp, line 256]
Event: 16.119 Thread 0x000001fede94ea30 Exception <a 'java/lang/ClassNotFoundException'{0x000000008c4b0150}: org/gradle/api/internal/tasks/DefaultSourceSetContainerBeanInfo> (0x000000008c4b0150) 
thrown [s\src\hotspot\share\classfile\systemDictionary.cpp, line 256]
Event: 16.120 Thread 0x000001fede94ea30 Exception <a 'java/lang/ClassNotFoundException'{0x000000008c4bb4f8}: org/gradle/api/internal/tasks/DefaultSourceSetContainerCustomizer> (0x000000008c4bb4f8) 
thrown [s\src\hotspot\share\classfile\systemDictionary.cpp, line 256]
Event: 16.121 Thread 0x000001fede94ea30 Exception <a 'java/lang/ClassNotFoundException'{0x000000008c4d2078}: org/gradle/api/internal/tasks/DefaultSourceSetContainer_DecoratedCustomizer> (0x000000008c4d2078) 
thrown [s\src\hotspot\share\classfile\systemDictionary.cpp, line 256]
Event: 16.254 Thread 0x000001fee2b74550 Exception <a 'java/lang/NoSuchMethodError'{0x000000008bd6db80}: 'java.lang.Object java.lang.invoke.DirectMethodHandle$Holder.invokeSpecialIFC(java.lang.Object, java.lang.Object, java.lang.Object)'> (0x000000008bd6db80) 
thrown [s\src\hotspot\share\interpreter\linkResolver.cpp, line 771]

VM Operations (20 events):
Event: 15.750 Executing VM operation: HandshakeAllThreads
Event: 15.751 Executing VM operation: HandshakeAllThreads done
Event: 15.753 Executing VM operation: HandshakeAllThreads
Event: 15.753 Executing VM operation: HandshakeAllThreads done
Event: 15.912 Executing VM operation: ICBufferFull
Event: 15.912 Executing VM operation: ICBufferFull done
Event: 15.999 Executing VM operation: G1CollectForAllocation
Event: 16.012 Executing VM operation: G1CollectForAllocation done
Event: 16.215 Executing VM operation: HandshakeAllThreads
Event: 16.215 Executing VM operation: HandshakeAllThreads done
Event: 16.218 Executing VM operation: HandshakeAllThreads
Event: 16.218 Executing VM operation: HandshakeAllThreads done
Event: 16.224 Executing VM operation: ICBufferFull
Event: 16.225 Executing VM operation: ICBufferFull done
Event: 16.240 Executing VM operation: HandshakeAllThreads
Event: 16.240 Executing VM operation: HandshakeAllThreads done
Event: 16.265 Executing VM operation: G1TryInitiateConcMark
Event: 16.273 Executing VM operation: G1TryInitiateConcMark done
Event: 16.408 Executing VM operation: G1Concurrent
Event: 16.415 Executing VM operation: G1Concurrent done

Events (20 events):
Event: 16.049 loading class java/lang/NumberBeanInfo
Event: 16.049 loading class java/lang/NumberBeanInfo done
Event: 16.049 loading class java/lang/NumberCustomizer
Event: 16.049 loading class java/lang/NumberCustomizer done
Event: 16.050 loading class java/lang/NumberCustomizer
Event: 16.050 loading class java/lang/NumberCustomizer done
Event: 16.050 loading class java/lang/IntegerCustomizer
Event: 16.050 loading class java/lang/IntegerCustomizer done
Event: 16.050 loading class java/lang/IntegerCustomizer
Event: 16.050 loading class java/lang/IntegerCustomizer done
Event: 16.050 loading class jdk/internal/ValueBased
Event: 16.050 loading class jdk/internal/ValueBased done
Event: 16.091 loading class java/util/AbstractListBeanInfo
Event: 16.091 loading class java/util/AbstractListBeanInfo done
Event: 16.092 loading class java/util/AbstractListBeanInfo
Event: 16.092 loading class java/util/AbstractListBeanInfo done
Event: 16.092 loading class java/util/AbstractListCustomizer
Event: 16.092 loading class java/util/AbstractListCustomizer done
Event: 16.092 loading class java/util/AbstractListCustomizer
Event: 16.092 loading class java/util/AbstractListCustomizer done


Dynamic libraries:
0x00007ff611d40000 - 0x00007ff611d4a000 	E:\Andriod Studio\jbr\bin\java.exe
0x00007ffd9f690000 - 0x00007ffd9f888000 	C:\Windows\SYSTEM32\ntdll.dll
0x00007ffd9d790000 - 0x00007ffd9d84f000 	C:\Windows\System32\KERNEL32.DLL
0x00007ffd9d2c0000 - 0x00007ffd9d5b6000 	C:\Windows\System32\KERNELBASE.dll
0x00007ffd9d5c0000 - 0x00007ffd9d6c0000 	C:\Windows\System32\ucrtbase.dll
0x00007ffd99010000 - 0x00007ffd9902b000 	E:\Andriod Studio\jbr\bin\VCRUNTIME140.dll
0x00007ffd8f6d0000 - 0x00007ffd8f6e7000 	E:\Andriod Studio\jbr\bin\jli.dll
0x00007ffd9e1d0000 - 0x00007ffd9e36d000 	C:\Windows\System32\USER32.dll
0x00007ffd8c650000 - 0x00007ffd8c8ea000 	C:\Windows\WinSxS\amd64_microsoft.windows.common-controls_6595b64144ccf1df_6.0.19041.1110_none_60b5254171f9507e\COMCTL32.dll
0x00007ffd9d6c0000 - 0x00007ffd9d6e2000 	C:\Windows\System32\win32u.dll
0x00007ffd9db50000 - 0x00007ffd9dbee000 	C:\Windows\System32\msvcrt.dll
0x00007ffd9e160000 - 0x00007ffd9e18c000 	C:\Windows\System32\GDI32.dll
0x00007ffd9d170000 - 0x00007ffd9d285000 	C:\Windows\System32\gdi32full.dll
0x00007ffd9cd70000 - 0x00007ffd9ce0d000 	C:\Windows\System32\msvcp_win.dll
0x00007ffd9e190000 - 0x00007ffd9e1c0000 	C:\Windows\System32\IMM32.DLL
0x00007ffd9a140000 - 0x00007ffd9a14c000 	E:\Andriod Studio\jbr\bin\vcruntime140_1.dll
0x00007ffd90b70000 - 0x00007ffd90bfd000 	E:\Andriod Studio\jbr\bin\msvcp140.dll
0x00007ffd52160000 - 0x00007ffd52dce000 	E:\Andriod Studio\jbr\bin\server\jvm.dll
0x00007ffd9ec80000 - 0x00007ffd9ed2f000 	C:\Windows\System32\ADVAPI32.dll
0x00007ffd9d6f0000 - 0x00007ffd9d78c000 	C:\Windows\System32\sechost.dll
0x00007ffd9f450000 - 0x00007ffd9f576000 	C:\Windows\System32\RPCRT4.dll
0x00007ffd8bf30000 - 0x00007ffd8bf39000 	C:\Windows\SYSTEM32\WSOCK32.dll
0x00007ffd8be50000 - 0x00007ffd8be77000 	C:\Windows\SYSTEM32\WINMM.dll
0x00007ffd9dc00000 - 0x00007ffd9dc6b000 	C:\Windows\System32\WS2_32.dll
0x00007ffd8cad0000 - 0x00007ffd8cada000 	C:\Windows\SYSTEM32\VERSION.dll
0x00007ffd9b5b0000 - 0x00007ffd9b5c2000 	C:\Windows\SYSTEM32\kernel.appcore.dll
0x00007ffd99700000 - 0x00007ffd9970a000 	E:\Andriod Studio\jbr\bin\jimage.dll
0x00007ffd9a8e0000 - 0x00007ffd9aac4000 	C:\Windows\SYSTEM32\DBGHELP.DLL
0x00007ffd8a3c0000 - 0x00007ffd8a3f4000 	C:\Windows\SYSTEM32\dbgcore.DLL
0x00007ffd9ce10000 - 0x00007ffd9ce92000 	C:\Windows\System32\bcryptPrimitives.dll
0x00007ffd8c0f0000 - 0x00007ffd8c115000 	E:\Andriod Studio\jbr\bin\java.dll
0x00007ffd98410000 - 0x00007ffd98428000 	E:\Andriod Studio\jbr\bin\zip.dll
0x00007ffd9e370000 - 0x00007ffd9eab4000 	C:\Windows\System32\SHELL32.dll
0x00007ffd9ae00000 - 0x00007ffd9b594000 	C:\Windows\SYSTEM32\windows.storage.dll
0x00007ffd9ed30000 - 0x00007ffd9f084000 	C:\Windows\System32\combase.dll
0x00007ffd9c6e0000 - 0x00007ffd9c70e000 	C:\Windows\SYSTEM32\Wldp.dll
0x00007ffd9d980000 - 0x00007ffd9da2d000 	C:\Windows\System32\SHCORE.dll
0x00007ffd9f310000 - 0x00007ffd9f365000 	C:\Windows\System32\shlwapi.dll
0x00007ffd9cca0000 - 0x00007ffd9ccc5000 	C:\Windows\SYSTEM32\profapi.dll
0x00007ffd916c0000 - 0x00007ffd916d9000 	E:\Andriod Studio\jbr\bin\net.dll
0x00007ffd8ff90000 - 0x00007ffd9009a000 	C:\Windows\SYSTEM32\WINHTTP.dll
0x00007ffd9c440000 - 0x00007ffd9c4aa000 	C:\Windows\system32\mswsock.dll
0x00007ffd8f910000 - 0x00007ffd8f926000 	E:\Andriod Studio\jbr\bin\nio.dll
0x00007ffd98390000 - 0x00007ffd983a0000 	E:\Andriod Studio\jbr\bin\verify.dll
0x00007ffd96fb0000 - 0x00007ffd96fd7000 	E:\jdk-19.0.1\native\68d5fa5c4cc2d200863cafc0d521ce42e7d3e7ee720ec0a83991735586a16f82\windows-amd64\native-platform.dll
0x00007ffd7e910000 - 0x00007ffd7ea54000 	E:\jdk-19.0.1\native\e376f236ea51e6404a007f0833ffe2c6e607c4080706a723a18a27aeea778392\windows-amd64\native-platform-file-events.dll
0x00007ffd99520000 - 0x00007ffd99529000 	E:\Andriod Studio\jbr\bin\management.dll
0x00007ffd99040000 - 0x00007ffd9904b000 	E:\Andriod Studio\jbr\bin\management_ext.dll
0x00007ffd9e1c0000 - 0x00007ffd9e1c8000 	C:\Windows\System32\PSAPI.DLL
0x00007ffd9c630000 - 0x00007ffd9c648000 	C:\Windows\SYSTEM32\CRYPTSP.dll
0x00007ffd9bd60000 - 0x00007ffd9bd94000 	C:\Windows\system32\rsaenh.dll
0x00007ffd9d290000 - 0x00007ffd9d2b7000 	C:\Windows\System32\bcrypt.dll
0x00007ffd9cc60000 - 0x00007ffd9cc8e000 	C:\Windows\SYSTEM32\USERENV.dll
0x00007ffd9c650000 - 0x00007ffd9c65c000 	C:\Windows\SYSTEM32\CRYPTBASE.dll
0x00007ffd9c130000 - 0x00007ffd9c16c000 	C:\Windows\SYSTEM32\IPHLPAPI.DLL
0x00007ffd9dbf0000 - 0x00007ffd9dbf8000 	C:\Windows\System32\NSI.dll
0x00007ffd93eb0000 - 0x00007ffd93ec7000 	C:\Windows\SYSTEM32\dhcpcsvc6.DLL
0x00007ffd93e90000 - 0x00007ffd93ead000 	C:\Windows\SYSTEM32\dhcpcsvc.DLL
0x00007ffd9c170000 - 0x00007ffd9c23a000 	C:\Windows\SYSTEM32\DNSAPI.dll
0x00007ffd8ad90000 - 0x00007ffd8ad97000 	C:\Windows\system32\wshunix.dll

dbghelp: loaded successfully - version: 4.0.5 - missing functions: none
symbol engine: initialized successfully - sym options: 0x614 - pdb path: .;E:\Andriod Studio\jbr\bin;C:\Windows\SYSTEM32;C:\Windows\WinSxS\amd64_microsoft.windows.common-controls_6595b64144ccf1df_6.0.19041.1110_none_60b5254171f9507e;E:\Andriod Studio\jbr\bin\server;E:\jdk-19.0.1\native\68d5fa5c4cc2d200863cafc0d521ce42e7d3e7ee720ec0a83991735586a16f82\windows-amd64;E:\jdk-19.0.1\native\e376f236ea51e6404a007f0833ffe2c6e607c4080706a723a18a27aeea778392\windows-amd64

VM Arguments:
jvm_args: --add-opens=java.base/java.util=ALL-UNNAMED --add-opens=java.base/java.lang=ALL-UNNAMED --add-opens=java.base/java.lang.invoke=ALL-UNNAMED --add-opens=java.prefs/java.util.prefs=ALL-UNNAMED --add-opens=java.base/java.nio.charset=ALL-UNNAMED --add-opens=java.base/java.net=ALL-UNNAMED --add-opens=java.base/java.util.concurrent.atomic=ALL-UNNAMED -Xmx2048m -Dfile.encoding=UTF-8 -Duser.country=AE -Duser.language=en -Duser.variant 
java_command: org.gradle.launcher.daemon.bootstrap.GradleDaemon 8.0
java_class_path (initial): E:\jdk-19.0.1\wrapper\dists\gradle-8.0-bin\ca5e32bp14vu59qr306oxotwh\gradle-8.0\lib\gradle-launcher-8.0.jar
Launcher Type: SUN_STANDARD

[Global flags]
     intx CICompilerCount                          = 3                                         {product} {ergonomic}
     uint ConcGCThreads                            = 1                                         {product} {ergonomic}
     uint G1ConcRefinementThreads                  = 4                                         {product} {ergonomic}
   size_t G1HeapRegionSize                         = 1048576                                   {product} {ergonomic}
    uintx GCDrainStackTargetSize                   = 64                                        {product} {ergonomic}
   size_t InitialHeapSize                          = 132120576                                 {product} {ergonomic}
   size_t MarkStackSize                            = 4194304                                   {product} {ergonomic}
   size_t MaxHeapSize                              = 2147483648                                {product} {command line}
   size_t MaxNewSize                               = 1287651328                                {product} {ergonomic}
   size_t MinHeapDeltaBytes                        = 1048576                                   {product} {ergonomic}
   size_t MinHeapSize                              = 8388608                                   {product} {ergonomic}
    uintx NonNMethodCodeHeapSize                   = 5832780                                {pd product} {ergonomic}
    uintx NonProfiledCodeHeapSize                  = 122912730                              {pd product} {ergonomic}
    uintx ProfiledCodeHeapSize                     = 122912730                              {pd product} {ergonomic}
    uintx ReservedCodeCacheSize                    = 251658240                              {pd product} {ergonomic}
     bool SegmentedCodeCache                       = true                                      {product} {ergonomic}
   size_t SoftMaxHeapSize                          = 2147483648                             {manageable} {ergonomic}
     bool UseCompressedClassPointers               = true                           {product lp64_product} {ergonomic}
     bool UseCompressedOops                        = true                           {product lp64_product} {ergonomic}
     bool UseG1GC                                  = true                                      {product} {ergonomic}
     bool UseLargePagesIndividualAllocation        = false                                  {pd product} {ergonomic}

Logging:
Log output configuration:
 #0: stdout all=warning uptime,level,tags
 #1: stderr all=off uptime,level,tags

Environment Variables:
JAVA_HOME=E:\jdk-19.0.1\lib
PATH=C:\Program Files\Common Files\Oracle\Java\javapath;C:\Program Files (x86)\Common Files\Oracle\Java\javapath;C:\Windows\system32;C:\Windows;C:\Windows\System32\Wbem;C:\Windows\System32\WindowsPowerShell\v1.0\;C:\Windows\System32\OpenSSH\;C:\Program Files\Git\cmd;E:\jdk-19.0.1\lib\bin;C:\Program Files\Gradle\gradle-8.0.2\bin;C:\Program Files\Graphviz\bin\dot.exe;C:\Program Files (x86)\Microsoft SQL Server\160\Tools\Binn\;C:\Program Files\Microsoft SQL Server\160\Tools\Binn\;C:\Program Files\Microsoft SQL Server\Client SDK\ODBC\170\Tools\Binn\;C:\Program Files\Microsoft SQL Server\160\DTS\Binn\;C:\Users\Dell\AppData\Local\Programs\Python\Python310\Scripts\;C:\Users\Dell\AppData\Local\Programs\Python\Python310\;C:\Users\Dell\AppData\Local\Microsoft\WindowsApps;E:\IntelliJ IDEA 2022.3\bin;;C:\Users\Dell\AppData\Local\Programs\Microsoft VS Code\bin;C:\Program Files\Graphviz\bin;C:\Program Files\Azure Data Studio\bin
USERNAME=Dell
OS=Windows_NT
PROCESSOR_IDENTIFIER=Intel64 Family 6 Model 142 Stepping 9, GenuineIntel
TMP=C:\Users\Dell\AppData\Local\Temp
TEMP=C:\Users\Dell\AppData\Local\Temp


JNI global refs:
JNI global refs: 26, weak refs: 16

JNI global refs memory usage: 843, weak refs: 841


---------------  S Y S T E M  ---------------

OS:
 Windows 10 , 64 bit Build 19041 (10.0.19041.3155)
OS uptime: 29 days 18:00 hours

CPU: total 4 (initial active 4) (2 cores per cpu, 2 threads per core) family 6 model 142 stepping 9 microcode 0xb4, cx8, cmov, fxsr, ht, mmx, 3dnowpref, sse, sse2, sse3, ssse3, sse4.1, sse4.2, popcnt, lzcnt, tsc, tscinvbit, avx, avx2, aes, erms, clmul, bmi1, bmi2, adx, fma, vzeroupper, clflush, clflushopt

Memory: 4k page, system-wide physical 8058M (834M free)
TotalPageFile size 20477M (AvailPageFile size 4M)
current process WorkingSet (physical memory assigned to process): 460M, peak: 461M
current process commit charge ("private bytes"): 519M, peak: 520M

vm_info: OpenJDK 64-Bit Server VM (17.0.6+0-b2043.56-10027231) for windows-amd64 JRE (17.0.6+0-b2043.56-10027231), built on Apr 28 2023 00:43:19 by "androidbuild" with MS VC++ 16.10 / 16.11 (VS2019)

END.
