#
# There is insufficient memory for the Java Runtime Environment to continue.
# Native memory allocation (malloc) failed to allocate 2067136 bytes for Chunk::new
# Possible reasons:
#   The system is out of physical RAM or swap space
#   The process is running with CompressedOops enabled, and the Java Heap may be blocking the growth of the native heap
# Possible solutions:
#   Reduce memory load on the system
#   Increase physical memory or swap space
#   Check if swap backing store is full
#   Decrease Java heap size (-Xmx/-Xms)
#   Decrease number of Java threads
#   Decrease Java thread stack sizes (-Xss)
#   Set larger code cache with -XX:ReservedCodeCacheSize=
#   JVM is running with Unscaled Compressed Oops mode in which the Java heap is
#     placed in the first 4GB address space. The Java Heap base address is the
#     maximum limit for the native heap growth. Please use -XX:HeapBaseMinAddress
#     to set the Java Heap base and to place the Java Heap above 4GB virtual address.
# This output file may be truncated or incomplete.
#
#  Out of Memory Error (arena.cpp:189), pid=11960, tid=780
#
# JRE version: OpenJDK Runtime Environment (17.0.6) (build 17.0.6+0-b2043.56-10027231)
# Java VM: OpenJDK 64-Bit Server VM (17.0.6+0-b2043.56-10027231, mixed mode, tiered, compressed oops, compressed class ptrs, g1 gc, windows-amd64)
# No core dump will be written. Minidumps are not enabled by default on client versions of Windows
#

---------------  S U M M A R Y ------------

Command Line: --add-opens=java.base/java.util=ALL-UNNAMED --add-opens=java.base/java.lang=ALL-UNNAMED --add-opens=java.base/java.lang.invoke=ALL-UNNAMED --add-opens=java.prefs/java.util.prefs=ALL-UNNAMED --add-opens=java.base/java.nio.charset=ALL-UNNAMED --add-opens=java.base/java.net=ALL-UNNAMED --add-opens=java.base/java.util.concurrent.atomic=ALL-UNNAMED -Xmx2048m -Dfile.encoding=UTF-8 -Duser.country=AE -Duser.language=en -Duser.variant org.gradle.launcher.daemon.bootstrap.GradleDaemon 8.0

Host: Intel(R) Core(TM) i7-7500U CPU @ 2.70GHz, 4 cores, 7G,  Windows 10 , 64 bit Build 19041 (10.0.19041.3155)
Time: Wed Aug 30 10:42:02 2023 Pakistan Standard Time elapsed time: 10.966620 seconds (0d 0h 0m 10s)

---------------  T H R E A D  ---------------

Current thread (0x000001bf7f2f51f0):  JavaThread "C2 CompilerThread1" daemon [_thread_in_native, id=780, stack(0x0000000101900000,0x0000000101a00000)]


Current CompileTask:
C2:  10966 6440   !   4       com.google.common.reflect.TypeVisitor::visit (244 bytes)

Stack: [0x0000000101900000,0x0000000101a00000]
Native frames: (J=compiled Java code, j=interpreted, Vv=VM code, C=native code)
V  [jvm.dll+0x683c9a]
V  [jvm.dll+0x8427a4]
V  [jvm.dll+0x843f9e]
V  [jvm.dll+0x844603]
V  [jvm.dll+0x249b75]
V  [jvm.dll+0xabcac]
V  [jvm.dll+0xac27c]
V  [jvm.dll+0x368857]
V  [jvm.dll+0x332f31]
V  [jvm.dll+0x3323da]
V  [jvm.dll+0x21c201]
V  [jvm.dll+0x21b621]
V  [jvm.dll+0x1a4fdd]
V  [jvm.dll+0x22b098]
V  [jvm.dll+0x229159]
V  [jvm.dll+0x7f81ec]
V  [jvm.dll+0x7f274a]
V  [jvm.dll+0x682ad5]
C  [ucrtbase.dll+0x21bb2]
C  [KERNEL32.DLL+0x17614]
C  [ntdll.dll+0x526b1]


---------------  P R O C E S S  ---------------

Threads class SMR info:
_java_thread_list=0x000001bf52708440, length=82, elements={
0x000001bf73f6c580, 0x000001bf7e54c620, 0x000001bf7e54fca0, 0x000001bf7e56a420,
0x000001bf7e56ccf0, 0x000001bf7e56dd50, 0x000001bf7f00a080, 0x000001bf7f00c150,
0x000001bf7f00ca50, 0x000001bf7f02a110, 0x000001bf7f18a260, 0x000001bf7f1bc440,
0x000001bf7f2f51f0, 0x000001bf4fd5c3a0, 0x000001bf5134d010, 0x000001bf4ff6ef30,
0x000001bf4fa175a0, 0x000001bf4f8834e0, 0x000001bf510dea40, 0x000001bf510def10,
0x000001bf510dfd80, 0x000001bf510e0250, 0x000001bf510df3e0, 0x000001bf510df8b0,
0x000001bf51521ee0, 0x000001bf51520200, 0x000001bf515223b0, 0x000001bf5151f390,
0x000001bf51523220, 0x000001bf51524090, 0x000001bf5151e520, 0x000001bf5151e9f0,
0x000001bf5151eec0, 0x000001bf5151f860, 0x000001bf5151cd10, 0x000001bf51522880,
0x000001bf51523bc0, 0x000001bf5151d1e0, 0x000001bf51521540, 0x000001bf51521a10,
0x000001bf51522d50, 0x000001bf53fd0fe0, 0x000001bf53fd0b10, 0x000001bf53fcdfc0,
0x000001bf53fd2320, 0x000001bf53fd14b0, 0x000001bf53fd27f0, 0x000001bf53fd2cc0,
0x000001bf53fd0170, 0x000001bf53fd1980, 0x000001bf53fcc7b0, 0x000001bf53fd3190,
0x000001bf53fd3660, 0x000001bf53fd3b30, 0x000001bf53fcf300, 0x000001bf53fcf7d0,
0x000001bf53fd4000, 0x000001bf53fcdaf0, 0x000001bf53fccc80, 0x000001bf53fcd150,
0x000001bf53fce490, 0x000001bf53fce960, 0x000001bf53fcee30, 0x000001bf53fcfca0,
0x000001bf53fd0640, 0x000001bf53876f20, 0x000001bf538773f0, 0x000001bf538760b0,
0x000001bf53875710, 0x000001bf53871880, 0x000001bf538778c0, 0x000001bf53876580,
0x000001bf53870070, 0x000001bf53873090, 0x000001bf53876a50, 0x000001bf53871d50,
0x000001bf53874d70, 0x000001bf53870540, 0x000001bf53870a10, 0x000001bf538748a0,
0x000001bf53875be0, 0x000001bf538713b0
}

Java Threads: ( => current thread )
  0x000001bf73f6c580 JavaThread "main" [_thread_blocked, id=1156, stack(0x0000000100600000,0x0000000100700000)]
  0x000001bf7e54c620 JavaThread "Reference Handler" daemon [_thread_blocked, id=13300, stack(0x0000000100d00000,0x0000000100e00000)]
  0x000001bf7e54fca0 JavaThread "Finalizer" daemon [_thread_blocked, id=12252, stack(0x0000000100e00000,0x0000000100f00000)]
  0x000001bf7e56a420 JavaThread "Signal Dispatcher" daemon [_thread_blocked, id=2328, stack(0x0000000100f00000,0x0000000101000000)]
  0x000001bf7e56ccf0 JavaThread "Attach Listener" daemon [_thread_blocked, id=10736, stack(0x0000000101000000,0x0000000101100000)]
  0x000001bf7e56dd50 JavaThread "Service Thread" daemon [_thread_blocked, id=8268, stack(0x0000000101100000,0x0000000101200000)]
  0x000001bf7f00a080 JavaThread "Monitor Deflation Thread" daemon [_thread_blocked, id=7512, stack(0x0000000101200000,0x0000000101300000)]
  0x000001bf7f00c150 JavaThread "C2 CompilerThread0" daemon [_thread_blocked, id=15132, stack(0x0000000101300000,0x0000000101400000)]
  0x000001bf7f00ca50 JavaThread "C1 CompilerThread0" daemon [_thread_blocked, id=19016, stack(0x0000000101400000,0x0000000101500000)]
  0x000001bf7f02a110 JavaThread "Sweeper thread" daemon [_thread_blocked, id=14588, stack(0x0000000101500000,0x0000000101600000)]
  0x000001bf7f18a260 JavaThread "Common-Cleaner" daemon [_thread_blocked, id=9980, stack(0x0000000101600000,0x0000000101700000)]
  0x000001bf7f1bc440 JavaThread "Notification Thread" daemon [_thread_blocked, id=7612, stack(0x0000000101700000,0x0000000101800000)]
=>0x000001bf7f2f51f0 JavaThread "C2 CompilerThread1" daemon [_thread_in_native, id=780, stack(0x0000000101900000,0x0000000101a00000)]
  0x000001bf4fd5c3a0 JavaThread "Daemon health stats" [_thread_blocked, id=13172, stack(0x0000000101d00000,0x0000000101e00000)]
  0x000001bf5134d010 JavaThread "Incoming local TCP Connector on port 57765" [_thread_in_native, id=10872, stack(0x0000000101e00000,0x0000000101f00000)]
  0x000001bf4ff6ef30 JavaThread "Daemon periodic checks" [_thread_blocked, id=2744, stack(0x0000000101f00000,0x0000000102000000)]
  0x000001bf4fa175a0 JavaThread "Daemon" [_thread_blocked, id=18824, stack(0x0000000102000000,0x0000000102100000)]
  0x000001bf4f8834e0 JavaThread "Handler for socket connection from /127.0.0.1:57765 to /127.0.0.1:57766" [_thread_in_native, id=3836, stack(0x0000000102100000,0x0000000102200000)]
  0x000001bf510dea40 JavaThread "Cancel handler" [_thread_blocked, id=4396, stack(0x0000000102200000,0x0000000102300000)]
  0x000001bf510def10 JavaThread "Daemon worker" [_thread_in_Java, id=16380, stack(0x0000000102300000,0x0000000102400000)]
  0x000001bf510dfd80 JavaThread "Asynchronous log dispatcher for DefaultDaemonConnection: socket connection from /127.0.0.1:57765 to /127.0.0.1:57766" [_thread_blocked, id=5032, stack(0x0000000102400000,0x0000000102500000)]
  0x000001bf510e0250 JavaThread "Stdin handler" [_thread_blocked, id=17252, stack(0x0000000102500000,0x0000000102600000)]
  0x000001bf510df3e0 JavaThread "Daemon client event forwarder" [_thread_blocked, id=5936, stack(0x0000000102600000,0x0000000102700000)]
  0x000001bf510df8b0 JavaThread "Cache worker for journal cache (E:\jdk-19.0.1\caches\journal-1)" [_thread_blocked, id=4176, stack(0x0000000102700000,0x0000000102800000)]
  0x000001bf51521ee0 JavaThread "File lock request listener" [_thread_in_native, id=19448, stack(0x0000000102800000,0x0000000102900000)]
  0x000001bf51520200 JavaThread "Cache worker for file hash cache (E:\jdk-19.0.1\caches\8.0\fileHashes)" [_thread_blocked, id=13104, stack(0x0000000102900000,0x0000000102a00000)]
  0x000001bf515223b0 JavaThread "File watcher server" daemon [_thread_in_native, id=7888, stack(0x0000000102a00000,0x0000000102b00000)]
  0x000001bf5151f390 JavaThread "File watcher consumer" daemon [_thread_blocked, id=9256, stack(0x0000000102b00000,0x0000000102c00000)]
  0x000001bf51523220 JavaThread "jar transforms" [_thread_blocked, id=16124, stack(0x0000000102c00000,0x0000000102d00000)]
  0x000001bf51524090 JavaThread "jar transforms Thread 2" [_thread_blocked, id=7432, stack(0x0000000102d00000,0x0000000102e00000)]
  0x000001bf5151e520 JavaThread "jar transforms Thread 3" [_thread_blocked, id=18872, stack(0x0000000102e00000,0x0000000102f00000)]
  0x000001bf5151e9f0 JavaThread "jar transforms Thread 4" [_thread_blocked, id=8904, stack(0x0000000102f00000,0x0000000103000000)]
  0x000001bf5151eec0 JavaThread "Cache worker for checksums cache (E:\AndroidApp\.gradle\8.0\checksums)" [_thread_blocked, id=9948, stack(0x0000000103000000,0x0000000103100000)]
  0x000001bf5151f860 JavaThread "Cache worker for cache directory md-rule (E:\jdk-19.0.1\caches\8.0\md-rule)" [_thread_blocked, id=5056, stack(0x0000000103100000,0x0000000103200000)]
  0x000001bf5151cd10 JavaThread "Cache worker for file content cache (E:\jdk-19.0.1\caches\8.0\fileContent)" [_thread_blocked, id=13520, stack(0x0000000103200000,0x0000000103300000)]
  0x000001bf51522880 JavaThread "Cache worker for file hash cache (E:\AndroidApp\.gradle\8.0\fileHashes)" [_thread_blocked, id=20168, stack(0x0000000103300000,0x0000000103400000)]
  0x000001bf51523bc0 JavaThread "Cache worker for cache directory md-supplier (E:\jdk-19.0.1\caches\8.0\md-supplier)" [_thread_blocked, id=14408, stack(0x0000000103400000,0x0000000103500000)]
  0x000001bf5151d1e0 JavaThread "Cache worker for execution history cache (E:\jdk-19.0.1\caches\8.0\executionHistory)" [_thread_blocked, id=13472, stack(0x0000000103500000,0x0000000103600000)]
  0x000001bf51521540 JavaThread "Cache worker for kotlin-dsl (E:\jdk-19.0.1\caches\8.0\kotlin-dsl)" [_thread_blocked, id=2172, stack(0x0000000103600000,0x0000000103700000)]
  0x000001bf51521a10 JavaThread "Cache worker for dependencies-accessors (E:\AndroidApp\.gradle\8.0\dependencies-accessors)" [_thread_blocked, id=19300, stack(0x0000000103700000,0x0000000103800000)]
  0x000001bf51522d50 JavaThread "Cache worker for Build Output Cleanup Cache (E:\AndroidApp\.gradle\buildOutputCleanup)" [_thread_blocked, id=17864, stack(0x0000000103800000,0x0000000103900000)]
  0x000001bf53fd0fe0 JavaThread "Unconstrained build operations" [_thread_blocked, id=16336, stack(0x0000000103900000,0x0000000103a00000)]
  0x000001bf53fd0b10 JavaThread "Unconstrained build operations Thread 2" [_thread_blocked, id=4852, stack(0x0000000103a00000,0x0000000103b00000)]
  0x000001bf53fcdfc0 JavaThread "Unconstrained build operations Thread 3" [_thread_blocked, id=10712, stack(0x0000000103b00000,0x0000000103c00000)]
  0x000001bf53fd2320 JavaThread "Unconstrained build operations Thread 4" [_thread_blocked, id=16864, stack(0x0000000103c00000,0x0000000103d00000)]
  0x000001bf53fd14b0 JavaThread "Unconstrained build operations Thread 5" [_thread_blocked, id=724, stack(0x0000000103d00000,0x0000000103e00000)]
  0x000001bf53fd27f0 JavaThread "Unconstrained build operations Thread 6" [_thread_blocked, id=11964, stack(0x0000000103e00000,0x0000000103f00000)]
  0x000001bf53fd2cc0 JavaThread "Unconstrained build operations Thread 7" [_thread_blocked, id=13404, stack(0x0000000103f00000,0x0000000104000000)]
  0x000001bf53fd0170 JavaThread "Unconstrained build operations Thread 8" [_thread_blocked, id=14696, stack(0x0000000104000000,0x0000000104100000)]
  0x000001bf53fd1980 JavaThread "Unconstrained build operations Thread 9" [_thread_blocked, id=6156, stack(0x0000000104100000,0x0000000104200000)]
  0x000001bf53fcc7b0 JavaThread "Unconstrained build operations Thread 10" [_thread_blocked, id=11268, stack(0x0000000104200000,0x0000000104300000)]
  0x000001bf53fd3190 JavaThread "Unconstrained build operations Thread 11" [_thread_blocked, id=12992, stack(0x0000000104300000,0x0000000104400000)]
  0x000001bf53fd3660 JavaThread "Unconstrained build operations Thread 12" [_thread_blocked, id=10352, stack(0x0000000104400000,0x0000000104500000)]
  0x000001bf53fd3b30 JavaThread "Unconstrained build operations Thread 13" [_thread_blocked, id=13320, stack(0x0000000104500000,0x0000000104600000)]
  0x000001bf53fcf300 JavaThread "Unconstrained build operations Thread 14" [_thread_blocked, id=11748, stack(0x0000000104600000,0x0000000104700000)]
  0x000001bf53fcf7d0 JavaThread "Unconstrained build operations Thread 15" [_thread_blocked, id=11048, stack(0x0000000104700000,0x0000000104800000)]
  0x000001bf53fd4000 JavaThread "Unconstrained build operations Thread 16" [_thread_blocked, id=18360, stack(0x0000000104800000,0x0000000104900000)]
  0x000001bf53fcdaf0 JavaThread "Unconstrained build operations Thread 17" [_thread_blocked, id=12192, stack(0x0000000104900000,0x0000000104a00000)]
  0x000001bf53fccc80 JavaThread "Unconstrained build operations Thread 18" [_thread_blocked, id=11644, stack(0x0000000104a00000,0x0000000104b00000)]
  0x000001bf53fcd150 JavaThread "Unconstrained build operations Thread 19" [_thread_blocked, id=4000, stack(0x0000000104b00000,0x0000000104c00000)]
  0x000001bf53fce490 JavaThread "Unconstrained build operations Thread 20" [_thread_blocked, id=15552, stack(0x0000000104c00000,0x0000000104d00000)]
  0x000001bf53fce960 JavaThread "Unconstrained build operations Thread 21" [_thread_blocked, id=4984, stack(0x0000000104d00000,0x0000000104e00000)]
  0x000001bf53fcee30 JavaThread "Unconstrained build operations Thread 22" [_thread_blocked, id=13584, stack(0x0000000104e00000,0x0000000104f00000)]
  0x000001bf53fcfca0 JavaThread "Unconstrained build operations Thread 23" [_thread_blocked, id=6476, stack(0x0000000104f00000,0x0000000105000000)]
  0x000001bf53fd0640 JavaThread "Unconstrained build operations Thread 24" [_thread_blocked, id=19328, stack(0x0000000105000000,0x0000000105100000)]
  0x000001bf53876f20 JavaThread "Unconstrained build operations Thread 25" [_thread_blocked, id=7116, stack(0x0000000105100000,0x0000000105200000)]
  0x000001bf538773f0 JavaThread "Unconstrained build operations Thread 26" [_thread_blocked, id=19112, stack(0x0000000105200000,0x0000000105300000)]
  0x000001bf538760b0 JavaThread "Unconstrained build operations Thread 27" [_thread_blocked, id=9400, stack(0x0000000105300000,0x0000000105400000)]
  0x000001bf53875710 JavaThread "Unconstrained build operations Thread 28" [_thread_blocked, id=14804, stack(0x0000000105400000,0x0000000105500000)]
  0x000001bf53871880 JavaThread "Unconstrained build operations Thread 29" [_thread_blocked, id=13164, stack(0x0000000105500000,0x0000000105600000)]
  0x000001bf538778c0 JavaThread "Unconstrained build operations Thread 30" [_thread_blocked, id=11916, stack(0x0000000105600000,0x0000000105700000)]
  0x000001bf53876580 JavaThread "Unconstrained build operations Thread 31" [_thread_blocked, id=13608, stack(0x0000000105700000,0x0000000105800000)]
  0x000001bf53870070 JavaThread "Unconstrained build operations Thread 32" [_thread_blocked, id=12084, stack(0x0000000105800000,0x0000000105900000)]
  0x000001bf53873090 JavaThread "Unconstrained build operations Thread 33" [_thread_blocked, id=1344, stack(0x0000000105900000,0x0000000105a00000)]
  0x000001bf53876a50 JavaThread "Unconstrained build operations Thread 34" [_thread_blocked, id=16668, stack(0x0000000105a00000,0x0000000105b00000)]
  0x000001bf53871d50 JavaThread "Unconstrained build operations Thread 35" [_thread_blocked, id=18224, stack(0x0000000105b00000,0x0000000105c00000)]
  0x000001bf53874d70 JavaThread "Unconstrained build operations Thread 36" [_thread_blocked, id=16952, stack(0x0000000105c00000,0x0000000105d00000)]
  0x000001bf53870540 JavaThread "Unconstrained build operations Thread 37" [_thread_blocked, id=16712, stack(0x0000000105d00000,0x0000000105e00000)]
  0x000001bf53870a10 JavaThread "Unconstrained build operations Thread 38" [_thread_blocked, id=9660, stack(0x0000000105e00000,0x0000000105f00000)]
  0x000001bf538748a0 JavaThread "Unconstrained build operations Thread 39" [_thread_blocked, id=4304, stack(0x0000000105f00000,0x0000000106000000)]
  0x000001bf53875be0 JavaThread "Unconstrained build operations Thread 40" [_thread_blocked, id=5068, stack(0x0000000106000000,0x0000000106100000)]
  0x000001bf538713b0 JavaThread "Memory manager" [_thread_blocked, id=13280, stack(0x0000000106100000,0x0000000106200000)]

Other Threads:
  0x000001bf7e5288a0 VMThread "VM Thread" [stack: 0x0000000100c00000,0x0000000100d00000] [id=4052]
  0x000001bf7f0f0970 WatcherThread [stack: 0x0000000101800000,0x0000000101900000] [id=3500]
  0x000001bf73fc5510 GCTaskThread "GC Thread#0" [stack: 0x0000000100700000,0x0000000100800000] [id=11844]
  0x000001bf7fbfea10 GCTaskThread "GC Thread#1" [stack: 0x0000000101a00000,0x0000000101b00000] [id=17232]
  0x000001bf7fbfecc0 GCTaskThread "GC Thread#2" [stack: 0x0000000101b00000,0x0000000101c00000] [id=16340]
  0x000001bf7f7b1660 GCTaskThread "GC Thread#3" [stack: 0x0000000101c00000,0x0000000101d00000] [id=15280]
  0x000001bf73fd7b10 ConcurrentGCThread "G1 Main Marker" [stack: 0x0000000100800000,0x0000000100900000] [id=4056]
  0x000001bf73fd8430 ConcurrentGCThread "G1 Conc#0" [stack: 0x0000000100900000,0x0000000100a00000] [id=10880]
  0x000001bf7403e270 ConcurrentGCThread "G1 Refine#0" [stack: 0x0000000100a00000,0x0000000100b00000] [id=13548]
  0x000001bf7403eba0 ConcurrentGCThread "G1 Service" [stack: 0x0000000100b00000,0x0000000100c00000] [id=13560]

Threads with active compile tasks:
C2 CompilerThread1    10998 6440   !   4       com.google.common.reflect.TypeVisitor::visit (244 bytes)

VM state: not at safepoint (normal execution)

VM Mutex/Monitor currently owned by a thread: None

Heap address: 0x0000000080000000, size: 2048 MB, Compressed Oops mode: 32-bit

CDS archive(s) not mapped
Compressed class space mapped at: 0x000001bf0f000000-0x000001bf4f000000, reserved size: 1073741824
Narrow klass base: 0x000001bf0f000000, Narrow klass shift: 0, Narrow klass range: 0x40000000

GC Precious Log:
 CPUs: 4 total, 4 available
 Memory: 8058M
 Large Page Support: Disabled
 NUMA Support: Disabled
 Compressed Oops: Enabled (32-bit)
 Heap Region Size: 1M
 Heap Min Capacity: 8M
 Heap Initial Capacity: 126M
 Heap Max Capacity: 2G
 Pre-touch: Disabled
 Parallel Workers: 4
 Concurrent Workers: 1
 Concurrent Refinement Workers: 4
 Periodic GC: Disabled

Heap:
 garbage-first heap   total 225280K, used 95232K [0x0000000080000000, 0x0000000100000000)
  region size 1024K, 16 young (16384K), 1 survivors (1024K)
 Metaspace       used 64714K, committed 65472K, reserved 1105920K
  class space    used 8670K, committed 9024K, reserved 1048576K

Heap Regions: E=young(eden), S=young(survivor), O=old, HS=humongous(starts), HC=humongous(continues), CS=collection set, F=free, OA=open archive, CA=closed archive, TAMS=top-at-mark-start (previous, next)
|   0|0x0000000080000000, 0x0000000080100000, 0x0000000080100000|100%| O|  |TAMS 0x0000000080100000, 0x0000000080000000| Untracked 
|   1|0x0000000080100000, 0x0000000080200000, 0x0000000080200000|100%| O|  |TAMS 0x0000000080200000, 0x0000000080100000| Untracked 
|   2|0x0000000080200000, 0x0000000080300000, 0x0000000080300000|100%|HS|  |TAMS 0x0000000080300000, 0x0000000080200000| Complete 
|   3|0x0000000080300000, 0x0000000080400000, 0x0000000080400000|100%|HC|  |TAMS 0x0000000080400000, 0x0000000080300000| Complete 
|   4|0x0000000080400000, 0x0000000080500000, 0x0000000080500000|100%|HC|  |TAMS 0x0000000080500000, 0x0000000080400000| Complete 
|   5|0x0000000080500000, 0x0000000080600000, 0x0000000080600000|100%|HC|  |TAMS 0x0000000080600000, 0x0000000080500000| Complete 
|   6|0x0000000080600000, 0x0000000080700000, 0x0000000080700000|100%| O|  |TAMS 0x0000000080700000, 0x0000000080600000| Untracked 
|   7|0x0000000080700000, 0x0000000080800000, 0x0000000080800000|100%| O|  |TAMS 0x0000000080800000, 0x0000000080700000| Untracked 
|   8|0x0000000080800000, 0x0000000080900000, 0x0000000080900000|100%| O|  |TAMS 0x0000000080900000, 0x0000000080800000| Untracked 
|   9|0x0000000080900000, 0x0000000080a00000, 0x0000000080a00000|100%| O|  |TAMS 0x0000000080a00000, 0x0000000080900000| Untracked 
|  10|0x0000000080a00000, 0x0000000080b00000, 0x0000000080b00000|100%| O|  |TAMS 0x0000000080b00000, 0x0000000080a00000| Untracked 
|  11|0x0000000080b00000, 0x0000000080c00000, 0x0000000080c00000|100%| O|  |TAMS 0x0000000080c00000, 0x0000000080b00000| Untracked 
|  12|0x0000000080c00000, 0x0000000080d00000, 0x0000000080d00000|100%| O|  |TAMS 0x0000000080d00000, 0x0000000080c00000| Untracked 
|  13|0x0000000080d00000, 0x0000000080e00000, 0x0000000080e00000|100%| O|  |TAMS 0x0000000080e00000, 0x0000000080d00000| Untracked 
|  14|0x0000000080e00000, 0x0000000080f00000, 0x0000000080f00000|100%| O|  |TAMS 0x0000000080f00000, 0x0000000080e00000| Untracked 
|  15|0x0000000080f00000, 0x0000000081000000, 0x0000000081000000|100%| O|  |TAMS 0x0000000081000000, 0x0000000080f00000| Untracked 
|  16|0x0000000081000000, 0x0000000081100000, 0x0000000081100000|100%| O|  |TAMS 0x0000000081100000, 0x0000000081000000| Untracked 
|  17|0x0000000081100000, 0x0000000081200000, 0x0000000081200000|100%| O|  |TAMS 0x0000000081200000, 0x0000000081100000| Untracked 
|  18|0x0000000081200000, 0x0000000081300000, 0x0000000081300000|100%| O|  |TAMS 0x0000000081300000, 0x0000000081200000| Untracked 
|  19|0x0000000081300000, 0x0000000081400000, 0x0000000081400000|100%| O|  |TAMS 0x0000000081400000, 0x0000000081300000| Untracked 
|  20|0x0000000081400000, 0x0000000081500000, 0x0000000081500000|100%| O|  |TAMS 0x0000000081500000, 0x0000000081400000| Untracked 
|  21|0x0000000081500000, 0x0000000081600000, 0x0000000081600000|100%|HS|  |TAMS 0x0000000081600000, 0x0000000081500000| Complete 
|  22|0x0000000081600000, 0x0000000081700000, 0x0000000081700000|100%|HC|  |TAMS 0x0000000081700000, 0x0000000081600000| Complete 
|  23|0x0000000081700000, 0x0000000081800000, 0x0000000081800000|100%|HS|  |TAMS 0x0000000081800000, 0x0000000081700000| Complete 
|  24|0x0000000081800000, 0x0000000081900000, 0x0000000081900000|100%|HC|  |TAMS 0x0000000081900000, 0x0000000081800000| Complete 
|  25|0x0000000081900000, 0x0000000081a00000, 0x0000000081a00000|100%|HC|  |TAMS 0x0000000081a00000, 0x0000000081900000| Complete 
|  26|0x0000000081a00000, 0x0000000081b00000, 0x0000000081b00000|100%|HS|  |TAMS 0x0000000081b00000, 0x0000000081a00000| Complete 
|  27|0x0000000081b00000, 0x0000000081c00000, 0x0000000081c00000|100%|HC|  |TAMS 0x0000000081c00000, 0x0000000081b00000| Complete 
|  28|0x0000000081c00000, 0x0000000081d00000, 0x0000000081d00000|100%|HC|  |TAMS 0x0000000081d00000, 0x0000000081c00000| Complete 
|  29|0x0000000081d00000, 0x0000000081e00000, 0x0000000081e00000|100%|HS|  |TAMS 0x0000000081e00000, 0x0000000081d00000| Complete 
|  30|0x0000000081e00000, 0x0000000081f00000, 0x0000000081f00000|100%|HC|  |TAMS 0x0000000081f00000, 0x0000000081e00000| Complete 
|  31|0x0000000081f00000, 0x0000000082000000, 0x0000000082000000|100%|HC|  |TAMS 0x0000000082000000, 0x0000000081f00000| Complete 
|  32|0x0000000082000000, 0x0000000082100000, 0x0000000082100000|100%|HC|  |TAMS 0x0000000082100000, 0x0000000082000000| Complete 
|  33|0x0000000082100000, 0x0000000082200000, 0x0000000082200000|100%|HC|  |TAMS 0x0000000082200000, 0x0000000082100000| Complete 
|  34|0x0000000082200000, 0x0000000082300000, 0x0000000082300000|100%|HC|  |TAMS 0x0000000082300000, 0x0000000082200000| Complete 
|  35|0x0000000082300000, 0x0000000082400000, 0x0000000082400000|100%|HC|  |TAMS 0x0000000082400000, 0x0000000082300000| Complete 
|  36|0x0000000082400000, 0x0000000082500000, 0x0000000082500000|100%|HC|  |TAMS 0x0000000082500000, 0x0000000082400000| Complete 
|  37|0x0000000082500000, 0x0000000082600000, 0x0000000082600000|100%|HC|  |TAMS 0x0000000082600000, 0x0000000082500000| Complete 
|  38|0x0000000082600000, 0x0000000082700000, 0x0000000082700000|100%|HC|  |TAMS 0x0000000082700000, 0x0000000082600000| Complete 
|  39|0x0000000082700000, 0x0000000082800000, 0x0000000082800000|100%|HC|  |TAMS 0x0000000082800000, 0x0000000082700000| Complete 
|  40|0x0000000082800000, 0x0000000082900000, 0x0000000082900000|100%|HC|  |TAMS 0x0000000082900000, 0x0000000082800000| Complete 
|  41|0x0000000082900000, 0x0000000082a00000, 0x0000000082a00000|100%| O|  |TAMS 0x0000000082a00000, 0x0000000082900000| Untracked 
|  42|0x0000000082a00000, 0x0000000082b00000, 0x0000000082b00000|100%|HS|  |TAMS 0x0000000082b00000, 0x0000000082a00000| Complete 
|  43|0x0000000082b00000, 0x0000000082c00000, 0x0000000082c00000|100%|HC|  |TAMS 0x0000000082c00000, 0x0000000082b00000| Complete 
|  44|0x0000000082c00000, 0x0000000082d00000, 0x0000000082d00000|100%| O|  |TAMS 0x0000000082d00000, 0x0000000082c00000| Untracked 
|  45|0x0000000082d00000, 0x0000000082e00000, 0x0000000082e00000|100%| O|  |TAMS 0x0000000082e00000, 0x0000000082d00000| Untracked 
|  46|0x0000000082e00000, 0x0000000082f00000, 0x0000000082f00000|100%| O|  |TAMS 0x0000000082f00000, 0x0000000082e00000| Untracked 
|  47|0x0000000082f00000, 0x0000000083000000, 0x0000000083000000|100%| O|  |TAMS 0x0000000083000000, 0x0000000082f00000| Untracked 
|  48|0x0000000083000000, 0x0000000083100000, 0x0000000083100000|100%| O|  |TAMS 0x0000000083100000, 0x0000000083000000| Untracked 
|  49|0x0000000083100000, 0x0000000083200000, 0x0000000083200000|100%| O|  |TAMS 0x0000000083200000, 0x0000000083100000| Untracked 
|  50|0x0000000083200000, 0x0000000083300000, 0x0000000083300000|100%|HS|  |TAMS 0x0000000083200000, 0x0000000083200000| Complete 
|  51|0x0000000083300000, 0x0000000083400000, 0x0000000083400000|100%|HS|  |TAMS 0x0000000083400000, 0x0000000083300000| Complete 
|  52|0x0000000083400000, 0x0000000083500000, 0x0000000083500000|100%|HC|  |TAMS 0x0000000083500000, 0x0000000083400000| Complete 
|  53|0x0000000083500000, 0x0000000083600000, 0x0000000083600000|100%|HC|  |TAMS 0x0000000083600000, 0x0000000083500000| Complete 
|  54|0x0000000083600000, 0x0000000083700000, 0x0000000083700000|100%| O|  |TAMS 0x0000000083700000, 0x0000000083600000| Untracked 
|  55|0x0000000083700000, 0x0000000083800000, 0x0000000083800000|100%| O|  |TAMS 0x0000000083800000, 0x0000000083700000| Untracked 
|  56|0x0000000083800000, 0x0000000083900000, 0x0000000083900000|100%| O|  |TAMS 0x0000000083900000, 0x0000000083800000| Untracked 
|  57|0x0000000083900000, 0x0000000083a00000, 0x0000000083a00000|100%|HS|  |TAMS 0x0000000083a00000, 0x0000000083900000| Complete 
|  58|0x0000000083a00000, 0x0000000083b00000, 0x0000000083b00000|100%|HC|  |TAMS 0x0000000083b00000, 0x0000000083a00000| Complete 
|  59|0x0000000083b00000, 0x0000000083c00000, 0x0000000083c00000|100%|HC|  |TAMS 0x0000000083c00000, 0x0000000083b00000| Complete 
|  60|0x0000000083c00000, 0x0000000083d00000, 0x0000000083d00000|100%| O|  |TAMS 0x0000000083d00000, 0x0000000083c00000| Untracked 
|  61|0x0000000083d00000, 0x0000000083e00000, 0x0000000083e00000|100%| O|  |TAMS 0x0000000083e00000, 0x0000000083d00000| Untracked 
|  62|0x0000000083e00000, 0x0000000083f00000, 0x0000000083f00000|100%| O|  |TAMS 0x0000000083f00000, 0x0000000083e00000| Untracked 
|  63|0x0000000083f00000, 0x0000000083f00000, 0x0000000084000000|  0%| F|  |TAMS 0x0000000083f00000, 0x0000000083f00000| Untracked 
|  64|0x0000000084000000, 0x0000000084100000, 0x0000000084100000|100%| O|  |TAMS 0x0000000084100000, 0x0000000084000000| Untracked 
|  65|0x0000000084100000, 0x0000000084200000, 0x0000000084200000|100%| O|  |TAMS 0x0000000084200000, 0x0000000084100000| Untracked 
|  66|0x0000000084200000, 0x0000000084300000, 0x0000000084300000|100%| O|  |TAMS 0x0000000084222600, 0x0000000084200000| Untracked 
|  67|0x0000000084300000, 0x0000000084400000, 0x0000000084400000|100%|HS|  |TAMS 0x0000000084300000, 0x0000000084300000| Complete 
|  68|0x0000000084400000, 0x0000000084500000, 0x0000000084500000|100%|HS|  |TAMS 0x0000000084400000, 0x0000000084400000| Complete 
|  69|0x0000000084500000, 0x0000000084600000, 0x0000000084600000|100%| O|  |TAMS 0x0000000084500000, 0x0000000084500000| Untracked 
|  70|0x0000000084600000, 0x0000000084700000, 0x0000000084700000|100%| O|  |TAMS 0x0000000084600000, 0x0000000084600000| Untracked 
|  71|0x0000000084700000, 0x0000000084800000, 0x0000000084800000|100%| O|  |TAMS 0x0000000084700000, 0x0000000084700000| Untracked 
|  72|0x0000000084800000, 0x0000000084900000, 0x0000000084900000|100%| O|  |TAMS 0x0000000084800000, 0x0000000084800000| Untracked 
|  73|0x0000000084900000, 0x0000000084a00000, 0x0000000084a00000|100%| O|  |TAMS 0x0000000084900000, 0x0000000084900000| Untracked 
|  74|0x0000000084a00000, 0x0000000084b00000, 0x0000000084b00000|100%| O|  |TAMS 0x0000000084a00000, 0x0000000084a00000| Untracked 
|  75|0x0000000084b00000, 0x0000000084c00000, 0x0000000084c00000|100%| O|  |TAMS 0x0000000084b00000, 0x0000000084b00000| Untracked 
|  76|0x0000000084c00000, 0x0000000084d00000, 0x0000000084d00000|100%| O|  |TAMS 0x0000000084c00000, 0x0000000084c00000| Untracked 
|  77|0x0000000084d00000, 0x0000000084e00000, 0x0000000084e00000|100%| O|  |TAMS 0x0000000084d00000, 0x0000000084d00000| Untracked 
|  78|0x0000000084e00000, 0x0000000084f00000, 0x0000000084f00000|100%| O|  |TAMS 0x0000000084e00000, 0x0000000084e00000| Untracked 
|  79|0x0000000084f00000, 0x0000000084f00000, 0x0000000085000000|  0%| F|  |TAMS 0x0000000084f00000, 0x0000000084f00000| Untracked 
|  80|0x0000000085000000, 0x0000000085000000, 0x0000000085100000|  0%| F|  |TAMS 0x0000000085000000, 0x0000000085000000| Untracked 
|  81|0x0000000085100000, 0x0000000085100000, 0x0000000085200000|  0%| F|  |TAMS 0x0000000085100000, 0x0000000085100000| Untracked 
|  82|0x0000000085200000, 0x0000000085200000, 0x0000000085300000|  0%| F|  |TAMS 0x0000000085200000, 0x0000000085200000| Untracked 
|  83|0x0000000085300000, 0x0000000085300000, 0x0000000085400000|  0%| F|  |TAMS 0x0000000085300000, 0x0000000085300000| Untracked 
|  84|0x0000000085400000, 0x0000000085400000, 0x0000000085500000|  0%| F|  |TAMS 0x0000000085400000, 0x0000000085400000| Untracked 
|  85|0x0000000085500000, 0x0000000085500000, 0x0000000085600000|  0%| F|  |TAMS 0x0000000085500000, 0x0000000085500000| Untracked 
|  86|0x0000000085600000, 0x0000000085600000, 0x0000000085700000|  0%| F|  |TAMS 0x0000000085600000, 0x0000000085600000| Untracked 
|  87|0x0000000085700000, 0x0000000085700000, 0x0000000085800000|  0%| F|  |TAMS 0x0000000085700000, 0x0000000085700000| Untracked 
|  88|0x0000000085800000, 0x0000000085800000, 0x0000000085900000|  0%| F|  |TAMS 0x0000000085800000, 0x0000000085800000| Untracked 
|  89|0x0000000085900000, 0x0000000085900000, 0x0000000085a00000|  0%| F|  |TAMS 0x0000000085900000, 0x0000000085900000| Untracked 
|  90|0x0000000085a00000, 0x0000000085a00000, 0x0000000085b00000|  0%| F|  |TAMS 0x0000000085a00000, 0x0000000085a00000| Untracked 
|  91|0x0000000085b00000, 0x0000000085b00000, 0x0000000085c00000|  0%| F|  |TAMS 0x0000000085b00000, 0x0000000085b00000| Untracked 
|  92|0x0000000085c00000, 0x0000000085c00000, 0x0000000085d00000|  0%| F|  |TAMS 0x0000000085c00000, 0x0000000085c00000| Untracked 
|  93|0x0000000085d00000, 0x0000000085d00000, 0x0000000085e00000|  0%| F|  |TAMS 0x0000000085d00000, 0x0000000085d00000| Untracked 
|  94|0x0000000085e00000, 0x0000000085e00000, 0x0000000085f00000|  0%| F|  |TAMS 0x0000000085e00000, 0x0000000085e00000| Untracked 
|  95|0x0000000085f00000, 0x0000000085f00000, 0x0000000086000000|  0%| F|  |TAMS 0x0000000085f00000, 0x0000000085f00000| Untracked 
|  96|0x0000000086000000, 0x0000000086000000, 0x0000000086100000|  0%| F|  |TAMS 0x0000000086000000, 0x0000000086000000| Untracked 
|  97|0x0000000086100000, 0x0000000086100000, 0x0000000086200000|  0%| F|  |TAMS 0x0000000086100000, 0x0000000086100000| Untracked 
|  98|0x0000000086200000, 0x0000000086200000, 0x0000000086300000|  0%| F|  |TAMS 0x0000000086200000, 0x0000000086200000| Untracked 
|  99|0x0000000086300000, 0x0000000086300000, 0x0000000086400000|  0%| F|  |TAMS 0x0000000086300000, 0x0000000086300000| Untracked 
| 100|0x0000000086400000, 0x0000000086400000, 0x0000000086500000|  0%| F|  |TAMS 0x0000000086400000, 0x0000000086400000| Untracked 
| 101|0x0000000086500000, 0x0000000086500000, 0x0000000086600000|  0%| F|  |TAMS 0x0000000086500000, 0x0000000086500000| Untracked 
| 102|0x0000000086600000, 0x0000000086600000, 0x0000000086700000|  0%| F|  |TAMS 0x0000000086600000, 0x0000000086600000| Untracked 
| 103|0x0000000086700000, 0x0000000086700000, 0x0000000086800000|  0%| F|  |TAMS 0x0000000086700000, 0x0000000086700000| Untracked 
| 104|0x0000000086800000, 0x0000000086800000, 0x0000000086900000|  0%| F|  |TAMS 0x0000000086800000, 0x0000000086800000| Untracked 
| 105|0x0000000086900000, 0x0000000086900000, 0x0000000086a00000|  0%| F|  |TAMS 0x0000000086900000, 0x0000000086900000| Untracked 
| 106|0x0000000086a00000, 0x0000000086a00000, 0x0000000086b00000|  0%| F|  |TAMS 0x0000000086a00000, 0x0000000086a00000| Untracked 
| 107|0x0000000086b00000, 0x0000000086b00000, 0x0000000086c00000|  0%| F|  |TAMS 0x0000000086b00000, 0x0000000086b00000| Untracked 
| 108|0x0000000086c00000, 0x0000000086c00000, 0x0000000086d00000|  0%| F|  |TAMS 0x0000000086c00000, 0x0000000086c00000| Untracked 
| 109|0x0000000086d00000, 0x0000000086d00000, 0x0000000086e00000|  0%| F|  |TAMS 0x0000000086d00000, 0x0000000086d00000| Untracked 
| 110|0x0000000086e00000, 0x0000000086e00000, 0x0000000086f00000|  0%| F|  |TAMS 0x0000000086e00000, 0x0000000086e00000| Untracked 
| 111|0x0000000086f00000, 0x0000000086f00000, 0x0000000087000000|  0%| F|  |TAMS 0x0000000086f00000, 0x0000000086f00000| Untracked 
| 112|0x0000000087000000, 0x0000000087000000, 0x0000000087100000|  0%| F|  |TAMS 0x0000000087000000, 0x0000000087000000| Untracked 
| 113|0x0000000087100000, 0x0000000087100000, 0x0000000087200000|  0%| F|  |TAMS 0x0000000087100000, 0x0000000087100000| Untracked 
| 114|0x0000000087200000, 0x0000000087200000, 0x0000000087300000|  0%| F|  |TAMS 0x0000000087200000, 0x0000000087200000| Untracked 
| 115|0x0000000087300000, 0x0000000087300000, 0x0000000087400000|  0%| F|  |TAMS 0x0000000087300000, 0x0000000087300000| Untracked 
| 116|0x0000000087400000, 0x0000000087400000, 0x0000000087500000|  0%| F|  |TAMS 0x0000000087400000, 0x0000000087400000| Untracked 
| 117|0x0000000087500000, 0x0000000087500000, 0x0000000087600000|  0%| F|  |TAMS 0x0000000087500000, 0x0000000087500000| Untracked 
| 118|0x0000000087600000, 0x0000000087600000, 0x0000000087700000|  0%| F|  |TAMS 0x0000000087600000, 0x0000000087600000| Untracked 
| 119|0x0000000087700000, 0x0000000087700000, 0x0000000087800000|  0%| F|  |TAMS 0x0000000087700000, 0x0000000087700000| Untracked 
| 120|0x0000000087800000, 0x0000000087800000, 0x0000000087900000|  0%| F|  |TAMS 0x0000000087800000, 0x0000000087800000| Untracked 
| 121|0x0000000087900000, 0x0000000087900000, 0x0000000087a00000|  0%| F|  |TAMS 0x0000000087900000, 0x0000000087900000| Untracked 
| 122|0x0000000087a00000, 0x0000000087a00000, 0x0000000087b00000|  0%| F|  |TAMS 0x0000000087a00000, 0x0000000087a00000| Untracked 
| 123|0x0000000087b00000, 0x0000000087b00000, 0x0000000087c00000|  0%| F|  |TAMS 0x0000000087b00000, 0x0000000087b00000| Untracked 
| 124|0x0000000087c00000, 0x0000000087c00000, 0x0000000087d00000|  0%| F|  |TAMS 0x0000000087c00000, 0x0000000087c00000| Untracked 
| 125|0x0000000087d00000, 0x0000000087d00000, 0x0000000087e00000|  0%| F|  |TAMS 0x0000000087d00000, 0x0000000087d00000| Untracked 
| 126|0x0000000087e00000, 0x0000000087e00000, 0x0000000087f00000|  0%| F|  |TAMS 0x0000000087e00000, 0x0000000087e00000| Untracked 
| 127|0x0000000087f00000, 0x0000000087f00000, 0x0000000088000000|  0%| F|  |TAMS 0x0000000087f00000, 0x0000000087f00000| Untracked 
| 128|0x0000000088000000, 0x0000000088000000, 0x0000000088100000|  0%| F|  |TAMS 0x0000000088000000, 0x0000000088000000| Untracked 
| 129|0x0000000088100000, 0x0000000088100000, 0x0000000088200000|  0%| F|  |TAMS 0x0000000088100000, 0x0000000088100000| Untracked 
| 130|0x0000000088200000, 0x0000000088200000, 0x0000000088300000|  0%| F|  |TAMS 0x0000000088200000, 0x0000000088200000| Untracked 
| 131|0x0000000088300000, 0x0000000088300000, 0x0000000088400000|  0%| F|  |TAMS 0x0000000088300000, 0x0000000088300000| Untracked 
| 132|0x0000000088400000, 0x0000000088400000, 0x0000000088500000|  0%| F|  |TAMS 0x0000000088400000, 0x0000000088400000| Untracked 
| 133|0x0000000088500000, 0x0000000088500000, 0x0000000088600000|  0%| F|  |TAMS 0x0000000088500000, 0x0000000088500000| Untracked 
| 134|0x0000000088600000, 0x0000000088600000, 0x0000000088700000|  0%| F|  |TAMS 0x0000000088600000, 0x0000000088600000| Untracked 
| 135|0x0000000088700000, 0x0000000088700000, 0x0000000088800000|  0%| F|  |TAMS 0x0000000088700000, 0x0000000088700000| Untracked 
| 136|0x0000000088800000, 0x0000000088800000, 0x0000000088900000|  0%| F|  |TAMS 0x0000000088800000, 0x0000000088800000| Untracked 
| 137|0x0000000088900000, 0x0000000088900000, 0x0000000088a00000|  0%| F|  |TAMS 0x0000000088900000, 0x0000000088900000| Untracked 
| 138|0x0000000088a00000, 0x0000000088a00000, 0x0000000088b00000|  0%| F|  |TAMS 0x0000000088a00000, 0x0000000088a00000| Untracked 
| 139|0x0000000088b00000, 0x0000000088b00000, 0x0000000088c00000|  0%| F|  |TAMS 0x0000000088b00000, 0x0000000088b00000| Untracked 
| 140|0x0000000088c00000, 0x0000000088c00000, 0x0000000088d00000|  0%| F|  |TAMS 0x0000000088c00000, 0x0000000088c00000| Untracked 
| 141|0x0000000088d00000, 0x0000000088d00000, 0x0000000088e00000|  0%| F|  |TAMS 0x0000000088d00000, 0x0000000088d00000| Untracked 
| 142|0x0000000088e00000, 0x0000000088e00000, 0x0000000088f00000|  0%| F|  |TAMS 0x0000000088e00000, 0x0000000088e00000| Untracked 
| 143|0x0000000088f00000, 0x0000000088f00000, 0x0000000089000000|  0%| F|  |TAMS 0x0000000088f00000, 0x0000000088f00000| Untracked 
| 144|0x0000000089000000, 0x0000000089000000, 0x0000000089100000|  0%| F|  |TAMS 0x0000000089000000, 0x0000000089000000| Untracked 
| 145|0x0000000089100000, 0x0000000089100000, 0x0000000089200000|  0%| F|  |TAMS 0x0000000089100000, 0x0000000089100000| Untracked 
| 146|0x0000000089200000, 0x0000000089200000, 0x0000000089300000|  0%| F|  |TAMS 0x0000000089200000, 0x0000000089200000| Untracked 
| 147|0x0000000089300000, 0x0000000089300000, 0x0000000089400000|  0%| F|  |TAMS 0x0000000089300000, 0x0000000089300000| Untracked 
| 148|0x0000000089400000, 0x0000000089400000, 0x0000000089500000|  0%| F|  |TAMS 0x0000000089400000, 0x0000000089400000| Untracked 
| 149|0x0000000089500000, 0x0000000089500000, 0x0000000089600000|  0%| F|  |TAMS 0x0000000089500000, 0x0000000089500000| Untracked 
| 150|0x0000000089600000, 0x0000000089600000, 0x0000000089700000|  0%| F|  |TAMS 0x0000000089600000, 0x0000000089600000| Untracked 
| 151|0x0000000089700000, 0x0000000089700000, 0x0000000089800000|  0%| F|  |TAMS 0x0000000089700000, 0x0000000089700000| Untracked 
| 152|0x0000000089800000, 0x0000000089800000, 0x0000000089900000|  0%| F|  |TAMS 0x0000000089800000, 0x0000000089800000| Untracked 
| 153|0x0000000089900000, 0x0000000089900000, 0x0000000089a00000|  0%| F|  |TAMS 0x0000000089900000, 0x0000000089900000| Untracked 
| 154|0x0000000089a00000, 0x0000000089a00000, 0x0000000089b00000|  0%| F|  |TAMS 0x0000000089a00000, 0x0000000089a00000| Untracked 
| 155|0x0000000089b00000, 0x0000000089b00000, 0x0000000089c00000|  0%| F|  |TAMS 0x0000000089b00000, 0x0000000089b00000| Untracked 
| 156|0x0000000089c00000, 0x0000000089c00000, 0x0000000089d00000|  0%| F|  |TAMS 0x0000000089c00000, 0x0000000089c00000| Untracked 
| 157|0x0000000089d00000, 0x0000000089d00000, 0x0000000089e00000|  0%| F|  |TAMS 0x0000000089d00000, 0x0000000089d00000| Untracked 
| 158|0x0000000089e00000, 0x0000000089e00000, 0x0000000089f00000|  0%| F|  |TAMS 0x0000000089e00000, 0x0000000089e00000| Untracked 
| 159|0x0000000089f00000, 0x0000000089f00000, 0x000000008a000000|  0%| F|  |TAMS 0x0000000089f00000, 0x0000000089f00000| Untracked 
| 160|0x000000008a000000, 0x000000008a000000, 0x000000008a100000|  0%| F|  |TAMS 0x000000008a000000, 0x000000008a000000| Untracked 
| 161|0x000000008a100000, 0x000000008a100000, 0x000000008a200000|  0%| F|  |TAMS 0x000000008a100000, 0x000000008a100000| Untracked 
| 162|0x000000008a200000, 0x000000008a200000, 0x000000008a300000|  0%| F|  |TAMS 0x000000008a200000, 0x000000008a200000| Untracked 
| 163|0x000000008a300000, 0x000000008a300000, 0x000000008a400000|  0%| F|  |TAMS 0x000000008a300000, 0x000000008a300000| Untracked 
| 164|0x000000008a400000, 0x000000008a400000, 0x000000008a500000|  0%| F|  |TAMS 0x000000008a400000, 0x000000008a400000| Untracked 
| 165|0x000000008a500000, 0x000000008a500000, 0x000000008a600000|  0%| F|  |TAMS 0x000000008a500000, 0x000000008a500000| Untracked 
| 166|0x000000008a600000, 0x000000008a600000, 0x000000008a700000|  0%| F|  |TAMS 0x000000008a600000, 0x000000008a600000| Untracked 
| 167|0x000000008a700000, 0x000000008a700000, 0x000000008a800000|  0%| F|  |TAMS 0x000000008a700000, 0x000000008a700000| Untracked 
| 168|0x000000008a800000, 0x000000008a800000, 0x000000008a900000|  0%| F|  |TAMS 0x000000008a800000, 0x000000008a800000| Untracked 
| 169|0x000000008a900000, 0x000000008a900000, 0x000000008aa00000|  0%| F|  |TAMS 0x000000008a900000, 0x000000008a900000| Untracked 
| 170|0x000000008aa00000, 0x000000008aa00000, 0x000000008ab00000|  0%| F|  |TAMS 0x000000008aa00000, 0x000000008aa00000| Untracked 
| 171|0x000000008ab00000, 0x000000008ab00000, 0x000000008ac00000|  0%| F|  |TAMS 0x000000008ab00000, 0x000000008ab00000| Untracked 
| 172|0x000000008ac00000, 0x000000008ac00000, 0x000000008ad00000|  0%| F|  |TAMS 0x000000008ac00000, 0x000000008ac00000| Untracked 
| 173|0x000000008ad00000, 0x000000008ad00000, 0x000000008ae00000|  0%| F|  |TAMS 0x000000008ad00000, 0x000000008ad00000| Untracked 
| 174|0x000000008ae00000, 0x000000008ae00000, 0x000000008af00000|  0%| F|  |TAMS 0x000000008ae00000, 0x000000008ae00000| Untracked 
| 175|0x000000008af00000, 0x000000008af00000, 0x000000008b000000|  0%| F|  |TAMS 0x000000008af00000, 0x000000008af00000| Untracked 
| 176|0x000000008b000000, 0x000000008b000000, 0x000000008b100000|  0%| F|  |TAMS 0x000000008b000000, 0x000000008b000000| Untracked 
| 177|0x000000008b100000, 0x000000008b100000, 0x000000008b200000|  0%| F|  |TAMS 0x000000008b100000, 0x000000008b100000| Untracked 
| 178|0x000000008b200000, 0x000000008b200000, 0x000000008b300000|  0%| F|  |TAMS 0x000000008b200000, 0x000000008b200000| Untracked 
| 179|0x000000008b300000, 0x000000008b300000, 0x000000008b400000|  0%| F|  |TAMS 0x000000008b300000, 0x000000008b300000| Untracked 
| 180|0x000000008b400000, 0x000000008b400000, 0x000000008b500000|  0%| F|  |TAMS 0x000000008b400000, 0x000000008b400000| Untracked 
| 181|0x000000008b500000, 0x000000008b500000, 0x000000008b600000|  0%| F|  |TAMS 0x000000008b500000, 0x000000008b500000| Untracked 
| 182|0x000000008b600000, 0x000000008b600000, 0x000000008b700000|  0%| F|  |TAMS 0x000000008b600000, 0x000000008b600000| Untracked 
| 183|0x000000008b700000, 0x000000008b700000, 0x000000008b800000|  0%| F|  |TAMS 0x000000008b700000, 0x000000008b700000| Untracked 
| 184|0x000000008b800000, 0x000000008b800000, 0x000000008b900000|  0%| F|  |TAMS 0x000000008b800000, 0x000000008b800000| Untracked 
| 185|0x000000008b900000, 0x000000008b900000, 0x000000008ba00000|  0%| F|  |TAMS 0x000000008b900000, 0x000000008b900000| Untracked 
| 186|0x000000008ba00000, 0x000000008ba00000, 0x000000008bb00000|  0%| F|  |TAMS 0x000000008ba00000, 0x000000008ba00000| Untracked 
| 187|0x000000008bb00000, 0x000000008bb00000, 0x000000008bc00000|  0%| F|  |TAMS 0x000000008bb00000, 0x000000008bb00000| Untracked 
| 188|0x000000008bc00000, 0x000000008bc00000, 0x000000008bd00000|  0%| F|  |TAMS 0x000000008bc00000, 0x000000008bc00000| Untracked 
| 189|0x000000008bd00000, 0x000000008bd00000, 0x000000008be00000|  0%| F|  |TAMS 0x000000008bd00000, 0x000000008bd00000| Untracked 
| 190|0x000000008be00000, 0x000000008be00000, 0x000000008bf00000|  0%| F|  |TAMS 0x000000008be00000, 0x000000008be00000| Untracked 
| 191|0x000000008bf00000, 0x000000008bf00000, 0x000000008c000000|  0%| F|  |TAMS 0x000000008bf00000, 0x000000008bf00000| Untracked 
| 192|0x000000008c000000, 0x000000008c000000, 0x000000008c100000|  0%| F|  |TAMS 0x000000008c000000, 0x000000008c000000| Untracked 
| 193|0x000000008c100000, 0x000000008c100000, 0x000000008c200000|  0%| F|  |TAMS 0x000000008c100000, 0x000000008c100000| Untracked 
| 194|0x000000008c200000, 0x000000008c200000, 0x000000008c300000|  0%| F|  |TAMS 0x000000008c200000, 0x000000008c200000| Untracked 
| 195|0x000000008c300000, 0x000000008c300000, 0x000000008c400000|  0%| F|  |TAMS 0x000000008c300000, 0x000000008c300000| Untracked 
| 196|0x000000008c400000, 0x000000008c400000, 0x000000008c500000|  0%| F|  |TAMS 0x000000008c400000, 0x000000008c400000| Untracked 
| 197|0x000000008c500000, 0x000000008c500000, 0x000000008c600000|  0%| F|  |TAMS 0x000000008c500000, 0x000000008c500000| Untracked 
| 198|0x000000008c600000, 0x000000008c600000, 0x000000008c700000|  0%| F|  |TAMS 0x000000008c600000, 0x000000008c600000| Untracked 
| 199|0x000000008c700000, 0x000000008c700000, 0x000000008c800000|  0%| F|  |TAMS 0x000000008c700000, 0x000000008c700000| Untracked 
| 200|0x000000008c800000, 0x000000008c800000, 0x000000008c900000|  0%| F|  |TAMS 0x000000008c800000, 0x000000008c800000| Untracked 
| 201|0x000000008c900000, 0x000000008c900000, 0x000000008ca00000|  0%| F|  |TAMS 0x000000008c900000, 0x000000008c900000| Untracked 
| 202|0x000000008ca00000, 0x000000008ca00000, 0x000000008cb00000|  0%| F|  |TAMS 0x000000008ca00000, 0x000000008ca00000| Untracked 
| 203|0x000000008cb00000, 0x000000008cb80800, 0x000000008cc00000| 50%| E|  |TAMS 0x000000008cb00000, 0x000000008cb00000| Complete 
| 204|0x000000008cc00000, 0x000000008cd00000, 0x000000008cd00000|100%| E|CS|TAMS 0x000000008cc00000, 0x000000008cc00000| Complete 
| 205|0x000000008cd00000, 0x000000008ce00000, 0x000000008ce00000|100%| E|CS|TAMS 0x000000008cd00000, 0x000000008cd00000| Complete 
| 206|0x000000008ce00000, 0x000000008cf00000, 0x000000008cf00000|100%| E|CS|TAMS 0x000000008ce00000, 0x000000008ce00000| Complete 
| 207|0x000000008cf00000, 0x000000008d000000, 0x000000008d000000|100%| E|CS|TAMS 0x000000008cf00000, 0x000000008cf00000| Complete 
| 208|0x000000008d000000, 0x000000008d100000, 0x000000008d100000|100%| E|CS|TAMS 0x000000008d000000, 0x000000008d000000| Complete 
| 209|0x000000008d100000, 0x000000008d200000, 0x000000008d200000|100%| E|CS|TAMS 0x000000008d100000, 0x000000008d100000| Complete 
| 210|0x000000008d200000, 0x000000008d300000, 0x000000008d300000|100%| E|CS|TAMS 0x000000008d200000, 0x000000008d200000| Complete 
| 211|0x000000008d300000, 0x000000008d400000, 0x000000008d400000|100%| E|CS|TAMS 0x000000008d300000, 0x000000008d300000| Complete 
| 212|0x000000008d400000, 0x000000008d500000, 0x000000008d500000|100%| E|CS|TAMS 0x000000008d400000, 0x000000008d400000| Complete 
| 213|0x000000008d500000, 0x000000008d600000, 0x000000008d600000|100%| E|CS|TAMS 0x000000008d500000, 0x000000008d500000| Complete 
| 214|0x000000008d600000, 0x000000008d700000, 0x000000008d700000|100%| E|CS|TAMS 0x000000008d600000, 0x000000008d600000| Complete 
| 215|0x000000008d700000, 0x000000008d800000, 0x000000008d800000|100%| E|CS|TAMS 0x000000008d700000, 0x000000008d700000| Complete 
| 216|0x000000008d800000, 0x000000008d900000, 0x000000008d900000|100%| E|CS|TAMS 0x000000008d800000, 0x000000008d800000| Complete 
| 217|0x000000008d900000, 0x000000008da00000, 0x000000008da00000|100%| E|CS|TAMS 0x000000008d900000, 0x000000008d900000| Complete 
| 218|0x000000008da00000, 0x000000008db00000, 0x000000008db00000|100%| S|CS|TAMS 0x000000008da00000, 0x000000008da00000| Complete 
| 219|0x000000008db00000, 0x000000008dc00000, 0x000000008dc00000|100%| E|CS|TAMS 0x000000008db00000, 0x000000008db00000| Complete 

Card table byte_map: [0x000001bf77840000,0x000001bf77c40000] _byte_map_base: 0x000001bf77440000

Marking Bits (Prev, Next): (CMBitMap*) 0x000001bf73fc6a40, (CMBitMap*) 0x000001bf73fc6a80
 Prev Bits: [0x000001bf78040000, 0x000001bf7a040000)
 Next Bits: [0x000001bf7a040000, 0x000001bf7c040000)

Polling page: 0x000001bf71e50000

Metaspace:

Usage:
  Non-class:     54.78 MB used.
      Class:      8.47 MB used.
       Both:     63.25 MB used.

Virtual space:
  Non-class space:       56.00 MB reserved,      55.19 MB ( 99%) committed,  7 nodes.
      Class space:        1.00 GB reserved,       8.81 MB ( <1%) committed,  1 nodes.
             Both:        1.05 GB reserved,      64.00 MB (  6%) committed. 

Chunk freelists:
   Non-Class:  496.00 KB
       Class:  3.05 MB
        Both:  3.53 MB

MaxMetaspaceSize: unlimited
CompressedClassSpaceSize: 1.00 GB
Initial GC threshold: 21.00 MB
Current GC threshold: 88.38 MB
CDS: off
MetaspaceReclaimPolicy: balanced
 - commit_granule_bytes: 65536.
 - commit_granule_words: 8192.
 - virtual_space_node_default_size: 1048576.
 - enlarge_chunks_in_place: 1.
 - new_chunks_are_fully_committed: 0.
 - uncommit_free_chunks: 1.
 - use_allocation_guard: 0.
 - handle_deallocations: 1.


Internal statistics:

num_allocs_failed_limit: 3.
num_arena_births: 788.
num_arena_deaths: 0.
num_vsnodes_births: 8.
num_vsnodes_deaths: 0.
num_space_committed: 1024.
num_space_uncommitted: 0.
num_chunks_returned_to_freelist: 3.
num_chunks_taken_from_freelist: 3017.
num_chunk_merges: 3.
num_chunk_splits: 1983.
num_chunks_enlarged: 1299.
num_purges: 0.
num_inconsistent_stats: 0.

CodeHeap 'non-profiled nmethods': size=120000Kb used=3102Kb max_used=3483Kb free=116897Kb
 bounds [0x000001bf07ad0000, 0x000001bf07e40000, 0x000001bf0f000000]
CodeHeap 'profiled nmethods': size=120000Kb used=11415Kb max_used=11833Kb free=108584Kb
 bounds [0x000001bf00000000, 0x000001bf00ba0000, 0x000001bf07530000]
CodeHeap 'non-nmethods': size=5760Kb used=2349Kb max_used=2417Kb free=3410Kb
 bounds [0x000001bf07530000, 0x000001bf077a0000, 0x000001bf07ad0000]
 total_blobs=6586 nmethods=5711 adapters=786
 compilation: enabled
              stopped_count=0, restarted_count=0
 full_count=0

Compilation events (20 events):
Event: 10.873 Thread 0x000001bf7f00c150 nmethod 6486 0x000001bf07bd6410 code [0x000001bf07bd6580, 0x000001bf07bd65f8]
Event: 10.873 Thread 0x000001bf7f00c150 6439       4       com.google.common.reflect.TypeResolver$TypeVariableKey::hashCode (32 bytes)
Event: 10.875 Thread 0x000001bf7f00ca50 6508       3       com.sun.jmx.mbeanserver.MXBeanIntrospector::originalTypeString (20 bytes)
Event: 10.876 Thread 0x000001bf7f00ca50 nmethod 6508 0x000001bf00097590 code [0x000001bf00097760, 0x000001bf00097bb8]
Event: 10.876 Thread 0x000001bf7f00ca50 6509       3       javax.management.StandardMBean::getDescription (11 bytes)
Event: 10.876 Thread 0x000001bf7f00ca50 nmethod 6509 0x000001bf00126d90 code [0x000001bf00126f40, 0x000001bf00127158]
Event: 10.880 Thread 0x000001bf7f00c150 nmethod 6439 0x000001bf07b46610 code [0x000001bf07b467c0, 0x000001bf07b46cc8]
Event: 10.881 Thread 0x000001bf7f00c150 6510       4       java.lang.PublicMethods::merge (81 bytes)
Event: 10.881 Thread 0x000001bf7f00ca50 6511       3       javax.management.ImmutableDescriptor::union (308 bytes)
Event: 10.883 Thread 0x000001bf7f00ca50 nmethod 6511 0x000001bf00517510 code [0x000001bf00517880, 0x000001bf00519408]
Event: 10.883 Thread 0x000001bf7f00ca50 6513       3       javax.management.MBeanFeatureInfo::<init> (20 bytes)
Event: 10.883 Thread 0x000001bf7f00ca50 nmethod 6513 0x000001bf00096e10 code [0x000001bf00096fc0, 0x000001bf00097238]
Event: 10.884 Thread 0x000001bf7f00ca50 6514       3       java.lang.reflect.Executable::getDeclaredAnnotations (8 bytes)
Event: 10.884 Thread 0x000001bf7f00ca50 nmethod 6514 0x000001bf00516d90 code [0x000001bf00516f60, 0x000001bf005173a8]
Event: 10.907 Thread 0x000001bf7f00ca50 6515       3       java.lang.Byte::<init> (10 bytes)
Event: 10.907 Thread 0x000001bf7f00ca50 nmethod 6515 0x000001bf00516910 code [0x000001bf00516ac0, 0x000001bf00516c98]
Event: 10.953 Thread 0x000001bf7f00ca50 6516       3       java.util.concurrent.ConcurrentSkipListMap::cpr (26 bytes)
Event: 10.953 Thread 0x000001bf7f00ca50 nmethod 6516 0x000001bf0000d710 code [0x000001bf0000d8e0, 0x000001bf0000dcd8]
Event: 10.953 Thread 0x000001bf7f00ca50 6517       3       org.gradle.internal.serialize.DefaultSerializerRegistry$1::compare (13 bytes)
Event: 10.954 Thread 0x000001bf7f00ca50 nmethod 6517 0x000001bf0000cd90 code [0x000001bf0000cf80, 0x000001bf0000d528]

GC Heap History (20 events):
Event: 4.378 GC heap before
{Heap before GC invocations=10 (full 0):
 garbage-first heap   total 81920K, used 56041K [0x0000000080000000, 0x0000000100000000)
  region size 1024K, 11 young (11264K), 1 survivors (1024K)
 Metaspace       used 30677K, committed 31040K, reserved 1081344K
  class space    used 4180K, committed 4352K, reserved 1048576K
}
Event: 4.381 GC heap after
{Heap after GC invocations=11 (full 0):
 garbage-first heap   total 81920K, used 48444K [0x0000000080000000, 0x0000000100000000)
  region size 1024K, 2 young (2048K), 2 survivors (2048K)
 Metaspace       used 30677K, committed 31040K, reserved 1081344K
  class space    used 4180K, committed 4352K, reserved 1048576K
}
Event: 4.420 GC heap before
{Heap before GC invocations=11 (full 0):
 garbage-first heap   total 81920K, used 49468K [0x0000000080000000, 0x0000000100000000)
  region size 1024K, 4 young (4096K), 2 survivors (2048K)
 Metaspace       used 30878K, committed 31232K, reserved 1081344K
  class space    used 4215K, committed 4416K, reserved 1048576K
}
Event: 4.424 GC heap after
{Heap after GC invocations=12 (full 0):
 garbage-first heap   total 121856K, used 48013K [0x0000000080000000, 0x0000000100000000)
  region size 1024K, 1 young (1024K), 1 survivors (1024K)
 Metaspace       used 30878K, committed 31232K, reserved 1081344K
  class space    used 4215K, committed 4416K, reserved 1048576K
}
Event: 5.562 GC heap before
{Heap before GC invocations=12 (full 0):
 garbage-first heap   total 121856K, used 87949K [0x0000000080000000, 0x0000000100000000)
  region size 1024K, 40 young (40960K), 1 survivors (1024K)
 Metaspace       used 37383K, committed 37824K, reserved 1089536K
  class space    used 5139K, committed 5376K, reserved 1048576K
}
Event: 5.567 GC heap after
{Heap after GC invocations=13 (full 0):
 garbage-first heap   total 121856K, used 50448K [0x0000000080000000, 0x0000000100000000)
  region size 1024K, 3 young (3072K), 3 survivors (3072K)
 Metaspace       used 37383K, committed 37824K, reserved 1089536K
  class space    used 5139K, committed 5376K, reserved 1048576K
}
Event: 6.456 GC heap before
{Heap before GC invocations=13 (full 0):
 garbage-first heap   total 121856K, used 94480K [0x0000000080000000, 0x0000000100000000)
  region size 1024K, 44 young (45056K), 3 survivors (3072K)
 Metaspace       used 43910K, committed 44288K, reserved 1089536K
  class space    used 5750K, committed 5952K, reserved 1048576K
}
Event: 6.466 GC heap after
{Heap after GC invocations=14 (full 0):
 garbage-first heap   total 121856K, used 55036K [0x0000000080000000, 0x0000000100000000)
  region size 1024K, 6 young (6144K), 6 survivors (6144K)
 Metaspace       used 43910K, committed 44288K, reserved 1089536K
  class space    used 5750K, committed 5952K, reserved 1048576K
}
Event: 7.091 GC heap before
{Heap before GC invocations=14 (full 0):
 garbage-first heap   total 121856K, used 82684K [0x0000000080000000, 0x0000000100000000)
  region size 1024K, 32 young (32768K), 6 survivors (6144K)
 Metaspace       used 46730K, committed 47168K, reserved 1097728K
  class space    used 6196K, committed 6400K, reserved 1048576K
}
Event: 7.101 GC heap after
{Heap after GC invocations=15 (full 0):
 garbage-first heap   total 121856K, used 61196K [0x0000000080000000, 0x0000000100000000)
  region size 1024K, 3 young (3072K), 3 survivors (3072K)
 Metaspace       used 46730K, committed 47168K, reserved 1097728K
  class space    used 6196K, committed 6400K, reserved 1048576K
}
Event: 7.752 GC heap before
{Heap before GC invocations=16 (full 0):
 garbage-first heap   total 121856K, used 99084K [0x0000000080000000, 0x0000000100000000)
  region size 1024K, 37 young (37888K), 3 survivors (3072K)
 Metaspace       used 49703K, committed 50176K, reserved 1097728K
  class space    used 6513K, committed 6720K, reserved 1048576K
}
Event: 7.764 GC heap after
{Heap after GC invocations=17 (full 0):
 garbage-first heap   total 121856K, used 67242K [0x0000000080000000, 0x0000000100000000)
  region size 1024K, 3 young (3072K), 3 survivors (3072K)
 Metaspace       used 49703K, committed 50176K, reserved 1097728K
  class space    used 6513K, committed 6720K, reserved 1048576K
}
Event: 7.806 GC heap before
{Heap before GC invocations=17 (full 0):
 garbage-first heap   total 121856K, used 69290K [0x0000000080000000, 0x0000000100000000)
  region size 1024K, 5 young (5120K), 3 survivors (3072K)
 Metaspace       used 49795K, committed 50304K, reserved 1097728K
  class space    used 6525K, committed 6720K, reserved 1048576K
}
Event: 7.815 GC heap after
{Heap after GC invocations=18 (full 0):
 garbage-first heap   total 121856K, used 67097K [0x0000000080000000, 0x0000000100000000)
  region size 1024K, 1 young (1024K), 1 survivors (1024K)
 Metaspace       used 49795K, committed 50304K, reserved 1097728K
  class space    used 6525K, committed 6720K, reserved 1048576K
}
Event: 8.542 GC heap before
{Heap before GC invocations=18 (full 0):
 garbage-first heap   total 121856K, used 97817K [0x0000000080000000, 0x0000000100000000)
  region size 1024K, 31 young (31744K), 1 survivors (1024K)
 Metaspace       used 53440K, committed 54080K, reserved 1097728K
  class space    used 7174K, committed 7488K, reserved 1048576K
}
Event: 8.548 GC heap after
{Heap after GC invocations=19 (full 0):
 garbage-first heap   total 225280K, used 69140K [0x0000000080000000, 0x0000000100000000)
  region size 1024K, 3 young (3072K), 3 survivors (3072K)
 Metaspace       used 53440K, committed 54080K, reserved 1097728K
  class space    used 7174K, committed 7488K, reserved 1048576K
}
Event: 10.442 GC heap before
{Heap before GC invocations=20 (full 0):
 garbage-first heap   total 225280K, used 162324K [0x0000000080000000, 0x0000000100000000)
  region size 1024K, 91 young (93184K), 3 survivors (3072K)
 Metaspace       used 62014K, committed 62528K, reserved 1105920K
  class space    used 8280K, committed 8512K, reserved 1048576K
}
Event: 10.455 GC heap after
{Heap after GC invocations=21 (full 0):
 garbage-first heap   total 225280K, used 80413K [0x0000000080000000, 0x0000000100000000)
  region size 1024K, 11 young (11264K), 11 survivors (11264K)
 Metaspace       used 62014K, committed 62528K, reserved 1105920K
  class space    used 8280K, committed 8512K, reserved 1048576K
}
Event: 10.481 GC heap before
{Heap before GC invocations=21 (full 0):
 garbage-first heap   total 225280K, used 81437K [0x0000000080000000, 0x0000000100000000)
  region size 1024K, 12 young (12288K), 11 survivors (11264K)
 Metaspace       used 62133K, committed 62720K, reserved 1105920K
  class space    used 8298K, committed 8576K, reserved 1048576K
}
Event: 10.491 GC heap after
{Heap after GC invocations=22 (full 0):
 garbage-first heap   total 225280K, used 80896K [0x0000000080000000, 0x0000000100000000)
  region size 1024K, 1 young (1024K), 1 survivors (1024K)
 Metaspace       used 62133K, committed 62720K, reserved 1105920K
  class space    used 8298K, committed 8576K, reserved 1048576K
}

Dll operation events (2 events):
Event: 0.007 Loaded shared library E:\Andriod Studio\jbr\bin\java.dll
Event: 0.537 Loaded shared library E:\Andriod Studio\jbr\bin\verify.dll

Deoptimization events (20 events):
Event: 10.791 Thread 0x000001bf510def10 Uncommon trap: trap_request=0xffffff76 fr.pc=0x000001bf07d4bb54 relative=0x00000000000002f4
Event: 10.791 Thread 0x000001bf510def10 Uncommon trap: reason=predicate action=maybe_recompile pc=0x000001bf07d4bb54 method=java.util.Arrays.binarySearch0([Ljava/lang/Object;IILjava/lang/Object;Ljava/util/Comparator;)I @ 25 c2
Event: 10.791 Thread 0x000001bf510def10 DEOPT PACKING pc=0x000001bf07d4bb54 sp=0x00000001023f3180
Event: 10.791 Thread 0x000001bf510def10 DEOPT UNPACKING pc=0x000001bf075869a3 sp=0x00000001023f30a0 mode 2
Event: 10.791 Thread 0x000001bf510def10 Uncommon trap: trap_request=0xffffff76 fr.pc=0x000001bf07d4b0dc relative=0x00000000000002fc
Event: 10.791 Thread 0x000001bf510def10 Uncommon trap: reason=predicate action=maybe_recompile pc=0x000001bf07d4b0dc method=java.util.Arrays.binarySearch0([Ljava/lang/Object;IILjava/lang/Object;Ljava/util/Comparator;)I @ 25 c2
Event: 10.791 Thread 0x000001bf510def10 DEOPT PACKING pc=0x000001bf07d4b0dc sp=0x00000001023f3100
Event: 10.791 Thread 0x000001bf510def10 DEOPT UNPACKING pc=0x000001bf075869a3 sp=0x00000001023f30a0 mode 2
Event: 10.828 Thread 0x000001bf510def10 Uncommon trap: trap_request=0xffffff45 fr.pc=0x000001bf07d0bf1c relative=0x000000000000007c
Event: 10.828 Thread 0x000001bf510def10 Uncommon trap: reason=unstable_if action=reinterpret pc=0x000001bf07d0bf1c method=java.util.Spliterator.getExactSizeIfKnown()J @ 9 c2
Event: 10.828 Thread 0x000001bf510def10 DEOPT PACKING pc=0x000001bf07d0bf1c sp=0x00000001023f2910
Event: 10.828 Thread 0x000001bf510def10 DEOPT UNPACKING pc=0x000001bf075869a3 sp=0x00000001023f28a8 mode 2
Event: 10.888 Thread 0x000001bf510def10 Uncommon trap: trap_request=0xffffff45 fr.pc=0x000001bf07cb4898 relative=0x00000000000001f8
Event: 10.888 Thread 0x000001bf510def10 Uncommon trap: reason=unstable_if action=reinterpret pc=0x000001bf07cb4898 method=java.security.SecureClassLoader$CodeSourceKey.hashCode()I @ 9 c2
Event: 10.888 Thread 0x000001bf510def10 DEOPT PACKING pc=0x000001bf07cb4898 sp=0x00000001023f2220
Event: 10.888 Thread 0x000001bf510def10 DEOPT UNPACKING pc=0x000001bf075869a3 sp=0x00000001023f21b0 mode 2
Event: 10.888 Thread 0x000001bf510def10 Uncommon trap: trap_request=0xffffff45 fr.pc=0x000001bf07ceac30 relative=0x0000000000002b70
Event: 10.888 Thread 0x000001bf510def10 Uncommon trap: reason=unstable_if action=reinterpret pc=0x000001bf07ceac30 method=java.lang.ClassLoader.defineClassSourceLocation(Ljava/security/ProtectionDomain;)Ljava/lang/String; @ 15 c2
Event: 10.888 Thread 0x000001bf510def10 DEOPT PACKING pc=0x000001bf07ceac30 sp=0x00000001023f23a0
Event: 10.888 Thread 0x000001bf510def10 DEOPT UNPACKING pc=0x000001bf075869a3 sp=0x00000001023f22d0 mode 2

Classes unloaded (0 events):
No events

Classes redefined (0 events):
No events

Internal exceptions (20 events):
Event: 8.137 Thread 0x000001bf510def10 Exception <a 'java/lang/ClassNotFoundException'{0x0000000086840568}: org/jetbrains/plugins/gradle/model/web/WebConfigurationCustomizer> (0x0000000086840568) 
thrown [s\src\hotspot\share\classfile\systemDictionary.cpp, line 256]
Event: 8.140 Thread 0x000001bf510def10 Exception <a 'java/lang/ClassNotFoundException'{0x000000008685e7f8}: org/jetbrains/plugins/gradle/model/scala/ScalaModelBeanInfo> (0x000000008685e7f8) 
thrown [s\src\hotspot\share\classfile\systemDictionary.cpp, line 256]
Event: 8.140 Thread 0x000001bf510def10 Exception <a 'java/lang/ClassNotFoundException'{0x0000000086866b00}: org/jetbrains/plugins/gradle/model/scala/ScalaModelCustomizer> (0x0000000086866b00) 
thrown [s\src\hotspot\share\classfile\systemDictionary.cpp, line 256]
Event: 8.144 Thread 0x000001bf510def10 Exception <a 'java/lang/ClassNotFoundException'{0x00000000868973d0}: org/jetbrains/plugins/gradle/model/DependencyAccessorsModelBeanInfo> (0x00000000868973d0) 
thrown [s\src\hotspot\share\classfile\systemDictionary.cpp, line 256]
Event: 8.145 Thread 0x000001bf510def10 Exception <a 'java/lang/ClassNotFoundException'{0x000000008689f780}: org/jetbrains/plugins/gradle/model/DependencyAccessorsModelCustomizer> (0x000000008689f780) 
thrown [s\src\hotspot\share\classfile\systemDictionary.cpp, line 256]
Event: 8.307 Thread 0x000001bf510def10 Exception <a 'java/lang/ClassNotFoundException'{0x00000000861e0db8}: org/gradle/api/internal/project/DefaultProject_DecoratedBeanInfo> (0x00000000861e0db8) 
thrown [s\src\hotspot\share\classfile\systemDictionary.cpp, line 256]
Event: 8.308 Thread 0x000001bf510def10 Exception <a 'java/lang/ClassNotFoundException'{0x00000000861ed910}: org/gradle/api/internal/project/DefaultProjectBeanInfo> (0x00000000861ed910) 
thrown [s\src\hotspot\share\classfile\systemDictionary.cpp, line 256]
Event: 8.308 Thread 0x000001bf510def10 Exception <a 'java/lang/ClassNotFoundException'{0x00000000861fa470}: org/gradle/api/internal/project/DefaultProjectCustomizer> (0x00000000861fa470) 
thrown [s\src\hotspot\share\classfile\systemDictionary.cpp, line 256]
Event: 8.324 Thread 0x000001bf510def10 Exception <a 'java/lang/ClassNotFoundException'{0x00000000860a3c70}: org/gradle/api/internal/project/DefaultProject_DecoratedCustomizer> (0x00000000860a3c70) 
thrown [s\src\hotspot\share\classfile\systemDictionary.cpp, line 256]
Event: 8.995 Thread 0x000001bf510def10 Exception <a 'java/lang/NoSuchMethodError'{0x000000008cd46ae0}: 'java.lang.Object java.lang.invoke.DirectMethodHandle$Holder.newInvokeSpecial(java.lang.Object, java.lang.Object, java.lang.Object, java.lang.Object, java.lang.Object, int)'> (0x000000008cd46ae0) 
thrown [s\src\hotspot\share\interpreter\linkResolver.cpp, line 771]
Event: 8.996 Thread 0x000001bf510def10 Exception <a 'java/lang/NoSuchMethodError'{0x000000008cd4c138}: 'java.lang.Object java.lang.invoke.DirectMethodHandle$Holder.invokeSpecial(java.lang.Object, java.lang.Object, java.lang.Object, java.lang.Object, java.lang.Object, java.lang.Object, int)'> (0x000000008cd4c138) 
thrown [s\src\hotspot\share\interpreter\linkResolver.cpp, line 771]
Event: 9.011 Thread 0x000001bf510def10 Exception <a 'java/lang/NoSuchMethodError'{0x000000008cdea1e8}: 'void java.lang.invoke.DirectMethodHandle$Holder.invokeStatic(java.lang.Object, java.lang.Object, java.lang.Object, int, java.lang.Object)'> (0x000000008cdea1e8) 
thrown [s\src\hotspot\share\interpreter\linkResolver.cpp, line 771]
Event: 9.603 Thread 0x000001bf510def10 Implicit null exception at 0x000001bf07e0570f to 0x000001bf07e05e64
Event: 9.603 Thread 0x000001bf510def10 Implicit null exception at 0x000001bf07e08194 to 0x000001bf07e08874
Event: 9.827 Thread 0x000001bf510def10 Exception <a 'java/lang/NoSuchMethodError'{0x0000000089d714e0}: 'java.lang.Object java.lang.invoke.DirectMethodHandle$Holder.newInvokeSpecial(java.lang.Object, java.lang.Object, java.lang.Object, java.lang.Object, int)'> (0x0000000089d714e0) 
thrown [s\src\hotspot\share\interpreter\linkResolver.cpp, line 771]
Event: 9.827 Thread 0x000001bf510def10 Exception <a 'java/lang/NoSuchMethodError'{0x0000000089d76928}: 'java.lang.Object java.lang.invoke.DirectMethodHandle$Holder.invokeSpecial(java.lang.Object, java.lang.Object, java.lang.Object, java.lang.Object, java.lang.Object, int)'> (0x0000000089d76928) 
thrown [s\src\hotspot\share\interpreter\linkResolver.cpp, line 771]
Event: 9.827 Thread 0x000001bf510def10 Exception <a 'java/lang/NoSuchMethodError'{0x0000000089d7b6a8}: 'java.lang.Object java.lang.invoke.Invokers$Holder.linkToTargetMethod(java.lang.Object, java.lang.Object, java.lang.Object, int, java.lang.Object)'> (0x0000000089d7b6a8) 
thrown [s\src\hotspot\share\interpreter\linkResolver.cpp, line 771]
Event: 10.127 Thread 0x000001bf510def10 Exception <a 'java/lang/NoSuchMethodError'{0x000000008904de28}: 'int java.lang.invoke.DirectMethodHandle$Holder.invokeInterface(java.lang.Object, java.lang.Object, java.lang.Object, java.lang.Object)'> (0x000000008904de28) 
thrown [s\src\hotspot\share\interpreter\linkResolver.cpp, line 771]
Event: 10.774 Thread 0x000001bf510def10 Exception <a 'java/lang/IncompatibleClassChangeError'{0x000000008d076788}: Found class java.lang.Object, but interface was expected> (0x000000008d076788) 
thrown [s\src\hotspot\share\interpreter\linkResolver.cpp, line 838]
Event: 10.888 Thread 0x000001bf510def10 Implicit null exception at 0x000001bf07cb46e0 to 0x000001bf07cb4888

VM Operations (20 events):
Event: 9.291 Executing VM operation: ICBufferFull
Event: 9.291 Executing VM operation: ICBufferFull done
Event: 9.383 Executing VM operation: HandshakeAllThreads
Event: 9.435 Executing VM operation: HandshakeAllThreads done
Event: 9.458 Executing VM operation: HandshakeAllThreads
Event: 9.459 Executing VM operation: HandshakeAllThreads done
Event: 9.479 Executing VM operation: HandshakeAllThreads
Event: 9.498 Executing VM operation: HandshakeAllThreads done
Event: 9.523 Executing VM operation: ICBufferFull
Event: 9.523 Executing VM operation: ICBufferFull done
Event: 9.965 Executing VM operation: ICBufferFull
Event: 9.965 Executing VM operation: ICBufferFull done
Event: 10.116 Executing VM operation: HandshakeAllThreads
Event: 10.116 Executing VM operation: HandshakeAllThreads done
Event: 10.126 Executing VM operation: HandshakeAllThreads
Event: 10.126 Executing VM operation: HandshakeAllThreads done
Event: 10.442 Executing VM operation: G1CollectForAllocation
Event: 10.455 Executing VM operation: G1CollectForAllocation done
Event: 10.481 Executing VM operation: G1CollectForAllocation
Event: 10.491 Executing VM operation: G1CollectForAllocation done

Events (20 events):
Event: 10.885 loading class javax/management/NotificationListener done
Event: 10.885 loading class javax/management/NotificationFilter
Event: 10.885 loading class javax/management/NotificationFilter done
Event: 10.885 loading class javax/management/ListenerNotFoundException
Event: 10.885 loading class javax/management/ListenerNotFoundException done
Event: 10.885 loading class jdk/jfr/Recording
Event: 10.885 loading class jdk/jfr/Recording done
Event: 10.885 loading class jdk/jfr/FlightRecorder
Event: 10.885 loading class jdk/jfr/FlightRecorder done
Event: 10.885 loading class jdk/management/jfr/FlightRecorderMXBeanImpl$MXBeanListener
Event: 10.885 loading class jdk/jfr/FlightRecorderListener
Event: 10.885 loading class jdk/jfr/FlightRecorderListener done
Event: 10.885 loading class jdk/management/jfr/FlightRecorderMXBeanImpl$MXBeanListener done
Event: 10.887 loading class sun/reflect/misc/MethodUtil
Event: 10.887 loading class sun/reflect/misc/MethodUtil done
Event: 10.887 loading class sun/reflect/misc/MethodUtil$1
Event: 10.887 loading class sun/reflect/misc/MethodUtil$1 done
Event: 10.896 Thread 0x000001bf538713b0 Thread added: 0x000001bf538713b0
Event: 10.906 loading class java/lang/Byte$ByteCache
Event: 10.906 loading class java/lang/Byte$ByteCache done


Dynamic libraries:
0x00007ff611d40000 - 0x00007ff611d4a000 	E:\Andriod Studio\jbr\bin\java.exe
0x00007ffd9f690000 - 0x00007ffd9f888000 	C:\Windows\SYSTEM32\ntdll.dll
0x00007ffd9d790000 - 0x00007ffd9d84f000 	C:\Windows\System32\KERNEL32.DLL
0x00007ffd9d2c0000 - 0x00007ffd9d5b6000 	C:\Windows\System32\KERNELBASE.dll
0x00007ffd9d5c0000 - 0x00007ffd9d6c0000 	C:\Windows\System32\ucrtbase.dll
0x00007ffd8f6d0000 - 0x00007ffd8f6e7000 	E:\Andriod Studio\jbr\bin\jli.dll
0x00007ffd94850000 - 0x00007ffd9486b000 	E:\Andriod Studio\jbr\bin\VCRUNTIME140.dll
0x00007ffd9e1d0000 - 0x00007ffd9e36d000 	C:\Windows\System32\USER32.dll
0x00007ffd8c650000 - 0x00007ffd8c8ea000 	C:\Windows\WinSxS\amd64_microsoft.windows.common-controls_6595b64144ccf1df_6.0.19041.1110_none_60b5254171f9507e\COMCTL32.dll
0x00007ffd9d6c0000 - 0x00007ffd9d6e2000 	C:\Windows\System32\win32u.dll
0x00007ffd9db50000 - 0x00007ffd9dbee000 	C:\Windows\System32\msvcrt.dll
0x00007ffd9e160000 - 0x00007ffd9e18c000 	C:\Windows\System32\GDI32.dll
0x00007ffd9d170000 - 0x00007ffd9d285000 	C:\Windows\System32\gdi32full.dll
0x00007ffd9cd70000 - 0x00007ffd9ce0d000 	C:\Windows\System32\msvcp_win.dll
0x00007ffd9e190000 - 0x00007ffd9e1c0000 	C:\Windows\System32\IMM32.DLL
0x00007ffd97370000 - 0x00007ffd9737c000 	E:\Andriod Studio\jbr\bin\vcruntime140_1.dll
0x00007ffd72590000 - 0x00007ffd7261d000 	E:\Andriod Studio\jbr\bin\msvcp140.dll
0x00007ffd52160000 - 0x00007ffd52dce000 	E:\Andriod Studio\jbr\bin\server\jvm.dll
0x00007ffd9ec80000 - 0x00007ffd9ed2f000 	C:\Windows\System32\ADVAPI32.dll
0x00007ffd9d6f0000 - 0x00007ffd9d78c000 	C:\Windows\System32\sechost.dll
0x00007ffd9f450000 - 0x00007ffd9f576000 	C:\Windows\System32\RPCRT4.dll
0x00007ffd8bf30000 - 0x00007ffd8bf39000 	C:\Windows\SYSTEM32\WSOCK32.dll
0x00007ffd8be50000 - 0x00007ffd8be77000 	C:\Windows\SYSTEM32\WINMM.dll
0x00007ffd9dc00000 - 0x00007ffd9dc6b000 	C:\Windows\System32\WS2_32.dll
0x00007ffd8cad0000 - 0x00007ffd8cada000 	C:\Windows\SYSTEM32\VERSION.dll
0x00007ffd9b5b0000 - 0x00007ffd9b5c2000 	C:\Windows\SYSTEM32\kernel.appcore.dll
0x00007ffd99700000 - 0x00007ffd9970a000 	E:\Andriod Studio\jbr\bin\jimage.dll
0x00007ffd9a8e0000 - 0x00007ffd9aac4000 	C:\Windows\SYSTEM32\DBGHELP.DLL
0x00007ffd8a3c0000 - 0x00007ffd8a3f4000 	C:\Windows\SYSTEM32\dbgcore.DLL
0x00007ffd9ce10000 - 0x00007ffd9ce92000 	C:\Windows\System32\bcryptPrimitives.dll
0x00007ffd8c0f0000 - 0x00007ffd8c115000 	E:\Andriod Studio\jbr\bin\java.dll
0x00007ffd98410000 - 0x00007ffd98428000 	E:\Andriod Studio\jbr\bin\zip.dll
0x00007ffd9e370000 - 0x00007ffd9eab4000 	C:\Windows\System32\SHELL32.dll
0x00007ffd9ae00000 - 0x00007ffd9b594000 	C:\Windows\SYSTEM32\windows.storage.dll
0x00007ffd9ed30000 - 0x00007ffd9f084000 	C:\Windows\System32\combase.dll
0x00007ffd9c6e0000 - 0x00007ffd9c70e000 	C:\Windows\SYSTEM32\Wldp.dll
0x00007ffd9d980000 - 0x00007ffd9da2d000 	C:\Windows\System32\SHCORE.dll
0x00007ffd9f310000 - 0x00007ffd9f365000 	C:\Windows\System32\shlwapi.dll
0x00007ffd9cca0000 - 0x00007ffd9ccc5000 	C:\Windows\SYSTEM32\profapi.dll
0x00007ffd916c0000 - 0x00007ffd916d9000 	E:\Andriod Studio\jbr\bin\net.dll
0x00007ffd8ff90000 - 0x00007ffd9009a000 	C:\Windows\SYSTEM32\WINHTTP.dll
0x00007ffd9c440000 - 0x00007ffd9c4aa000 	C:\Windows\system32\mswsock.dll
0x00007ffd8f910000 - 0x00007ffd8f926000 	E:\Andriod Studio\jbr\bin\nio.dll
0x00007ffd98390000 - 0x00007ffd983a0000 	E:\Andriod Studio\jbr\bin\verify.dll
0x00007ffd96fb0000 - 0x00007ffd96fd7000 	E:\jdk-19.0.1\native\68d5fa5c4cc2d200863cafc0d521ce42e7d3e7ee720ec0a83991735586a16f82\windows-amd64\native-platform.dll
0x00007ffd71fb0000 - 0x00007ffd720f4000 	E:\jdk-19.0.1\native\e376f236ea51e6404a007f0833ffe2c6e607c4080706a723a18a27aeea778392\windows-amd64\native-platform-file-events.dll
0x00007ffd99520000 - 0x00007ffd99529000 	E:\Andriod Studio\jbr\bin\management.dll
0x00007ffd99040000 - 0x00007ffd9904b000 	E:\Andriod Studio\jbr\bin\management_ext.dll
0x00007ffd9e1c0000 - 0x00007ffd9e1c8000 	C:\Windows\System32\PSAPI.DLL
0x00007ffd9c630000 - 0x00007ffd9c648000 	C:\Windows\SYSTEM32\CRYPTSP.dll
0x00007ffd9bd60000 - 0x00007ffd9bd94000 	C:\Windows\system32\rsaenh.dll
0x00007ffd9d290000 - 0x00007ffd9d2b7000 	C:\Windows\System32\bcrypt.dll
0x00007ffd9cc60000 - 0x00007ffd9cc8e000 	C:\Windows\SYSTEM32\USERENV.dll
0x00007ffd9c650000 - 0x00007ffd9c65c000 	C:\Windows\SYSTEM32\CRYPTBASE.dll
0x00007ffd9c130000 - 0x00007ffd9c16c000 	C:\Windows\SYSTEM32\IPHLPAPI.DLL
0x00007ffd9dbf0000 - 0x00007ffd9dbf8000 	C:\Windows\System32\NSI.dll
0x00007ffd93eb0000 - 0x00007ffd93ec7000 	C:\Windows\SYSTEM32\dhcpcsvc6.DLL
0x00007ffd93e90000 - 0x00007ffd93ead000 	C:\Windows\SYSTEM32\dhcpcsvc.DLL
0x00007ffd9c170000 - 0x00007ffd9c23a000 	C:\Windows\SYSTEM32\DNSAPI.dll
0x00007ffd8ad90000 - 0x00007ffd8ad97000 	C:\Windows\system32\wshunix.dll

dbghelp: loaded successfully - version: 4.0.5 - missing functions: none
symbol engine: initialized successfully - sym options: 0x614 - pdb path: .;E:\Andriod Studio\jbr\bin;C:\Windows\SYSTEM32;C:\Windows\WinSxS\amd64_microsoft.windows.common-controls_6595b64144ccf1df_6.0.19041.1110_none_60b5254171f9507e;E:\Andriod Studio\jbr\bin\server;E:\jdk-19.0.1\native\68d5fa5c4cc2d200863cafc0d521ce42e7d3e7ee720ec0a83991735586a16f82\windows-amd64;E:\jdk-19.0.1\native\e376f236ea51e6404a007f0833ffe2c6e607c4080706a723a18a27aeea778392\windows-amd64

VM Arguments:
jvm_args: --add-opens=java.base/java.util=ALL-UNNAMED --add-opens=java.base/java.lang=ALL-UNNAMED --add-opens=java.base/java.lang.invoke=ALL-UNNAMED --add-opens=java.prefs/java.util.prefs=ALL-UNNAMED --add-opens=java.base/java.nio.charset=ALL-UNNAMED --add-opens=java.base/java.net=ALL-UNNAMED --add-opens=java.base/java.util.concurrent.atomic=ALL-UNNAMED -Xmx2048m -Dfile.encoding=UTF-8 -Duser.country=AE -Duser.language=en -Duser.variant 
java_command: org.gradle.launcher.daemon.bootstrap.GradleDaemon 8.0
java_class_path (initial): E:\jdk-19.0.1\wrapper\dists\gradle-8.0-bin\ca5e32bp14vu59qr306oxotwh\gradle-8.0\lib\gradle-launcher-8.0.jar
Launcher Type: SUN_STANDARD

[Global flags]
     intx CICompilerCount                          = 3                                         {product} {ergonomic}
     uint ConcGCThreads                            = 1                                         {product} {ergonomic}
     uint G1ConcRefinementThreads                  = 4                                         {product} {ergonomic}
   size_t G1HeapRegionSize                         = 1048576                                   {product} {ergonomic}
    uintx GCDrainStackTargetSize                   = 64                                        {product} {ergonomic}
   size_t InitialHeapSize                          = 132120576                                 {product} {ergonomic}
   size_t MarkStackSize                            = 4194304                                   {product} {ergonomic}
   size_t MaxHeapSize                              = 2147483648                                {product} {command line}
   size_t MaxNewSize                               = 1287651328                                {product} {ergonomic}
   size_t MinHeapDeltaBytes                        = 1048576                                   {product} {ergonomic}
   size_t MinHeapSize                              = 8388608                                   {product} {ergonomic}
    uintx NonNMethodCodeHeapSize                   = 5832780                                {pd product} {ergonomic}
    uintx NonProfiledCodeHeapSize                  = 122912730                              {pd product} {ergonomic}
    uintx ProfiledCodeHeapSize                     = 122912730                              {pd product} {ergonomic}
    uintx ReservedCodeCacheSize                    = 251658240                              {pd product} {ergonomic}
     bool SegmentedCodeCache                       = true                                      {product} {ergonomic}
   size_t SoftMaxHeapSize                          = 2147483648                             {manageable} {ergonomic}
     bool UseCompressedClassPointers               = true                           {product lp64_product} {ergonomic}
     bool UseCompressedOops                        = true                           {product lp64_product} {ergonomic}
     bool UseG1GC                                  = true                                      {product} {ergonomic}
     bool UseLargePagesIndividualAllocation        = false                                  {pd product} {ergonomic}

Logging:
Log output configuration:
 #0: stdout all=warning uptime,level,tags
 #1: stderr all=off uptime,level,tags

Environment Variables:
JAVA_HOME=E:\jdk-19.0.1\lib
PATH=C:\Program Files\Common Files\Oracle\Java\javapath;C:\Program Files (x86)\Common Files\Oracle\Java\javapath;C:\Windows\system32;C:\Windows;C:\Windows\System32\Wbem;C:\Windows\System32\WindowsPowerShell\v1.0\;C:\Windows\System32\OpenSSH\;C:\Program Files\Git\cmd;E:\jdk-19.0.1\lib\bin;C:\Program Files\Gradle\gradle-8.0.2\bin;C:\Program Files\Graphviz\bin\dot.exe;C:\Program Files (x86)\Microsoft SQL Server\160\Tools\Binn\;C:\Program Files\Microsoft SQL Server\160\Tools\Binn\;C:\Program Files\Microsoft SQL Server\Client SDK\ODBC\170\Tools\Binn\;C:\Program Files\Microsoft SQL Server\160\DTS\Binn\;C:\Users\Dell\AppData\Local\Programs\Python\Python310\Scripts\;C:\Users\Dell\AppData\Local\Programs\Python\Python310\;C:\Users\Dell\AppData\Local\Microsoft\WindowsApps;E:\IntelliJ IDEA 2022.3\bin;;C:\Users\Dell\AppData\Local\Programs\Microsoft VS Code\bin;C:\Program Files\Graphviz\bin;C:\Program Files\Azure Data Studio\bin
USERNAME=Dell
OS=Windows_NT
PROCESSOR_IDENTIFIER=Intel64 Family 6 Model 142 Stepping 9, GenuineIntel
TMP=C:\Users\Dell\AppData\Local\Temp
TEMP=C:\Users\Dell\AppData\Local\Temp


JNI global refs:
JNI global refs: 25, weak refs: 1

JNI global refs memory usage: 843, weak refs: 841


---------------  S Y S T E M  ---------------

OS:
 Windows 10 , 64 bit Build 19041 (10.0.19041.3155)
OS uptime: 29 days 18:01 hours

CPU: total 4 (initial active 4) (2 cores per cpu, 2 threads per core) family 6 model 142 stepping 9 microcode 0xb4, cx8, cmov, fxsr, ht, mmx, 3dnowpref, sse, sse2, sse3, ssse3, sse4.1, sse4.2, popcnt, lzcnt, tsc, tscinvbit, avx, avx2, aes, erms, clmul, bmi1, bmi2, adx, fma, vzeroupper, clflush, clflushopt

Memory: 4k page, system-wide physical 8058M (657M free)
TotalPageFile size 20477M (AvailPageFile size 4M)
current process WorkingSet (physical memory assigned to process): 404M, peak: 406M
current process commit charge ("private bytes"): 445M, peak: 446M

vm_info: OpenJDK 64-Bit Server VM (17.0.6+0-b2043.56-10027231) for windows-amd64 JRE (17.0.6+0-b2043.56-10027231), built on Apr 28 2023 00:43:19 by "androidbuild" with MS VC++ 16.10 / 16.11 (VS2019)

END.
