#
# There is insufficient memory for the Java Runtime Environment to continue.
# Native memory allocation (mmap) failed to map 36700160 bytes for G1 virtual space
# Possible reasons:
#   The system is out of physical RAM or swap space
#   The process is running with CompressedOops enabled, and the Java Heap may be blocking the growth of the native heap
# Possible solutions:
#   Reduce memory load on the system
#   Increase physical memory or swap space
#   Check if swap backing store is full
#   Decrease Java heap size (-Xmx/-Xms)
#   Decrease number of Java threads
#   Decrease Java thread stack sizes (-Xss)
#   Set larger code cache with -XX:ReservedCodeCacheSize=
#   JVM is running with Unscaled Compressed Oops mode in which the Java heap is
#     placed in the first 4GB address space. The Java Heap base address is the
#     maximum limit for the native heap growth. Please use -XX:HeapBaseMinAddress
#     to set the Java Heap base and to place the Java Heap above 4GB virtual address.
# This output file may be truncated or incomplete.
#
#  Out of Memory Error (os_windows.cpp:3769), pid=14796, tid=18144
#
# JRE version: OpenJDK Runtime Environment (17.0.6) (build 17.0.6+0-b2043.56-10027231)
# Java VM: OpenJDK 64-Bit Server VM (17.0.6+0-b2043.56-10027231, mixed mode, tiered, compressed oops, compressed class ptrs, g1 gc, windows-amd64)
# No core dump will be written. Minidumps are not enabled by default on client versions of Windows
#

---------------  S U M M A R Y ------------

Command Line: --add-opens=java.base/java.util=ALL-UNNAMED --add-opens=java.base/java.lang=ALL-UNNAMED --add-opens=java.base/java.lang.invoke=ALL-UNNAMED --add-opens=java.prefs/java.util.prefs=ALL-UNNAMED --add-opens=java.base/java.nio.charset=ALL-UNNAMED --add-opens=java.base/java.net=ALL-UNNAMED --add-opens=java.base/java.util.concurrent.atomic=ALL-UNNAMED -Xmx2048m -Dfile.encoding=UTF-8 -Duser.country=AE -Duser.language=en -Duser.variant org.gradle.launcher.daemon.bootstrap.GradleDaemon 8.0

Host: Intel(R) Core(TM) i7-7500U CPU @ 2.70GHz, 4 cores, 7G,  Windows 10 , 64 bit Build 19041 (10.0.19041.3155)
Time: Wed Aug 30 10:39:45 2023 Pakistan Standard Time elapsed time: 14.735199 seconds (0d 0h 0m 14s)

---------------  T H R E A D  ---------------

Current thread (0x000001ad7de6d280):  VMThread "VM Thread" [stack: 0x0000009858e00000,0x0000009858f00000] [id=18144]

Stack: [0x0000009858e00000,0x0000009858f00000]
Native frames: (J=compiled Java code, j=interpreted, Vv=VM code, C=native code)
V  [jvm.dll+0x683c9a]
V  [jvm.dll+0x8427a4]
V  [jvm.dll+0x843f9e]
V  [jvm.dll+0x844603]
V  [jvm.dll+0x249b75]
V  [jvm.dll+0x680b69]
V  [jvm.dll+0x67505a]
V  [jvm.dll+0x309acb]
V  [jvm.dll+0x310f86]
V  [jvm.dll+0x3608ee]
V  [jvm.dll+0x360b1f]
V  [jvm.dll+0x2dfbf8]
V  [jvm.dll+0x2e2ce6]
V  [jvm.dll+0x2ed478]
V  [jvm.dll+0x322150]
V  [jvm.dll+0x848ccb]
V  [jvm.dll+0x849a04]
V  [jvm.dll+0x849f1d]
V  [jvm.dll+0x84a2f4]
V  [jvm.dll+0x84a3c0]
V  [jvm.dll+0x7f274a]
V  [jvm.dll+0x682ad5]
C  [ucrtbase.dll+0x21bb2]
C  [KERNEL32.DLL+0x17614]
C  [ntdll.dll+0x526b1]

VM_Operation (0x0000009858aff300): G1Concurrent, mode: safepoint, requested by thread 0x000001ad738f82f0


---------------  P R O C E S S  ---------------

Threads class SMR info:
_java_thread_list=0x000001ad0f46ea00, length=88, elements={
0x000001ad7388dec0, 0x000001ad7de77450, 0x000001ad7e81ac90, 0x000001ad7de7ea20,
0x000001ad7de8bfa0, 0x000001ad7de8e870, 0x000001ad7e842330, 0x000001ad7e846890,
0x000001ad7e849940, 0x000001ad7e856a20, 0x000001ad7e9fc020, 0x000001ad7e9fc900,
0x000001ad7f133100, 0x000001ad7f1335d0, 0x000001ad7f133aa0, 0x000001ad7f134440,
0x000001ad0f1f3780, 0x000001ad0f1f92f0, 0x000001ad0f1f3c50, 0x000001ad0f1f5e00,
0x000001ad0f1f4120, 0x000001ad0f1f8480, 0x000001ad0f1f4ac0, 0x000001ad0f1f62d0,
0x000001ad0f1f7ae0, 0x000001ad0f1f8950, 0x000001ad0f1f45f0, 0x000001ad0f1f2de0,
0x000001ad0f1f4f90, 0x000001ad0f1f1f70, 0x000001ad0f1f5460, 0x000001ad0f1f7610,
0x000001ad0f1f6c70, 0x000001ad0f1f5930, 0x000001ad0f1f2440, 0x000001ad0f1f67a0,
0x000001ad0f1f7fb0, 0x000001ad0f5b5ce0, 0x000001ad0f5b5340, 0x000001ad0f5b61b0,
0x000001ad0f5b6680, 0x000001ad0f5b96a0, 0x000001ad0f5b9b70, 0x000001ad0f5b6b50,
0x000001ad0f5b74f0, 0x000001ad0f5b7020, 0x000001ad0f5b79c0, 0x000001ad0f5bb380,
0x000001ad0f5b8830, 0x000001ad0f5b7e90, 0x000001ad0f5b3b30, 0x000001ad0f5b4000,
0x000001ad0f5b44d0, 0x000001ad0f5b4e70, 0x000001ad1382afe0, 0x000001ad1382be50,
0x000001ad1382e4d0, 0x000001ad13829300, 0x000001ad1382f340, 0x000001ad1382e9a0,
0x000001ad138297d0, 0x000001ad1382c7f0, 0x000001ad1382ee70, 0x000001ad1382f810,
0x000001ad1382a170, 0x000001ad1382a640, 0x000001ad1382db30, 0x000001ad1382d660,
0x000001ad1382e000, 0x000001ad13828e30, 0x000001ad13829ca0, 0x000001ad1382ccc0,
0x000001ad1382fce0, 0x000001ad138301b0, 0x000001ad13828960, 0x000001ad1382ab10,
0x000001ad1382b4b0, 0x000001ad1382b980, 0x000001ad1382c320, 0x000001ad1382d190,
0x000001ad0f9978e0, 0x000001ad11ed5200, 0x000001ad0f99add0, 0x000001ad0f997db0,
0x000001ad0f998280, 0x000001ad0f999f60, 0x000001ad0f99a900, 0x000001ad0f993a50
}

Java Threads: ( => current thread )
  0x000001ad7388dec0 JavaThread "main" [_thread_blocked, id=20076, stack(0x0000009858800000,0x0000009858900000)]
  0x000001ad7de77450 JavaThread "Reference Handler" daemon [_thread_blocked, id=14508, stack(0x0000009858f00000,0x0000009859000000)]
  0x000001ad7e81ac90 JavaThread "Finalizer" daemon [_thread_blocked, id=11120, stack(0x0000009859000000,0x0000009859100000)]
  0x000001ad7de7ea20 JavaThread "Signal Dispatcher" daemon [_thread_blocked, id=5632, stack(0x0000009859100000,0x0000009859200000)]
  0x000001ad7de8bfa0 JavaThread "Attach Listener" daemon [_thread_blocked, id=8476, stack(0x0000009859200000,0x0000009859300000)]
  0x000001ad7de8e870 JavaThread "Service Thread" daemon [_thread_blocked, id=2780, stack(0x0000009859300000,0x0000009859400000)]
  0x000001ad7e842330 JavaThread "Monitor Deflation Thread" daemon [_thread_blocked, id=5580, stack(0x0000009859400000,0x0000009859500000)]
  0x000001ad7e846890 JavaThread "C2 CompilerThread0" daemon [_thread_blocked, id=20136, stack(0x0000009859500000,0x0000009859600000)]
  0x000001ad7e849940 JavaThread "C1 CompilerThread0" daemon [_thread_blocked, id=10004, stack(0x0000009859600000,0x0000009859700000)]
  0x000001ad7e856a20 JavaThread "Sweeper thread" daemon [_thread_blocked, id=19868, stack(0x0000009859700000,0x0000009859800000)]
  0x000001ad7e9fc020 JavaThread "Common-Cleaner" daemon [_thread_blocked, id=15864, stack(0x0000009859800000,0x0000009859900000)]
  0x000001ad7e9fc900 JavaThread "Notification Thread" daemon [_thread_blocked, id=11128, stack(0x0000009859900000,0x0000009859a00000)]
  0x000001ad7f133100 JavaThread "Daemon health stats" [_thread_blocked, id=15012, stack(0x0000009859f00000,0x000000985a000000)]
  0x000001ad7f1335d0 JavaThread "Incoming local TCP Connector on port 57357" [_thread_in_native, id=6212, stack(0x000000985a000000,0x000000985a100000)]
  0x000001ad7f133aa0 JavaThread "Daemon periodic checks" [_thread_blocked, id=14492, stack(0x000000985a100000,0x000000985a200000)]
  0x000001ad7f134440 JavaThread "Daemon" [_thread_blocked, id=4152, stack(0x000000985a200000,0x000000985a300000)]
  0x000001ad0f1f3780 JavaThread "Handler for socket connection from /127.0.0.1:57357 to /127.0.0.1:57358" [_thread_in_native, id=5532, stack(0x000000985a300000,0x000000985a400000)]
  0x000001ad0f1f92f0 JavaThread "Cancel handler" [_thread_blocked, id=13336, stack(0x000000985a400000,0x000000985a500000)]
  0x000001ad0f1f3c50 JavaThread "Daemon worker" [_thread_blocked, id=9772, stack(0x000000985a500000,0x000000985a600000)]
  0x000001ad0f1f5e00 JavaThread "Asynchronous log dispatcher for DefaultDaemonConnection: socket connection from /127.0.0.1:57357 to /127.0.0.1:57358" [_thread_blocked, id=5496, stack(0x000000985a600000,0x000000985a700000)]
  0x000001ad0f1f4120 JavaThread "Stdin handler" [_thread_blocked, id=2152, stack(0x000000985a700000,0x000000985a800000)]
  0x000001ad0f1f8480 JavaThread "Daemon client event forwarder" [_thread_blocked, id=7820, stack(0x000000985a800000,0x000000985a900000)]
  0x000001ad0f1f4ac0 JavaThread "Cache worker for journal cache (E:\jdk-19.0.1\caches\journal-1)" [_thread_blocked, id=16748, stack(0x000000985a900000,0x000000985aa00000)]
  0x000001ad0f1f62d0 JavaThread "File lock request listener" [_thread_in_native, id=2752, stack(0x000000985aa00000,0x000000985ab00000)]
  0x000001ad0f1f7ae0 JavaThread "Cache worker for file hash cache (E:\jdk-19.0.1\caches\8.0\fileHashes)" [_thread_blocked, id=1644, stack(0x000000985ab00000,0x000000985ac00000)]
  0x000001ad0f1f8950 JavaThread "File watcher server" daemon [_thread_in_native, id=3916, stack(0x000000985ac00000,0x000000985ad00000)]
  0x000001ad0f1f45f0 JavaThread "File watcher consumer" daemon [_thread_blocked, id=5904, stack(0x000000985ad00000,0x000000985ae00000)]
  0x000001ad0f1f2de0 JavaThread "jar transforms" [_thread_blocked, id=5124, stack(0x000000985ae00000,0x000000985af00000)]
  0x000001ad0f1f4f90 JavaThread "jar transforms Thread 2" [_thread_blocked, id=16720, stack(0x000000985af00000,0x000000985b000000)]
  0x000001ad0f1f1f70 JavaThread "jar transforms Thread 3" [_thread_blocked, id=3088, stack(0x000000985b000000,0x000000985b100000)]
  0x000001ad0f1f5460 JavaThread "jar transforms Thread 4" [_thread_blocked, id=15780, stack(0x000000985b100000,0x000000985b200000)]
  0x000001ad0f1f7610 JavaThread "Cache worker for checksums cache (E:\AndroidApp\.gradle\8.0\checksums)" [_thread_blocked, id=8996, stack(0x000000985b300000,0x000000985b400000)]
  0x000001ad0f1f6c70 JavaThread "Cache worker for cache directory md-rule (E:\jdk-19.0.1\caches\8.0\md-rule)" [_thread_blocked, id=6948, stack(0x000000985b400000,0x000000985b500000)]
  0x000001ad0f1f5930 JavaThread "Cache worker for file content cache (E:\jdk-19.0.1\caches\8.0\fileContent)" [_thread_blocked, id=19492, stack(0x000000985b500000,0x000000985b600000)]
  0x000001ad0f1f2440 JavaThread "Cache worker for file hash cache (E:\AndroidApp\.gradle\8.0\fileHashes)" [_thread_blocked, id=6068, stack(0x000000985b600000,0x000000985b700000)]
  0x000001ad0f1f67a0 JavaThread "Cache worker for cache directory md-supplier (E:\jdk-19.0.1\caches\8.0\md-supplier)" [_thread_blocked, id=11360, stack(0x000000985b700000,0x000000985b800000)]
  0x000001ad0f1f7fb0 JavaThread "Cache worker for execution history cache (E:\jdk-19.0.1\caches\8.0\executionHistory)" [_thread_blocked, id=8824, stack(0x000000985b800000,0x000000985b900000)]
  0x000001ad0f5b5ce0 JavaThread "Cache worker for kotlin-dsl (E:\jdk-19.0.1\caches\8.0\kotlin-dsl)" [_thread_blocked, id=8660, stack(0x000000985b900000,0x000000985ba00000)]
  0x000001ad0f5b5340 JavaThread "Cache worker for dependencies-accessors (E:\AndroidApp\.gradle\8.0\dependencies-accessors)" [_thread_blocked, id=12168, stack(0x000000985ba00000,0x000000985bb00000)]
  0x000001ad0f5b61b0 JavaThread "Cache worker for Build Output Cleanup Cache (E:\AndroidApp\.gradle\buildOutputCleanup)" [_thread_blocked, id=8012, stack(0x000000985bb00000,0x000000985bc00000)]
  0x000001ad0f5b6680 JavaThread "Unconstrained build operations" [_thread_blocked, id=9368, stack(0x000000985bc00000,0x000000985bd00000)]
  0x000001ad0f5b96a0 JavaThread "Unconstrained build operations Thread 2" [_thread_blocked, id=12544, stack(0x000000985bd00000,0x000000985be00000)]
  0x000001ad0f5b9b70 JavaThread "Unconstrained build operations Thread 3" [_thread_blocked, id=16132, stack(0x000000985be00000,0x000000985bf00000)]
  0x000001ad0f5b6b50 JavaThread "Unconstrained build operations Thread 4" [_thread_blocked, id=13804, stack(0x000000985bf00000,0x000000985c000000)]
  0x000001ad0f5b74f0 JavaThread "Unconstrained build operations Thread 5" [_thread_blocked, id=3372, stack(0x000000985c000000,0x000000985c100000)]
  0x000001ad0f5b7020 JavaThread "Unconstrained build operations Thread 6" [_thread_blocked, id=10348, stack(0x000000985c100000,0x000000985c200000)]
  0x000001ad0f5b79c0 JavaThread "Unconstrained build operations Thread 7" [_thread_blocked, id=9604, stack(0x000000985c200000,0x000000985c300000)]
  0x000001ad0f5bb380 JavaThread "Unconstrained build operations Thread 8" [_thread_blocked, id=9536, stack(0x000000985c300000,0x000000985c400000)]
  0x000001ad0f5b8830 JavaThread "Unconstrained build operations Thread 9" [_thread_blocked, id=18012, stack(0x000000985c400000,0x000000985c500000)]
  0x000001ad0f5b7e90 JavaThread "Unconstrained build operations Thread 10" [_thread_blocked, id=6248, stack(0x000000985c500000,0x000000985c600000)]
  0x000001ad0f5b3b30 JavaThread "Unconstrained build operations Thread 11" [_thread_blocked, id=16684, stack(0x000000985c600000,0x000000985c700000)]
  0x000001ad0f5b4000 JavaThread "Unconstrained build operations Thread 12" [_thread_blocked, id=6924, stack(0x000000985c700000,0x000000985c800000)]
  0x000001ad0f5b44d0 JavaThread "Unconstrained build operations Thread 13" [_thread_blocked, id=8608, stack(0x000000985c800000,0x000000985c900000)]
  0x000001ad0f5b4e70 JavaThread "Unconstrained build operations Thread 14" [_thread_blocked, id=13340, stack(0x000000985c900000,0x000000985ca00000)]
  0x000001ad1382afe0 JavaThread "Unconstrained build operations Thread 15" [_thread_blocked, id=10744, stack(0x000000985ca00000,0x000000985cb00000)]
  0x000001ad1382be50 JavaThread "Unconstrained build operations Thread 16" [_thread_blocked, id=3600, stack(0x000000985cb00000,0x000000985cc00000)]
  0x000001ad1382e4d0 JavaThread "Unconstrained build operations Thread 17" [_thread_blocked, id=18604, stack(0x000000985cc00000,0x000000985cd00000)]
  0x000001ad13829300 JavaThread "Unconstrained build operations Thread 18" [_thread_blocked, id=6284, stack(0x000000985cd00000,0x000000985ce00000)]
  0x000001ad1382f340 JavaThread "Unconstrained build operations Thread 19" [_thread_blocked, id=1408, stack(0x000000985ce00000,0x000000985cf00000)]
  0x000001ad1382e9a0 JavaThread "Unconstrained build operations Thread 20" [_thread_blocked, id=12180, stack(0x000000985cf00000,0x000000985d000000)]
  0x000001ad138297d0 JavaThread "Unconstrained build operations Thread 21" [_thread_blocked, id=15260, stack(0x000000985d000000,0x000000985d100000)]
  0x000001ad1382c7f0 JavaThread "Unconstrained build operations Thread 22" [_thread_blocked, id=19596, stack(0x000000985d100000,0x000000985d200000)]
  0x000001ad1382ee70 JavaThread "Unconstrained build operations Thread 23" [_thread_blocked, id=2088, stack(0x000000985d200000,0x000000985d300000)]
  0x000001ad1382f810 JavaThread "Unconstrained build operations Thread 24" [_thread_blocked, id=1232, stack(0x000000985d300000,0x000000985d400000)]
  0x000001ad1382a170 JavaThread "Unconstrained build operations Thread 25" [_thread_blocked, id=11920, stack(0x000000985d400000,0x000000985d500000)]
  0x000001ad1382a640 JavaThread "Unconstrained build operations Thread 26" [_thread_blocked, id=9624, stack(0x000000985d500000,0x000000985d600000)]
  0x000001ad1382db30 JavaThread "Unconstrained build operations Thread 27" [_thread_blocked, id=17624, stack(0x000000985d600000,0x000000985d700000)]
  0x000001ad1382d660 JavaThread "Unconstrained build operations Thread 28" [_thread_blocked, id=4700, stack(0x000000985d700000,0x000000985d800000)]
  0x000001ad1382e000 JavaThread "Unconstrained build operations Thread 29" [_thread_blocked, id=19760, stack(0x000000985d800000,0x000000985d900000)]
  0x000001ad13828e30 JavaThread "Unconstrained build operations Thread 30" [_thread_blocked, id=16840, stack(0x000000985d900000,0x000000985da00000)]
  0x000001ad13829ca0 JavaThread "Unconstrained build operations Thread 31" [_thread_blocked, id=20052, stack(0x000000985da00000,0x000000985db00000)]
  0x000001ad1382ccc0 JavaThread "Unconstrained build operations Thread 32" [_thread_blocked, id=4764, stack(0x000000985db00000,0x000000985dc00000)]
  0x000001ad1382fce0 JavaThread "Unconstrained build operations Thread 33" [_thread_blocked, id=15852, stack(0x000000985dc00000,0x000000985dd00000)]
  0x000001ad138301b0 JavaThread "Unconstrained build operations Thread 34" [_thread_blocked, id=18860, stack(0x000000985dd00000,0x000000985de00000)]
  0x000001ad13828960 JavaThread "Unconstrained build operations Thread 35" [_thread_blocked, id=1424, stack(0x000000985de00000,0x000000985df00000)]
  0x000001ad1382ab10 JavaThread "Unconstrained build operations Thread 36" [_thread_blocked, id=15836, stack(0x000000985df00000,0x000000985e000000)]
  0x000001ad1382b4b0 JavaThread "Unconstrained build operations Thread 37" [_thread_blocked, id=17072, stack(0x000000985e000000,0x000000985e100000)]
  0x000001ad1382b980 JavaThread "Unconstrained build operations Thread 38" [_thread_blocked, id=616, stack(0x000000985e100000,0x000000985e200000)]
  0x000001ad1382c320 JavaThread "Unconstrained build operations Thread 39" [_thread_blocked, id=14824, stack(0x000000985e200000,0x000000985e300000)]
  0x000001ad1382d190 JavaThread "Unconstrained build operations Thread 40" [_thread_blocked, id=16020, stack(0x000000985e300000,0x000000985e400000)]
  0x000001ad0f9978e0 JavaThread "Memory manager" [_thread_blocked, id=6732, stack(0x000000985e400000,0x000000985e500000)]
  0x000001ad11ed5200 JavaThread "C2 CompilerThread1" daemon [_thread_blocked, id=12392, stack(0x0000009859b00000,0x0000009859c00000)]
  0x000001ad0f99add0 JavaThread "included builds" [_thread_blocked, id=16444, stack(0x000000985e500000,0x000000985e600000)]
  0x000001ad0f997db0 JavaThread "Execution worker" [_thread_blocked, id=3572, stack(0x000000985e600000,0x000000985e700000)]
  0x000001ad0f998280 JavaThread "Execution worker Thread 2" [_thread_blocked, id=11388, stack(0x000000985e700000,0x000000985e800000)]
  0x000001ad0f999f60 JavaThread "Execution worker Thread 3" [_thread_blocked, id=9656, stack(0x000000985e800000,0x000000985e900000)]
  0x000001ad0f99a900 JavaThread "Cache worker for execution history cache (E:\AndroidApp\.gradle\8.0\executionHistory)" [_thread_blocked, id=15248, stack(0x000000985e900000,0x000000985ea00000)]
  0x000001ad0f993a50 JavaThread "idea-tooling-model-converter" [_thread_blocked, id=6568, stack(0x000000985ea00000,0x000000985eb00000)]

Other Threads:
=>0x000001ad7de6d280 VMThread "VM Thread" [stack: 0x0000009858e00000,0x0000009858f00000] [id=18144]
  0x000001ad7e9fd3e0 WatcherThread [stack: 0x0000009859a00000,0x0000009859b00000] [id=8412]
  0x000001ad738e74a0 GCTaskThread "GC Thread#0" [stack: 0x0000009858900000,0x0000009858a00000] [id=12752]
  0x000001ad7f038db0 GCTaskThread "GC Thread#1" [stack: 0x0000009859c00000,0x0000009859d00000] [id=8172]
  0x000001ad7f199040 GCTaskThread "GC Thread#2" [stack: 0x0000009859d00000,0x0000009859e00000] [id=7152]
  0x000001ad7ee157c0 GCTaskThread "GC Thread#3" [stack: 0x0000009859e00000,0x0000009859f00000] [id=14592]
  0x000001ad738f82f0 ConcurrentGCThread "G1 Main Marker" [stack: 0x0000009858a00000,0x0000009858b00000] [id=2864]
  0x000001ad738f8c10 ConcurrentGCThread "G1 Conc#0" [stack: 0x0000009858b00000,0x0000009858c00000] [id=17956]
  0x000001ad7395e8f0 ConcurrentGCThread "G1 Refine#0" [stack: 0x0000009858c00000,0x0000009858d00000] [id=3628]
  0x000001ad111d5790 ConcurrentGCThread "G1 Refine#1" [stack: 0x000000985b200000,0x000000985b300000] [id=8860]
  0x000001ad7dcd8760 ConcurrentGCThread "G1 Service" [stack: 0x0000009858d00000,0x0000009858e00000] [id=9708]

Threads with active compile tasks:
C2 CompilerThread0    14766 8918       4       org.gradle.internal.service.DefaultServiceRegistry$SingletonService::get (5 bytes)
C2 CompilerThread1    14766 8937       4       org.codehaus.groovy.util.SingleKeyHashMap::getOrPut (137 bytes)

VM state: at safepoint (normal execution)

VM Mutex/Monitor currently owned by a thread:  ([mutex/lock_event])
[0x000001ad738883f0] Threads_lock - owner thread: 0x000001ad7de6d280
[0x000001ad73887b80] Heap_lock - owner thread: 0x000001ad738f82f0

Heap address: 0x0000000080000000, size: 2048 MB, Compressed Oops mode: 32-bit

CDS archive(s) not mapped
Compressed class space mapped at: 0x0000000100000000-0x0000000140000000, reserved size: 1073741824
Narrow klass base: 0x0000000000000000, Narrow klass shift: 3, Narrow klass range: 0x140000000

GC Precious Log:
 CPUs: 4 total, 4 available
 Memory: 8058M
 Large Page Support: Disabled
 NUMA Support: Disabled
 Compressed Oops: Enabled (32-bit)
 Heap Region Size: 1M
 Heap Min Capacity: 8M
 Heap Initial Capacity: 126M
 Heap Max Capacity: 2G
 Pre-touch: Disabled
 Parallel Workers: 4
 Concurrent Workers: 1
 Concurrent Refinement Workers: 4
 Periodic GC: Disabled

Heap:
 garbage-first heap   total 189440K, used 132707K [0x0000000080000000, 0x0000000100000000)
  region size 1024K, 13 young (13312K), 4 survivors (4096K)
 Metaspace       used 87095K, committed 87808K, reserved 1130496K
  class space    used 11929K, committed 12288K, reserved 1048576K

Heap Regions: E=young(eden), S=young(survivor), O=old, HS=humongous(starts), HC=humongous(continues), CS=collection set, F=free, OA=open archive, CA=closed archive, TAMS=top-at-mark-start (previous, next)
|   0|0x0000000080000000, 0x0000000080100000, 0x0000000080100000|100%| O|  |TAMS 0x0000000080100000, 0x0000000080000000| Updating 
|   1|0x0000000080100000, 0x0000000080200000, 0x0000000080200000|100%| O|  |TAMS 0x0000000080200000, 0x0000000080100000| Untracked 
|   2|0x0000000080200000, 0x0000000080300000, 0x0000000080300000|100%|HS|  |TAMS 0x0000000080300000, 0x0000000080200000| Complete 
|   3|0x0000000080300000, 0x0000000080400000, 0x0000000080400000|100%|HC|  |TAMS 0x0000000080400000, 0x0000000080300000| Complete 
|   4|0x0000000080400000, 0x0000000080500000, 0x0000000080500000|100%|HC|  |TAMS 0x0000000080500000, 0x0000000080400000| Complete 
|   5|0x0000000080500000, 0x0000000080600000, 0x0000000080600000|100%|HC|  |TAMS 0x0000000080600000, 0x0000000080500000| Complete 
|   6|0x0000000080600000, 0x0000000080700000, 0x0000000080700000|100%| O|  |TAMS 0x0000000080700000, 0x0000000080600000| Untracked 
|   7|0x0000000080700000, 0x0000000080800000, 0x0000000080800000|100%| O|  |TAMS 0x0000000080800000, 0x0000000080700000| Untracked 
|   8|0x0000000080800000, 0x0000000080900000, 0x0000000080900000|100%| O|  |TAMS 0x0000000080900000, 0x0000000080800000| Untracked 
|   9|0x0000000080900000, 0x0000000080a00000, 0x0000000080a00000|100%| O|  |TAMS 0x0000000080a00000, 0x0000000080900000| Updating 
|  10|0x0000000080a00000, 0x0000000080b00000, 0x0000000080b00000|100%| O|  |TAMS 0x0000000080b00000, 0x0000000080a00000| Untracked 
|  11|0x0000000080b00000, 0x0000000080c00000, 0x0000000080c00000|100%| O|  |TAMS 0x0000000080c00000, 0x0000000080b00000| Untracked 
|  12|0x0000000080c00000, 0x0000000080d00000, 0x0000000080d00000|100%| O|  |TAMS 0x0000000080d00000, 0x0000000080c00000| Untracked 
|  13|0x0000000080d00000, 0x0000000080e00000, 0x0000000080e00000|100%| O|  |TAMS 0x0000000080e00000, 0x0000000080d00000| Updating 
|  14|0x0000000080e00000, 0x0000000080f00000, 0x0000000080f00000|100%| O|  |TAMS 0x0000000080f00000, 0x0000000080e00000| Untracked 
|  15|0x0000000080f00000, 0x0000000081000000, 0x0000000081000000|100%| O|  |TAMS 0x0000000081000000, 0x0000000080f00000| Untracked 
|  16|0x0000000081000000, 0x0000000081100000, 0x0000000081100000|100%| O|  |TAMS 0x0000000081100000, 0x0000000081000000| Untracked 
|  17|0x0000000081100000, 0x0000000081200000, 0x0000000081200000|100%| O|  |TAMS 0x0000000081200000, 0x0000000081100000| Untracked 
|  18|0x0000000081200000, 0x0000000081300000, 0x0000000081300000|100%| O|  |TAMS 0x0000000081300000, 0x0000000081200000| Untracked 
|  19|0x0000000081300000, 0x0000000081400000, 0x0000000081400000|100%|HS|  |TAMS 0x0000000081400000, 0x0000000081300000| Complete 
|  20|0x0000000081400000, 0x0000000081500000, 0x0000000081500000|100%|HC|  |TAMS 0x0000000081500000, 0x0000000081400000| Complete 
|  21|0x0000000081500000, 0x0000000081600000, 0x0000000081600000|100%|HS|  |TAMS 0x0000000081600000, 0x0000000081500000| Complete 
|  22|0x0000000081600000, 0x0000000081700000, 0x0000000081700000|100%|HC|  |TAMS 0x0000000081700000, 0x0000000081600000| Complete 
|  23|0x0000000081700000, 0x0000000081800000, 0x0000000081800000|100%|HC|  |TAMS 0x0000000081800000, 0x0000000081700000| Complete 
|  24|0x0000000081800000, 0x0000000081900000, 0x0000000081900000|100%| O|  |TAMS 0x0000000081900000, 0x0000000081800000| Untracked 
|  25|0x0000000081900000, 0x0000000081a00000, 0x0000000081a00000|100%| O|  |TAMS 0x0000000081a00000, 0x0000000081900000| Untracked 
|  26|0x0000000081a00000, 0x0000000081b00000, 0x0000000081b00000|100%| O|  |TAMS 0x0000000081b00000, 0x0000000081a00000| Untracked 
|  27|0x0000000081b00000, 0x0000000081c00000, 0x0000000081c00000|100%|HS|  |TAMS 0x0000000081c00000, 0x0000000081b00000| Complete 
|  28|0x0000000081c00000, 0x0000000081d00000, 0x0000000081d00000|100%|HC|  |TAMS 0x0000000081d00000, 0x0000000081c00000| Complete 
|  29|0x0000000081d00000, 0x0000000081e00000, 0x0000000081e00000|100%|HC|  |TAMS 0x0000000081e00000, 0x0000000081d00000| Complete 
|  30|0x0000000081e00000, 0x0000000081f00000, 0x0000000081f00000|100%| O|  |TAMS 0x0000000081f00000, 0x0000000081e00000| Untracked 
|  31|0x0000000081f00000, 0x0000000082000000, 0x0000000082000000|100%| O|  |TAMS 0x0000000082000000, 0x0000000081f00000| Updating 
|  32|0x0000000082000000, 0x0000000082000000, 0x0000000082100000|  0%| F|  |TAMS 0x0000000082000000, 0x0000000082000000| Untracked 
|  33|0x0000000082100000, 0x0000000082200000, 0x0000000082200000|100%|HS|  |TAMS 0x0000000082200000, 0x0000000082100000| Complete 
|  34|0x0000000082200000, 0x0000000082300000, 0x0000000082300000|100%|HC|  |TAMS 0x0000000082300000, 0x0000000082200000| Complete 
|  35|0x0000000082300000, 0x0000000082400000, 0x0000000082400000|100%| O|  |TAMS 0x0000000082400000, 0x0000000082300000| Updating 
|  36|0x0000000082400000, 0x0000000082500000, 0x0000000082500000|100%| O|  |TAMS 0x0000000082500000, 0x0000000082400000| Untracked 
|  37|0x0000000082500000, 0x0000000082600000, 0x0000000082600000|100%| O|  |TAMS 0x0000000082600000, 0x0000000082500000| Untracked 
|  38|0x0000000082600000, 0x0000000082700000, 0x0000000082700000|100%| O|  |TAMS 0x0000000082700000, 0x0000000082600000| Untracked 
|  39|0x0000000082700000, 0x0000000082800000, 0x0000000082800000|100%| O|  |TAMS 0x0000000082800000, 0x0000000082700000| Untracked 
|  40|0x0000000082800000, 0x0000000082900000, 0x0000000082900000|100%| O|  |TAMS 0x0000000082900000, 0x0000000082800000| Untracked 
|  41|0x0000000082900000, 0x0000000082a00000, 0x0000000082a00000|100%| O|  |TAMS 0x0000000082a00000, 0x0000000082900000| Untracked 
|  42|0x0000000082a00000, 0x0000000082b00000, 0x0000000082b00000|100%| O|  |TAMS 0x0000000082b00000, 0x0000000082a00000| Untracked 
|  43|0x0000000082b00000, 0x0000000082c00000, 0x0000000082c00000|100%|HS|  |TAMS 0x0000000082c00000, 0x0000000082b00000| Complete 
|  44|0x0000000082c00000, 0x0000000082d00000, 0x0000000082d00000|100%|HC|  |TAMS 0x0000000082d00000, 0x0000000082c00000| Complete 
|  45|0x0000000082d00000, 0x0000000082e00000, 0x0000000082e00000|100%|HC|  |TAMS 0x0000000082e00000, 0x0000000082d00000| Complete 
|  46|0x0000000082e00000, 0x0000000082f00000, 0x0000000082f00000|100%|HS|  |TAMS 0x0000000082f00000, 0x0000000082e00000| Complete 
|  47|0x0000000082f00000, 0x0000000083000000, 0x0000000083000000|100%|HC|  |TAMS 0x0000000083000000, 0x0000000082f00000| Complete 
|  48|0x0000000083000000, 0x0000000083100000, 0x0000000083100000|100%|HC|  |TAMS 0x0000000083100000, 0x0000000083000000| Complete 
|  49|0x0000000083100000, 0x0000000083200000, 0x0000000083200000|100%|HC|  |TAMS 0x0000000083200000, 0x0000000083100000| Complete 
|  50|0x0000000083200000, 0x0000000083300000, 0x0000000083300000|100%|HC|  |TAMS 0x0000000083300000, 0x0000000083200000| Complete 
|  51|0x0000000083300000, 0x0000000083400000, 0x0000000083400000|100%|HC|  |TAMS 0x0000000083400000, 0x0000000083300000| Complete 
|  52|0x0000000083400000, 0x0000000083500000, 0x0000000083500000|100%|HC|  |TAMS 0x0000000083500000, 0x0000000083400000| Complete 
|  53|0x0000000083500000, 0x0000000083600000, 0x0000000083600000|100%|HC|  |TAMS 0x0000000083600000, 0x0000000083500000| Complete 
|  54|0x0000000083600000, 0x0000000083700000, 0x0000000083700000|100%|HC|  |TAMS 0x0000000083700000, 0x0000000083600000| Complete 
|  55|0x0000000083700000, 0x0000000083800000, 0x0000000083800000|100%|HC|  |TAMS 0x0000000083800000, 0x0000000083700000| Complete 
|  56|0x0000000083800000, 0x0000000083900000, 0x0000000083900000|100%|HC|  |TAMS 0x0000000083900000, 0x0000000083800000| Complete 
|  57|0x0000000083900000, 0x0000000083a00000, 0x0000000083a00000|100%|HC|  |TAMS 0x0000000083a00000, 0x0000000083900000| Complete 
|  58|0x0000000083a00000, 0x0000000083b00000, 0x0000000083b00000|100%|HS|  |TAMS 0x0000000083b00000, 0x0000000083a00000| Complete 
|  59|0x0000000083b00000, 0x0000000083c00000, 0x0000000083c00000|100%|HC|  |TAMS 0x0000000083c00000, 0x0000000083b00000| Complete 
|  60|0x0000000083c00000, 0x0000000083d00000, 0x0000000083d00000|100%|HC|  |TAMS 0x0000000083d00000, 0x0000000083c00000| Complete 
|  61|0x0000000083d00000, 0x0000000083e00000, 0x0000000083e00000|100%| O|  |TAMS 0x0000000083e00000, 0x0000000083d00000| Untracked 
|  62|0x0000000083e00000, 0x0000000083f00000, 0x0000000083f00000|100%| O|  |TAMS 0x0000000083f00000, 0x0000000083e00000| Untracked 
|  63|0x0000000083f00000, 0x0000000084000000, 0x0000000084000000|100%| O|  |TAMS 0x0000000084000000, 0x0000000083f00000| Untracked 
|  64|0x0000000084000000, 0x0000000084100000, 0x0000000084100000|100%| O|  |TAMS 0x0000000084100000, 0x0000000084000000| Untracked 
|  65|0x0000000084100000, 0x0000000084200000, 0x0000000084200000|100%| O|  |TAMS 0x0000000084200000, 0x0000000084100000| Untracked 
|  66|0x0000000084200000, 0x0000000084300000, 0x0000000084300000|100%| O|  |TAMS 0x0000000084300000, 0x0000000084200000| Untracked 
|  67|0x0000000084300000, 0x0000000084400000, 0x0000000084400000|100%| O|  |TAMS 0x0000000084400000, 0x0000000084300000| Updating 
|  68|0x0000000084400000, 0x0000000084500000, 0x0000000084500000|100%| O|  |TAMS 0x0000000084500000, 0x0000000084400000| Untracked 
|  69|0x0000000084500000, 0x0000000084600000, 0x0000000084600000|100%| O|  |TAMS 0x0000000084600000, 0x0000000084500000| Untracked 
|  70|0x0000000084600000, 0x0000000084700000, 0x0000000084700000|100%| O|  |TAMS 0x0000000084700000, 0x0000000084600000| Untracked 
|  71|0x0000000084700000, 0x0000000084800000, 0x0000000084800000|100%| O|  |TAMS 0x0000000084800000, 0x0000000084700000| Untracked 
|  72|0x0000000084800000, 0x0000000084900000, 0x0000000084900000|100%|HS|  |TAMS 0x0000000084900000, 0x0000000084800000| Complete 
|  73|0x0000000084900000, 0x0000000084a00000, 0x0000000084a00000|100%|HS|  |TAMS 0x0000000084a00000, 0x0000000084900000| Complete 
|  74|0x0000000084a00000, 0x0000000084b00000, 0x0000000084b00000|100%|HS|  |TAMS 0x0000000084b00000, 0x0000000084a00000| Complete 
|  75|0x0000000084b00000, 0x0000000084c00000, 0x0000000084c00000|100%| O|  |TAMS 0x0000000084c00000, 0x0000000084b00000| Untracked 
|  76|0x0000000084c00000, 0x0000000084d00000, 0x0000000084d00000|100%| O|  |TAMS 0x0000000084d00000, 0x0000000084c00000| Updating 
|  77|0x0000000084d00000, 0x0000000084e00000, 0x0000000084e00000|100%| O|  |TAMS 0x0000000084e00000, 0x0000000084d00000| Updating 
|  78|0x0000000084e00000, 0x0000000084f00000, 0x0000000084f00000|100%| O|  |TAMS 0x0000000084f00000, 0x0000000084e00000| Untracked 
|  79|0x0000000084f00000, 0x0000000085000000, 0x0000000085000000|100%| O|  |TAMS 0x0000000085000000, 0x0000000084f00000| Untracked 
|  80|0x0000000085000000, 0x0000000085100000, 0x0000000085100000|100%| O|  |TAMS 0x0000000085100000, 0x0000000085000000| Updating 
|  81|0x0000000085100000, 0x0000000085200000, 0x0000000085200000|100%| O|  |TAMS 0x0000000085200000, 0x0000000085100000| Untracked 
|  82|0x0000000085200000, 0x0000000085300000, 0x0000000085300000|100%| O|  |TAMS 0x0000000085300000, 0x0000000085200000| Untracked 
|  83|0x0000000085300000, 0x0000000085400000, 0x0000000085400000|100%| O|  |TAMS 0x0000000085400000, 0x0000000085300000| Untracked 
|  84|0x0000000085400000, 0x0000000085500000, 0x0000000085500000|100%| O|  |TAMS 0x0000000085500000, 0x0000000085400000| Untracked 
|  85|0x0000000085500000, 0x0000000085600000, 0x0000000085600000|100%| O|  |TAMS 0x0000000085600000, 0x0000000085500000| Untracked 
|  86|0x0000000085600000, 0x0000000085700000, 0x0000000085700000|100%| O|  |TAMS 0x0000000085700000, 0x0000000085600000| Untracked 
|  87|0x0000000085700000, 0x0000000085800000, 0x0000000085800000|100%| O|  |TAMS 0x0000000085800000, 0x0000000085700000| Updating 
|  88|0x0000000085800000, 0x0000000085900000, 0x0000000085900000|100%| O|  |TAMS 0x0000000085900000, 0x0000000085800000| Untracked 
|  89|0x0000000085900000, 0x0000000085a00000, 0x0000000085a00000|100%| O|  |TAMS 0x0000000085a00000, 0x0000000085900000| Untracked 
|  90|0x0000000085a00000, 0x0000000085b00000, 0x0000000085b00000|100%| O|  |TAMS 0x0000000085b00000, 0x0000000085a00000| Untracked 
|  91|0x0000000085b00000, 0x0000000085c00000, 0x0000000085c00000|100%|HS|  |TAMS 0x0000000085c00000, 0x0000000085b00000| Complete 
|  92|0x0000000085c00000, 0x0000000085d00000, 0x0000000085d00000|100%|HC|  |TAMS 0x0000000085d00000, 0x0000000085c00000| Complete 
|  93|0x0000000085d00000, 0x0000000085e00000, 0x0000000085e00000|100%|HS|  |TAMS 0x0000000085e00000, 0x0000000085d00000| Complete 
|  94|0x0000000085e00000, 0x0000000085f00000, 0x0000000085f00000|100%|HC|  |TAMS 0x0000000085f00000, 0x0000000085e00000| Complete 
|  95|0x0000000085f00000, 0x0000000086000000, 0x0000000086000000|100%|HC|  |TAMS 0x0000000086000000, 0x0000000085f00000| Complete 
|  96|0x0000000086000000, 0x0000000086100000, 0x0000000086100000|100%|HS|  |TAMS 0x0000000086100000, 0x0000000086000000| Complete 
|  97|0x0000000086100000, 0x0000000086200000, 0x0000000086200000|100%|HC|  |TAMS 0x0000000086200000, 0x0000000086100000| Complete 
|  98|0x0000000086200000, 0x0000000086300000, 0x0000000086300000|100%|HC|  |TAMS 0x0000000086300000, 0x0000000086200000| Complete 
|  99|0x0000000086300000, 0x0000000086400000, 0x0000000086400000|100%|HS|  |TAMS 0x0000000086400000, 0x0000000086300000| Complete 
| 100|0x0000000086400000, 0x0000000086500000, 0x0000000086500000|100%|HC|  |TAMS 0x0000000086500000, 0x0000000086400000| Complete 
| 101|0x0000000086500000, 0x0000000086600000, 0x0000000086600000|100%|HC|  |TAMS 0x0000000086600000, 0x0000000086500000| Complete 
| 102|0x0000000086600000, 0x0000000086700000, 0x0000000086700000|100%|HC|  |TAMS 0x0000000086700000, 0x0000000086600000| Complete 
| 103|0x0000000086700000, 0x0000000086800000, 0x0000000086800000|100%|HC|  |TAMS 0x0000000086800000, 0x0000000086700000| Complete 
| 104|0x0000000086800000, 0x0000000086900000, 0x0000000086900000|100%|HC|  |TAMS 0x0000000086900000, 0x0000000086800000| Complete 
| 105|0x0000000086900000, 0x0000000086a00000, 0x0000000086a00000|100%|HC|  |TAMS 0x0000000086a00000, 0x0000000086900000| Complete 
| 106|0x0000000086a00000, 0x0000000086b00000, 0x0000000086b00000|100%|HC|  |TAMS 0x0000000086b00000, 0x0000000086a00000| Complete 
| 107|0x0000000086b00000, 0x0000000086c00000, 0x0000000086c00000|100%|HC|  |TAMS 0x0000000086c00000, 0x0000000086b00000| Complete 
| 108|0x0000000086c00000, 0x0000000086d00000, 0x0000000086d00000|100%|HC|  |TAMS 0x0000000086d00000, 0x0000000086c00000| Complete 
| 109|0x0000000086d00000, 0x0000000086e00000, 0x0000000086e00000|100%|HC|  |TAMS 0x0000000086e00000, 0x0000000086d00000| Complete 
| 110|0x0000000086e00000, 0x0000000086f00000, 0x0000000086f00000|100%|HC|  |TAMS 0x0000000086f00000, 0x0000000086e00000| Complete 
| 111|0x0000000086f00000, 0x0000000087000000, 0x0000000087000000|100%|HS|  |TAMS 0x0000000087000000, 0x0000000086f00000| Complete 
| 112|0x0000000087000000, 0x0000000087100000, 0x0000000087100000|100%|HC|  |TAMS 0x0000000087100000, 0x0000000087000000| Complete 
| 113|0x0000000087100000, 0x0000000087200000, 0x0000000087200000|100%| O|  |TAMS 0x0000000087200000, 0x0000000087100000| Updating 
| 114|0x0000000087200000, 0x0000000087300000, 0x0000000087300000|100%| O|  |TAMS 0x0000000087300000, 0x0000000087200000| Untracked 
| 115|0x0000000087300000, 0x0000000087400000, 0x0000000087400000|100%| O|  |TAMS 0x0000000087400000, 0x0000000087300000| Untracked 
| 116|0x0000000087400000, 0x0000000087500000, 0x0000000087500000|100%| O|  |TAMS 0x0000000087500000, 0x0000000087400000| Untracked 
| 117|0x0000000087500000, 0x0000000087500000, 0x0000000087600000|  0%| F|  |TAMS 0x0000000087500000, 0x0000000087500000| Untracked 
| 118|0x0000000087600000, 0x0000000087600000, 0x0000000087700000|  0%| F|  |TAMS 0x0000000087600000, 0x0000000087600000| Untracked 
| 119|0x0000000087700000, 0x0000000087700000, 0x0000000087800000|  0%| F|  |TAMS 0x0000000087700000, 0x0000000087700000| Untracked 
| 120|0x0000000087800000, 0x0000000087800000, 0x0000000087900000|  0%| F|  |TAMS 0x0000000087800000, 0x0000000087800000| Untracked 
| 121|0x0000000087900000, 0x0000000087900000, 0x0000000087a00000|  0%| F|  |TAMS 0x0000000087900000, 0x0000000087900000| Untracked 
| 122|0x0000000087a00000, 0x0000000087a00000, 0x0000000087b00000|  0%| F|  |TAMS 0x0000000087a00000, 0x0000000087a00000| Untracked 
| 123|0x0000000087b00000, 0x0000000087b00000, 0x0000000087c00000|  0%| F|  |TAMS 0x0000000087b00000, 0x0000000087b00000| Untracked 
| 124|0x0000000087c00000, 0x0000000087c00000, 0x0000000087d00000|  0%| F|  |TAMS 0x0000000087c00000, 0x0000000087c00000| Untracked 
| 125|0x0000000087d00000, 0x0000000087e00000, 0x0000000087e00000|100%| O|  |TAMS 0x0000000087e00000, 0x0000000087d00000| Untracked 
| 126|0x0000000087e00000, 0x0000000087f00000, 0x0000000087f00000|100%| O|  |TAMS 0x0000000087f00000, 0x0000000087e00000| Untracked 
| 127|0x0000000087f00000, 0x0000000087f8fa00, 0x0000000088000000| 56%| O|  |TAMS 0x0000000087f8fa00, 0x0000000087f00000| Updating 
| 128|0x0000000088000000, 0x0000000088000000, 0x0000000088100000|  0%| F|  |TAMS 0x0000000088000000, 0x0000000088000000| Untracked 
| 129|0x0000000088100000, 0x0000000088100000, 0x0000000088200000|  0%| F|  |TAMS 0x0000000088100000, 0x0000000088100000| Untracked 
| 130|0x0000000088200000, 0x0000000088200000, 0x0000000088300000|  0%| F|  |TAMS 0x0000000088200000, 0x0000000088200000| Untracked 
| 131|0x0000000088300000, 0x0000000088300000, 0x0000000088400000|  0%| F|  |TAMS 0x0000000088300000, 0x0000000088300000| Untracked 
| 132|0x0000000088400000, 0x0000000088400000, 0x0000000088500000|  0%| F|  |TAMS 0x0000000088400000, 0x0000000088400000| Untracked 
| 133|0x0000000088500000, 0x0000000088500000, 0x0000000088600000|  0%| F|  |TAMS 0x0000000088500000, 0x0000000088500000| Untracked 
| 134|0x0000000088600000, 0x0000000088600000, 0x0000000088700000|  0%| F|  |TAMS 0x0000000088600000, 0x0000000088600000| Untracked 
| 135|0x0000000088700000, 0x0000000088700000, 0x0000000088800000|  0%| F|  |TAMS 0x0000000088700000, 0x0000000088700000| Untracked 
| 136|0x0000000088800000, 0x0000000088800000, 0x0000000088900000|  0%| F|  |TAMS 0x0000000088800000, 0x0000000088800000| Untracked 
| 137|0x0000000088900000, 0x0000000088900000, 0x0000000088a00000|  0%| F|  |TAMS 0x0000000088900000, 0x0000000088900000| Untracked 
| 138|0x0000000088a00000, 0x0000000088a00000, 0x0000000088b00000|  0%| F|  |TAMS 0x0000000088a00000, 0x0000000088a00000| Untracked 
| 139|0x0000000088b00000, 0x0000000088b00000, 0x0000000088c00000|  0%| F|  |TAMS 0x0000000088b00000, 0x0000000088b00000| Untracked 
| 140|0x0000000088c00000, 0x0000000088c00000, 0x0000000088d00000|  0%| F|  |TAMS 0x0000000088c00000, 0x0000000088c00000| Untracked 
| 141|0x0000000088d00000, 0x0000000088d00000, 0x0000000088e00000|  0%| F|  |TAMS 0x0000000088d00000, 0x0000000088d00000| Untracked 
| 142|0x0000000088e00000, 0x0000000088e00000, 0x0000000088f00000|  0%| F|  |TAMS 0x0000000088e00000, 0x0000000088e00000| Untracked 
| 143|0x0000000088f00000, 0x0000000088f00000, 0x0000000089000000|  0%| F|  |TAMS 0x0000000088f00000, 0x0000000088f00000| Untracked 
| 144|0x0000000089000000, 0x0000000089000000, 0x0000000089100000|  0%| F|  |TAMS 0x0000000089000000, 0x0000000089000000| Untracked 
| 145|0x0000000089100000, 0x0000000089100000, 0x0000000089200000|  0%| F|  |TAMS 0x0000000089100000, 0x0000000089100000| Untracked 
| 146|0x0000000089200000, 0x0000000089200000, 0x0000000089300000|  0%| F|  |TAMS 0x0000000089200000, 0x0000000089200000| Untracked 
| 147|0x0000000089300000, 0x0000000089309230, 0x0000000089400000|  3%| S|CS|TAMS 0x0000000089300000, 0x0000000089300000| Complete 
| 148|0x0000000089400000, 0x0000000089500000, 0x0000000089500000|100%| S|CS|TAMS 0x0000000089400000, 0x0000000089400000| Complete 
| 149|0x0000000089500000, 0x0000000089600000, 0x0000000089600000|100%| S|CS|TAMS 0x0000000089500000, 0x0000000089500000| Complete 
| 150|0x0000000089600000, 0x0000000089700000, 0x0000000089700000|100%| S|CS|TAMS 0x0000000089600000, 0x0000000089600000| Complete 
| 151|0x0000000089700000, 0x0000000089700000, 0x0000000089800000|  0%| F|  |TAMS 0x0000000089700000, 0x0000000089700000| Untracked 
| 152|0x0000000089800000, 0x0000000089800000, 0x0000000089900000|  0%| F|  |TAMS 0x0000000089800000, 0x0000000089800000| Untracked 
| 153|0x0000000089900000, 0x0000000089900000, 0x0000000089a00000|  0%| F|  |TAMS 0x0000000089900000, 0x0000000089900000| Untracked 
| 154|0x0000000089a00000, 0x0000000089a00000, 0x0000000089b00000|  0%| F|  |TAMS 0x0000000089a00000, 0x0000000089a00000| Untracked 
| 155|0x0000000089b00000, 0x0000000089b00000, 0x0000000089c00000|  0%| F|  |TAMS 0x0000000089b00000, 0x0000000089b00000| Untracked 
| 156|0x0000000089c00000, 0x0000000089c00000, 0x0000000089d00000|  0%| F|  |TAMS 0x0000000089c00000, 0x0000000089c00000| Untracked 
| 157|0x0000000089d00000, 0x0000000089d00000, 0x0000000089e00000|  0%| F|  |TAMS 0x0000000089d00000, 0x0000000089d00000| Untracked 
| 158|0x0000000089e00000, 0x0000000089e00000, 0x0000000089f00000|  0%| F|  |TAMS 0x0000000089e00000, 0x0000000089e00000| Untracked 
| 159|0x0000000089f00000, 0x0000000089f00000, 0x000000008a000000|  0%| F|  |TAMS 0x0000000089f00000, 0x0000000089f00000| Untracked 
| 160|0x000000008a000000, 0x000000008a000000, 0x000000008a100000|  0%| F|  |TAMS 0x000000008a000000, 0x000000008a000000| Untracked 
| 161|0x000000008a100000, 0x000000008a100000, 0x000000008a200000|  0%| F|  |TAMS 0x000000008a100000, 0x000000008a100000| Untracked 
| 162|0x000000008a200000, 0x000000008a200000, 0x000000008a300000|  0%| F|  |TAMS 0x000000008a200000, 0x000000008a200000| Untracked 
| 163|0x000000008a300000, 0x000000008a300000, 0x000000008a400000|  0%| F|  |TAMS 0x000000008a300000, 0x000000008a300000| Untracked 
| 164|0x000000008a400000, 0x000000008a400000, 0x000000008a500000|  0%| F|  |TAMS 0x000000008a400000, 0x000000008a400000| Untracked 
| 165|0x000000008a500000, 0x000000008a500000, 0x000000008a600000|  0%| F|  |TAMS 0x000000008a500000, 0x000000008a500000| Untracked 
| 166|0x000000008a600000, 0x000000008a600000, 0x000000008a700000|  0%| F|  |TAMS 0x000000008a600000, 0x000000008a600000| Untracked 
| 167|0x000000008a700000, 0x000000008a700000, 0x000000008a800000|  0%| F|  |TAMS 0x000000008a700000, 0x000000008a700000| Untracked 
| 168|0x000000008a800000, 0x000000008a800000, 0x000000008a900000|  0%| F|  |TAMS 0x000000008a800000, 0x000000008a800000| Untracked 
| 169|0x000000008a900000, 0x000000008a900000, 0x000000008aa00000|  0%| F|  |TAMS 0x000000008a900000, 0x000000008a900000| Untracked 
| 170|0x000000008aa00000, 0x000000008aa00000, 0x000000008ab00000|  0%| F|  |TAMS 0x000000008aa00000, 0x000000008aa00000| Untracked 
| 171|0x000000008ab00000, 0x000000008ab00000, 0x000000008ac00000|  0%| F|  |TAMS 0x000000008ab00000, 0x000000008ab00000| Untracked 
| 172|0x000000008ac00000, 0x000000008ac00000, 0x000000008ad00000|  0%| F|  |TAMS 0x000000008ac00000, 0x000000008ac00000| Untracked 
| 173|0x000000008ad00000, 0x000000008ad00000, 0x000000008ae00000|  0%| F|  |TAMS 0x000000008ad00000, 0x000000008ad00000| Untracked 
| 174|0x000000008ae00000, 0x000000008ae00000, 0x000000008af00000|  0%| F|  |TAMS 0x000000008ae00000, 0x000000008ae00000| Untracked 
| 175|0x000000008af00000, 0x000000008af00000, 0x000000008b000000|  0%| F|  |TAMS 0x000000008af00000, 0x000000008af00000| Untracked 
| 176|0x000000008b000000, 0x000000008b100000, 0x000000008b100000|100%| E|  |TAMS 0x000000008b000000, 0x000000008b000000| Complete 
| 177|0x000000008b100000, 0x000000008b200000, 0x000000008b200000|100%| E|CS|TAMS 0x000000008b100000, 0x000000008b100000| Complete 
| 178|0x000000008b200000, 0x000000008b300000, 0x000000008b300000|100%| E|CS|TAMS 0x000000008b200000, 0x000000008b200000| Complete 
| 179|0x000000008b300000, 0x000000008b400000, 0x000000008b400000|100%| E|CS|TAMS 0x000000008b300000, 0x000000008b300000| Complete 
| 180|0x000000008b400000, 0x000000008b500000, 0x000000008b500000|100%| E|CS|TAMS 0x000000008b400000, 0x000000008b400000| Complete 
| 181|0x000000008b500000, 0x000000008b600000, 0x000000008b600000|100%| E|CS|TAMS 0x000000008b500000, 0x000000008b500000| Complete 
| 182|0x000000008b600000, 0x000000008b700000, 0x000000008b700000|100%| E|CS|TAMS 0x000000008b600000, 0x000000008b600000| Complete 
| 183|0x000000008b700000, 0x000000008b800000, 0x000000008b800000|100%| E|CS|TAMS 0x000000008b700000, 0x000000008b700000| Complete 
| 184|0x000000008b800000, 0x000000008b900000, 0x000000008b900000|100%| E|CS|TAMS 0x000000008b800000, 0x000000008b800000| Complete 

Card table byte_map: [0x000001ad77160000,0x000001ad77560000] _byte_map_base: 0x000001ad76d60000

Marking Bits (Prev, Next): (CMBitMap*) 0x000001ad738e7a00, (CMBitMap*) 0x000001ad738e79c0
 Prev Bits: [0x000001ad79960000, 0x000001ad7b960000)
 Next Bits: [0x000001ad77960000, 0x000001ad79960000)

Polling page: 0x000001ad71a20000

Metaspace:

Usage:
  Non-class:     73.40 MB used.
      Class:     11.65 MB used.
       Both:     85.05 MB used.

Virtual space:
  Non-class space:       80.00 MB reserved,      73.75 MB ( 92%) committed,  10 nodes.
      Class space:        1.00 GB reserved,      12.00 MB (  1%) committed,  1 nodes.
             Both:        1.08 GB reserved,      85.75 MB (  8%) committed. 

Chunk freelists:
   Non-Class:  2.13 MB
       Class:  4.00 MB
        Both:  6.13 MB

MaxMetaspaceSize: unlimited
CompressedClassSpaceSize: 1.00 GB
Initial GC threshold: 21.00 MB
Current GC threshold: 126.81 MB
CDS: off
MetaspaceReclaimPolicy: balanced
 - commit_granule_bytes: 65536.
 - commit_granule_words: 8192.
 - virtual_space_node_default_size: 1048576.
 - enlarge_chunks_in_place: 1.
 - new_chunks_are_fully_committed: 0.
 - uncommit_free_chunks: 1.
 - use_allocation_guard: 0.
 - handle_deallocations: 1.


Internal statistics:

num_allocs_failed_limit: 3.
num_arena_births: 952.
num_arena_deaths: 0.
num_vsnodes_births: 11.
num_vsnodes_deaths: 0.
num_space_committed: 1372.
num_space_uncommitted: 0.
num_chunks_returned_to_freelist: 3.
num_chunks_taken_from_freelist: 4161.
num_chunk_merges: 3.
num_chunk_splits: 2743.
num_chunks_enlarged: 1835.
num_purges: 0.
num_inconsistent_stats: 0.

CodeHeap 'non-profiled nmethods': size=120000Kb used=4511Kb max_used=4511Kb free=115488Kb
 bounds [0x000001ad07ad0000, 0x000001ad07f40000, 0x000001ad0f000000]
CodeHeap 'profiled nmethods': size=120000Kb used=15673Kb max_used=15673Kb free=104326Kb
 bounds [0x000001ad00000000, 0x000001ad00f50000, 0x000001ad07530000]
CodeHeap 'non-nmethods': size=5760Kb used=2387Kb max_used=2467Kb free=3372Kb
 bounds [0x000001ad07530000, 0x000001ad077b0000, 0x000001ad07ad0000]
 total_blobs=9038 nmethods=8115 adapters=835
 compilation: enabled
              stopped_count=0, restarted_count=0
 full_count=0

Compilation events (20 events):
Event: 14.698 Thread 0x000001ad7e849940 8947       3       java.beans.ThreadGroupContext::getContext (16 bytes)
Event: 14.699 Thread 0x000001ad7e849940 nmethod 8947 0x000001ad00f45090 code [0x000001ad00f45240, 0x000001ad00f45508]
Event: 14.699 Thread 0x000001ad7e849940 8948   !   3       java.beans.WeakIdentityMap::removeStaleEntries (151 bytes)
Event: 14.699 Thread 0x000001ad7e849940 nmethod 8948 0x000001ad00f45610 code [0x000001ad00f45860, 0x000001ad00f465b8]
Event: 14.700 Thread 0x000001ad7e849940 8949       3       java.beans.WeakIdentityMap$Entry::isMatched (22 bytes)
Event: 14.700 Thread 0x000001ad7e849940 nmethod 8949 0x000001ad00f46c90 code [0x000001ad00f46e20, 0x000001ad00f47078]
Event: 14.713 Thread 0x000001ad7e849940 8952       3       org.gradle.tooling.internal.adapter.TypeInspector::visit (298 bytes)
Event: 14.714 Thread 0x000001ad7e849940 nmethod 8952 0x000001ad00f47110 code [0x000001ad00f47440, 0x000001ad00f48c28]
Event: 14.716 Thread 0x000001ad7e849940 8953       3       org.gradle.tooling.internal.adapter.ProtocolToModelAdapter$TypeSpecificMappingAction::<init> (10 bytes)
Event: 14.717 Thread 0x000001ad7e849940 nmethod 8953 0x000001ad00f49190 code [0x000001ad00f49320, 0x000001ad00f494d8]
Event: 14.718 Thread 0x000001ad7e849940 8954   !   3       org.gradle.internal.work.DefaultSynchronizer::takeOwnership (88 bytes)
Event: 14.719 Thread 0x000001ad7e849940 nmethod 8954 0x000001ad00f49590 code [0x000001ad00f497e0, 0x000001ad00f4a0c8]
Event: 14.719 Thread 0x000001ad7e849940 8955   !   3       org.gradle.internal.work.DefaultSynchronizer::releaseOwnership (24 bytes)
Event: 14.719 Thread 0x000001ad7e849940 nmethod 8955 0x000001ad00f4a410 code [0x000001ad00f4a5c0, 0x000001ad00f4a848]
Event: 14.719 Thread 0x000001ad7e849940 8956       3       org.codehaus.groovy.runtime.typehandling.DefaultTypeTransformation::compareEqual (312 bytes)
Event: 14.721 Thread 0x000001ad11ed5200 nmethod 8895 0x000001ad07f32810 code [0x000001ad07f32d80, 0x000001ad07f35b60]
Event: 14.721 Thread 0x000001ad7e849940 nmethod 8956 0x000001ad00f4a990 code [0x000001ad00f4ae00, 0x000001ad00f4d758]
Event: 14.721 Thread 0x000001ad11ed5200 8937       4       org.codehaus.groovy.util.SingleKeyHashMap::getOrPut (137 bytes)
Event: 14.722 Thread 0x000001ad7e849940 8957   !   3       jdk.proxy1.$Proxy0::onOutput (34 bytes)
Event: 14.722 Thread 0x000001ad7e849940 nmethod 8957 0x000001ad00f4de10 code [0x000001ad00f4dfe0, 0x000001ad00f4e4d8]

GC Heap History (20 events):
Event: 10.235 GC heap before
{Heap before GC invocations=29 (full 0):
 garbage-first heap   total 140288K, used 111016K [0x0000000080000000, 0x0000000100000000)
  region size 1024K, 32 young (32768K), 4 survivors (4096K)
 Metaspace       used 63285K, committed 64000K, reserved 1105920K
  class space    used 8484K, committed 8832K, reserved 1048576K
}
Event: 10.241 GC heap after
{Heap after GC invocations=30 (full 0):
 garbage-first heap   total 140288K, used 83333K [0x0000000080000000, 0x0000000100000000)
  region size 1024K, 2 young (2048K), 2 survivors (2048K)
 Metaspace       used 63285K, committed 64000K, reserved 1105920K
  class space    used 8484K, committed 8832K, reserved 1048576K
}
Event: 10.870 GC heap before
{Heap before GC invocations=31 (full 0):
 garbage-first heap   total 145408K, used 117125K [0x0000000080000000, 0x0000000100000000)
  region size 1024K, 30 young (30720K), 2 survivors (2048K)
 Metaspace       used 66818K, committed 67456K, reserved 1114112K
  class space    used 8955K, committed 9280K, reserved 1048576K
}
Event: 10.876 GC heap after
{Heap after GC invocations=32 (full 0):
 garbage-first heap   total 145408K, used 87046K [0x0000000080000000, 0x0000000100000000)
  region size 1024K, 4 young (4096K), 4 survivors (4096K)
 Metaspace       used 66818K, committed 67456K, reserved 1114112K
  class space    used 8955K, committed 9280K, reserved 1048576K
}
Event: 10.934 GC heap before
{Heap before GC invocations=32 (full 0):
 garbage-first heap   total 145408K, used 90118K [0x0000000080000000, 0x0000000100000000)
  region size 1024K, 7 young (7168K), 4 survivors (4096K)
 Metaspace       used 67266K, committed 67968K, reserved 1114112K
  class space    used 9003K, committed 9344K, reserved 1048576K
}
Event: 10.939 GC heap after
{Heap after GC invocations=33 (full 0):
 garbage-first heap   total 145408K, used 87594K [0x0000000080000000, 0x0000000100000000)
  region size 1024K, 1 young (1024K), 1 survivors (1024K)
 Metaspace       used 67266K, committed 67968K, reserved 1114112K
  class space    used 9003K, committed 9344K, reserved 1048576K
}
Event: 11.437 GC heap before
{Heap before GC invocations=33 (full 0):
 garbage-first heap   total 145408K, used 117290K [0x0000000080000000, 0x0000000100000000)
  region size 1024K, 30 young (30720K), 1 survivors (1024K)
 Metaspace       used 70032K, committed 70720K, reserved 1114112K
  class space    used 9337K, committed 9664K, reserved 1048576K
}
Event: 11.441 GC heap after
{Heap after GC invocations=34 (full 0):
 garbage-first heap   total 189440K, used 88957K [0x0000000080000000, 0x0000000100000000)
  region size 1024K, 2 young (2048K), 2 survivors (2048K)
 Metaspace       used 70032K, committed 70720K, reserved 1114112K
  class space    used 9337K, committed 9664K, reserved 1048576K
}
Event: 12.483 GC heap before
{Heap before GC invocations=35 (full 0):
 garbage-first heap   total 189440K, used 144253K [0x0000000080000000, 0x0000000100000000)
  region size 1024K, 56 young (57344K), 2 survivors (2048K)
 Metaspace       used 76104K, committed 76800K, reserved 1122304K
  class space    used 10169K, committed 10496K, reserved 1048576K
}
Event: 12.492 GC heap after
{Heap after GC invocations=36 (full 0):
 garbage-first heap   total 189440K, used 92319K [0x0000000080000000, 0x0000000100000000)
  region size 1024K, 6 young (6144K), 6 survivors (6144K)
 Metaspace       used 76104K, committed 76800K, reserved 1122304K
  class space    used 10169K, committed 10496K, reserved 1048576K
}
Event: 12.547 GC heap before
{Heap before GC invocations=36 (full 0):
 garbage-first heap   total 189440K, used 95391K [0x0000000080000000, 0x0000000100000000)
  region size 1024K, 9 young (9216K), 6 survivors (6144K)
 Metaspace       used 76399K, committed 77120K, reserved 1122304K
  class space    used 10223K, committed 10560K, reserved 1048576K
}
Event: 12.554 GC heap after
{Heap after GC invocations=37 (full 0):
 garbage-first heap   total 189440K, used 92464K [0x0000000080000000, 0x0000000100000000)
  region size 1024K, 1 young (1024K), 1 survivors (1024K)
 Metaspace       used 76399K, committed 77120K, reserved 1122304K
  class space    used 10223K, committed 10560K, reserved 1048576K
}
Event: 12.622 GC heap before
{Heap before GC invocations=37 (full 0):
 garbage-first heap   total 189440K, used 95536K [0x0000000080000000, 0x0000000100000000)
  region size 1024K, 5 young (5120K), 1 survivors (1024K)
 Metaspace       used 76798K, committed 77504K, reserved 1122304K
  class space    used 10274K, committed 10624K, reserved 1048576K
}
Event: 12.625 GC heap after
{Heap after GC invocations=38 (full 0):
 garbage-first heap   total 189440K, used 92308K [0x0000000080000000, 0x0000000100000000)
  region size 1024K, 1 young (1024K), 1 survivors (1024K)
 Metaspace       used 76798K, committed 77504K, reserved 1122304K
  class space    used 10274K, committed 10624K, reserved 1048576K
}
Event: 13.987 GC heap before
{Heap before GC invocations=39 (full 0):
 garbage-first heap   total 189440K, used 175252K [0x0000000080000000, 0x0000000100000000)
  region size 1024K, 60 young (61440K), 1 survivors (1024K)
 Metaspace       used 83838K, committed 84608K, reserved 1122304K
  class space    used 11448K, committed 11776K, reserved 1048576K
}
Event: 13.995 GC heap after
{Heap after GC invocations=40 (full 0):
 garbage-first heap   total 189440K, used 121570K [0x0000000080000000, 0x0000000100000000)
  region size 1024K, 8 young (8192K), 8 survivors (8192K)
 Metaspace       used 83838K, committed 84608K, reserved 1122304K
  class space    used 11448K, committed 11776K, reserved 1048576K
}
Event: 14.024 GC heap before
{Heap before GC invocations=40 (full 0):
 garbage-first heap   total 189440K, used 122594K [0x0000000080000000, 0x0000000100000000)
  region size 1024K, 9 young (9216K), 8 survivors (8192K)
 Metaspace       used 84046K, committed 84800K, reserved 1122304K
  class space    used 11484K, committed 11840K, reserved 1048576K
}
Event: 14.032 GC heap after
{Heap after GC invocations=41 (full 0):
 garbage-first heap   total 189440K, used 121964K [0x0000000080000000, 0x0000000100000000)
  region size 1024K, 1 young (1024K), 1 survivors (1024K)
 Metaspace       used 84046K, committed 84800K, reserved 1122304K
  class space    used 11484K, committed 11840K, reserved 1048576K
}
Event: 14.583 GC heap before
{Heap before GC invocations=41 (full 0):
 garbage-first heap   total 189440K, used 154732K [0x0000000080000000, 0x0000000100000000)
  region size 1024K, 34 young (34816K), 1 survivors (1024K)
 Metaspace       used 86645K, committed 87360K, reserved 1130496K
  class space    used 11856K, committed 12224K, reserved 1048576K
}
Event: 14.589 GC heap after
{Heap after GC invocations=42 (full 0):
 garbage-first heap   total 189440K, used 124515K [0x0000000080000000, 0x0000000100000000)
  region size 1024K, 4 young (4096K), 4 survivors (4096K)
 Metaspace       used 86645K, committed 87360K, reserved 1130496K
  class space    used 11856K, committed 12224K, reserved 1048576K
}

Dll operation events (2 events):
Event: 0.008 Loaded shared library E:\Andriod Studio\jbr\bin\java.dll
Event: 0.485 Loaded shared library E:\Andriod Studio\jbr\bin\verify.dll

Deoptimization events (20 events):
Event: 14.374 Thread 0x000001ad0f993a50 Uncommon trap: trap_request=0xffffff45 fr.pc=0x000001ad07c57dc0 relative=0x0000000000000800
Event: 14.374 Thread 0x000001ad0f993a50 Uncommon trap: reason=unstable_if action=reinterpret pc=0x000001ad07c57dc0 method=java.lang.Integer.stringSize(I)I @ 3 c2
Event: 14.374 Thread 0x000001ad0f993a50 DEOPT PACKING pc=0x000001ad07c57dc0 sp=0x000000985eafefa0
Event: 14.374 Thread 0x000001ad0f993a50 DEOPT UNPACKING pc=0x000001ad075869a3 sp=0x000000985eafeef0 mode 2
Event: 14.571 Thread 0x000001ad0f1f3c50 Uncommon trap: trap_request=0xffffff45 fr.pc=0x000001ad07c62314 relative=0x00000000000008d4
Event: 14.571 Thread 0x000001ad0f1f3c50 Uncommon trap: reason=unstable_if action=reinterpret pc=0x000001ad07c62314 method=java.util.WeakHashMap.matchesKey(Ljava/util/WeakHashMap$Entry;Ljava/lang/Object;)Z @ 5 c2
Event: 14.571 Thread 0x000001ad0f1f3c50 DEOPT PACKING pc=0x000001ad07c62314 sp=0x000000985a5f9e60
Event: 14.571 Thread 0x000001ad0f1f3c50 DEOPT UNPACKING pc=0x000001ad075869a3 sp=0x000000985a5f9dc8 mode 2
Event: 14.604 Thread 0x000001ad0f1f3c50 Uncommon trap: trap_request=0xffffff45 fr.pc=0x000001ad07f29e24 relative=0x0000000000000f44
Event: 14.604 Thread 0x000001ad0f1f3c50 Uncommon trap: reason=unstable_if action=reinterpret pc=0x000001ad07f29e24 method=groovy.lang.MetaClassImpl.checkIfStdMethod(Lgroovy/lang/MetaMethod;)V @ 167 c2
Event: 14.604 Thread 0x000001ad0f1f3c50 DEOPT PACKING pc=0x000001ad07f29e24 sp=0x000000985a5fa080
Event: 14.604 Thread 0x000001ad0f1f3c50 DEOPT UNPACKING pc=0x000001ad075869a3 sp=0x000000985a5f9ff0 mode 2
Event: 14.611 Thread 0x000001ad0f1f3c50 Uncommon trap: trap_request=0xffffff45 fr.pc=0x000001ad07f2ba5c relative=0x0000000000000c1c
Event: 14.611 Thread 0x000001ad0f1f3c50 Uncommon trap: reason=unstable_if action=reinterpret pc=0x000001ad07f2ba5c method=groovy.lang.MetaClassImpl.checkIfStdMethod(Lgroovy/lang/MetaMethod;)V @ 167 c2
Event: 14.611 Thread 0x000001ad0f1f3c50 DEOPT PACKING pc=0x000001ad07f2ba5c sp=0x000000985a5fa030
Event: 14.611 Thread 0x000001ad0f1f3c50 DEOPT UNPACKING pc=0x000001ad075869a3 sp=0x000000985a5f9ff8 mode 2
Event: 14.709 Thread 0x000001ad0f1f3c50 Uncommon trap: trap_request=0xffffffde fr.pc=0x000001ad07d24784 relative=0x0000000000000d84
Event: 14.709 Thread 0x000001ad0f1f3c50 Uncommon trap: reason=class_check action=maybe_recompile pc=0x000001ad07d24784 method=org.codehaus.groovy.reflection.ParameterTypes.getParametersTypes0()V @ 16 c2
Event: 14.709 Thread 0x000001ad0f1f3c50 DEOPT PACKING pc=0x000001ad07d24784 sp=0x000000985a5faed0
Event: 14.709 Thread 0x000001ad0f1f3c50 DEOPT UNPACKING pc=0x000001ad075869a3 sp=0x000000985a5fae58 mode 2

Classes unloaded (0 events):
No events

Classes redefined (0 events):
No events

Internal exceptions (20 events):
Event: 14.632 Thread 0x000001ad0f1f3c50 Exception <a 'java/lang/ClassNotFoundException'{0x000000008b4b7800}: java/lang/IntegerCustomizer> (0x000000008b4b7800) 
thrown [s\src\hotspot\share\classfile\systemDictionary.cpp, line 256]
Event: 14.640 Thread 0x000001ad0f1f3c50 Exception <a 'java/lang/ClassNotFoundException'{0x000000008b308698}: org/gradle/internal/extensibility/DefaultConventionBeanInfo> (0x000000008b308698) 
thrown [s\src\hotspot\share\classfile\systemDictionary.cpp, line 256]
Event: 14.640 Thread 0x000001ad0f1f3c50 Exception <a 'java/lang/ClassNotFoundException'{0x000000008b311040}: org/gradle/internal/extensibility/DefaultConventionCustomizer> (0x000000008b311040) 
thrown [s\src\hotspot\share\classfile\systemDictionary.cpp, line 256]
Event: 14.652 Thread 0x000001ad0f1f3c50 Exception <a 'java/lang/ClassNotFoundException'{0x000000008b386ff8}: org/gradle/internal/extensibility/DefaultExtensionsSchemaBeanInfo> (0x000000008b386ff8) 
thrown [s\src\hotspot\share\classfile\systemDictionary.cpp, line 256]
Event: 14.652 Thread 0x000001ad0f1f3c50 Exception <a 'java/lang/ClassNotFoundException'{0x000000008b38fa90}: org/gradle/internal/extensibility/DefaultExtensionsSchemaCustomizer> (0x000000008b38fa90) 
thrown [s\src\hotspot\share\classfile\systemDictionary.cpp, line 256]
Event: 14.655 Thread 0x000001ad0f1f3c50 Exception <a 'java/lang/ClassNotFoundException'{0x000000008b3b0cd8}: org/gradle/internal/extensibility/ExtensionsStorage$ExtensionHolderBeanInfo> (0x000000008b3b0cd8) 
thrown [s\src\hotspot\share\classfile\systemDictionary.cpp, line 256]
Event: 14.655 Thread 0x000001ad0f1f3c50 Exception <a 'java/lang/ClassNotFoundException'{0x000000008b3b9870}: org/gradle/internal/extensibility/ExtensionsStorage$ExtensionHolderCustomizer> (0x000000008b3b9870) 
thrown [s\src\hotspot\share\classfile\systemDictionary.cpp, line 256]
Event: 14.677 Thread 0x000001ad0f1f3c50 Exception <a 'java/lang/ClassNotFoundException'{0x000000008b2bc020}: org/gradle/internal/service/scopes/ProjectScopeServicesBeanInfo> (0x000000008b2bc020) 
thrown [s\src\hotspot\share\classfile\systemDictionary.cpp, line 256]
Event: 14.677 Thread 0x000001ad0f1f3c50 Exception <a 'java/lang/ClassNotFoundException'{0x000000008b2c4a98}: org/gradle/internal/service/scopes/ProjectScopeServicesCustomizer> (0x000000008b2c4a98) 
thrown [s\src\hotspot\share\classfile\systemDictionary.cpp, line 256]
Event: 14.685 Thread 0x000001ad0f1f3c50 Exception <a 'java/lang/ClassNotFoundException'{0x000000008b2e6940}: org/gradle/api/internal/catalog/DefaultDependenciesAccessorsBeanInfo> (0x000000008b2e6940) 
thrown [s\src\hotspot\share\classfile\systemDictionary.cpp, line 256]
Event: 14.686 Thread 0x000001ad0f1f3c50 Exception <a 'java/lang/ClassNotFoundException'{0x000000008b2f1d30}: org/gradle/api/internal/catalog/DefaultDependenciesAccessorsCustomizer> (0x000000008b2f1d30) 
thrown [s\src\hotspot\share\classfile\systemDictionary.cpp, line 256]
Event: 14.690 Thread 0x000001ad0f1f3c50 Exception <a 'java/lang/ClassNotFoundException'{0x000000008b114fc0}: org/gradle/internal/classpath/DefaultClassPathBeanInfo> (0x000000008b114fc0) 
thrown [s\src\hotspot\share\classfile\systemDictionary.cpp, line 256]
Event: 14.691 Thread 0x000001ad0f1f3c50 Exception <a 'java/lang/ClassNotFoundException'{0x000000008b11d780}: org/gradle/internal/classpath/DefaultClassPathCustomizer> (0x000000008b11d780) 
thrown [s\src\hotspot\share\classfile\systemDictionary.cpp, line 256]
Event: 14.700 Thread 0x000001ad0f1f3c50 Exception <a 'java/lang/ClassNotFoundException'{0x000000008b034868}: org/gradle/internal/classpath/DefaultClassPath$ImmutableUniqueListBeanInfo> (0x000000008b034868) 
thrown [s\src\hotspot\share\classfile\systemDictionary.cpp, line 256]
Event: 14.701 Thread 0x000001ad0f1f3c50 Exception <a 'java/lang/ClassNotFoundException'{0x000000008b039128}: java/util/AbstractListBeanInfo> (0x000000008b039128) 
thrown [s\src\hotspot\share\classfile\systemDictionary.cpp, line 256]
Event: 14.701 Thread 0x000001ad0f1f3c50 Exception <a 'java/lang/ClassNotFoundException'{0x000000008b03d9c0}: java/util/AbstractListCustomizer> (0x000000008b03d9c0) 
thrown [s\src\hotspot\share\classfile\systemDictionary.cpp, line 256]
Event: 14.702 Thread 0x000001ad0f1f3c50 Exception <a 'java/lang/ClassNotFoundException'{0x000000008b051980}: org/gradle/internal/classpath/DefaultClassPath$ImmutableUniqueListCustomizer> (0x000000008b051980) 
thrown [s\src\hotspot\share\classfile\systemDictionary.cpp, line 256]
Event: 14.708 Thread 0x000001ad0f1f3c50 Exception <a 'java/lang/ClassNotFoundException'{0x000000008b0955d0}: org/jetbrains/plugins/gradle/model/DefaultDependencyAccessorsModelBeanInfo> (0x000000008b0955d0) 
thrown [s\src\hotspot\share\classfile\systemDictionary.cpp, line 256]
Event: 14.709 Thread 0x000001ad0f1f3c50 Exception <a 'java/lang/ClassNotFoundException'{0x000000008b09ddc8}: org/jetbrains/plugins/gradle/model/DefaultDependencyAccessorsModelCustomizer> (0x000000008b09ddc8) 
thrown [s\src\hotspot\share\classfile\systemDictionary.cpp, line 256]
Event: 14.725 Thread 0x000001ad0f993a50 Exception <a 'java/lang/NoSuchMethodError'{0x000000008b298810}: static Lorg/jetbrains/plugins/gradle/tooling/internal/VersionCatalogsModelImpl;.<clinit>()V> (0x000000008b298810) 
thrown [s\src\hotspot\share\prims\jni.cpp, line 1108]

VM Operations (20 events):
Event: 13.699 Executing VM operation: ICBufferFull done
Event: 13.986 Executing VM operation: G1CollectForAllocation
Event: 13.995 Executing VM operation: G1CollectForAllocation done
Event: 14.024 Executing VM operation: G1CollectForAllocation
Event: 14.032 Executing VM operation: G1CollectForAllocation done
Event: 14.191 Executing VM operation: HandshakeAllThreads
Event: 14.191 Executing VM operation: HandshakeAllThreads done
Event: 14.207 Executing VM operation: HandshakeAllThreads
Event: 14.207 Executing VM operation: HandshakeAllThreads done
Event: 14.390 Executing VM operation: HandshakeAllThreads
Event: 14.390 Executing VM operation: HandshakeAllThreads done
Event: 14.391 Executing VM operation: HandshakeAllThreads
Event: 14.392 Executing VM operation: HandshakeAllThreads done
Event: 14.392 Executing VM operation: ICBufferFull
Event: 14.392 Executing VM operation: ICBufferFull done
Event: 14.556 Executing VM operation: ICBufferFull
Event: 14.557 Executing VM operation: ICBufferFull done
Event: 14.583 Executing VM operation: G1CollectForAllocation
Event: 14.589 Executing VM operation: G1CollectForAllocation done
Event: 14.727 Executing VM operation: G1Concurrent

Events (20 events):
Event: 14.629 loading class java/lang/NumberBeanInfo
Event: 14.629 loading class java/lang/NumberBeanInfo done
Event: 14.629 loading class java/lang/NumberCustomizer
Event: 14.629 loading class java/lang/NumberCustomizer done
Event: 14.632 loading class java/lang/NumberCustomizer
Event: 14.632 loading class java/lang/NumberCustomizer done
Event: 14.632 loading class java/lang/IntegerCustomizer
Event: 14.632 loading class java/lang/IntegerCustomizer done
Event: 14.632 loading class java/lang/IntegerCustomizer
Event: 14.632 loading class java/lang/IntegerCustomizer done
Event: 14.632 loading class jdk/internal/ValueBased
Event: 14.632 loading class jdk/internal/ValueBased done
Event: 14.700 loading class java/util/AbstractListBeanInfo
Event: 14.700 loading class java/util/AbstractListBeanInfo done
Event: 14.701 loading class java/util/AbstractListBeanInfo
Event: 14.701 loading class java/util/AbstractListBeanInfo done
Event: 14.701 loading class java/util/AbstractListCustomizer
Event: 14.701 loading class java/util/AbstractListCustomizer done
Event: 14.701 loading class java/util/AbstractListCustomizer
Event: 14.701 loading class java/util/AbstractListCustomizer done


Dynamic libraries:
0x00007ff611d40000 - 0x00007ff611d4a000 	E:\Andriod Studio\jbr\bin\java.exe
0x00007ffd9f690000 - 0x00007ffd9f888000 	C:\Windows\SYSTEM32\ntdll.dll
0x00007ffd9d790000 - 0x00007ffd9d84f000 	C:\Windows\System32\KERNEL32.DLL
0x00007ffd9d2c0000 - 0x00007ffd9d5b6000 	C:\Windows\System32\KERNELBASE.dll
0x00007ffd9d5c0000 - 0x00007ffd9d6c0000 	C:\Windows\System32\ucrtbase.dll
0x00007ffd8f6d0000 - 0x00007ffd8f6e7000 	E:\Andriod Studio\jbr\bin\jli.dll
0x00007ffd9a140000 - 0x00007ffd9a15b000 	E:\Andriod Studio\jbr\bin\VCRUNTIME140.dll
0x00007ffd8c650000 - 0x00007ffd8c8ea000 	C:\Windows\WinSxS\amd64_microsoft.windows.common-controls_6595b64144ccf1df_6.0.19041.1110_none_60b5254171f9507e\COMCTL32.dll
0x00007ffd9db50000 - 0x00007ffd9dbee000 	C:\Windows\System32\msvcrt.dll
0x00007ffd9e1d0000 - 0x00007ffd9e36d000 	C:\Windows\System32\USER32.dll
0x00007ffd9d6c0000 - 0x00007ffd9d6e2000 	C:\Windows\System32\win32u.dll
0x00007ffd9e160000 - 0x00007ffd9e18c000 	C:\Windows\System32\GDI32.dll
0x00007ffd9d170000 - 0x00007ffd9d285000 	C:\Windows\System32\gdi32full.dll
0x00007ffd9cd70000 - 0x00007ffd9ce0d000 	C:\Windows\System32\msvcp_win.dll
0x00007ffd9e190000 - 0x00007ffd9e1c0000 	C:\Windows\System32\IMM32.DLL
0x00007ffd99740000 - 0x00007ffd9974c000 	E:\Andriod Studio\jbr\bin\vcruntime140_1.dll
0x00007ffd90b70000 - 0x00007ffd90bfd000 	E:\Andriod Studio\jbr\bin\msvcp140.dll
0x00007ffd52160000 - 0x00007ffd52dce000 	E:\Andriod Studio\jbr\bin\server\jvm.dll
0x00007ffd9ec80000 - 0x00007ffd9ed2f000 	C:\Windows\System32\ADVAPI32.dll
0x00007ffd9d6f0000 - 0x00007ffd9d78c000 	C:\Windows\System32\sechost.dll
0x00007ffd9f450000 - 0x00007ffd9f576000 	C:\Windows\System32\RPCRT4.dll
0x00007ffd8bf30000 - 0x00007ffd8bf39000 	C:\Windows\SYSTEM32\WSOCK32.dll
0x00007ffd8be50000 - 0x00007ffd8be77000 	C:\Windows\SYSTEM32\WINMM.dll
0x00007ffd9dc00000 - 0x00007ffd9dc6b000 	C:\Windows\System32\WS2_32.dll
0x00007ffd8cad0000 - 0x00007ffd8cada000 	C:\Windows\SYSTEM32\VERSION.dll
0x00007ffd9b5b0000 - 0x00007ffd9b5c2000 	C:\Windows\SYSTEM32\kernel.appcore.dll
0x00007ffd99700000 - 0x00007ffd9970a000 	E:\Andriod Studio\jbr\bin\jimage.dll
0x00007ffd9a8e0000 - 0x00007ffd9aac4000 	C:\Windows\SYSTEM32\DBGHELP.DLL
0x00007ffd8a3c0000 - 0x00007ffd8a3f4000 	C:\Windows\SYSTEM32\dbgcore.DLL
0x00007ffd9ce10000 - 0x00007ffd9ce92000 	C:\Windows\System32\bcryptPrimitives.dll
0x00007ffd8c0f0000 - 0x00007ffd8c115000 	E:\Andriod Studio\jbr\bin\java.dll
0x00007ffd98410000 - 0x00007ffd98428000 	E:\Andriod Studio\jbr\bin\zip.dll
0x00007ffd9e370000 - 0x00007ffd9eab4000 	C:\Windows\System32\SHELL32.dll
0x00007ffd9ae00000 - 0x00007ffd9b594000 	C:\Windows\SYSTEM32\windows.storage.dll
0x00007ffd9ed30000 - 0x00007ffd9f084000 	C:\Windows\System32\combase.dll
0x00007ffd9c6e0000 - 0x00007ffd9c70e000 	C:\Windows\SYSTEM32\Wldp.dll
0x00007ffd9d980000 - 0x00007ffd9da2d000 	C:\Windows\System32\SHCORE.dll
0x00007ffd9f310000 - 0x00007ffd9f365000 	C:\Windows\System32\shlwapi.dll
0x00007ffd9cca0000 - 0x00007ffd9ccc5000 	C:\Windows\SYSTEM32\profapi.dll
0x00007ffd916c0000 - 0x00007ffd916d9000 	E:\Andriod Studio\jbr\bin\net.dll
0x00007ffd8ff90000 - 0x00007ffd9009a000 	C:\Windows\SYSTEM32\WINHTTP.dll
0x00007ffd9c440000 - 0x00007ffd9c4aa000 	C:\Windows\system32\mswsock.dll
0x00007ffd8f910000 - 0x00007ffd8f926000 	E:\Andriod Studio\jbr\bin\nio.dll
0x00007ffd98390000 - 0x00007ffd983a0000 	E:\Andriod Studio\jbr\bin\verify.dll
0x00007ffd96fb0000 - 0x00007ffd96fd7000 	E:\jdk-19.0.1\native\68d5fa5c4cc2d200863cafc0d521ce42e7d3e7ee720ec0a83991735586a16f82\windows-amd64\native-platform.dll
0x00007ffd7e910000 - 0x00007ffd7ea54000 	E:\jdk-19.0.1\native\e376f236ea51e6404a007f0833ffe2c6e607c4080706a723a18a27aeea778392\windows-amd64\native-platform-file-events.dll
0x00007ffd99520000 - 0x00007ffd99529000 	E:\Andriod Studio\jbr\bin\management.dll
0x00007ffd99040000 - 0x00007ffd9904b000 	E:\Andriod Studio\jbr\bin\management_ext.dll
0x00007ffd9e1c0000 - 0x00007ffd9e1c8000 	C:\Windows\System32\PSAPI.DLL
0x00007ffd9c630000 - 0x00007ffd9c648000 	C:\Windows\SYSTEM32\CRYPTSP.dll
0x00007ffd9bd60000 - 0x00007ffd9bd94000 	C:\Windows\system32\rsaenh.dll
0x00007ffd9d290000 - 0x00007ffd9d2b7000 	C:\Windows\System32\bcrypt.dll
0x00007ffd9cc60000 - 0x00007ffd9cc8e000 	C:\Windows\SYSTEM32\USERENV.dll
0x00007ffd9c650000 - 0x00007ffd9c65c000 	C:\Windows\SYSTEM32\CRYPTBASE.dll
0x00007ffd9c130000 - 0x00007ffd9c16c000 	C:\Windows\SYSTEM32\IPHLPAPI.DLL
0x00007ffd9dbf0000 - 0x00007ffd9dbf8000 	C:\Windows\System32\NSI.dll
0x00007ffd93eb0000 - 0x00007ffd93ec7000 	C:\Windows\SYSTEM32\dhcpcsvc6.DLL
0x00007ffd93e90000 - 0x00007ffd93ead000 	C:\Windows\SYSTEM32\dhcpcsvc.DLL
0x00007ffd9c170000 - 0x00007ffd9c23a000 	C:\Windows\SYSTEM32\DNSAPI.dll
0x00007ffd8ad90000 - 0x00007ffd8ad97000 	C:\Windows\system32\wshunix.dll

dbghelp: loaded successfully - version: 4.0.5 - missing functions: none
symbol engine: initialized successfully - sym options: 0x614 - pdb path: .;E:\Andriod Studio\jbr\bin;C:\Windows\SYSTEM32;C:\Windows\WinSxS\amd64_microsoft.windows.common-controls_6595b64144ccf1df_6.0.19041.1110_none_60b5254171f9507e;E:\Andriod Studio\jbr\bin\server;E:\jdk-19.0.1\native\68d5fa5c4cc2d200863cafc0d521ce42e7d3e7ee720ec0a83991735586a16f82\windows-amd64;E:\jdk-19.0.1\native\e376f236ea51e6404a007f0833ffe2c6e607c4080706a723a18a27aeea778392\windows-amd64

VM Arguments:
jvm_args: --add-opens=java.base/java.util=ALL-UNNAMED --add-opens=java.base/java.lang=ALL-UNNAMED --add-opens=java.base/java.lang.invoke=ALL-UNNAMED --add-opens=java.prefs/java.util.prefs=ALL-UNNAMED --add-opens=java.base/java.nio.charset=ALL-UNNAMED --add-opens=java.base/java.net=ALL-UNNAMED --add-opens=java.base/java.util.concurrent.atomic=ALL-UNNAMED -Xmx2048m -Dfile.encoding=UTF-8 -Duser.country=AE -Duser.language=en -Duser.variant 
java_command: org.gradle.launcher.daemon.bootstrap.GradleDaemon 8.0
java_class_path (initial): E:\jdk-19.0.1\wrapper\dists\gradle-8.0-bin\ca5e32bp14vu59qr306oxotwh\gradle-8.0\lib\gradle-launcher-8.0.jar
Launcher Type: SUN_STANDARD

[Global flags]
     intx CICompilerCount                          = 3                                         {product} {ergonomic}
     uint ConcGCThreads                            = 1                                         {product} {ergonomic}
     uint G1ConcRefinementThreads                  = 4                                         {product} {ergonomic}
   size_t G1HeapRegionSize                         = 1048576                                   {product} {ergonomic}
    uintx GCDrainStackTargetSize                   = 64                                        {product} {ergonomic}
   size_t InitialHeapSize                          = 132120576                                 {product} {ergonomic}
   size_t MarkStackSize                            = 4194304                                   {product} {ergonomic}
   size_t MaxHeapSize                              = 2147483648                                {product} {command line}
   size_t MaxNewSize                               = 1287651328                                {product} {ergonomic}
   size_t MinHeapDeltaBytes                        = 1048576                                   {product} {ergonomic}
   size_t MinHeapSize                              = 8388608                                   {product} {ergonomic}
    uintx NonNMethodCodeHeapSize                   = 5832780                                {pd product} {ergonomic}
    uintx NonProfiledCodeHeapSize                  = 122912730                              {pd product} {ergonomic}
    uintx ProfiledCodeHeapSize                     = 122912730                              {pd product} {ergonomic}
    uintx ReservedCodeCacheSize                    = 251658240                              {pd product} {ergonomic}
     bool SegmentedCodeCache                       = true                                      {product} {ergonomic}
   size_t SoftMaxHeapSize                          = 2147483648                             {manageable} {ergonomic}
     bool UseCompressedClassPointers               = true                           {product lp64_product} {ergonomic}
     bool UseCompressedOops                        = true                           {product lp64_product} {ergonomic}
     bool UseG1GC                                  = true                                      {product} {ergonomic}
     bool UseLargePagesIndividualAllocation        = false                                  {pd product} {ergonomic}

Logging:
Log output configuration:
 #0: stdout all=warning uptime,level,tags
 #1: stderr all=off uptime,level,tags

Environment Variables:
JAVA_HOME=E:\jdk-19.0.1\lib
PATH=C:\Program Files\Common Files\Oracle\Java\javapath;C:\Program Files (x86)\Common Files\Oracle\Java\javapath;C:\Windows\system32;C:\Windows;C:\Windows\System32\Wbem;C:\Windows\System32\WindowsPowerShell\v1.0\;C:\Windows\System32\OpenSSH\;C:\Program Files\Git\cmd;E:\jdk-19.0.1\lib\bin;C:\Program Files\Gradle\gradle-8.0.2\bin;C:\Program Files\Graphviz\bin\dot.exe;C:\Program Files (x86)\Microsoft SQL Server\160\Tools\Binn\;C:\Program Files\Microsoft SQL Server\160\Tools\Binn\;C:\Program Files\Microsoft SQL Server\Client SDK\ODBC\170\Tools\Binn\;C:\Program Files\Microsoft SQL Server\160\DTS\Binn\;C:\Users\Dell\AppData\Local\Programs\Python\Python310\Scripts\;C:\Users\Dell\AppData\Local\Programs\Python\Python310\;C:\Users\Dell\AppData\Local\Microsoft\WindowsApps;E:\IntelliJ IDEA 2022.3\bin;;C:\Users\Dell\AppData\Local\Programs\Microsoft VS Code\bin;C:\Program Files\Graphviz\bin;C:\Program Files\Azure Data Studio\bin
USERNAME=Dell
OS=Windows_NT
PROCESSOR_IDENTIFIER=Intel64 Family 6 Model 142 Stepping 9, GenuineIntel
TMP=C:\Users\Dell\AppData\Local\Temp
TEMP=C:\Users\Dell\AppData\Local\Temp


JNI global refs:
JNI global refs: 26, weak refs: 1

JNI global refs memory usage: 843, weak refs: 841


---------------  S Y S T E M  ---------------

OS:
 Windows 10 , 64 bit Build 19041 (10.0.19041.3155)
OS uptime: 29 days 17:59 hours

CPU: total 4 (initial active 4) (2 cores per cpu, 2 threads per core) family 6 model 142 stepping 9 microcode 0xb4, cx8, cmov, fxsr, ht, mmx, 3dnowpref, sse, sse2, sse3, ssse3, sse4.1, sse4.2, popcnt, lzcnt, tsc, tscinvbit, avx, avx2, aes, erms, clmul, bmi1, bmi2, adx, fma, vzeroupper, clflush, clflushopt

Memory: 4k page, system-wide physical 8058M (432M free)
TotalPageFile size 20477M (AvailPageFile size 15M)
current process WorkingSet (physical memory assigned to process): 418M, peak: 418M
current process commit charge ("private bytes"): 445M, peak: 480M

vm_info: OpenJDK 64-Bit Server VM (17.0.6+0-b2043.56-10027231) for windows-amd64 JRE (17.0.6+0-b2043.56-10027231), built on Apr 28 2023 00:43:19 by "androidbuild" with MS VC++ 16.10 / 16.11 (VS2019)

END.
